ARM GAS  C:\Users\ADMINI~1\AppData\Local\Temp\ccQttI7e.s 			page 1


   1              		.cpu cortex-m0
   2              		.fpu softvfp
   3              		.eabi_attribute 20, 1
   4              		.eabi_attribute 21, 1
   5              		.eabi_attribute 23, 3
   6              		.eabi_attribute 24, 1
   7              		.eabi_attribute 25, 1
   8              		.eabi_attribute 26, 1
   9              		.eabi_attribute 30, 6
  10              		.eabi_attribute 34, 0
  11              		.eabi_attribute 18, 4
  12              		.code	16
  13              		.file	"application.c"
  14              		.text
  15              	.Ltext0:
  16              		.cfi_sections	.debug_frame
  17              		.section	.text.StackEventHandler,"ax",%progbits
  18              		.align	2
  19              		.global	StackEventHandler
  20              		.code	16
  21              		.thumb_func
  22              		.type	StackEventHandler, %function
  23              	StackEventHandler:
  24              	.LFB37:
  25              		.file 1 ".\\application.c"
   1:.\application.c **** /* ========================================
   2:.\application.c ****  * 文件：application.c
   3:.\application.c ****  * 作者：Helon
   4:.\application.c ****  * 日期：2016-04-23
   5:.\application.c ****  * 版本：Ver1.0
   6:.\application.c ****  * 描述：这个文件包括了所有在应用层上使用的函数定义
   7:.\application.c ****  * ========================================
   8:.\application.c **** */
   9:.\application.c **** 
  10:.\application.c **** /* ****************************************
  11:.\application.c ****  * 头文件包含
  12:.\application.c ****  * ****************************************
  13:.\application.c **** */
  14:.\application.c **** #include <project.h> 
  15:.\application.c **** #include "application.h"
  16:.\application.c **** 
  17:.\application.c **** /* ****************************************
  18:.\application.c ****  * 变量声明定义
  19:.\application.c ****  * ****************************************
  20:.\application.c **** */
  21:.\application.c **** 
  22:.\application.c **** /******************************************
  23:.\application.c ****   * @函数名：StackEventHandler
  24:.\application.c ****   * @输入：  eventCode---表示不同的事件
  25:.\application.c ****              eventParam---表示不同的事件所携带的不同参数
  26:.\application.c ****   * @返回：  NULL            
  27:.\application.c ****   * @描述：  处理BLE协议栈产生的不同事件
  28:.\application.c ****   *****************************************
  29:.\application.c **** */
  30:.\application.c **** void StackEventHandler(uint32 eventCode, void *eventParam)
  31:.\application.c **** {
  26              		.loc 1 31 0
ARM GAS  C:\Users\ADMINI~1\AppData\Local\Temp\ccQttI7e.s 			page 2


  27              		.cfi_startproc
  28 0000 80B5     		push	{r7, lr}
  29              		.cfi_def_cfa_offset 8
  30              		.cfi_offset 7, -8
  31              		.cfi_offset 14, -4
  32 0002 82B0     		sub	sp, sp, #8
  33              		.cfi_def_cfa_offset 16
  34 0004 00AF     		add	r7, sp, #0
  35              		.cfi_def_cfa_register 7
  36 0006 7860     		str	r0, [r7, #4]
  37 0008 3960     		str	r1, [r7]
  32:.\application.c ****     eventParam = eventParam;//防止编译时出现警告
  33:.\application.c ****     switch(eventCode)
  38              		.loc 1 33 0
  39 000a 7B68     		ldr	r3, [r7, #4]
  40 000c 012B     		cmp	r3, #1
  41 000e 00D0     		beq	.L3
  34:.\application.c ****     {
  35:.\application.c ****         case CYBLE_EVT_STACK_ON:
  36:.\application.c ****              CyBle_GappStartAdvertisement(CYBLE_ADVERTISING_FAST);
  37:.\application.c ****         break;
  38:.\application.c ****         default:
  39:.\application.c ****         break;
  42              		.loc 1 39 0
  43 0010 03E0     		b	.L1
  44              	.L3:
  36:.\application.c ****         break;
  45              		.loc 1 36 0
  46 0012 0020     		mov	r0, #0
  47 0014 FFF7FEFF 		bl	CyBle_GappStartAdvertisement
  37:.\application.c ****         default:
  48              		.loc 1 37 0
  49 0018 C046     		mov	r8, r8
  50              	.L1:
  40:.\application.c ****     }
  41:.\application.c **** }
  51              		.loc 1 41 0
  52 001a BD46     		mov	sp, r7
  53 001c 02B0     		add	sp, sp, #8
  54              		@ sp needed
  55 001e 80BD     		pop	{r7, pc}
  56              		.cfi_endproc
  57              	.LFE37:
  58              		.size	StackEventHandler, .-StackEventHandler
  59              		.section	.text.LowPowerManagement,"ax",%progbits
  60              		.align	2
  61              		.global	LowPowerManagement
  62              		.code	16
  63              		.thumb_func
  64              		.type	LowPowerManagement, %function
  65              	LowPowerManagement:
  66              	.LFB38:
  42:.\application.c **** 
  43:.\application.c **** /******************************************
  44:.\application.c ****   * @函数名：LowPowerManagement
  45:.\application.c ****   * @输入：  NULL             
  46:.\application.c ****   * @返回：  NULL            
ARM GAS  C:\Users\ADMINI~1\AppData\Local\Temp\ccQttI7e.s 			page 3


  47:.\application.c ****   * @描述：  低功耗控制，降低功耗
  48:.\application.c ****   *****************************************/
  49:.\application.c **** void LowPowerManagement(void)
  50:.\application.c **** {
  67              		.loc 1 50 0
  68              		.cfi_startproc
  69 0000 90B5     		push	{r4, r7, lr}
  70              		.cfi_def_cfa_offset 12
  71              		.cfi_offset 4, -12
  72              		.cfi_offset 7, -8
  73              		.cfi_offset 14, -4
  74 0002 83B0     		sub	sp, sp, #12
  75              		.cfi_def_cfa_offset 24
  76 0004 00AF     		add	r7, sp, #0
  77              		.cfi_def_cfa_register 7
  51:.\application.c ****     /* Local variable to store the status of BLESS Hardware block */
  52:.\application.c **** 		CYBLE_LP_MODE_T sleepMode;
  53:.\application.c **** 		CYBLE_BLESS_STATE_T blessState;
  54:.\application.c **** 	
  55:.\application.c **** 		/* Put BLESS into Deep Sleep and check the return status */
  56:.\application.c **** 		sleepMode = CyBle_EnterLPM(CYBLE_BLESS_DEEPSLEEP);
  78              		.loc 1 56 0
  79 0006 FC1D     		add	r4, r7, #7
  80 0008 0320     		mov	r0, #3
  81 000a FFF7FEFF 		bl	CyBle_EnterLPM
  82 000e 031C     		mov	r3, r0
  83 0010 2370     		strb	r3, [r4]
  57:.\application.c **** 		
  58:.\application.c **** 		/* Disable global interrupt to prevent changes from any other interrupt ISR */
  59:.\application.c **** 		CyGlobalIntDisable;
  84              		.loc 1 59 0
  85              	@ 59 ".\application.c" 1
  86 0012 72B6     		CPSID   i
  87              	@ 0 "" 2
  60:.\application.c **** 	
  61:.\application.c **** 		/* Check the Status of BLESS */
  62:.\application.c **** 		blessState = CyBle_GetBleSsState();
  88              		.loc 1 62 0
  89              		.code	16
  90 0014 BC1D     		add	r4, r7, #6
  91 0016 FFF7FEFF 		bl	CyBle_GetBleSsState
  92 001a 031C     		mov	r3, r0
  93 001c 2370     		strb	r3, [r4]
  63:.\application.c **** 
  64:.\application.c **** 		if(sleepMode == CYBLE_BLESS_DEEPSLEEP)
  94              		.loc 1 64 0
  95 001e FB1D     		add	r3, r7, #7
  96 0020 1B78     		ldrb	r3, [r3]
  97 0022 032B     		cmp	r3, #3
  98 0024 0AD1     		bne	.L6
  65:.\application.c **** 		{
  66:.\application.c **** 		    /* If the ECO has started or the BLESS can go to Deep Sleep, then place CPU 
  67:.\application.c **** 			* to Deep Sleep */
  68:.\application.c **** 			if(blessState == CYBLE_BLESS_STATE_ECO_ON || blessState == CYBLE_BLESS_STATE_DEEPSLEEP)
  99              		.loc 1 68 0
 100 0026 BB1D     		add	r3, r7, #6
 101 0028 1B78     		ldrb	r3, [r3]
ARM GAS  C:\Users\ADMINI~1\AppData\Local\Temp\ccQttI7e.s 			page 4


 102 002a 042B     		cmp	r3, #4
 103 002c 03D0     		beq	.L7
 104              		.loc 1 68 0 is_stmt 0 discriminator 1
 105 002e BB1D     		add	r3, r7, #6
 106 0030 1B78     		ldrb	r3, [r3]
 107 0032 062B     		cmp	r3, #6
 108 0034 10D1     		bne	.L9
 109              	.L7:
  69:.\application.c **** 		    {
  70:.\application.c **** 
  71:.\application.c ****                 CySysPmDeepSleep();
 110              		.loc 1 71 0 is_stmt 1
 111 0036 FFF7FEFF 		bl	CySysPmDeepSleep
 112 003a 0DE0     		b	.L9
 113              	.L6:
  72:.\application.c **** 		 	}
  73:.\application.c **** 		}
  74:.\application.c **** 		else if((sleepMode == CYBLE_BLESS_SLEEP)||(sleepMode == CYBLE_BLESS_ACTIVE))
 114              		.loc 1 74 0
 115 003c FB1D     		add	r3, r7, #7
 116 003e 1B78     		ldrb	r3, [r3]
 117 0040 022B     		cmp	r3, #2
 118 0042 03D0     		beq	.L10
 119              		.loc 1 74 0 is_stmt 0 discriminator 1
 120 0044 FB1D     		add	r3, r7, #7
 121 0046 1B78     		ldrb	r3, [r3]
 122 0048 012B     		cmp	r3, #1
 123 004a 05D1     		bne	.L9
 124              	.L10:
  75:.\application.c **** 		{
  76:.\application.c **** 		    if(blessState != CYBLE_BLESS_STATE_EVENT_CLOSE)
 125              		.loc 1 76 0 is_stmt 1
 126 004c BB1D     		add	r3, r7, #6
 127 004e 1B78     		ldrb	r3, [r3]
 128 0050 022B     		cmp	r3, #2
 129 0052 01D0     		beq	.L9
  77:.\application.c **** 		    {
  78:.\application.c **** 				/* If the BLESS hardware block cannot go to Deep Sleep and BLE Event has not 
  79:.\application.c **** 				* closed yet, then place CPU to Sleep */ 
  80:.\application.c **** 		        CySysPmSleep();  
 130              		.loc 1 80 0
 131 0054 FFF7FEFF 		bl	CySysPmSleep
 132              	.L9:
  81:.\application.c **** 		    }
  82:.\application.c **** 		}
  83:.\application.c **** 		/* Re-enable global interrupt mask after wakeup */
  84:.\application.c **** 		CyGlobalIntEnable;           
 133              		.loc 1 84 0
 134              	@ 84 ".\application.c" 1
 135 0058 62B6     		CPSIE   i
 136              	@ 0 "" 2
  85:.\application.c ****         
  86:.\application.c **** }
 137              		.loc 1 86 0
 138              		.code	16
 139 005a BD46     		mov	sp, r7
 140 005c 03B0     		add	sp, sp, #12
ARM GAS  C:\Users\ADMINI~1\AppData\Local\Temp\ccQttI7e.s 			page 5


 141              		@ sp needed
 142 005e 90BD     		pop	{r4, r7, pc}
 143              		.cfi_endproc
 144              	.LFE38:
 145              		.size	LowPowerManagement, .-LowPowerManagement
 146              		.text
 147              	.Letext0:
 148              		.file 2 "Generated_Source\\PSoC4/BLE_Stack.h"
 149              		.file 3 "Generated_Source\\PSoC4/cytypes.h"
 150              		.section	.debug_info,"",%progbits
 151              	.Ldebug_info0:
 152 0000 2B030000 		.4byte	0x32b
 153 0004 0400     		.2byte	0x4
 154 0006 00000000 		.4byte	.Ldebug_abbrev0
 155 000a 04       		.byte	0x4
 156 000b 01       		.uleb128 0x1
 157 000c 3A070000 		.4byte	.LASF99
 158 0010 01       		.byte	0x1
 159 0011 54000000 		.4byte	.LASF100
 160 0015 C9050000 		.4byte	.LASF101
 161 0019 00000000 		.4byte	.Ldebug_ranges0+0
 162 001d 00000000 		.4byte	0
 163 0021 00000000 		.4byte	.Ldebug_line0
 164 0025 02       		.uleb128 0x2
 165 0026 01       		.byte	0x1
 166 0027 06       		.byte	0x6
 167 0028 53050000 		.4byte	.LASF0
 168 002c 02       		.uleb128 0x2
 169 002d 01       		.byte	0x1
 170 002e 08       		.byte	0x8
 171 002f F4040000 		.4byte	.LASF1
 172 0033 02       		.uleb128 0x2
 173 0034 02       		.byte	0x2
 174 0035 05       		.byte	0x5
 175 0036 E9000000 		.4byte	.LASF2
 176 003a 02       		.uleb128 0x2
 177 003b 02       		.byte	0x2
 178 003c 07       		.byte	0x7
 179 003d E4070000 		.4byte	.LASF3
 180 0041 02       		.uleb128 0x2
 181 0042 04       		.byte	0x4
 182 0043 05       		.byte	0x5
 183 0044 6C030000 		.4byte	.LASF4
 184 0048 02       		.uleb128 0x2
 185 0049 04       		.byte	0x4
 186 004a 07       		.byte	0x7
 187 004b 3E060000 		.4byte	.LASF5
 188 004f 02       		.uleb128 0x2
 189 0050 08       		.byte	0x8
 190 0051 05       		.byte	0x5
 191 0052 41010000 		.4byte	.LASF6
 192 0056 02       		.uleb128 0x2
 193 0057 08       		.byte	0x8
 194 0058 07       		.byte	0x7
 195 0059 55030000 		.4byte	.LASF7
 196 005d 03       		.uleb128 0x3
 197 005e 04       		.byte	0x4
ARM GAS  C:\Users\ADMINI~1\AppData\Local\Temp\ccQttI7e.s 			page 6


 198 005f 05       		.byte	0x5
 199 0060 696E7400 		.ascii	"int\000"
 200 0064 02       		.uleb128 0x2
 201 0065 04       		.byte	0x4
 202 0066 07       		.byte	0x7
 203 0067 BC050000 		.4byte	.LASF8
 204 006b 04       		.uleb128 0x4
 205 006c 34080000 		.4byte	.LASF84
 206 0070 03       		.byte	0x3
 207 0071 3A01     		.2byte	0x13a
 208 0073 48000000 		.4byte	0x48
 209 0077 02       		.uleb128 0x2
 210 0078 04       		.byte	0x4
 211 0079 04       		.byte	0x4
 212 007a EC020000 		.4byte	.LASF9
 213 007e 02       		.uleb128 0x2
 214 007f 08       		.byte	0x8
 215 0080 04       		.byte	0x4
 216 0081 7C080000 		.4byte	.LASF10
 217 0085 02       		.uleb128 0x2
 218 0086 01       		.byte	0x1
 219 0087 08       		.byte	0x8
 220 0088 35070000 		.4byte	.LASF11
 221 008c 02       		.uleb128 0x2
 222 008d 04       		.byte	0x4
 223 008e 07       		.byte	0x7
 224 008f 0D010000 		.4byte	.LASF12
 225 0093 05       		.uleb128 0x5
 226 0094 04       		.byte	0x4
 227 0095 06       		.uleb128 0x6
 228 0096 01       		.byte	0x1
 229 0097 02       		.byte	0x2
 230 0098 4201     		.2byte	0x142
 231 009a 52020000 		.4byte	0x252
 232 009e 07       		.uleb128 0x7
 233 009f 79020000 		.4byte	.LASF13
 234 00a3 00       		.sleb128 0
 235 00a4 07       		.uleb128 0x7
 236 00a5 BC010000 		.4byte	.LASF14
 237 00a9 01       		.sleb128 1
 238 00aa 07       		.uleb128 0x7
 239 00ab EA090000 		.4byte	.LASF15
 240 00af 02       		.sleb128 2
 241 00b0 07       		.uleb128 0x7
 242 00b1 E9080000 		.4byte	.LASF16
 243 00b5 03       		.sleb128 3
 244 00b6 07       		.uleb128 0x7
 245 00b7 86010000 		.4byte	.LASF17
 246 00bb 04       		.sleb128 4
 247 00bc 07       		.uleb128 0x7
 248 00bd B9080000 		.4byte	.LASF18
 249 00c1 05       		.sleb128 5
 250 00c2 07       		.uleb128 0x7
 251 00c3 80000000 		.4byte	.LASF19
 252 00c7 06       		.sleb128 6
 253 00c8 07       		.uleb128 0x7
 254 00c9 47090000 		.4byte	.LASF20
ARM GAS  C:\Users\ADMINI~1\AppData\Local\Temp\ccQttI7e.s 			page 7


 255 00cd 20       		.sleb128 32
 256 00ce 07       		.uleb128 0x7
 257 00cf 50060000 		.4byte	.LASF21
 258 00d3 21       		.sleb128 33
 259 00d4 07       		.uleb128 0x7
 260 00d5 30000000 		.4byte	.LASF22
 261 00d9 22       		.sleb128 34
 262 00da 07       		.uleb128 0x7
 263 00db 17040000 		.4byte	.LASF23
 264 00df 23       		.sleb128 35
 265 00e0 07       		.uleb128 0x7
 266 00e1 A0050000 		.4byte	.LASF24
 267 00e5 24       		.sleb128 36
 268 00e6 07       		.uleb128 0x7
 269 00e7 F3000000 		.4byte	.LASF25
 270 00eb 25       		.sleb128 37
 271 00ec 07       		.uleb128 0x7
 272 00ed ED010000 		.4byte	.LASF26
 273 00f1 26       		.sleb128 38
 274 00f2 07       		.uleb128 0x7
 275 00f3 96030000 		.4byte	.LASF27
 276 00f7 27       		.sleb128 39
 277 00f8 07       		.uleb128 0x7
 278 00f9 C10A0000 		.4byte	.LASF28
 279 00fd 28       		.sleb128 40
 280 00fe 07       		.uleb128 0x7
 281 00ff 88060000 		.4byte	.LASF29
 282 0103 29       		.sleb128 41
 283 0104 07       		.uleb128 0x7
 284 0105 E5060000 		.4byte	.LASF30
 285 0109 2A       		.sleb128 42
 286 010a 07       		.uleb128 0x7
 287 010b 200A0000 		.4byte	.LASF31
 288 010f 2B       		.sleb128 43
 289 0110 07       		.uleb128 0x7
 290 0111 15020000 		.4byte	.LASF32
 291 0115 2C       		.sleb128 44
 292 0116 07       		.uleb128 0x7
 293 0117 0B030000 		.4byte	.LASF33
 294 011b 2D       		.sleb128 45
 295 011c 07       		.uleb128 0x7
 296 011d C5000000 		.4byte	.LASF34
 297 0121 2E       		.sleb128 46
 298 0122 07       		.uleb128 0x7
 299 0123 430B0000 		.4byte	.LASF35
 300 0127 2F       		.sleb128 47
 301 0128 07       		.uleb128 0x7
 302 0129 16010000 		.4byte	.LASF36
 303 012d 30       		.sleb128 48
 304 012e 07       		.uleb128 0x7
 305 012f 71040000 		.4byte	.LASF37
 306 0133 31       		.sleb128 49
 307 0134 07       		.uleb128 0x7
 308 0135 34030000 		.4byte	.LASF38
 309 0139 32       		.sleb128 50
 310 013a 07       		.uleb128 0x7
 311 013b 0E070000 		.4byte	.LASF39
ARM GAS  C:\Users\ADMINI~1\AppData\Local\Temp\ccQttI7e.s 			page 8


 312 013f 33       		.sleb128 51
 313 0140 07       		.uleb128 0x7
 314 0141 99000000 		.4byte	.LASF40
 315 0145 C000     		.sleb128 64
 316 0147 07       		.uleb128 0x7
 317 0148 23060000 		.4byte	.LASF41
 318 014c C100     		.sleb128 65
 319 014e 07       		.uleb128 0x7
 320 014f 250B0000 		.4byte	.LASF42
 321 0153 C200     		.sleb128 66
 322 0155 07       		.uleb128 0x7
 323 0156 CF010000 		.4byte	.LASF43
 324 015a C300     		.sleb128 67
 325 015c 07       		.uleb128 0x7
 326 015d CC090000 		.4byte	.LASF44
 327 0161 C400     		.sleb128 68
 328 0163 07       		.uleb128 0x7
 329 0164 87090000 		.4byte	.LASF45
 330 0168 C500     		.sleb128 69
 331 016a 07       		.uleb128 0x7
 332 016b 9B010000 		.4byte	.LASF46
 333 016f C600     		.sleb128 70
 334 0171 07       		.uleb128 0x7
 335 0172 35050000 		.4byte	.LASF47
 336 0176 C700     		.sleb128 71
 337 0178 07       		.uleb128 0x7
 338 0179 79050000 		.4byte	.LASF48
 339 017d C800     		.sleb128 72
 340 017f 07       		.uleb128 0x7
 341 0180 F2020000 		.4byte	.LASF49
 342 0184 C900     		.sleb128 73
 343 0186 07       		.uleb128 0x7
 344 0187 F7070000 		.4byte	.LASF50
 345 018b CA00     		.sleb128 74
 346 018d 07       		.uleb128 0x7
 347 018e 39020000 		.4byte	.LASF51
 348 0192 CB00     		.sleb128 75
 349 0194 07       		.uleb128 0x7
 350 0195 5F050000 		.4byte	.LASF52
 351 0199 CC00     		.sleb128 76
 352 019b 07       		.uleb128 0x7
 353 019c 95040000 		.4byte	.LASF53
 354 01a0 CD00     		.sleb128 77
 355 01a2 07       		.uleb128 0x7
 356 01a3 AE090000 		.4byte	.LASF54
 357 01a7 CE00     		.sleb128 78
 358 01a9 07       		.uleb128 0x7
 359 01aa 02050000 		.4byte	.LASF55
 360 01ae CF00     		.sleb128 79
 361 01b0 07       		.uleb128 0x7
 362 01b1 980A0000 		.4byte	.LASF56
 363 01b5 D000     		.sleb128 80
 364 01b7 07       		.uleb128 0x7
 365 01b8 15080000 		.4byte	.LASF57
 366 01bc D100     		.sleb128 81
 367 01be 07       		.uleb128 0x7
 368 01bf DE030000 		.4byte	.LASF58
ARM GAS  C:\Users\ADMINI~1\AppData\Local\Temp\ccQttI7e.s 			page 9


 369 01c3 D200     		.sleb128 82
 370 01c5 07       		.uleb128 0x7
 371 01c6 75030000 		.4byte	.LASF59
 372 01ca D300     		.sleb128 83
 373 01cc 07       		.uleb128 0x7
 374 01cd 58020000 		.4byte	.LASF60
 375 01d1 D400     		.sleb128 84
 376 01d3 07       		.uleb128 0x7
 377 01d4 010B0000 		.4byte	.LASF61
 378 01d8 D500     		.sleb128 85
 379 01da 07       		.uleb128 0x7
 380 01db 760A0000 		.4byte	.LASF62
 381 01df D600     		.sleb128 86
 382 01e1 07       		.uleb128 0x7
 383 01e2 4D0A0000 		.4byte	.LASF63
 384 01e6 D700     		.sleb128 87
 385 01e8 07       		.uleb128 0x7
 386 01e9 B0060000 		.4byte	.LASF64
 387 01ed D800     		.sleb128 88
 388 01ef 07       		.uleb128 0x7
 389 01f0 CE040000 		.4byte	.LASF65
 390 01f4 F000     		.sleb128 112
 391 01f6 07       		.uleb128 0x7
 392 01f7 21090000 		.4byte	.LASF66
 393 01fb F100     		.sleb128 113
 394 01fd 07       		.uleb128 0x7
 395 01fe C8070000 		.4byte	.LASF67
 396 0202 F200     		.sleb128 114
 397 0204 07       		.uleb128 0x7
 398 0205 90020000 		.4byte	.LASF68
 399 0209 F300     		.sleb128 115
 400 020b 07       		.uleb128 0x7
 401 020c 53040000 		.4byte	.LASF69
 402 0210 F400     		.sleb128 116
 403 0212 07       		.uleb128 0x7
 404 0213 67060000 		.4byte	.LASF70
 405 0217 F500     		.sleb128 117
 406 0219 07       		.uleb128 0x7
 407 021a CB020000 		.4byte	.LASF71
 408 021e F600     		.sleb128 118
 409 0220 07       		.uleb128 0x7
 410 0221 02090000 		.4byte	.LASF72
 411 0225 F700     		.sleb128 119
 412 0227 07       		.uleb128 0x7
 413 0228 59080000 		.4byte	.LASF73
 414 022c F800     		.sleb128 120
 415 022e 07       		.uleb128 0x7
 416 022f 96080000 		.4byte	.LASF74
 417 0233 F900     		.sleb128 121
 418 0235 07       		.uleb128 0x7
 419 0236 FC090000 		.4byte	.LASF75
 420 023a FA00     		.sleb128 122
 421 023c 07       		.uleb128 0x7
 422 023d 3B080000 		.4byte	.LASF76
 423 0241 FA01     		.sleb128 250
 424 0243 07       		.uleb128 0x7
 425 0244 AF040000 		.4byte	.LASF77
ARM GAS  C:\Users\ADMINI~1\AppData\Local\Temp\ccQttI7e.s 			page 10


 426 0248 FB01     		.sleb128 251
 427 024a 07       		.uleb128 0x7
 428 024b 3F0A0000 		.4byte	.LASF78
 429 024f FF01     		.sleb128 255
 430 0251 00       		.byte	0
 431 0252 06       		.uleb128 0x6
 432 0253 01       		.byte	0x1
 433 0254 02       		.byte	0x2
 434 0255 6F03     		.2byte	0x36f
 435 0257 7B020000 		.4byte	0x27b
 436 025b 07       		.uleb128 0x7
 437 025c 83080000 		.4byte	.LASF79
 438 0260 01       		.sleb128 1
 439 0261 07       		.uleb128 0x7
 440 0262 D3060000 		.4byte	.LASF80
 441 0266 02       		.sleb128 2
 442 0267 07       		.uleb128 0x7
 443 0268 3D040000 		.4byte	.LASF81
 444 026c 03       		.sleb128 3
 445 026d 07       		.uleb128 0x7
 446 026e 1A000000 		.4byte	.LASF82
 447 0272 04       		.sleb128 4
 448 0273 07       		.uleb128 0x7
 449 0274 D5080000 		.4byte	.LASF83
 450 0278 FF01     		.sleb128 255
 451 027a 00       		.byte	0
 452 027b 04       		.uleb128 0x4
 453 027c B5030000 		.4byte	.LASF85
 454 0280 02       		.byte	0x2
 455 0281 8B03     		.2byte	0x38b
 456 0283 52020000 		.4byte	0x252
 457 0287 06       		.uleb128 0x6
 458 0288 01       		.byte	0x1
 459 0289 02       		.byte	0x2
 460 028a 8F03     		.2byte	0x38f
 461 028c C2020000 		.4byte	0x2c2
 462 0290 07       		.uleb128 0x7
 463 0291 C5030000 		.4byte	.LASF86
 464 0295 01       		.sleb128 1
 465 0296 07       		.uleb128 0x7
 466 0297 4F010000 		.4byte	.LASF87
 467 029b 02       		.sleb128 2
 468 029c 07       		.uleb128 0x7
 469 029d FF030000 		.4byte	.LASF88
 470 02a1 03       		.sleb128 3
 471 02a2 07       		.uleb128 0x7
 472 02a3 6D010000 		.4byte	.LASF89
 473 02a7 04       		.sleb128 4
 474 02a8 07       		.uleb128 0x7
 475 02a9 AE020000 		.4byte	.LASF90
 476 02ad 05       		.sleb128 5
 477 02ae 07       		.uleb128 0x7
 478 02af 6B090000 		.4byte	.LASF91
 479 02b3 06       		.sleb128 6
 480 02b4 07       		.uleb128 0x7
 481 02b5 64000000 		.4byte	.LASF92
 482 02b9 07       		.sleb128 7
ARM GAS  C:\Users\ADMINI~1\AppData\Local\Temp\ccQttI7e.s 			page 11


 483 02ba 07       		.uleb128 0x7
 484 02bb 00000000 		.4byte	.LASF93
 485 02bf FF01     		.sleb128 255
 486 02c1 00       		.byte	0
 487 02c2 04       		.uleb128 0x4
 488 02c3 21050000 		.4byte	.LASF94
 489 02c7 02       		.byte	0x2
 490 02c8 9803     		.2byte	0x398
 491 02ca 87020000 		.4byte	0x287
 492 02ce 08       		.uleb128 0x8
 493 02cf B3000000 		.4byte	.LASF102
 494 02d3 01       		.byte	0x1
 495 02d4 1E       		.byte	0x1e
 496 02d5 00000000 		.4byte	.LFB37
 497 02d9 20000000 		.4byte	.LFE37-.LFB37
 498 02dd 01       		.uleb128 0x1
 499 02de 9C       		.byte	0x9c
 500 02df 00030000 		.4byte	0x300
 501 02e3 09       		.uleb128 0x9
 502 02e4 37010000 		.4byte	.LASF95
 503 02e8 01       		.byte	0x1
 504 02e9 1E       		.byte	0x1e
 505 02ea 6B000000 		.4byte	0x6b
 506 02ee 02       		.uleb128 0x2
 507 02ef 91       		.byte	0x91
 508 02f0 74       		.sleb128 -12
 509 02f1 09       		.uleb128 0x9
 510 02f2 E30A0000 		.4byte	.LASF96
 511 02f6 01       		.byte	0x1
 512 02f7 1E       		.byte	0x1e
 513 02f8 93000000 		.4byte	0x93
 514 02fc 02       		.uleb128 0x2
 515 02fd 91       		.byte	0x91
 516 02fe 70       		.sleb128 -16
 517 02ff 00       		.byte	0
 518 0300 0A       		.uleb128 0xa
 519 0301 EE0A0000 		.4byte	.LASF103
 520 0305 01       		.byte	0x1
 521 0306 31       		.byte	0x31
 522 0307 00000000 		.4byte	.LFB38
 523 030b 60000000 		.4byte	.LFE38-.LFB38
 524 030f 01       		.uleb128 0x1
 525 0310 9C       		.byte	0x9c
 526 0311 0B       		.uleb128 0xb
 527 0312 B70A0000 		.4byte	.LASF97
 528 0316 01       		.byte	0x1
 529 0317 34       		.byte	0x34
 530 0318 7B020000 		.4byte	0x27b
 531 031c 02       		.uleb128 0x2
 532 031d 91       		.byte	0x91
 533 031e 6F       		.sleb128 -17
 534 031f 0B       		.uleb128 0xb
 535 0320 A5060000 		.4byte	.LASF98
 536 0324 01       		.byte	0x1
 537 0325 35       		.byte	0x35
 538 0326 C2020000 		.4byte	0x2c2
 539 032a 02       		.uleb128 0x2
ARM GAS  C:\Users\ADMINI~1\AppData\Local\Temp\ccQttI7e.s 			page 12


 540 032b 91       		.byte	0x91
 541 032c 6E       		.sleb128 -18
 542 032d 00       		.byte	0
 543 032e 00       		.byte	0
 544              		.section	.debug_abbrev,"",%progbits
 545              	.Ldebug_abbrev0:
 546 0000 01       		.uleb128 0x1
 547 0001 11       		.uleb128 0x11
 548 0002 01       		.byte	0x1
 549 0003 25       		.uleb128 0x25
 550 0004 0E       		.uleb128 0xe
 551 0005 13       		.uleb128 0x13
 552 0006 0B       		.uleb128 0xb
 553 0007 03       		.uleb128 0x3
 554 0008 0E       		.uleb128 0xe
 555 0009 1B       		.uleb128 0x1b
 556 000a 0E       		.uleb128 0xe
 557 000b 55       		.uleb128 0x55
 558 000c 17       		.uleb128 0x17
 559 000d 11       		.uleb128 0x11
 560 000e 01       		.uleb128 0x1
 561 000f 10       		.uleb128 0x10
 562 0010 17       		.uleb128 0x17
 563 0011 00       		.byte	0
 564 0012 00       		.byte	0
 565 0013 02       		.uleb128 0x2
 566 0014 24       		.uleb128 0x24
 567 0015 00       		.byte	0
 568 0016 0B       		.uleb128 0xb
 569 0017 0B       		.uleb128 0xb
 570 0018 3E       		.uleb128 0x3e
 571 0019 0B       		.uleb128 0xb
 572 001a 03       		.uleb128 0x3
 573 001b 0E       		.uleb128 0xe
 574 001c 00       		.byte	0
 575 001d 00       		.byte	0
 576 001e 03       		.uleb128 0x3
 577 001f 24       		.uleb128 0x24
 578 0020 00       		.byte	0
 579 0021 0B       		.uleb128 0xb
 580 0022 0B       		.uleb128 0xb
 581 0023 3E       		.uleb128 0x3e
 582 0024 0B       		.uleb128 0xb
 583 0025 03       		.uleb128 0x3
 584 0026 08       		.uleb128 0x8
 585 0027 00       		.byte	0
 586 0028 00       		.byte	0
 587 0029 04       		.uleb128 0x4
 588 002a 16       		.uleb128 0x16
 589 002b 00       		.byte	0
 590 002c 03       		.uleb128 0x3
 591 002d 0E       		.uleb128 0xe
 592 002e 3A       		.uleb128 0x3a
 593 002f 0B       		.uleb128 0xb
 594 0030 3B       		.uleb128 0x3b
 595 0031 05       		.uleb128 0x5
 596 0032 49       		.uleb128 0x49
ARM GAS  C:\Users\ADMINI~1\AppData\Local\Temp\ccQttI7e.s 			page 13


 597 0033 13       		.uleb128 0x13
 598 0034 00       		.byte	0
 599 0035 00       		.byte	0
 600 0036 05       		.uleb128 0x5
 601 0037 0F       		.uleb128 0xf
 602 0038 00       		.byte	0
 603 0039 0B       		.uleb128 0xb
 604 003a 0B       		.uleb128 0xb
 605 003b 00       		.byte	0
 606 003c 00       		.byte	0
 607 003d 06       		.uleb128 0x6
 608 003e 04       		.uleb128 0x4
 609 003f 01       		.byte	0x1
 610 0040 0B       		.uleb128 0xb
 611 0041 0B       		.uleb128 0xb
 612 0042 3A       		.uleb128 0x3a
 613 0043 0B       		.uleb128 0xb
 614 0044 3B       		.uleb128 0x3b
 615 0045 05       		.uleb128 0x5
 616 0046 01       		.uleb128 0x1
 617 0047 13       		.uleb128 0x13
 618 0048 00       		.byte	0
 619 0049 00       		.byte	0
 620 004a 07       		.uleb128 0x7
 621 004b 28       		.uleb128 0x28
 622 004c 00       		.byte	0
 623 004d 03       		.uleb128 0x3
 624 004e 0E       		.uleb128 0xe
 625 004f 1C       		.uleb128 0x1c
 626 0050 0D       		.uleb128 0xd
 627 0051 00       		.byte	0
 628 0052 00       		.byte	0
 629 0053 08       		.uleb128 0x8
 630 0054 2E       		.uleb128 0x2e
 631 0055 01       		.byte	0x1
 632 0056 3F       		.uleb128 0x3f
 633 0057 19       		.uleb128 0x19
 634 0058 03       		.uleb128 0x3
 635 0059 0E       		.uleb128 0xe
 636 005a 3A       		.uleb128 0x3a
 637 005b 0B       		.uleb128 0xb
 638 005c 3B       		.uleb128 0x3b
 639 005d 0B       		.uleb128 0xb
 640 005e 27       		.uleb128 0x27
 641 005f 19       		.uleb128 0x19
 642 0060 11       		.uleb128 0x11
 643 0061 01       		.uleb128 0x1
 644 0062 12       		.uleb128 0x12
 645 0063 06       		.uleb128 0x6
 646 0064 40       		.uleb128 0x40
 647 0065 18       		.uleb128 0x18
 648 0066 9642     		.uleb128 0x2116
 649 0068 19       		.uleb128 0x19
 650 0069 01       		.uleb128 0x1
 651 006a 13       		.uleb128 0x13
 652 006b 00       		.byte	0
 653 006c 00       		.byte	0
ARM GAS  C:\Users\ADMINI~1\AppData\Local\Temp\ccQttI7e.s 			page 14


 654 006d 09       		.uleb128 0x9
 655 006e 05       		.uleb128 0x5
 656 006f 00       		.byte	0
 657 0070 03       		.uleb128 0x3
 658 0071 0E       		.uleb128 0xe
 659 0072 3A       		.uleb128 0x3a
 660 0073 0B       		.uleb128 0xb
 661 0074 3B       		.uleb128 0x3b
 662 0075 0B       		.uleb128 0xb
 663 0076 49       		.uleb128 0x49
 664 0077 13       		.uleb128 0x13
 665 0078 02       		.uleb128 0x2
 666 0079 18       		.uleb128 0x18
 667 007a 00       		.byte	0
 668 007b 00       		.byte	0
 669 007c 0A       		.uleb128 0xa
 670 007d 2E       		.uleb128 0x2e
 671 007e 01       		.byte	0x1
 672 007f 3F       		.uleb128 0x3f
 673 0080 19       		.uleb128 0x19
 674 0081 03       		.uleb128 0x3
 675 0082 0E       		.uleb128 0xe
 676 0083 3A       		.uleb128 0x3a
 677 0084 0B       		.uleb128 0xb
 678 0085 3B       		.uleb128 0x3b
 679 0086 0B       		.uleb128 0xb
 680 0087 27       		.uleb128 0x27
 681 0088 19       		.uleb128 0x19
 682 0089 11       		.uleb128 0x11
 683 008a 01       		.uleb128 0x1
 684 008b 12       		.uleb128 0x12
 685 008c 06       		.uleb128 0x6
 686 008d 40       		.uleb128 0x40
 687 008e 18       		.uleb128 0x18
 688 008f 9642     		.uleb128 0x2116
 689 0091 19       		.uleb128 0x19
 690 0092 00       		.byte	0
 691 0093 00       		.byte	0
 692 0094 0B       		.uleb128 0xb
 693 0095 34       		.uleb128 0x34
 694 0096 00       		.byte	0
 695 0097 03       		.uleb128 0x3
 696 0098 0E       		.uleb128 0xe
 697 0099 3A       		.uleb128 0x3a
 698 009a 0B       		.uleb128 0xb
 699 009b 3B       		.uleb128 0x3b
 700 009c 0B       		.uleb128 0xb
 701 009d 49       		.uleb128 0x49
 702 009e 13       		.uleb128 0x13
 703 009f 02       		.uleb128 0x2
 704 00a0 18       		.uleb128 0x18
 705 00a1 00       		.byte	0
 706 00a2 00       		.byte	0
 707 00a3 00       		.byte	0
 708              		.section	.debug_aranges,"",%progbits
 709 0000 24000000 		.4byte	0x24
 710 0004 0200     		.2byte	0x2
ARM GAS  C:\Users\ADMINI~1\AppData\Local\Temp\ccQttI7e.s 			page 15


 711 0006 00000000 		.4byte	.Ldebug_info0
 712 000a 04       		.byte	0x4
 713 000b 00       		.byte	0
 714 000c 0000     		.2byte	0
 715 000e 0000     		.2byte	0
 716 0010 00000000 		.4byte	.LFB37
 717 0014 20000000 		.4byte	.LFE37-.LFB37
 718 0018 00000000 		.4byte	.LFB38
 719 001c 60000000 		.4byte	.LFE38-.LFB38
 720 0020 00000000 		.4byte	0
 721 0024 00000000 		.4byte	0
 722              		.section	.debug_ranges,"",%progbits
 723              	.Ldebug_ranges0:
 724 0000 00000000 		.4byte	.LFB37
 725 0004 20000000 		.4byte	.LFE37
 726 0008 00000000 		.4byte	.LFB38
 727 000c 60000000 		.4byte	.LFE38
 728 0010 00000000 		.4byte	0
 729 0014 00000000 		.4byte	0
 730              		.section	.debug_line,"",%progbits
 731              	.Ldebug_line0:
 732 0000 9B000000 		.section	.debug_str,"MS",%progbits,1
 732      02005900 
 732      00000201 
 732      FB0E0D00 
 732      01010101 
 733              	.LASF93:
 734 0000 4359424C 		.ascii	"CYBLE_BLESS_STATE_INVALID\000"
 734      455F424C 
 734      4553535F 
 734      53544154 
 734      455F494E 
 735              	.LASF82:
 736 001a 4359424C 		.ascii	"CYBLE_BLESS_HIBERNATE\000"
 736      455F424C 
 736      4553535F 
 736      48494245 
 736      524E4154 
 737              	.LASF22:
 738 0030 4359424C 		.ascii	"CYBLE_EVT_GAP_PASSKEY_ENTRY_REQUEST\000"
 738      455F4556 
 738      545F4741 
 738      505F5041 
 738      53534B45 
 739              	.LASF100:
 740 0054 2E5C6170 		.ascii	".\\application.c\000"
 740      706C6963 
 740      6174696F 
 740      6E2E6300 
 741              	.LASF92:
 742 0064 4359424C 		.ascii	"CYBLE_BLESS_STATE_HIBERNATE\000"
 742      455F424C 
 742      4553535F 
 742      53544154 
 742      455F4849 
 743              	.LASF19:
 744 0080 4359424C 		.ascii	"CYBLE_EVT_MEMORY_REQUEST\000"
ARM GAS  C:\Users\ADMINI~1\AppData\Local\Temp\ccQttI7e.s 			page 16


 744      455F4556 
 744      545F4D45 
 744      4D4F5259 
 744      5F524551 
 745              	.LASF40:
 746 0099 4359424C 		.ascii	"CYBLE_EVT_GATTC_ERROR_RSP\000"
 746      455F4556 
 746      545F4741 
 746      5454435F 
 746      4552524F 
 747              	.LASF102:
 748 00b3 53746163 		.ascii	"StackEventHandler\000"
 748      6B457665 
 748      6E744861 
 748      6E646C65 
 748      7200
 749              	.LASF34:
 750 00c5 4359424C 		.ascii	"CYBLE_EVT_GAP_KEYPRESS_NOTIFICATION\000"
 750      455F4556 
 750      545F4741 
 750      505F4B45 
 750      59505245 
 751              	.LASF2:
 752 00e9 73686F72 		.ascii	"short int\000"
 752      7420696E 
 752      7400
 753              	.LASF25:
 754 00f3 4359424C 		.ascii	"CYBLE_EVT_GAP_AUTH_FAILED\000"
 754      455F4556 
 754      545F4741 
 754      505F4155 
 754      54485F46 
 755              	.LASF12:
 756 010d 73697A65 		.ascii	"sizetype\000"
 756      74797065 
 756      00
 757              	.LASF36:
 758 0116 4359424C 		.ascii	"CYBLE_EVT_GAP_DATA_LENGTH_CHANGE\000"
 758      455F4556 
 758      545F4741 
 758      505F4441 
 758      54415F4C 
 759              	.LASF95:
 760 0137 6576656E 		.ascii	"eventCode\000"
 760      74436F64 
 760      6500
 761              	.LASF6:
 762 0141 6C6F6E67 		.ascii	"long long int\000"
 762      206C6F6E 
 762      6720696E 
 762      7400
 763              	.LASF87:
 764 014f 4359424C 		.ascii	"CYBLE_BLESS_STATE_EVENT_CLOSE\000"
 764      455F424C 
 764      4553535F 
 764      53544154 
 764      455F4556 
ARM GAS  C:\Users\ADMINI~1\AppData\Local\Temp\ccQttI7e.s 			page 17


 765              	.LASF89:
 766 016d 4359424C 		.ascii	"CYBLE_BLESS_STATE_ECO_ON\000"
 766      455F424C 
 766      4553535F 
 766      53544154 
 766      455F4543 
 767              	.LASF17:
 768 0186 4359424C 		.ascii	"CYBLE_EVT_HCI_STATUS\000"
 768      455F4556 
 768      545F4843 
 768      495F5354 
 768      41545553 
 769              	.LASF46:
 770 019b 4359424C 		.ascii	"CYBLE_EVT_GATTC_READ_BY_TYPE_RSP\000"
 770      455F4556 
 770      545F4741 
 770      5454435F 
 770      52454144 
 771              	.LASF14:
 772 01bc 4359424C 		.ascii	"CYBLE_EVT_STACK_ON\000"
 772      455F4556 
 772      545F5354 
 772      41434B5F 
 772      4F4E00
 773              	.LASF43:
 774 01cf 4359424C 		.ascii	"CYBLE_EVT_GATTS_XCNHG_MTU_REQ\000"
 774      455F4556 
 774      545F4741 
 774      5454535F 
 774      58434E48 
 775              	.LASF26:
 776 01ed 4359424C 		.ascii	"CYBLE_EVT_GAPP_ADVERTISEMENT_START_STOP\000"
 776      455F4556 
 776      545F4741 
 776      50505F41 
 776      44564552 
 777              	.LASF32:
 778 0215 4359424C 		.ascii	"CYBLE_EVT_GAP_KEYINFO_EXCHNGE_CMPLT\000"
 778      455F4556 
 778      545F4741 
 778      505F4B45 
 778      59494E46 
 779              	.LASF51:
 780 0239 4359424C 		.ascii	"CYBLE_EVT_GATTC_READ_MULTI_RSP\000"
 780      455F4556 
 780      545F4741 
 780      5454435F 
 780      52454144 
 781              	.LASF60:
 782 0258 4359424C 		.ascii	"CYBLE_EVT_GATTS_HANDLE_VALUE_CNF\000"
 782      455F4556 
 782      545F4741 
 782      5454535F 
 782      48414E44 
 783              	.LASF13:
 784 0279 4359424C 		.ascii	"CYBLE_EVT_HOST_INVALID\000"
 784      455F4556 
ARM GAS  C:\Users\ADMINI~1\AppData\Local\Temp\ccQttI7e.s 			page 18


 784      545F484F 
 784      53545F49 
 784      4E56414C 
 785              	.LASF68:
 786 0290 4359424C 		.ascii	"CYBLE_EVT_L2CAP_CBFC_CONN_IND\000"
 786      455F4556 
 786      545F4C32 
 786      4341505F 
 786      43424643 
 787              	.LASF90:
 788 02ae 4359424C 		.ascii	"CYBLE_BLESS_STATE_ECO_STABLE\000"
 788      455F424C 
 788      4553535F 
 788      53544154 
 788      455F4543 
 789              	.LASF71:
 790 02cb 4359424C 		.ascii	"CYBLE_EVT_L2CAP_CBFC_DISCONN_CNF\000"
 790      455F4556 
 790      545F4C32 
 790      4341505F 
 790      43424643 
 791              	.LASF9:
 792 02ec 666C6F61 		.ascii	"float\000"
 792      7400
 793              	.LASF49:
 794 02f2 4359424C 		.ascii	"CYBLE_EVT_GATTC_READ_RSP\000"
 794      455F4556 
 794      545F4741 
 794      5454435F 
 794      52454144 
 795              	.LASF33:
 796 030b 4359424C 		.ascii	"CYBLE_EVT_GAP_NUMERIC_COMPARISON_REQUEST\000"
 796      455F4556 
 796      545F4741 
 796      505F4E55 
 796      4D455249 
 797              	.LASF38:
 798 0334 4359424C 		.ascii	"CYBLE_EVT_GAPC_DIRECT_ADV_REPORT\000"
 798      455F4556 
 798      545F4741 
 798      50435F44 
 798      49524543 
 799              	.LASF7:
 800 0355 6C6F6E67 		.ascii	"long long unsigned int\000"
 800      206C6F6E 
 800      6720756E 
 800      7369676E 
 800      65642069 
 801              	.LASF4:
 802 036c 6C6F6E67 		.ascii	"long int\000"
 802      20696E74 
 802      00
 803              	.LASF59:
 804 0375 4359424C 		.ascii	"CYBLE_EVT_GATTC_HANDLE_VALUE_IND\000"
 804      455F4556 
 804      545F4741 
 804      5454435F 
ARM GAS  C:\Users\ADMINI~1\AppData\Local\Temp\ccQttI7e.s 			page 19


 804      48414E44 
 805              	.LASF27:
 806 0396 4359424C 		.ascii	"CYBLE_EVT_GAP_DEVICE_CONNECTED\000"
 806      455F4556 
 806      545F4741 
 806      505F4445 
 806      56494345 
 807              	.LASF85:
 808 03b5 4359424C 		.ascii	"CYBLE_LP_MODE_T\000"
 808      455F4C50 
 808      5F4D4F44 
 808      455F5400 
 809              	.LASF86:
 810 03c5 4359424C 		.ascii	"CYBLE_BLESS_STATE_ACTIVE\000"
 810      455F424C 
 810      4553535F 
 810      53544154 
 810      455F4143 
 811              	.LASF58:
 812 03de 4359424C 		.ascii	"CYBLE_EVT_GATTC_HANDLE_VALUE_NTF\000"
 812      455F4556 
 812      545F4741 
 812      5454435F 
 812      48414E44 
 813              	.LASF88:
 814 03ff 4359424C 		.ascii	"CYBLE_BLESS_STATE_SLEEP\000"
 814      455F424C 
 814      4553535F 
 814      53544154 
 814      455F534C 
 815              	.LASF23:
 816 0417 4359424C 		.ascii	"CYBLE_EVT_GAP_PASSKEY_DISPLAY_REQUEST\000"
 816      455F4556 
 816      545F4741 
 816      505F5041 
 816      53534B45 
 817              	.LASF81:
 818 043d 4359424C 		.ascii	"CYBLE_BLESS_DEEPSLEEP\000"
 818      455F424C 
 818      4553535F 
 818      44454550 
 818      534C4545 
 819              	.LASF69:
 820 0453 4359424C 		.ascii	"CYBLE_EVT_L2CAP_CBFC_CONN_CNF\000"
 820      455F4556 
 820      545F4C32 
 820      4341505F 
 820      43424643 
 821              	.LASF37:
 822 0471 4359424C 		.ascii	"CYBLE_EVT_GAP_ENHANCE_CONN_COMPLETE\000"
 822      455F4556 
 822      545F4741 
 822      505F454E 
 822      48414E43 
 823              	.LASF53:
 824 0495 4359424C 		.ascii	"CYBLE_EVT_GATTC_WRITE_RSP\000"
 824      455F4556 
ARM GAS  C:\Users\ADMINI~1\AppData\Local\Temp\ccQttI7e.s 			page 20


 824      545F4741 
 824      5454435F 
 824      57524954 
 825              	.LASF77:
 826 04af 4359424C 		.ascii	"CYBLE_EVT_LE_PING_AUTH_TIMEOUT\000"
 826      455F4556 
 826      545F4C45 
 826      5F50494E 
 826      475F4155 
 827              	.LASF65:
 828 04ce 4359424C 		.ascii	"CYBLE_EVT_L2CAP_CONN_PARAM_UPDATE_REQ\000"
 828      455F4556 
 828      545F4C32 
 828      4341505F 
 828      434F4E4E 
 829              	.LASF1:
 830 04f4 756E7369 		.ascii	"unsigned char\000"
 830      676E6564 
 830      20636861 
 830      7200
 831              	.LASF55:
 832 0502 4359424C 		.ascii	"CYBLE_EVT_GATTS_PREP_WRITE_REQ\000"
 832      455F4556 
 832      545F4741 
 832      5454535F 
 832      50524550 
 833              	.LASF94:
 834 0521 4359424C 		.ascii	"CYBLE_BLESS_STATE_T\000"
 834      455F424C 
 834      4553535F 
 834      53544154 
 834      455F5400 
 835              	.LASF47:
 836 0535 4359424C 		.ascii	"CYBLE_EVT_GATTC_FIND_INFO_RSP\000"
 836      455F4556 
 836      545F4741 
 836      5454435F 
 836      46494E44 
 837              	.LASF0:
 838 0553 7369676E 		.ascii	"signed char\000"
 838      65642063 
 838      68617200 
 839              	.LASF52:
 840 055f 4359424C 		.ascii	"CYBLE_EVT_GATTS_WRITE_REQ\000"
 840      455F4556 
 840      545F4741 
 840      5454535F 
 840      57524954 
 841              	.LASF48:
 842 0579 4359424C 		.ascii	"CYBLE_EVT_GATTC_FIND_BY_TYPE_VALUE_RSP\000"
 842      455F4556 
 842      545F4741 
 842      5454435F 
 842      46494E44 
 843              	.LASF24:
 844 05a0 4359424C 		.ascii	"CYBLE_EVT_GAP_AUTH_COMPLETE\000"
 844      455F4556 
ARM GAS  C:\Users\ADMINI~1\AppData\Local\Temp\ccQttI7e.s 			page 21


 844      545F4741 
 844      505F4155 
 844      54485F43 
 845              	.LASF8:
 846 05bc 756E7369 		.ascii	"unsigned int\000"
 846      676E6564 
 846      20696E74 
 846      00
 847              	.LASF101:
 848 05c9 433A5C55 		.ascii	"C:\\Users\\Administrator\\Desktop\\BLE_TemplateProj"
 848      73657273 
 848      5C41646D 
 848      696E6973 
 848      74726174 
 849 05f8 6563745C 		.ascii	"ect\\BLE_TemplateProject\\Smart Switch.cydsn\000"
 849      424C455F 
 849      54656D70 
 849      6C617465 
 849      50726F6A 
 850              	.LASF41:
 851 0623 4359424C 		.ascii	"CYBLE_EVT_GATT_CONNECT_IND\000"
 851      455F4556 
 851      545F4741 
 851      54545F43 
 851      4F4E4E45 
 852              	.LASF5:
 853 063e 6C6F6E67 		.ascii	"long unsigned int\000"
 853      20756E73 
 853      69676E65 
 853      6420696E 
 853      7400
 854              	.LASF21:
 855 0650 4359424C 		.ascii	"CYBLE_EVT_GAP_AUTH_REQ\000"
 855      455F4556 
 855      545F4741 
 855      505F4155 
 855      54485F52 
 856              	.LASF70:
 857 0667 4359424C 		.ascii	"CYBLE_EVT_L2CAP_CBFC_DISCONN_IND\000"
 857      455F4556 
 857      545F4C32 
 857      4341505F 
 857      43424643 
 858              	.LASF29:
 859 0688 4359424C 		.ascii	"CYBLE_EVT_GAP_ENCRYPT_CHANGE\000"
 859      455F4556 
 859      545F4741 
 859      505F454E 
 859      43525950 
 860              	.LASF98:
 861 06a5 626C6573 		.ascii	"blessState\000"
 861      73537461 
 861      746500
 862              	.LASF64:
 863 06b0 4359424C 		.ascii	"CYBLE_EVT_GATTC_LONG_PROCEDURE_END\000"
 863      455F4556 
 863      545F4741 
ARM GAS  C:\Users\ADMINI~1\AppData\Local\Temp\ccQttI7e.s 			page 22


 863      5454435F 
 863      4C4F4E47 
 864              	.LASF80:
 865 06d3 4359424C 		.ascii	"CYBLE_BLESS_SLEEP\000"
 865      455F424C 
 865      4553535F 
 865      534C4545 
 865      5000
 866              	.LASF30:
 867 06e5 4359424C 		.ascii	"CYBLE_EVT_GAP_CONNECTION_UPDATE_COMPLETE\000"
 867      455F4556 
 867      545F4741 
 867      505F434F 
 867      4E4E4543 
 868              	.LASF39:
 869 070e 4359424C 		.ascii	"CYBLE_EVT_GAP_SMP_NEGOTIATED_AUTH_INFO\000"
 869      455F4556 
 869      545F4741 
 869      505F534D 
 869      505F4E45 
 870              	.LASF11:
 871 0735 63686172 		.ascii	"char\000"
 871      00
 872              	.LASF99:
 873 073a 474E5520 		.ascii	"GNU C 4.9.3 20150303 (release) [ARM/embedded-4_9-br"
 873      4320342E 
 873      392E3320 
 873      32303135 
 873      30333033 
 874 076d 616E6368 		.ascii	"anch revision 221220] -mcpu=cortex-m0 -mthumb -g -O"
 874      20726576 
 874      6973696F 
 874      6E203232 
 874      31323230 
 875 07a0 30202D66 		.ascii	"0 -ffunction-sections -ffat-lto-objects\000"
 875      66756E63 
 875      74696F6E 
 875      2D736563 
 875      74696F6E 
 876              	.LASF67:
 877 07c8 4359424C 		.ascii	"CYBLE_EVT_L2CAP_COMMAND_REJ\000"
 877      455F4556 
 877      545F4C32 
 877      4341505F 
 877      434F4D4D 
 878              	.LASF3:
 879 07e4 73686F72 		.ascii	"short unsigned int\000"
 879      7420756E 
 879      7369676E 
 879      65642069 
 879      6E7400
 880              	.LASF50:
 881 07f7 4359424C 		.ascii	"CYBLE_EVT_GATTC_READ_BLOB_RSP\000"
 881      455F4556 
 881      545F4741 
 881      5454435F 
 881      52454144 
ARM GAS  C:\Users\ADMINI~1\AppData\Local\Temp\ccQttI7e.s 			page 23


 882              	.LASF57:
 883 0815 4359424C 		.ascii	"CYBLE_EVT_GATTC_EXEC_WRITE_RSP\000"
 883      455F4556 
 883      545F4741 
 883      5454435F 
 883      45584543 
 884              	.LASF84:
 885 0834 75696E74 		.ascii	"uint32\000"
 885      333200
 886              	.LASF76:
 887 083b 4359424C 		.ascii	"CYBLE_EVT_PENDING_FLASH_WRITE\000"
 887      455F4556 
 887      545F5045 
 887      4E44494E 
 887      475F464C 
 888              	.LASF73:
 889 0859 4359424C 		.ascii	"CYBLE_EVT_L2CAP_CBFC_RX_CREDIT_IND\000"
 889      455F4556 
 889      545F4C32 
 889      4341505F 
 889      43424643 
 890              	.LASF10:
 891 087c 646F7562 		.ascii	"double\000"
 891      6C6500
 892              	.LASF79:
 893 0883 4359424C 		.ascii	"CYBLE_BLESS_ACTIVE\000"
 893      455F424C 
 893      4553535F 
 893      41435449 
 893      564500
 894              	.LASF74:
 895 0896 4359424C 		.ascii	"CYBLE_EVT_L2CAP_CBFC_TX_CREDIT_IND\000"
 895      455F4556 
 895      545F4C32 
 895      4341505F 
 895      43424643 
 896              	.LASF18:
 897 08b9 4359424C 		.ascii	"CYBLE_EVT_STACK_BUSY_STATUS\000"
 897      455F4556 
 897      545F5354 
 897      41434B5F 
 897      42555359 
 898              	.LASF83:
 899 08d5 4359424C 		.ascii	"CYBLE_BLESS_INVALID\000"
 899      455F424C 
 899      4553535F 
 899      494E5641 
 899      4C494400 
 900              	.LASF16:
 901 08e9 4359424C 		.ascii	"CYBLE_EVT_HARDWARE_ERROR\000"
 901      455F4556 
 901      545F4841 
 901      52445741 
 901      52455F45 
 902              	.LASF72:
 903 0902 4359424C 		.ascii	"CYBLE_EVT_L2CAP_CBFC_DATA_READ\000"
 903      455F4556 
ARM GAS  C:\Users\ADMINI~1\AppData\Local\Temp\ccQttI7e.s 			page 24


 903      545F4C32 
 903      4341505F 
 903      43424643 
 904              	.LASF66:
 905 0921 4359424C 		.ascii	"CYBLE_EVT_L2CAP_CONN_PARAM_UPDATE_RSP\000"
 905      455F4556 
 905      545F4C32 
 905      4341505F 
 905      434F4E4E 
 906              	.LASF20:
 907 0947 4359424C 		.ascii	"CYBLE_EVT_GAPC_SCAN_PROGRESS_RESULT\000"
 907      455F4556 
 907      545F4741 
 907      50435F53 
 907      43414E5F 
 908              	.LASF91:
 909 096b 4359424C 		.ascii	"CYBLE_BLESS_STATE_DEEPSLEEP\000"
 909      455F424C 
 909      4553535F 
 909      53544154 
 909      455F4445 
 910              	.LASF45:
 911 0987 4359424C 		.ascii	"CYBLE_EVT_GATTC_READ_BY_GROUP_TYPE_RSP\000"
 911      455F4556 
 911      545F4741 
 911      5454435F 
 911      52454144 
 912              	.LASF54:
 913 09ae 4359424C 		.ascii	"CYBLE_EVT_GATTS_WRITE_CMD_REQ\000"
 913      455F4556 
 913      545F4741 
 913      5454535F 
 913      57524954 
 914              	.LASF44:
 915 09cc 4359424C 		.ascii	"CYBLE_EVT_GATTC_XCHNG_MTU_RSP\000"
 915      455F4556 
 915      545F4741 
 915      5454435F 
 915      5843484E 
 916              	.LASF15:
 917 09ea 4359424C 		.ascii	"CYBLE_EVT_TIMEOUT\000"
 917      455F4556 
 917      545F5449 
 917      4D454F55 
 917      5400
 918              	.LASF75:
 919 09fc 4359424C 		.ascii	"CYBLE_EVT_L2CAP_CBFC_DATA_WRITE_IND\000"
 919      455F4556 
 919      545F4C32 
 919      4341505F 
 919      43424643 
 920              	.LASF31:
 921 0a20 4359424C 		.ascii	"CYBLE_EVT_GAPC_SCAN_START_STOP\000"
 921      455F4556 
 921      545F4741 
 921      50435F53 
 921      43414E5F 
ARM GAS  C:\Users\ADMINI~1\AppData\Local\Temp\ccQttI7e.s 			page 25


 922              	.LASF78:
 923 0a3f 4359424C 		.ascii	"CYBLE_EVT_MAX\000"
 923      455F4556 
 923      545F4D41 
 923      5800
 924              	.LASF63:
 925 0a4d 4359424C 		.ascii	"CYBLE_EVT_GATTS_READ_CHAR_VAL_ACCESS_REQ\000"
 925      455F4556 
 925      545F4741 
 925      5454535F 
 925      52454144 
 926              	.LASF62:
 927 0a76 4359424C 		.ascii	"CYBLE_EVT_GATTC_STOP_CMD_COMPLETE\000"
 927      455F4556 
 927      545F4741 
 927      5454435F 
 927      53544F50 
 928              	.LASF56:
 929 0a98 4359424C 		.ascii	"CYBLE_EVT_GATTS_EXEC_WRITE_REQ\000"
 929      455F4556 
 929      545F4741 
 929      5454535F 
 929      45584543 
 930              	.LASF97:
 931 0ab7 736C6565 		.ascii	"sleepMode\000"
 931      704D6F64 
 931      6500
 932              	.LASF28:
 933 0ac1 4359424C 		.ascii	"CYBLE_EVT_GAP_DEVICE_DISCONNECTED\000"
 933      455F4556 
 933      545F4741 
 933      505F4445 
 933      56494345 
 934              	.LASF96:
 935 0ae3 6576656E 		.ascii	"eventParam\000"
 935      74506172 
 935      616D00
 936              	.LASF103:
 937 0aee 4C6F7750 		.ascii	"LowPowerManagement\000"
 937      6F776572 
 937      4D616E61 
 937      67656D65 
 937      6E7400
 938              	.LASF61:
 939 0b01 4359424C 		.ascii	"CYBLE_EVT_GATTS_DATA_SIGNED_CMD_REQ\000"
 939      455F4556 
 939      545F4741 
 939      5454535F 
 939      44415441 
 940              	.LASF42:
 941 0b25 4359424C 		.ascii	"CYBLE_EVT_GATT_DISCONNECT_IND\000"
 941      455F4556 
 941      545F4741 
 941      54545F44 
 941      4953434F 
 942              	.LASF35:
 943 0b43 4359424C 		.ascii	"CYBLE_EVT_GAP_OOB_GENERATED_NOTIFICATION\000"
ARM GAS  C:\Users\ADMINI~1\AppData\Local\Temp\ccQttI7e.s 			page 26


 943      455F4556 
 943      545F4741 
 943      505F4F4F 
 943      425F4745 
 944              		.ident	"GCC: (GNU Tools for ARM Embedded Processors) 4.9.3 20150303 (release) [ARM/embedded-4_9-br
