--------------- Build Started: 05/19/2016 14:14:32 Project: Smart Switch, Configuration: ARM GCC 4.9-2015-q1-update Debug ---------------
cydsfit.exe -.appdatapath "C:\Users\Administrator\AppData\Local\Cypress Semiconductor\PSoC Creator\3.3" -.fdsnotice -.fdswarpdepfile=warp_dependencies.txt -.fdselabdepfile=elab_dependencies.txt -.fdsbldfile=generated_files.txt -p "C:\Users\Administrator\Desktop\BLE_TemplateProject\Bluetooth-intelligent-switchV1.0.2\Smart Switch.cydsn\Smart Switch.cyprj" -d CYBL10161-56LQXI -s "C:\Users\Administrator\Desktop\BLE_TemplateProject\Bluetooth-intelligent-switchV1.0.2\Smart Switch.cydsn\Generated_Source\PSoC4" -- -yv2 -q10 -ygs -o2 -v3 -.fftcfgtype=LE
Elaborating Design...
HDL Generation ...
Synthesis ...
Place and Route ...
Tech mapping ...
Analog Placement ...
Analog Routing ...
Analog Code Generation ...
Digital Placement ...
Digital Routing ...
Bitstream Generation ...
Static timing analysis ...
API Generation ...
Dependency Generation ...
Clean Temporary Files ...
arm-none-eabi-gcc.exe -mcpu=cortex-m0 -mthumb -Wno-main -I. -IGenerated_Source\PSoC4 -Wa,-alh=.\CortexM0\ARM_GCC_493\Debug/main.lst -g -D DEBUG -Wall -ffunction-sections -O0 -ffat-lto-objects -c .\main.c -o .\CortexM0\ARM_GCC_493\Debug\main.o
arm-none-eabi-gcc.exe -mcpu=cortex-m0 -mthumb -Wno-main -I. -IGenerated_Source\PSoC4 -Wa,-alh=.\CortexM0\ARM_GCC_493\Debug/application.lst -g -D DEBUG -Wall -ffunction-sections -O0 -ffat-lto-objects -c .\application.c -o .\CortexM0\ARM_GCC_493\Debug\application.o
arm-none-eabi-gcc.exe -mcpu=cortex-m0 -mthumb -Wno-main -I. -IGenerated_Source\PSoC4 -Wa,-alh=.\CortexM0\ARM_GCC_493\Debug/BLE.lst -g -D DEBUG -Wall -ffunction-sections -O0 -ffat-lto-objects -c .\Generated_Source\PSoC4\BLE.c -o .\CortexM0\ARM_GCC_493\Debug\BLE.o
arm-none-eabi-gcc.exe -mcpu=cortex-m0 -mthumb -Wno-main -I. -IGenerated_Source\PSoC4 -Wa,-alh=.\CortexM0\ARM_GCC_493\Debug/BLE_gatt.lst -g -D DEBUG -Wall -ffunction-sections -O0 -ffat-lto-objects -c .\Generated_Source\PSoC4\BLE_gatt.c -o .\CortexM0\ARM_GCC_493\Debug\BLE_gatt.o
arm-none-eabi-gcc.exe -mcpu=cortex-m0 -mthumb -Wno-main -I. -IGenerated_Source\PSoC4 -Wa,-alh=.\CortexM0\ARM_GCC_493\Debug/BLE_eventHandler.lst -g -D DEBUG -Wall -ffunction-sections -O0 -ffat-lto-objects -c .\Generated_Source\PSoC4\BLE_eventHandler.c -o .\CortexM0\ARM_GCC_493\Debug\BLE_eventHandler.o
arm-none-eabi-gcc.exe -mcpu=cortex-m0 -mthumb -Wno-main -I. -IGenerated_Source\PSoC4 -Wa,-alh=.\CortexM0\ARM_GCC_493\Debug/BLE_HAL_INT.lst -g -D DEBUG -Wall -ffunction-sections -O0 -ffat-lto-objects -c .\Generated_Source\PSoC4\BLE_HAL_INT.c -o .\CortexM0\ARM_GCC_493\Debug\BLE_HAL_INT.o
arm-none-eabi-gcc.exe -mcpu=cortex-m0 -mthumb -Wno-main -I. -IGenerated_Source\PSoC4 -Wa,-alh=.\CortexM0\ARM_GCC_493\Debug/BLE_HAL_PVT.lst -g -D DEBUG -Wall -ffunction-sections -O0 -ffat-lto-objects -c .\Generated_Source\PSoC4\BLE_HAL_PVT.c -o .\CortexM0\ARM_GCC_493\Debug\BLE_HAL_PVT.o
arm-none-eabi-gcc.exe -mcpu=cortex-m0 -mthumb -Wno-main -I. -IGenerated_Source\PSoC4 -Wa,-alh=.\CortexM0\ARM_GCC_493\Debug/BLE_custom.lst -g -D DEBUG -Wall -ffunction-sections -O0 -ffat-lto-objects -c .\Generated_Source\PSoC4\BLE_custom.c -o .\CortexM0\ARM_GCC_493\Debug\BLE_custom.o
arm-none-eabi-ar.exe -rs ".\CortexM0\ARM_GCC_493\Debug\Smart Switch.a" .\CortexM0\ARM_GCC_493\Debug\cyfitter_cfg.o .\CortexM0\ARM_GCC_493\Debug\BLE.o .\CortexM0\ARM_GCC_493\Debug\BLE_gatt.o .\CortexM0\ARM_GCC_493\Debug\BLE_eventHandler.o .\CortexM0\ARM_GCC_493\Debug\BLE_HAL_INT.o .\CortexM0\ARM_GCC_493\Debug\BLE_HAL_PVT.o .\CortexM0\ARM_GCC_493\Debug\BLE_custom.o .\CortexM0\ARM_GCC_493\Debug\BLE_bless_isr.o .\CortexM0\ARM_GCC_493\Debug\CyBootAsmGnu.o .\CortexM0\ARM_GCC_493\Debug\CyFlash.o .\CortexM0\ARM_GCC_493\Debug\CyLib.o .\CortexM0\ARM_GCC_493\Debug\cyPm.o .\CortexM0\ARM_GCC_493\Debug\cyutils.o .\CortexM0\ARM_GCC_493\Debug\CyLFClk.o .\CortexM0\ARM_GCC_493\Debug\BLUE_LED.o .\CortexM0\ARM_GCC_493\Debug\BLUE_LED_PM.o .\CortexM0\ARM_GCC_493\Debug\RED_LED.o .\CortexM0\ARM_GCC_493\Debug\RED_LED_PM.o
arm-none-eabi-ar.exe: creating .\CortexM0\ARM_GCC_493\Debug\Smart Switch.a
arm-none-eabi-gcc.exe -Wl,--start-group -o ".\CortexM0\ARM_GCC_493\Debug\Smart Switch.elf" .\CortexM0\ARM_GCC_493\Debug\main.o .\CortexM0\ARM_GCC_493\Debug\application.o .\CortexM0\ARM_GCC_493\Debug\cymetadata.o .\CortexM0\ARM_GCC_493\Debug\Cm0Start.o ".\CortexM0\ARM_GCC_493\Debug\Smart Switch.a" "E:\Software Application\PSoC Creator\3.3\PSoC Creator\psoc\content\cycomponentlibraryupdates\CyComponentLibraryUpdates.cylib\BLE_v3_10\Library\gccCyBLEStack_BLE_SOC_PERIPHERAL.a" "E:\Software Application\PSoC Creator\3.3\PSoC Creator\psoc\content\cycomponentlibrary\CyComponentLibrary.cylib\CortexM0\ARM_GCC_493\Debug\CyComponentLibrary.a" -mcpu=cortex-m0 -mthumb -g -ffunction-sections -O0 -L Generated_Source\PSoC4 "-Wl,-Map,.\CortexM0\ARM_GCC_493\Debug/Smart Switch.map" -T Generated_Source\PSoC4\cm0gcc.ld -specs=nano.specs -Wl,--gc-sections -Wl,--end-group
cyelftool.exe -C "C:\Users\Administrator\Desktop\BLE_TemplateProject\Bluetooth-intelligent-switchV1.0.2\Smart Switch.cydsn\CortexM0\ARM_GCC_493\Debug\Smart Switch.elf" --flash_row_size 128 --flash_size 131072
cyelftool.exe -S "C:\Users\Administrator\Desktop\BLE_TemplateProject\Bluetooth-intelligent-switchV1.0.2\Smart Switch.cydsn\CortexM0\ARM_GCC_493\Debug\Smart Switch.elf"
Flash used: 84480 of 131072 bytes (64.5%).
SRAM used: 10224 of 16384 bytes (62.4%). Stack: 1024 bytes. Heap: 512 bytes.
--------------- Build Succeeded: 05/19/2016 14:15:05 ---------------
