--------------- Clean Started: 05/14/2016 21:05:22 Project: Smart Switch, Configuration: ARM GCC 4.9-2015-q1-update Debug ---------------
Deleting file ".\CortexM0\ARM_GCC_493\Debug\main.o"
Deleting file ".\CortexM0\ARM_GCC_493\Debug\application.o"
Deleting file ".\CortexM0\ARM_GCC_493\Debug\print.o"
Deleting file ".\CortexM0\ARM_GCC_493\Debug\cyfitter_cfg.o"
Deleting file ".\CortexM0\ARM_GCC_493\Debug\cymetadata.o"
Deleting file ".\CortexM0\ARM_GCC_493\Debug\BLE.o"
Deleting file ".\CortexM0\ARM_GCC_493\Debug\BLE_gatt.o"
Deleting file ".\CortexM0\ARM_GCC_493\Debug\BLE_eventHandler.o"
Deleting file ".\CortexM0\ARM_GCC_493\Debug\BLE_HAL_INT.o"
Deleting file ".\CortexM0\ARM_GCC_493\Debug\BLE_HAL_PVT.o"
Deleting file ".\CortexM0\ARM_GCC_493\Debug\BLE_bless_isr.o"
Deleting file ".\CortexM0\ARM_GCC_493\Debug\Cm0Start.o"
Deleting file ".\CortexM0\ARM_GCC_493\Debug\CyBootAsmGnu.o"
Deleting file ".\CortexM0\ARM_GCC_493\Debug\CyFlash.o"
Deleting file ".\CortexM0\ARM_GCC_493\Debug\CyLib.o"
Deleting file ".\CortexM0\ARM_GCC_493\Debug\cyPm.o"
Deleting file ".\CortexM0\ARM_GCC_493\Debug\cyutils.o"
Deleting file ".\CortexM0\ARM_GCC_493\Debug\CyLFClk.o"
Deleting file ".\CortexM0\ARM_GCC_493\Debug\isr_Button4.o"
Deleting file ".\CortexM0\ARM_GCC_493\Debug\isr_Button3.o"
Deleting file ".\CortexM0\ARM_GCC_493\Debug\isr_Button2.o"
Deleting file ".\CortexM0\ARM_GCC_493\Debug\isr_Button1.o"
Deleting file ".\CortexM0\ARM_GCC_493\Debug\Button4.o"
Deleting file ".\CortexM0\ARM_GCC_493\Debug\Button4_PM.o"
Deleting file ".\CortexM0\ARM_GCC_493\Debug\Button3.o"
Deleting file ".\CortexM0\ARM_GCC_493\Debug\Button3_PM.o"
Deleting file ".\CortexM0\ARM_GCC_493\Debug\Button1.o"
Deleting file ".\CortexM0\ARM_GCC_493\Debug\Button1_PM.o"
Deleting file ".\CortexM0\ARM_GCC_493\Debug\Button2.o"
Deleting file ".\CortexM0\ARM_GCC_493\Debug\Button2_PM.o"
Deleting file ".\CortexM0\ARM_GCC_493\Debug\UART.o"
Deleting file ".\CortexM0\ARM_GCC_493\Debug\UART_SPI_UART.o"
Deleting file ".\CortexM0\ARM_GCC_493\Debug\UART_SPI_UART_INT.o"
Deleting file ".\CortexM0\ARM_GCC_493\Debug\UART_PM.o"
Deleting file ".\CortexM0\ARM_GCC_493\Debug\UART_UART.o"
Deleting file ".\CortexM0\ARM_GCC_493\Debug\UART_BOOT.o"
Deleting file ".\CortexM0\ARM_GCC_493\Debug\UART_UART_BOOT.o"
Deleting file ".\CortexM0\ARM_GCC_493\Debug\UART_SCBCLK.o"
Deleting file ".\CortexM0\ARM_GCC_493\Debug\UART_tx.o"
Deleting file ".\CortexM0\ARM_GCC_493\Debug\UART_tx_PM.o"
Deleting file ".\CortexM0\ARM_GCC_493\Debug\UART_rx.o"
Deleting file ".\CortexM0\ARM_GCC_493\Debug\UART_rx_PM.o"
Deleting file ".\CortexM0\ARM_GCC_493\Debug\Smart Switch.hex"
Deleting file ".\CortexM0\ARM_GCC_493\Debug\Smart Switch.elf"
Deleting file ".\CortexM0\ARM_GCC_493\Debug\Smart Switch.map"
Deleting file ".\Smart Switch.cycdx"
Deleting file ".\Smart Switch.svd"
Deleting file ".\Smart Switch.rpt"
Deleting file ".\Smart Switch_timing.html"
Deleting file ".\CortexM0\ARM_GCC_493\Debug\.deps\C_FILE.P"
Deleting file ".\CortexM0\ARM_GCC_493\Debug\.deps\ARM_C_FILE.P"
Deleting file ".\CortexM0\ARM_GCC_493\Debug\.deps\GNU_ARM_ASM_FILE.P"
--------------- Clean Succeeded: 05/14/2016 21:05:22 ---------------
