ARM GAS  C:\Users\ADMINI~1\AppData\Local\Temp\cc8014xp.s 			page 1


   1              		.cpu cortex-m0
   2              		.fpu softvfp
   3              		.eabi_attribute 20, 1
   4              		.eabi_attribute 21, 1
   5              		.eabi_attribute 23, 3
   6              		.eabi_attribute 24, 1
   7              		.eabi_attribute 25, 1
   8              		.eabi_attribute 26, 1
   9              		.eabi_attribute 30, 6
  10              		.eabi_attribute 34, 0
  11              		.eabi_attribute 18, 4
  12              		.code	16
  13              		.file	"cyfitter_cfg.c"
  14              		.text
  15              	.Ltext0:
  16              		.cfi_sections	.debug_frame
  17              		.section	.text.CYMEMZERO,"ax",%progbits
  18              		.align	2
  19              		.code	16
  20              		.thumb_func
  21              		.type	CYMEMZERO, %function
  22              	CYMEMZERO:
  23              	.LFB2:
  24              		.file 1 ".\\Generated_Source\\PSoC4\\cyfitter_cfg.c"
   1:.\Generated_Source\PSoC4/cyfitter_cfg.c **** /*******************************************************************************
   2:.\Generated_Source\PSoC4/cyfitter_cfg.c **** * File Name: cyfitter_cfg.c
   3:.\Generated_Source\PSoC4/cyfitter_cfg.c **** * 
   4:.\Generated_Source\PSoC4/cyfitter_cfg.c **** * PSoC Creator  3.3 CP2
   5:.\Generated_Source\PSoC4/cyfitter_cfg.c **** *
   6:.\Generated_Source\PSoC4/cyfitter_cfg.c **** * Description:
   7:.\Generated_Source\PSoC4/cyfitter_cfg.c **** * This file contains device initialization code.
   8:.\Generated_Source\PSoC4/cyfitter_cfg.c **** * Except for the user defined sections in CyClockStartupError(), this file should not be modified.
   9:.\Generated_Source\PSoC4/cyfitter_cfg.c **** * This file is automatically generated by PSoC Creator.
  10:.\Generated_Source\PSoC4/cyfitter_cfg.c **** *
  11:.\Generated_Source\PSoC4/cyfitter_cfg.c **** ********************************************************************************
  12:.\Generated_Source\PSoC4/cyfitter_cfg.c **** * Copyright (c) 2007-2015 Cypress Semiconductor.  All rights reserved.
  13:.\Generated_Source\PSoC4/cyfitter_cfg.c **** * You may use this file only in accordance with the license, terms, conditions, 
  14:.\Generated_Source\PSoC4/cyfitter_cfg.c **** * disclaimers, and limitations in the end user license agreement accompanying 
  15:.\Generated_Source\PSoC4/cyfitter_cfg.c **** * the software package with which this file was provided.
  16:.\Generated_Source\PSoC4/cyfitter_cfg.c **** ********************************************************************************/
  17:.\Generated_Source\PSoC4/cyfitter_cfg.c **** 
  18:.\Generated_Source\PSoC4/cyfitter_cfg.c **** #include <string.h>
  19:.\Generated_Source\PSoC4/cyfitter_cfg.c **** #include "cytypes.h"
  20:.\Generated_Source\PSoC4/cyfitter_cfg.c **** #include "cydevice_trm.h"
  21:.\Generated_Source\PSoC4/cyfitter_cfg.c **** #include "cyfitter.h"
  22:.\Generated_Source\PSoC4/cyfitter_cfg.c **** #include "CyLib.h"
  23:.\Generated_Source\PSoC4/cyfitter_cfg.c **** #include "CyLFClk.h"
  24:.\Generated_Source\PSoC4/cyfitter_cfg.c **** #include "cyfitter_cfg.h"
  25:.\Generated_Source\PSoC4/cyfitter_cfg.c **** 
  26:.\Generated_Source\PSoC4/cyfitter_cfg.c **** 
  27:.\Generated_Source\PSoC4/cyfitter_cfg.c **** #if defined(__GNUC__) || defined(__ARMCC_VERSION)
  28:.\Generated_Source\PSoC4/cyfitter_cfg.c ****     #define CYPACKED 
  29:.\Generated_Source\PSoC4/cyfitter_cfg.c ****     #define CYPACKED_ATTR __attribute__ ((packed))
  30:.\Generated_Source\PSoC4/cyfitter_cfg.c ****     #define CYALIGNED __attribute__ ((aligned))
  31:.\Generated_Source\PSoC4/cyfitter_cfg.c ****     #define CY_CFG_UNUSED __attribute__ ((unused))
  32:.\Generated_Source\PSoC4/cyfitter_cfg.c ****     #ifndef CY_CFG_SECTION
  33:.\Generated_Source\PSoC4/cyfitter_cfg.c ****         #define CY_CFG_SECTION __attribute__ ((section(".psocinit")))
ARM GAS  C:\Users\ADMINI~1\AppData\Local\Temp\cc8014xp.s 			page 2


  34:.\Generated_Source\PSoC4/cyfitter_cfg.c ****     #endif
  35:.\Generated_Source\PSoC4/cyfitter_cfg.c ****     
  36:.\Generated_Source\PSoC4/cyfitter_cfg.c ****     #if defined(__ARMCC_VERSION)
  37:.\Generated_Source\PSoC4/cyfitter_cfg.c ****         #define CY_CFG_MEMORY_BARRIER() __memory_changed()
  38:.\Generated_Source\PSoC4/cyfitter_cfg.c ****     #else
  39:.\Generated_Source\PSoC4/cyfitter_cfg.c ****         #define CY_CFG_MEMORY_BARRIER() __sync_synchronize()
  40:.\Generated_Source\PSoC4/cyfitter_cfg.c ****     #endif
  41:.\Generated_Source\PSoC4/cyfitter_cfg.c ****     
  42:.\Generated_Source\PSoC4/cyfitter_cfg.c **** #elif defined(__ICCARM__)
  43:.\Generated_Source\PSoC4/cyfitter_cfg.c ****     #include <intrinsics.h>
  44:.\Generated_Source\PSoC4/cyfitter_cfg.c **** 
  45:.\Generated_Source\PSoC4/cyfitter_cfg.c ****     #define CYPACKED __packed
  46:.\Generated_Source\PSoC4/cyfitter_cfg.c ****     #define CYPACKED_ATTR 
  47:.\Generated_Source\PSoC4/cyfitter_cfg.c ****     #define CYALIGNED _Pragma("data_alignment=4")
  48:.\Generated_Source\PSoC4/cyfitter_cfg.c ****     #define CY_CFG_UNUSED _Pragma("diag_suppress=Pe177")
  49:.\Generated_Source\PSoC4/cyfitter_cfg.c ****     #define CY_CFG_SECTION _Pragma("location=\".psocinit\"")
  50:.\Generated_Source\PSoC4/cyfitter_cfg.c ****     
  51:.\Generated_Source\PSoC4/cyfitter_cfg.c ****     #define CY_CFG_MEMORY_BARRIER() __DMB()
  52:.\Generated_Source\PSoC4/cyfitter_cfg.c ****     
  53:.\Generated_Source\PSoC4/cyfitter_cfg.c **** #else
  54:.\Generated_Source\PSoC4/cyfitter_cfg.c ****     #error Unsupported toolchain
  55:.\Generated_Source\PSoC4/cyfitter_cfg.c **** #endif
  56:.\Generated_Source\PSoC4/cyfitter_cfg.c **** 
  57:.\Generated_Source\PSoC4/cyfitter_cfg.c **** 
  58:.\Generated_Source\PSoC4/cyfitter_cfg.c **** CY_CFG_UNUSED
  59:.\Generated_Source\PSoC4/cyfitter_cfg.c **** static void CYMEMZERO(void *s, size_t n);
  60:.\Generated_Source\PSoC4/cyfitter_cfg.c **** CY_CFG_UNUSED
  61:.\Generated_Source\PSoC4/cyfitter_cfg.c **** static void CYMEMZERO(void *s, size_t n)
  62:.\Generated_Source\PSoC4/cyfitter_cfg.c **** {
  25              		.loc 1 62 0
  26              		.cfi_startproc
  27 0000 80B5     		push	{r7, lr}
  28              		.cfi_def_cfa_offset 8
  29              		.cfi_offset 7, -8
  30              		.cfi_offset 14, -4
  31 0002 82B0     		sub	sp, sp, #8
  32              		.cfi_def_cfa_offset 16
  33 0004 00AF     		add	r7, sp, #0
  34              		.cfi_def_cfa_register 7
  35 0006 7860     		str	r0, [r7, #4]
  36 0008 3960     		str	r1, [r7]
  63:.\Generated_Source\PSoC4/cyfitter_cfg.c **** 	(void)memset(s, 0, n);
  37              		.loc 1 63 0
  38 000a 7A68     		ldr	r2, [r7, #4]
  39 000c 3B68     		ldr	r3, [r7]
  40 000e 101C     		mov	r0, r2
  41 0010 0021     		mov	r1, #0
  42 0012 1A1C     		mov	r2, r3
  43 0014 FFF7FEFF 		bl	memset
  64:.\Generated_Source\PSoC4/cyfitter_cfg.c **** }
  44              		.loc 1 64 0
  45 0018 BD46     		mov	sp, r7
  46 001a 02B0     		add	sp, sp, #8
  47              		@ sp needed
  48 001c 80BD     		pop	{r7, pc}
  49              		.cfi_endproc
  50              	.LFE2:
ARM GAS  C:\Users\ADMINI~1\AppData\Local\Temp\cc8014xp.s 			page 3


  51              		.size	CYMEMZERO, .-CYMEMZERO
  52 001e C046     		.section	.text.CYCONFIGCPY,"ax",%progbits
  53              		.align	2
  54              		.code	16
  55              		.thumb_func
  56              		.type	CYCONFIGCPY, %function
  57              	CYCONFIGCPY:
  58              	.LFB3:
  65:.\Generated_Source\PSoC4/cyfitter_cfg.c **** CY_CFG_UNUSED
  66:.\Generated_Source\PSoC4/cyfitter_cfg.c **** static void CYCONFIGCPY(void *dest, const void *src, size_t n);
  67:.\Generated_Source\PSoC4/cyfitter_cfg.c **** CY_CFG_UNUSED
  68:.\Generated_Source\PSoC4/cyfitter_cfg.c **** static void CYCONFIGCPY(void *dest, const void *src, size_t n)
  69:.\Generated_Source\PSoC4/cyfitter_cfg.c **** {
  59              		.loc 1 69 0
  60              		.cfi_startproc
  61 0000 80B5     		push	{r7, lr}
  62              		.cfi_def_cfa_offset 8
  63              		.cfi_offset 7, -8
  64              		.cfi_offset 14, -4
  65 0002 84B0     		sub	sp, sp, #16
  66              		.cfi_def_cfa_offset 24
  67 0004 00AF     		add	r7, sp, #0
  68              		.cfi_def_cfa_register 7
  69 0006 F860     		str	r0, [r7, #12]
  70 0008 B960     		str	r1, [r7, #8]
  71 000a 7A60     		str	r2, [r7, #4]
  70:.\Generated_Source\PSoC4/cyfitter_cfg.c **** 	(void)memcpy(dest, src, n);
  72              		.loc 1 70 0
  73 000c F968     		ldr	r1, [r7, #12]
  74 000e BA68     		ldr	r2, [r7, #8]
  75 0010 7B68     		ldr	r3, [r7, #4]
  76 0012 081C     		mov	r0, r1
  77 0014 111C     		mov	r1, r2
  78 0016 1A1C     		mov	r2, r3
  79 0018 FFF7FEFF 		bl	memcpy
  71:.\Generated_Source\PSoC4/cyfitter_cfg.c **** }
  80              		.loc 1 71 0
  81 001c BD46     		mov	sp, r7
  82 001e 04B0     		add	sp, sp, #16
  83              		@ sp needed
  84 0020 80BD     		pop	{r7, pc}
  85              		.cfi_endproc
  86              	.LFE3:
  87              		.size	CYCONFIGCPY, .-CYCONFIGCPY
  88 0022 C046     		.section	.text.CYCONFIGCPYCODE,"ax",%progbits
  89              		.align	2
  90              		.code	16
  91              		.thumb_func
  92              		.type	CYCONFIGCPYCODE, %function
  93              	CYCONFIGCPYCODE:
  94              	.LFB4:
  72:.\Generated_Source\PSoC4/cyfitter_cfg.c **** CY_CFG_UNUSED
  73:.\Generated_Source\PSoC4/cyfitter_cfg.c **** static void CYCONFIGCPYCODE(void *dest, const void *src, size_t n);
  74:.\Generated_Source\PSoC4/cyfitter_cfg.c **** CY_CFG_UNUSED
  75:.\Generated_Source\PSoC4/cyfitter_cfg.c **** static void CYCONFIGCPYCODE(void *dest, const void *src, size_t n)
  76:.\Generated_Source\PSoC4/cyfitter_cfg.c **** {
  95              		.loc 1 76 0
ARM GAS  C:\Users\ADMINI~1\AppData\Local\Temp\cc8014xp.s 			page 4


  96              		.cfi_startproc
  97 0000 80B5     		push	{r7, lr}
  98              		.cfi_def_cfa_offset 8
  99              		.cfi_offset 7, -8
 100              		.cfi_offset 14, -4
 101 0002 84B0     		sub	sp, sp, #16
 102              		.cfi_def_cfa_offset 24
 103 0004 00AF     		add	r7, sp, #0
 104              		.cfi_def_cfa_register 7
 105 0006 F860     		str	r0, [r7, #12]
 106 0008 B960     		str	r1, [r7, #8]
 107 000a 7A60     		str	r2, [r7, #4]
  77:.\Generated_Source\PSoC4/cyfitter_cfg.c **** 	(void)memcpy(dest, src, n);
 108              		.loc 1 77 0
 109 000c F968     		ldr	r1, [r7, #12]
 110 000e BA68     		ldr	r2, [r7, #8]
 111 0010 7B68     		ldr	r3, [r7, #4]
 112 0012 081C     		mov	r0, r1
 113 0014 111C     		mov	r1, r2
 114 0016 1A1C     		mov	r2, r3
 115 0018 FFF7FEFF 		bl	memcpy
  78:.\Generated_Source\PSoC4/cyfitter_cfg.c **** }
 116              		.loc 1 78 0
 117 001c BD46     		mov	sp, r7
 118 001e 04B0     		add	sp, sp, #16
 119              		@ sp needed
 120 0020 80BD     		pop	{r7, pc}
 121              		.cfi_endproc
 122              	.LFE4:
 123              		.size	CYCONFIGCPYCODE, .-CYCONFIGCPYCODE
 124 0022 C046     		.section	.psocinit,"ax",%progbits
 125              		.align	2
 126              		.code	16
 127              		.thumb_func
 128              		.type	ClockSetup, %function
 129              	ClockSetup:
 130              	.LFB5:
  79:.\Generated_Source\PSoC4/cyfitter_cfg.c **** 
  80:.\Generated_Source\PSoC4/cyfitter_cfg.c **** 
  81:.\Generated_Source\PSoC4/cyfitter_cfg.c **** 
  82:.\Generated_Source\PSoC4/cyfitter_cfg.c **** /* Clock startup error codes                                                   */
  83:.\Generated_Source\PSoC4/cyfitter_cfg.c **** #define CYCLOCKSTART_NO_ERROR    0u
  84:.\Generated_Source\PSoC4/cyfitter_cfg.c **** #define CYCLOCKSTART_XTAL_ERROR  1u
  85:.\Generated_Source\PSoC4/cyfitter_cfg.c **** #define CYCLOCKSTART_32KHZ_ERROR 2u
  86:.\Generated_Source\PSoC4/cyfitter_cfg.c **** #define CYCLOCKSTART_PLL_ERROR   3u
  87:.\Generated_Source\PSoC4/cyfitter_cfg.c **** 
  88:.\Generated_Source\PSoC4/cyfitter_cfg.c **** #ifdef CY_NEED_CYCLOCKSTARTUPERROR
  89:.\Generated_Source\PSoC4/cyfitter_cfg.c **** /*******************************************************************************
  90:.\Generated_Source\PSoC4/cyfitter_cfg.c **** * Function Name: CyClockStartupError
  91:.\Generated_Source\PSoC4/cyfitter_cfg.c **** ********************************************************************************
  92:.\Generated_Source\PSoC4/cyfitter_cfg.c **** * Summary:
  93:.\Generated_Source\PSoC4/cyfitter_cfg.c **** *  If an error is encountered during clock configuration (crystal startup error,
  94:.\Generated_Source\PSoC4/cyfitter_cfg.c **** *  PLL lock error, etc.), the system will end up here.  Unless reimplemented by
  95:.\Generated_Source\PSoC4/cyfitter_cfg.c **** *  the customer, this function will stop in an infinite loop.
  96:.\Generated_Source\PSoC4/cyfitter_cfg.c **** *
  97:.\Generated_Source\PSoC4/cyfitter_cfg.c **** * Parameters:
  98:.\Generated_Source\PSoC4/cyfitter_cfg.c **** *   void
ARM GAS  C:\Users\ADMINI~1\AppData\Local\Temp\cc8014xp.s 			page 5


  99:.\Generated_Source\PSoC4/cyfitter_cfg.c **** *
 100:.\Generated_Source\PSoC4/cyfitter_cfg.c **** * Return:
 101:.\Generated_Source\PSoC4/cyfitter_cfg.c **** *   void
 102:.\Generated_Source\PSoC4/cyfitter_cfg.c **** *
 103:.\Generated_Source\PSoC4/cyfitter_cfg.c **** *******************************************************************************/
 104:.\Generated_Source\PSoC4/cyfitter_cfg.c **** CY_CFG_UNUSED
 105:.\Generated_Source\PSoC4/cyfitter_cfg.c **** static void CyClockStartupError(uint8 errorCode);
 106:.\Generated_Source\PSoC4/cyfitter_cfg.c **** CY_CFG_UNUSED
 107:.\Generated_Source\PSoC4/cyfitter_cfg.c **** static void CyClockStartupError(uint8 errorCode)
 108:.\Generated_Source\PSoC4/cyfitter_cfg.c **** {
 109:.\Generated_Source\PSoC4/cyfitter_cfg.c ****     /* To remove the compiler warning if errorCode not used.                */
 110:.\Generated_Source\PSoC4/cyfitter_cfg.c ****     errorCode = errorCode;
 111:.\Generated_Source\PSoC4/cyfitter_cfg.c **** 
 112:.\Generated_Source\PSoC4/cyfitter_cfg.c ****     /* `#START CyClockStartupError` */
 113:.\Generated_Source\PSoC4/cyfitter_cfg.c **** 
 114:.\Generated_Source\PSoC4/cyfitter_cfg.c ****     /* If we have a clock startup error (bad MHz crystal, PLL lock, etc.),  */
 115:.\Generated_Source\PSoC4/cyfitter_cfg.c ****     /* we will end up here to allow the customer to implement something to  */
 116:.\Generated_Source\PSoC4/cyfitter_cfg.c ****     /* deal with the clock condition.                                       */
 117:.\Generated_Source\PSoC4/cyfitter_cfg.c **** 
 118:.\Generated_Source\PSoC4/cyfitter_cfg.c ****     /* `#END` */
 119:.\Generated_Source\PSoC4/cyfitter_cfg.c **** 
 120:.\Generated_Source\PSoC4/cyfitter_cfg.c ****     /* If nothing else, stop here since the clocks have not started         */
 121:.\Generated_Source\PSoC4/cyfitter_cfg.c ****     /* correctly.                                                           */
 122:.\Generated_Source\PSoC4/cyfitter_cfg.c ****     while(1) {}
 123:.\Generated_Source\PSoC4/cyfitter_cfg.c **** }
 124:.\Generated_Source\PSoC4/cyfitter_cfg.c **** #endif
 125:.\Generated_Source\PSoC4/cyfitter_cfg.c **** 
 126:.\Generated_Source\PSoC4/cyfitter_cfg.c **** 
 127:.\Generated_Source\PSoC4/cyfitter_cfg.c **** 
 128:.\Generated_Source\PSoC4/cyfitter_cfg.c **** /*******************************************************************************
 129:.\Generated_Source\PSoC4/cyfitter_cfg.c **** * Function Name: ClockSetup
 130:.\Generated_Source\PSoC4/cyfitter_cfg.c **** ********************************************************************************
 131:.\Generated_Source\PSoC4/cyfitter_cfg.c **** *
 132:.\Generated_Source\PSoC4/cyfitter_cfg.c **** * Summary:
 133:.\Generated_Source\PSoC4/cyfitter_cfg.c **** *   Performs the initialization of all of the clocks in the device based on the
 134:.\Generated_Source\PSoC4/cyfitter_cfg.c **** *   settings in the Clock tab of the DWR.  This includes enabling the requested
 135:.\Generated_Source\PSoC4/cyfitter_cfg.c **** *   clocks and setting the necessary dividers to produce the desired frequency. 
 136:.\Generated_Source\PSoC4/cyfitter_cfg.c **** *
 137:.\Generated_Source\PSoC4/cyfitter_cfg.c **** * Parameters:
 138:.\Generated_Source\PSoC4/cyfitter_cfg.c **** *   void
 139:.\Generated_Source\PSoC4/cyfitter_cfg.c **** *
 140:.\Generated_Source\PSoC4/cyfitter_cfg.c **** * Return:
 141:.\Generated_Source\PSoC4/cyfitter_cfg.c **** *   void
 142:.\Generated_Source\PSoC4/cyfitter_cfg.c **** *
 143:.\Generated_Source\PSoC4/cyfitter_cfg.c **** *******************************************************************************/
 144:.\Generated_Source\PSoC4/cyfitter_cfg.c **** static void ClockSetup(void);
 145:.\Generated_Source\PSoC4/cyfitter_cfg.c **** CY_CFG_SECTION
 146:.\Generated_Source\PSoC4/cyfitter_cfg.c **** static void ClockSetup(void)
 147:.\Generated_Source\PSoC4/cyfitter_cfg.c **** {
 131              		.loc 1 147 0
 132              		.cfi_startproc
 133 0000 80B5     		push	{r7, lr}
 134              		.cfi_def_cfa_offset 8
 135              		.cfi_offset 7, -8
 136              		.cfi_offset 14, -4
 137 0002 00AF     		add	r7, sp, #0
 138              		.cfi_def_cfa_register 7
ARM GAS  C:\Users\ADMINI~1\AppData\Local\Temp\cc8014xp.s 			page 6


 148:.\Generated_Source\PSoC4/cyfitter_cfg.c **** 
 149:.\Generated_Source\PSoC4/cyfitter_cfg.c **** 	/* Set Flash Cycles based on max possible frequency in case a glitch occurs during ClockSetup(). *
 150:.\Generated_Source\PSoC4/cyfitter_cfg.c **** 	CY_SET_REG32((void CYXDATA *)(CYREG_CPUSS_FLASH_CTL), (0x0012u));
 139              		.loc 1 150 0
 140 0004 214B     		ldr	r3, .L5
 141 0006 1222     		mov	r2, #18
 142 0008 1A60     		str	r2, [r3]
 151:.\Generated_Source\PSoC4/cyfitter_cfg.c **** 
 152:.\Generated_Source\PSoC4/cyfitter_cfg.c **** 	/* Start the WCO */
 153:.\Generated_Source\PSoC4/cyfitter_cfg.c **** 	CySysClkWcoStart();
 143              		.loc 1 153 0
 144 000a FFF7FEFF 		bl	CySysClkWcoStart
 154:.\Generated_Source\PSoC4/cyfitter_cfg.c **** 	CyDelayCycles(12000000u); /* WCO may take up to 500ms to start */
 145              		.loc 1 154 0
 146 000e 204B     		ldr	r3, .L5+4
 147 0010 181C     		mov	r0, r3
 148 0012 FFF7FEFF 		bl	CyDelayCycles
 155:.\Generated_Source\PSoC4/cyfitter_cfg.c **** 	(void)CySysClkWcoSetPowerMode(CY_SYS_CLK_WCO_LPM);    /* Switch to the low power mode */
 149              		.loc 1 155 0
 150 0016 0120     		mov	r0, #1
 151 0018 FFF7FEFF 		bl	CySysClkWcoSetPowerMode
 156:.\Generated_Source\PSoC4/cyfitter_cfg.c **** 
 157:.\Generated_Source\PSoC4/cyfitter_cfg.c **** 	/* Setup and trim IMO based on desired frequency. */
 158:.\Generated_Source\PSoC4/cyfitter_cfg.c **** 	CySysClkWriteImoFreq(48u);
 152              		.loc 1 158 0
 153 001c 3020     		mov	r0, #48
 154 001e FFF7FEFF 		bl	CySysClkWriteImoFreq
 159:.\Generated_Source\PSoC4/cyfitter_cfg.c **** 	/* CYDEV_CLK_ILO_CONFIG Starting address: CYDEV_CLK_ILO_CONFIG */
 160:.\Generated_Source\PSoC4/cyfitter_cfg.c **** 	CY_SET_XTND_REG32((void CYFAR *)(CYREG_CLK_ILO_CONFIG), 0x80000006u);
 155              		.loc 1 160 0
 156 0022 1C4B     		ldr	r3, .L5+8
 157 0024 1C4A     		ldr	r2, .L5+12
 158 0026 1A60     		str	r2, [r3]
 161:.\Generated_Source\PSoC4/cyfitter_cfg.c **** 
 162:.\Generated_Source\PSoC4/cyfitter_cfg.c **** 	/* CYDEV_WDT_CONFIG Starting address: CYDEV_WDT_CONFIG */
 163:.\Generated_Source\PSoC4/cyfitter_cfg.c **** 	CY_SET_XTND_REG32((void CYFAR *)(CYREG_WDT_CONFIG), 0x40000000u);
 159              		.loc 1 163 0
 160 0028 1C4B     		ldr	r3, .L5+16
 161 002a 8022     		mov	r2, #128
 162 002c D205     		lsl	r2, r2, #23
 163 002e 1A60     		str	r2, [r3]
 164:.\Generated_Source\PSoC4/cyfitter_cfg.c **** 
 165:.\Generated_Source\PSoC4/cyfitter_cfg.c **** 
 166:.\Generated_Source\PSoC4/cyfitter_cfg.c **** 	/* Enable fast start mode for XO */
 167:.\Generated_Source\PSoC4/cyfitter_cfg.c **** 	CY_SET_REG32((void*)CYREG_BLE_BLERD_BB_XO, CY_GET_REG32((void*)CYREG_BLE_BLERD_BB_XO) | (uint32)0x
 164              		.loc 1 167 0
 165 0030 1B4B     		ldr	r3, .L5+20
 166 0032 1B4A     		ldr	r2, .L5+20
 167 0034 1268     		ldr	r2, [r2]
 168 0036 0221     		mov	r1, #2
 169 0038 0A43     		orr	r2, r1
 170 003a 1A60     		str	r2, [r3]
 168:.\Generated_Source\PSoC4/cyfitter_cfg.c **** 	CY_SET_XTND_REG32((void CYFAR *)(CYREG_BLE_BLERD_BB_XO_CAPTRIM), 0x00003E2Du);
 171              		.loc 1 168 0
 172 003c 194B     		ldr	r3, .L5+24
 173 003e 1A4A     		ldr	r2, .L5+28
 174 0040 1A60     		str	r2, [r3]
ARM GAS  C:\Users\ADMINI~1\AppData\Local\Temp\cc8014xp.s 			page 7


 169:.\Generated_Source\PSoC4/cyfitter_cfg.c **** 	/* Disable Crystal Stable Interrupt before enabling ECO */
 170:.\Generated_Source\PSoC4/cyfitter_cfg.c **** 	CY_SET_REG32((void*)CYREG_BLE_BLESS_LL_DSM_CTRL, CY_GET_REG32((void*)CYREG_BLE_BLESS_LL_DSM_CTRL) 
 175              		.loc 1 170 0
 176 0042 1A4B     		ldr	r3, .L5+32
 177 0044 194A     		ldr	r2, .L5+32
 178 0046 1268     		ldr	r2, [r2]
 179 0048 0821     		mov	r1, #8
 180 004a 8A43     		bic	r2, r1
 181 004c 1A60     		str	r2, [r3]
 171:.\Generated_Source\PSoC4/cyfitter_cfg.c **** 	/* Start the ECO and do not check status since it is not needed for HFCLK */
 172:.\Generated_Source\PSoC4/cyfitter_cfg.c **** 	(void)CySysClkEcoStart(2000u);
 182              		.loc 1 172 0
 183 004e FA23     		mov	r3, #250
 184 0050 DB00     		lsl	r3, r3, #3
 185 0052 181C     		mov	r0, r3
 186 0054 FFF7FEFF 		bl	CySysClkEcoStart
 173:.\Generated_Source\PSoC4/cyfitter_cfg.c **** 	CyDelayUs(1500u); /* Wait to stabalize */
 187              		.loc 1 173 0
 188 0058 154B     		ldr	r3, .L5+36
 189 005a 181C     		mov	r0, r3
 190 005c FFF7FEFF 		bl	CyDelayUs
 174:.\Generated_Source\PSoC4/cyfitter_cfg.c **** 
 175:.\Generated_Source\PSoC4/cyfitter_cfg.c **** 	/* Setup phase aligned clocks */
 176:.\Generated_Source\PSoC4/cyfitter_cfg.c **** 
 177:.\Generated_Source\PSoC4/cyfitter_cfg.c **** 	/* CYDEV_CLK_IMO_CONFIG Starting address: CYDEV_CLK_IMO_CONFIG */
 178:.\Generated_Source\PSoC4/cyfitter_cfg.c **** 	CY_SET_XTND_REG32((void CYFAR *)(CYREG_CLK_IMO_CONFIG), 0x80000000u);
 191              		.loc 1 178 0
 192 0060 144B     		ldr	r3, .L5+40
 193 0062 8022     		mov	r2, #128
 194 0064 1206     		lsl	r2, r2, #24
 195 0066 1A60     		str	r2, [r3]
 179:.\Generated_Source\PSoC4/cyfitter_cfg.c **** 
 180:.\Generated_Source\PSoC4/cyfitter_cfg.c **** 	/* CYDEV_CLK_SELECT Starting address: CYDEV_CLK_SELECT */
 181:.\Generated_Source\PSoC4/cyfitter_cfg.c **** 	CY_SET_XTND_REG32((void CYFAR *)(CYREG_CLK_SELECT), 0x00040000u);
 196              		.loc 1 181 0
 197 0068 134B     		ldr	r3, .L5+44
 198 006a 8022     		mov	r2, #128
 199 006c D202     		lsl	r2, r2, #11
 200 006e 1A60     		str	r2, [r3]
 182:.\Generated_Source\PSoC4/cyfitter_cfg.c **** 
 183:.\Generated_Source\PSoC4/cyfitter_cfg.c **** 	(void)CyIntSetVector(8u, &CySysWdtIsr);
 201              		.loc 1 183 0
 202 0070 124B     		ldr	r3, .L5+48
 203 0072 0820     		mov	r0, #8
 204 0074 191C     		mov	r1, r3
 205 0076 FFF7FEFF 		bl	CyIntSetVector
 184:.\Generated_Source\PSoC4/cyfitter_cfg.c **** 	CyIntEnable(8u);
 206              		.loc 1 184 0
 207 007a 0820     		mov	r0, #8
 208 007c FFF7FEFF 		bl	CyIntEnable
 185:.\Generated_Source\PSoC4/cyfitter_cfg.c **** 	CY_SET_XTND_REG32((void CYFAR *)(CYREG_WDT_CONFIG), 0x40000000u);
 209              		.loc 1 185 0
 210 0080 064B     		ldr	r3, .L5+16
 211 0082 8022     		mov	r2, #128
 212 0084 D205     		lsl	r2, r2, #23
 213 0086 1A60     		str	r2, [r3]
 186:.\Generated_Source\PSoC4/cyfitter_cfg.c **** }
ARM GAS  C:\Users\ADMINI~1\AppData\Local\Temp\cc8014xp.s 			page 8


 214              		.loc 1 186 0
 215 0088 BD46     		mov	sp, r7
 216              		@ sp needed
 217 008a 80BD     		pop	{r7, pc}
 218              	.L6:
 219              		.align	2
 220              	.L5:
 221 008c 30001040 		.word	1074790448
 222 0090 001BB700 		.word	12000000
 223 0094 04010B40 		.word	1074462980
 224 0098 06000080 		.word	-2147483642
 225 009c 0C020B40 		.word	1074463244
 226 00a0 78002E40 		.word	1076756600
 227 00a4 7C002E40 		.word	1076756604
 228 00a8 2D3E0000 		.word	15917
 229 00ac 6CF02E40 		.word	1076818028
 230 00b0 DC050000 		.word	1500
 231 00b4 08010B40 		.word	1074462984
 232 00b8 00010B40 		.word	1074462976
 233 00bc 00000000 		.word	CySysWdtIsr
 234              		.cfi_endproc
 235              	.LFE5:
 236              		.size	ClockSetup, .-ClockSetup
 237              		.section	.text.AnalogSetDefault,"ax",%progbits
 238              		.align	2
 239              		.code	16
 240              		.thumb_func
 241              		.type	AnalogSetDefault, %function
 242              	AnalogSetDefault:
 243              	.LFB6:
 187:.\Generated_Source\PSoC4/cyfitter_cfg.c **** 
 188:.\Generated_Source\PSoC4/cyfitter_cfg.c **** 
 189:.\Generated_Source\PSoC4/cyfitter_cfg.c **** /* Analog API Functions */
 190:.\Generated_Source\PSoC4/cyfitter_cfg.c **** 
 191:.\Generated_Source\PSoC4/cyfitter_cfg.c **** 
 192:.\Generated_Source\PSoC4/cyfitter_cfg.c **** /*******************************************************************************
 193:.\Generated_Source\PSoC4/cyfitter_cfg.c **** * Function Name: AnalogSetDefault
 194:.\Generated_Source\PSoC4/cyfitter_cfg.c **** ********************************************************************************
 195:.\Generated_Source\PSoC4/cyfitter_cfg.c **** *
 196:.\Generated_Source\PSoC4/cyfitter_cfg.c **** * Summary:
 197:.\Generated_Source\PSoC4/cyfitter_cfg.c **** *  Sets up the analog portions of the chip to default values based on chip
 198:.\Generated_Source\PSoC4/cyfitter_cfg.c **** *  configuration options from the project.
 199:.\Generated_Source\PSoC4/cyfitter_cfg.c **** *
 200:.\Generated_Source\PSoC4/cyfitter_cfg.c **** * Parameters:
 201:.\Generated_Source\PSoC4/cyfitter_cfg.c **** *  void
 202:.\Generated_Source\PSoC4/cyfitter_cfg.c **** *
 203:.\Generated_Source\PSoC4/cyfitter_cfg.c **** * Return:
 204:.\Generated_Source\PSoC4/cyfitter_cfg.c **** *  void
 205:.\Generated_Source\PSoC4/cyfitter_cfg.c **** *
 206:.\Generated_Source\PSoC4/cyfitter_cfg.c **** *******************************************************************************/
 207:.\Generated_Source\PSoC4/cyfitter_cfg.c **** static void AnalogSetDefault(void);
 208:.\Generated_Source\PSoC4/cyfitter_cfg.c **** static void AnalogSetDefault(void)
 209:.\Generated_Source\PSoC4/cyfitter_cfg.c **** {
 244              		.loc 1 209 0
 245              		.cfi_startproc
 246 0000 80B5     		push	{r7, lr}
 247              		.cfi_def_cfa_offset 8
ARM GAS  C:\Users\ADMINI~1\AppData\Local\Temp\cc8014xp.s 			page 9


 248              		.cfi_offset 7, -8
 249              		.cfi_offset 14, -4
 250 0002 00AF     		add	r7, sp, #0
 251              		.cfi_def_cfa_register 7
 210:.\Generated_Source\PSoC4/cyfitter_cfg.c **** 	CY_SET_XTND_REG32((void CYFAR *)CYREG_CTBM0_DFT_CTRL, 0x00000003u);
 252              		.loc 1 210 0
 253 0004 054B     		ldr	r3, .L8
 254 0006 0322     		mov	r2, #3
 255 0008 1A60     		str	r2, [r3]
 211:.\Generated_Source\PSoC4/cyfitter_cfg.c **** 	CY_SET_XTND_REG32((void CYFAR *)CYREG_CTBM1_DFT_CTRL, 0x00000003u);
 256              		.loc 1 211 0
 257 000a 054B     		ldr	r3, .L8+4
 258 000c 0322     		mov	r2, #3
 259 000e 1A60     		str	r2, [r3]
 212:.\Generated_Source\PSoC4/cyfitter_cfg.c **** 	CY_SET_XTND_REG32((void CYFAR *)CYREG_PASS_DSAB_DSAB_CTRL, 0x00000000u);
 260              		.loc 1 212 0
 261 0010 044B     		ldr	r3, .L8+8
 262 0012 0022     		mov	r2, #0
 263 0014 1A60     		str	r2, [r3]
 213:.\Generated_Source\PSoC4/cyfitter_cfg.c **** }
 264              		.loc 1 213 0
 265 0016 BD46     		mov	sp, r7
 266              		@ sp needed
 267 0018 80BD     		pop	{r7, pc}
 268              	.L9:
 269 001a C046     		.align	2
 270              	.L8:
 271 001c 30003040 		.word	1076887600
 272 0020 30003140 		.word	1076953136
 273 0024 000E3F40 		.word	1077874176
 274              		.cfi_endproc
 275              	.LFE6:
 276              		.size	AnalogSetDefault, .-AnalogSetDefault
 277              		.section	.psocinit
 278              		.align	2
 279              		.global	cyfitter_cfg
 280              		.code	16
 281              		.thumb_func
 282              		.type	cyfitter_cfg, %function
 283              	cyfitter_cfg:
 284              	.LFB7:
 214:.\Generated_Source\PSoC4/cyfitter_cfg.c **** 
 215:.\Generated_Source\PSoC4/cyfitter_cfg.c **** #define CY_AMUX_UNUSED CYREG_CM0_ROM_DWT
 216:.\Generated_Source\PSoC4/cyfitter_cfg.c **** 
 217:.\Generated_Source\PSoC4/cyfitter_cfg.c **** 
 218:.\Generated_Source\PSoC4/cyfitter_cfg.c **** /*******************************************************************************
 219:.\Generated_Source\PSoC4/cyfitter_cfg.c **** * Function Name: cyfitter_cfg
 220:.\Generated_Source\PSoC4/cyfitter_cfg.c **** ********************************************************************************
 221:.\Generated_Source\PSoC4/cyfitter_cfg.c **** * Summary:
 222:.\Generated_Source\PSoC4/cyfitter_cfg.c **** *  This function is called by the start-up code for the selected device. It
 223:.\Generated_Source\PSoC4/cyfitter_cfg.c **** *  performs all of the necessary device configuration based on the design
 224:.\Generated_Source\PSoC4/cyfitter_cfg.c **** *  settings.  This includes settings from the Design Wide Resources (DWR) such
 225:.\Generated_Source\PSoC4/cyfitter_cfg.c **** *  as Clocks and Pins as well as any component configuration that is necessary.
 226:.\Generated_Source\PSoC4/cyfitter_cfg.c **** *
 227:.\Generated_Source\PSoC4/cyfitter_cfg.c **** * Parameters:  
 228:.\Generated_Source\PSoC4/cyfitter_cfg.c **** *   void
 229:.\Generated_Source\PSoC4/cyfitter_cfg.c **** *
ARM GAS  C:\Users\ADMINI~1\AppData\Local\Temp\cc8014xp.s 			page 10


 230:.\Generated_Source\PSoC4/cyfitter_cfg.c **** * Return:
 231:.\Generated_Source\PSoC4/cyfitter_cfg.c **** *   void
 232:.\Generated_Source\PSoC4/cyfitter_cfg.c **** *
 233:.\Generated_Source\PSoC4/cyfitter_cfg.c **** *******************************************************************************/
 234:.\Generated_Source\PSoC4/cyfitter_cfg.c **** CY_CFG_SECTION
 235:.\Generated_Source\PSoC4/cyfitter_cfg.c **** void cyfitter_cfg(void)
 236:.\Generated_Source\PSoC4/cyfitter_cfg.c **** {
 285              		.loc 1 236 0
 286              		.cfi_startproc
 287 00c0 80B5     		push	{r7, lr}
 288              		.cfi_def_cfa_offset 8
 289              		.cfi_offset 7, -8
 290              		.cfi_offset 14, -4
 291 00c2 82B0     		sub	sp, sp, #8
 292              		.cfi_def_cfa_offset 16
 293 00c4 00AF     		add	r7, sp, #0
 294              		.cfi_def_cfa_register 7
 237:.\Generated_Source\PSoC4/cyfitter_cfg.c **** 	/* Disable interrupts by default. Let user enable if/when they want. */
 238:.\Generated_Source\PSoC4/cyfitter_cfg.c **** 	CyGlobalIntDisable;
 295              		.loc 1 238 0
 296              	@ 238 ".\Generated_Source\PSoC4\cyfitter_cfg.c" 1
 297 00c6 72B6     		CPSID   i
 298              	@ 0 "" 2
 239:.\Generated_Source\PSoC4/cyfitter_cfg.c **** 
 240:.\Generated_Source\PSoC4/cyfitter_cfg.c **** 	CY_SET_XTND_REG32((void CYFAR *)(CYREG_BLE_BLESS_LL_DSM_CTRL), 0x00000000u);
 299              		.loc 1 240 0
 300              		.code	16
 301 00c8 2E4B     		ldr	r3, .L13
 302 00ca 0022     		mov	r2, #0
 303 00cc 1A60     		str	r2, [r3]
 304              	.LBB2:
 241:.\Generated_Source\PSoC4/cyfitter_cfg.c **** 
 242:.\Generated_Source\PSoC4/cyfitter_cfg.c **** 	{
 243:.\Generated_Source\PSoC4/cyfitter_cfg.c **** 
 244:.\Generated_Source\PSoC4/cyfitter_cfg.c **** 		CYPACKED typedef struct {
 245:.\Generated_Source\PSoC4/cyfitter_cfg.c **** 			void CYFAR *address;
 246:.\Generated_Source\PSoC4/cyfitter_cfg.c **** 			uint16 size;
 247:.\Generated_Source\PSoC4/cyfitter_cfg.c **** 		} CYPACKED_ATTR cfg_memset_t;
 248:.\Generated_Source\PSoC4/cyfitter_cfg.c **** 
 249:.\Generated_Source\PSoC4/cyfitter_cfg.c **** 		static const cfg_memset_t CYCODE cfg_memset_list [] = {
 250:.\Generated_Source\PSoC4/cyfitter_cfg.c **** 			/* address, size */
 251:.\Generated_Source\PSoC4/cyfitter_cfg.c **** 			{(void CYFAR *)(CYDEV_UDB_P0_U0_BASE), 1024u},
 252:.\Generated_Source\PSoC4/cyfitter_cfg.c **** 			{(void CYFAR *)(CYDEV_UDB_DSI0_BASE), 1024u},
 253:.\Generated_Source\PSoC4/cyfitter_cfg.c **** 		};
 254:.\Generated_Source\PSoC4/cyfitter_cfg.c **** 
 255:.\Generated_Source\PSoC4/cyfitter_cfg.c **** 		uint8 CYDATA i;
 256:.\Generated_Source\PSoC4/cyfitter_cfg.c **** 
 257:.\Generated_Source\PSoC4/cyfitter_cfg.c **** 		/* Zero out critical memory blocks before beginning configuration */
 258:.\Generated_Source\PSoC4/cyfitter_cfg.c **** 		for (i = 0u; i < (sizeof(cfg_memset_list)/sizeof(cfg_memset_list[0])); i++)
 305              		.loc 1 258 0
 306 00ce FB1D     		add	r3, r7, #7
 307 00d0 0022     		mov	r2, #0
 308 00d2 1A70     		strb	r2, [r3]
 309 00d4 23E0     		b	.L11
 310              	.L12:
 311              	.LBB3:
 259:.\Generated_Source\PSoC4/cyfitter_cfg.c **** 		{
ARM GAS  C:\Users\ADMINI~1\AppData\Local\Temp\cc8014xp.s 			page 11


 260:.\Generated_Source\PSoC4/cyfitter_cfg.c **** 			const cfg_memset_t CYCODE * CYDATA ms = &cfg_memset_list[i];
 312              		.loc 1 260 0 discriminator 3
 313 00d6 FB1D     		add	r3, r7, #7
 314 00d8 1A78     		ldrb	r2, [r3]
 315 00da 131C     		mov	r3, r2
 316 00dc 5B00     		lsl	r3, r3, #1
 317 00de 9B18     		add	r3, r3, r2
 318 00e0 5B00     		lsl	r3, r3, #1
 319 00e2 294A     		ldr	r2, .L13+4
 320 00e4 9B18     		add	r3, r3, r2
 321 00e6 3B60     		str	r3, [r7]
 261:.\Generated_Source\PSoC4/cyfitter_cfg.c **** 			CYMEMZERO(ms->address, (size_t)(uint32)(ms->size));
 322              		.loc 1 261 0 discriminator 3
 323 00e8 3B68     		ldr	r3, [r7]
 324 00ea 1A78     		ldrb	r2, [r3]
 325 00ec 5978     		ldrb	r1, [r3, #1]
 326 00ee 0902     		lsl	r1, r1, #8
 327 00f0 0A43     		orr	r2, r1
 328 00f2 9978     		ldrb	r1, [r3, #2]
 329 00f4 0904     		lsl	r1, r1, #16
 330 00f6 0A43     		orr	r2, r1
 331 00f8 DB78     		ldrb	r3, [r3, #3]
 332 00fa 1B06     		lsl	r3, r3, #24
 333 00fc 1343     		orr	r3, r2
 334 00fe 191C     		mov	r1, r3
 335 0100 3B68     		ldr	r3, [r7]
 336 0102 1A79     		ldrb	r2, [r3, #4]
 337 0104 5B79     		ldrb	r3, [r3, #5]
 338 0106 1B02     		lsl	r3, r3, #8
 339 0108 1343     		orr	r3, r2
 340 010a 9BB2     		uxth	r3, r3
 341 010c 081C     		mov	r0, r1
 342 010e 191C     		mov	r1, r3
 343 0110 FFF7FEFF 		bl	CYMEMZERO
 344              	.LBE3:
 258:.\Generated_Source\PSoC4/cyfitter_cfg.c **** 		{
 345              		.loc 1 258 0 discriminator 3
 346 0114 FB1D     		add	r3, r7, #7
 347 0116 1A78     		ldrb	r2, [r3]
 348 0118 FB1D     		add	r3, r7, #7
 349 011a 0132     		add	r2, r2, #1
 350 011c 1A70     		strb	r2, [r3]
 351              	.L11:
 258:.\Generated_Source\PSoC4/cyfitter_cfg.c **** 		{
 352              		.loc 1 258 0 is_stmt 0 discriminator 1
 353 011e FB1D     		add	r3, r7, #7
 354 0120 1B78     		ldrb	r3, [r3]
 355 0122 012B     		cmp	r3, #1
 356 0124 D7D9     		bls	.L12
 262:.\Generated_Source\PSoC4/cyfitter_cfg.c **** 		}
 263:.\Generated_Source\PSoC4/cyfitter_cfg.c **** 
 264:.\Generated_Source\PSoC4/cyfitter_cfg.c **** 		/* HSIOM Starting address: CYDEV_HSIOM_BASE */
 265:.\Generated_Source\PSoC4/cyfitter_cfg.c **** 		CY_SET_XTND_REG32((void CYFAR *)(CYDEV_HSIOM_BASE), 0xEE000000u);
 357              		.loc 1 265 0 is_stmt 1
 358 0126 194B     		ldr	r3, .L13+8
 359 0128 EE22     		mov	r2, #238
 360 012a 1206     		lsl	r2, r2, #24
ARM GAS  C:\Users\ADMINI~1\AppData\Local\Temp\cc8014xp.s 			page 12


 361 012c 1A60     		str	r2, [r3]
 266:.\Generated_Source\PSoC4/cyfitter_cfg.c **** 
 267:.\Generated_Source\PSoC4/cyfitter_cfg.c **** 		/* UDB_PA_0 Starting address: CYDEV_UDB_PA0_BASE */
 268:.\Generated_Source\PSoC4/cyfitter_cfg.c **** 		CY_SET_XTND_REG32((void CYFAR *)(CYDEV_UDB_PA0_BASE), 0x00990000u);
 362              		.loc 1 268 0
 363 012e 184B     		ldr	r3, .L13+12
 364 0130 9922     		mov	r2, #153
 365 0132 1204     		lsl	r2, r2, #16
 366 0134 1A60     		str	r2, [r3]
 269:.\Generated_Source\PSoC4/cyfitter_cfg.c **** 
 270:.\Generated_Source\PSoC4/cyfitter_cfg.c **** 		/* Enable digital routing */
 271:.\Generated_Source\PSoC4/cyfitter_cfg.c **** 		CY_SET_XTND_REG8((void *)CYREG_UDB_UDBIF_BANK_CTL, CY_GET_XTND_REG8((void *)CYREG_UDB_UDBIF_BANK_
 367              		.loc 1 271 0
 368 0136 174A     		ldr	r2, .L13+16
 369 0138 164B     		ldr	r3, .L13+16
 370 013a 1B78     		ldrb	r3, [r3]
 371 013c DBB2     		uxtb	r3, r3
 372 013e 0221     		mov	r1, #2
 373 0140 0B43     		orr	r3, r1
 374 0142 DBB2     		uxtb	r3, r3
 375 0144 1370     		strb	r3, [r2]
 272:.\Generated_Source\PSoC4/cyfitter_cfg.c **** 
 273:.\Generated_Source\PSoC4/cyfitter_cfg.c **** 		/* Enable UDB array */
 274:.\Generated_Source\PSoC4/cyfitter_cfg.c **** 		CY_SET_XTND_REG8((void *)CYREG_UDB_UDBIF_WAIT_CFG, (uint8)((CY_GET_XTND_REG8((void *)CYREG_UDB_UD
 376              		.loc 1 274 0
 377 0146 144A     		ldr	r2, .L13+20
 378 0148 134B     		ldr	r3, .L13+20
 379 014a 1B78     		ldrb	r3, [r3]
 380 014c DBB2     		uxtb	r3, r3
 381 014e 3C21     		mov	r1, #60
 382 0150 8B43     		bic	r3, r1
 383 0152 DBB2     		uxtb	r3, r3
 384 0154 1421     		mov	r1, #20
 385 0156 0B43     		orr	r3, r1
 386 0158 DBB2     		uxtb	r3, r3
 387 015a 1370     		strb	r3, [r2]
 275:.\Generated_Source\PSoC4/cyfitter_cfg.c **** 		CY_SET_XTND_REG8((void *)CYREG_UDB_UDBIF_BANK_CTL, (uint8)(CY_GET_XTND_REG8((void *)CYREG_UDB_UDB
 388              		.loc 1 275 0
 389 015c 0D4A     		ldr	r2, .L13+16
 390 015e 0D4B     		ldr	r3, .L13+16
 391 0160 1B78     		ldrb	r3, [r3]
 392 0162 DBB2     		uxtb	r3, r3
 393 0164 1621     		mov	r1, #22
 394 0166 0B43     		orr	r3, r1
 395 0168 DBB2     		uxtb	r3, r3
 396 016a 1370     		strb	r3, [r2]
 397              	.LBE2:
 276:.\Generated_Source\PSoC4/cyfitter_cfg.c **** 	}
 277:.\Generated_Source\PSoC4/cyfitter_cfg.c **** 
 278:.\Generated_Source\PSoC4/cyfitter_cfg.c **** 	/* Perform second pass device configuration. These items must be configured in specific order afte
 279:.\Generated_Source\PSoC4/cyfitter_cfg.c **** 	/* IOPINS0_0 Starting address: CYDEV_GPIO_PRT0_BASE */
 280:.\Generated_Source\PSoC4/cyfitter_cfg.c **** 	CY_SET_XTND_REG32((void CYFAR *)(CYREG_GPIO_PRT0_PC), 0x00D80000u);
 398              		.loc 1 280 0
 399 016c 0B4B     		ldr	r3, .L13+24
 400 016e D822     		mov	r2, #216
 401 0170 1204     		lsl	r2, r2, #16
 402 0172 1A60     		str	r2, [r3]
ARM GAS  C:\Users\ADMINI~1\AppData\Local\Temp\cc8014xp.s 			page 13


 281:.\Generated_Source\PSoC4/cyfitter_cfg.c **** 
 282:.\Generated_Source\PSoC4/cyfitter_cfg.c **** 
 283:.\Generated_Source\PSoC4/cyfitter_cfg.c **** 	/* Setup clocks based on selections from Clock DWR */
 284:.\Generated_Source\PSoC4/cyfitter_cfg.c **** 	ClockSetup();
 403              		.loc 1 284 0
 404 0174 FFF744FF 		bl	ClockSetup
 285:.\Generated_Source\PSoC4/cyfitter_cfg.c **** 
 286:.\Generated_Source\PSoC4/cyfitter_cfg.c **** 	/* Perform basic analog initialization to defaults */
 287:.\Generated_Source\PSoC4/cyfitter_cfg.c **** 	AnalogSetDefault();
 405              		.loc 1 287 0
 406 0178 FFF7FEFF 		bl	AnalogSetDefault
 288:.\Generated_Source\PSoC4/cyfitter_cfg.c **** 
 289:.\Generated_Source\PSoC4/cyfitter_cfg.c **** }
 407              		.loc 1 289 0
 408 017c BD46     		mov	sp, r7
 409 017e 02B0     		add	sp, sp, #8
 410              		@ sp needed
 411 0180 80BD     		pop	{r7, pc}
 412              	.L14:
 413 0182 C046     		.align	2
 414              	.L13:
 415 0184 6CF02E40 		.word	1076818028
 416 0188 00000000 		.word	cfg_memset_list.4742
 417 018c 00000240 		.word	1073872896
 418 0190 00500F40 		.word	1074745344
 419 0194 00700F40 		.word	1074753536
 420 0198 01700F40 		.word	1074753537
 421 019c 08000440 		.word	1074003976
 422              		.cfi_endproc
 423              	.LFE7:
 424              		.size	cyfitter_cfg, .-cyfitter_cfg
 425              		.section	.rodata
 426              		.align	2
 427              		.type	cfg_memset_list.4742, %object
 428              		.size	cfg_memset_list.4742, 12
 429              	cfg_memset_list.4742:
 430 0000 00300F40 		.word	1074737152
 431 0004 0004     		.short	1024
 432 0006 00400F40 		.4byte	1074741248
 433 000a 0004     		.short	1024
 434              		.text
 435              	.Letext0:
 436              		.file 2 "e:\\software application\\psoc creator\\3.3\\psoc creator\\import\\gnu\\arm\\4.9.3\\lib\\
 437              		.file 3 ".\\Generated_Source\\PSoC4\\cytypes.h"
 438              		.section	.debug_info,"",%progbits
 439              	.Ldebug_info0:
 440 0000 47020000 		.4byte	0x247
 441 0004 0400     		.2byte	0x4
 442 0006 00000000 		.4byte	.Ldebug_abbrev0
 443 000a 04       		.byte	0x4
 444 000b 01       		.uleb128 0x1
 445 000c A5000000 		.4byte	.LASF29
 446 0010 01       		.byte	0x1
 447 0011 7A010000 		.4byte	.LASF30
 448 0015 C8010000 		.4byte	.LASF31
 449 0019 00000000 		.4byte	.Ldebug_ranges0+0
 450 001d 00000000 		.4byte	0
ARM GAS  C:\Users\ADMINI~1\AppData\Local\Temp\cc8014xp.s 			page 14


 451 0021 00000000 		.4byte	.Ldebug_line0
 452 0025 02       		.uleb128 0x2
 453 0026 04       		.byte	0x4
 454 0027 05       		.byte	0x5
 455 0028 696E7400 		.ascii	"int\000"
 456 002c 03       		.uleb128 0x3
 457 002d 06000000 		.4byte	.LASF11
 458 0031 02       		.byte	0x2
 459 0032 D4       		.byte	0xd4
 460 0033 37000000 		.4byte	0x37
 461 0037 04       		.uleb128 0x4
 462 0038 04       		.byte	0x4
 463 0039 07       		.byte	0x7
 464 003a 41010000 		.4byte	.LASF0
 465 003e 04       		.uleb128 0x4
 466 003f 01       		.byte	0x1
 467 0040 06       		.byte	0x6
 468 0041 2B020000 		.4byte	.LASF1
 469 0045 04       		.uleb128 0x4
 470 0046 01       		.byte	0x1
 471 0047 08       		.byte	0x8
 472 0048 83000000 		.4byte	.LASF2
 473 004c 04       		.uleb128 0x4
 474 004d 02       		.byte	0x2
 475 004e 05       		.byte	0x5
 476 004f BE010000 		.4byte	.LASF3
 477 0053 04       		.uleb128 0x4
 478 0054 02       		.byte	0x2
 479 0055 07       		.byte	0x7
 480 0056 39000000 		.4byte	.LASF4
 481 005a 04       		.uleb128 0x4
 482 005b 04       		.byte	0x4
 483 005c 05       		.byte	0x5
 484 005d 22020000 		.4byte	.LASF5
 485 0061 04       		.uleb128 0x4
 486 0062 04       		.byte	0x4
 487 0063 07       		.byte	0x7
 488 0064 61000000 		.4byte	.LASF6
 489 0068 04       		.uleb128 0x4
 490 0069 08       		.byte	0x8
 491 006a 05       		.byte	0x5
 492 006b AB010000 		.4byte	.LASF7
 493 006f 04       		.uleb128 0x4
 494 0070 08       		.byte	0x8
 495 0071 07       		.byte	0x7
 496 0072 56010000 		.4byte	.LASF8
 497 0076 04       		.uleb128 0x4
 498 0077 04       		.byte	0x4
 499 0078 07       		.byte	0x7
 500 0079 A2010000 		.4byte	.LASF9
 501 007d 05       		.uleb128 0x5
 502 007e 04       		.byte	0x4
 503 007f 04       		.uleb128 0x4
 504 0080 01       		.byte	0x1
 505 0081 08       		.byte	0x8
 506 0082 B9010000 		.4byte	.LASF10
 507 0086 06       		.uleb128 0x6
ARM GAS  C:\Users\ADMINI~1\AppData\Local\Temp\cc8014xp.s 			page 15


 508 0087 73000000 		.4byte	.LASF12
 509 008b 03       		.byte	0x3
 510 008c 3801     		.2byte	0x138
 511 008e 45000000 		.4byte	0x45
 512 0092 06       		.uleb128 0x6
 513 0093 33010000 		.4byte	.LASF13
 514 0097 03       		.byte	0x3
 515 0098 3901     		.2byte	0x139
 516 009a 53000000 		.4byte	0x53
 517 009e 06       		.uleb128 0x6
 518 009f 3A010000 		.4byte	.LASF14
 519 00a3 03       		.byte	0x3
 520 00a4 3A01     		.2byte	0x13a
 521 00a6 61000000 		.4byte	0x61
 522 00aa 04       		.uleb128 0x4
 523 00ab 04       		.byte	0x4
 524 00ac 04       		.byte	0x4
 525 00ad 4C000000 		.4byte	.LASF15
 526 00b1 04       		.uleb128 0x4
 527 00b2 08       		.byte	0x8
 528 00b3 04       		.byte	0x4
 529 00b4 91000000 		.4byte	.LASF16
 530 00b8 06       		.uleb128 0x6
 531 00b9 5C000000 		.4byte	.LASF17
 532 00bd 03       		.byte	0x3
 533 00be E201     		.2byte	0x1e2
 534 00c0 C4000000 		.4byte	0xc4
 535 00c4 07       		.uleb128 0x7
 536 00c5 86000000 		.4byte	0x86
 537 00c9 06       		.uleb128 0x6
 538 00ca 00000000 		.4byte	.LASF18
 539 00ce 03       		.byte	0x3
 540 00cf E401     		.2byte	0x1e4
 541 00d1 D5000000 		.4byte	0xd5
 542 00d5 07       		.uleb128 0x7
 543 00d6 9E000000 		.4byte	0x9e
 544 00da 08       		.uleb128 0x8
 545 00db 79000000 		.4byte	.LASF19
 546 00df 01       		.byte	0x1
 547 00e0 3D       		.byte	0x3d
 548 00e1 00000000 		.4byte	.LFB2
 549 00e5 1E000000 		.4byte	.LFE2-.LFB2
 550 00e9 01       		.uleb128 0x1
 551 00ea 9C       		.byte	0x9c
 552 00eb 08010000 		.4byte	0x108
 553 00ef 09       		.uleb128 0x9
 554 00f0 7300     		.ascii	"s\000"
 555 00f2 01       		.byte	0x1
 556 00f3 3D       		.byte	0x3d
 557 00f4 7D000000 		.4byte	0x7d
 558 00f8 02       		.uleb128 0x2
 559 00f9 91       		.byte	0x91
 560 00fa 74       		.sleb128 -12
 561 00fb 09       		.uleb128 0x9
 562 00fc 6E00     		.ascii	"n\000"
 563 00fe 01       		.byte	0x1
 564 00ff 3D       		.byte	0x3d
ARM GAS  C:\Users\ADMINI~1\AppData\Local\Temp\cc8014xp.s 			page 16


 565 0100 2C000000 		.4byte	0x2c
 566 0104 02       		.uleb128 0x2
 567 0105 91       		.byte	0x91
 568 0106 70       		.sleb128 -16
 569 0107 00       		.byte	0
 570 0108 08       		.uleb128 0x8
 571 0109 47020000 		.4byte	.LASF20
 572 010d 01       		.byte	0x1
 573 010e 44       		.byte	0x44
 574 010f 00000000 		.4byte	.LFB3
 575 0113 22000000 		.4byte	.LFE3-.LFB3
 576 0117 01       		.uleb128 0x1
 577 0118 9C       		.byte	0x9c
 578 0119 46010000 		.4byte	0x146
 579 011d 0A       		.uleb128 0xa
 580 011e 52000000 		.4byte	.LASF21
 581 0122 01       		.byte	0x1
 582 0123 44       		.byte	0x44
 583 0124 7D000000 		.4byte	0x7d
 584 0128 02       		.uleb128 0x2
 585 0129 91       		.byte	0x91
 586 012a 74       		.sleb128 -12
 587 012b 09       		.uleb128 0x9
 588 012c 73726300 		.ascii	"src\000"
 589 0130 01       		.byte	0x1
 590 0131 44       		.byte	0x44
 591 0132 46010000 		.4byte	0x146
 592 0136 02       		.uleb128 0x2
 593 0137 91       		.byte	0x91
 594 0138 70       		.sleb128 -16
 595 0139 09       		.uleb128 0x9
 596 013a 6E00     		.ascii	"n\000"
 597 013c 01       		.byte	0x1
 598 013d 44       		.byte	0x44
 599 013e 2C000000 		.4byte	0x2c
 600 0142 02       		.uleb128 0x2
 601 0143 91       		.byte	0x91
 602 0144 6C       		.sleb128 -20
 603 0145 00       		.byte	0
 604 0146 0B       		.uleb128 0xb
 605 0147 04       		.byte	0x4
 606 0148 4C010000 		.4byte	0x14c
 607 014c 0C       		.uleb128 0xc
 608 014d 08       		.uleb128 0x8
 609 014e 37020000 		.4byte	.LASF22
 610 0152 01       		.byte	0x1
 611 0153 4B       		.byte	0x4b
 612 0154 00000000 		.4byte	.LFB4
 613 0158 22000000 		.4byte	.LFE4-.LFB4
 614 015c 01       		.uleb128 0x1
 615 015d 9C       		.byte	0x9c
 616 015e 8B010000 		.4byte	0x18b
 617 0162 0A       		.uleb128 0xa
 618 0163 52000000 		.4byte	.LASF21
 619 0167 01       		.byte	0x1
 620 0168 4B       		.byte	0x4b
 621 0169 7D000000 		.4byte	0x7d
ARM GAS  C:\Users\ADMINI~1\AppData\Local\Temp\cc8014xp.s 			page 17


 622 016d 02       		.uleb128 0x2
 623 016e 91       		.byte	0x91
 624 016f 74       		.sleb128 -12
 625 0170 09       		.uleb128 0x9
 626 0171 73726300 		.ascii	"src\000"
 627 0175 01       		.byte	0x1
 628 0176 4B       		.byte	0x4b
 629 0177 46010000 		.4byte	0x146
 630 017b 02       		.uleb128 0x2
 631 017c 91       		.byte	0x91
 632 017d 70       		.sleb128 -16
 633 017e 09       		.uleb128 0x9
 634 017f 6E00     		.ascii	"n\000"
 635 0181 01       		.byte	0x1
 636 0182 4B       		.byte	0x4b
 637 0183 2C000000 		.4byte	0x2c
 638 0187 02       		.uleb128 0x2
 639 0188 91       		.byte	0x91
 640 0189 6C       		.sleb128 -20
 641 018a 00       		.byte	0
 642 018b 0D       		.uleb128 0xd
 643 018c 2E000000 		.4byte	.LASF23
 644 0190 01       		.byte	0x1
 645 0191 92       		.byte	0x92
 646 0192 00000000 		.4byte	.LFB5
 647 0196 C0000000 		.4byte	.LFE5-.LFB5
 648 019a 01       		.uleb128 0x1
 649 019b 9C       		.byte	0x9c
 650 019c 0E       		.uleb128 0xe
 651 019d 0D000000 		.4byte	.LASF24
 652 01a1 01       		.byte	0x1
 653 01a2 D0       		.byte	0xd0
 654 01a3 00000000 		.4byte	.LFB6
 655 01a7 28000000 		.4byte	.LFE6-.LFB6
 656 01ab 01       		.uleb128 0x1
 657 01ac 9C       		.byte	0x9c
 658 01ad 0F       		.uleb128 0xf
 659 01ae 98000000 		.4byte	.LASF32
 660 01b2 01       		.byte	0x1
 661 01b3 EB       		.byte	0xeb
 662 01b4 C0000000 		.4byte	.LFB7
 663 01b8 E0000000 		.4byte	.LFE7-.LFB7
 664 01bc 01       		.uleb128 0x1
 665 01bd 9C       		.byte	0x9c
 666 01be 10       		.uleb128 0x10
 667 01bf CE000000 		.4byte	.LBB2
 668 01c3 9E000000 		.4byte	.LBE2-.LBB2
 669 01c7 11       		.uleb128 0x11
 670 01c8 06       		.byte	0x6
 671 01c9 01       		.byte	0x1
 672 01ca F4       		.byte	0xf4
 673 01cb E8010000 		.4byte	0x1e8
 674 01cf 12       		.uleb128 0x12
 675 01d0 4E010000 		.4byte	.LASF25
 676 01d4 01       		.byte	0x1
 677 01d5 F5       		.byte	0xf5
 678 01d6 7D000000 		.4byte	0x7d
ARM GAS  C:\Users\ADMINI~1\AppData\Local\Temp\cc8014xp.s 			page 18


 679 01da 00       		.byte	0
 680 01db 12       		.uleb128 0x12
 681 01dc 57000000 		.4byte	.LASF26
 682 01e0 01       		.byte	0x1
 683 01e1 F6       		.byte	0xf6
 684 01e2 92000000 		.4byte	0x92
 685 01e6 04       		.byte	0x4
 686 01e7 00       		.byte	0
 687 01e8 03       		.uleb128 0x3
 688 01e9 6D010000 		.4byte	.LASF27
 689 01ed 01       		.byte	0x1
 690 01ee F7       		.byte	0xf7
 691 01ef C7010000 		.4byte	0x1c7
 692 01f3 13       		.uleb128 0x13
 693 01f4 E8010000 		.4byte	0x1e8
 694 01f8 03020000 		.4byte	0x203
 695 01fc 14       		.uleb128 0x14
 696 01fd 76000000 		.4byte	0x76
 697 0201 01       		.byte	0x1
 698 0202 00       		.byte	0
 699 0203 15       		.uleb128 0x15
 700 0204 1E000000 		.4byte	.LASF28
 701 0208 01       		.byte	0x1
 702 0209 F9       		.byte	0xf9
 703 020a 14020000 		.4byte	0x214
 704 020e 05       		.uleb128 0x5
 705 020f 03       		.byte	0x3
 706 0210 00000000 		.4byte	cfg_memset_list.4742
 707 0214 16       		.uleb128 0x16
 708 0215 F3010000 		.4byte	0x1f3
 709 0219 17       		.uleb128 0x17
 710 021a 6900     		.ascii	"i\000"
 711 021c 01       		.byte	0x1
 712 021d FF       		.byte	0xff
 713 021e 86000000 		.4byte	0x86
 714 0222 02       		.uleb128 0x2
 715 0223 91       		.byte	0x91
 716 0224 77       		.sleb128 -9
 717 0225 10       		.uleb128 0x10
 718 0226 D6000000 		.4byte	.LBB3
 719 022a 3E000000 		.4byte	.LBE3-.LBB3
 720 022e 18       		.uleb128 0x18
 721 022f 6D7300   		.ascii	"ms\000"
 722 0232 01       		.byte	0x1
 723 0233 0401     		.2byte	0x104
 724 0235 3C020000 		.4byte	0x23c
 725 0239 02       		.uleb128 0x2
 726 023a 91       		.byte	0x91
 727 023b 70       		.sleb128 -16
 728 023c 0B       		.uleb128 0xb
 729 023d 04       		.byte	0x4
 730 023e 42020000 		.4byte	0x242
 731 0242 16       		.uleb128 0x16
 732 0243 E8010000 		.4byte	0x1e8
 733 0247 00       		.byte	0
 734 0248 00       		.byte	0
 735 0249 00       		.byte	0
ARM GAS  C:\Users\ADMINI~1\AppData\Local\Temp\cc8014xp.s 			page 19


 736 024a 00       		.byte	0
 737              		.section	.debug_abbrev,"",%progbits
 738              	.Ldebug_abbrev0:
 739 0000 01       		.uleb128 0x1
 740 0001 11       		.uleb128 0x11
 741 0002 01       		.byte	0x1
 742 0003 25       		.uleb128 0x25
 743 0004 0E       		.uleb128 0xe
 744 0005 13       		.uleb128 0x13
 745 0006 0B       		.uleb128 0xb
 746 0007 03       		.uleb128 0x3
 747 0008 0E       		.uleb128 0xe
 748 0009 1B       		.uleb128 0x1b
 749 000a 0E       		.uleb128 0xe
 750 000b 55       		.uleb128 0x55
 751 000c 17       		.uleb128 0x17
 752 000d 11       		.uleb128 0x11
 753 000e 01       		.uleb128 0x1
 754 000f 10       		.uleb128 0x10
 755 0010 17       		.uleb128 0x17
 756 0011 00       		.byte	0
 757 0012 00       		.byte	0
 758 0013 02       		.uleb128 0x2
 759 0014 24       		.uleb128 0x24
 760 0015 00       		.byte	0
 761 0016 0B       		.uleb128 0xb
 762 0017 0B       		.uleb128 0xb
 763 0018 3E       		.uleb128 0x3e
 764 0019 0B       		.uleb128 0xb
 765 001a 03       		.uleb128 0x3
 766 001b 08       		.uleb128 0x8
 767 001c 00       		.byte	0
 768 001d 00       		.byte	0
 769 001e 03       		.uleb128 0x3
 770 001f 16       		.uleb128 0x16
 771 0020 00       		.byte	0
 772 0021 03       		.uleb128 0x3
 773 0022 0E       		.uleb128 0xe
 774 0023 3A       		.uleb128 0x3a
 775 0024 0B       		.uleb128 0xb
 776 0025 3B       		.uleb128 0x3b
 777 0026 0B       		.uleb128 0xb
 778 0027 49       		.uleb128 0x49
 779 0028 13       		.uleb128 0x13
 780 0029 00       		.byte	0
 781 002a 00       		.byte	0
 782 002b 04       		.uleb128 0x4
 783 002c 24       		.uleb128 0x24
 784 002d 00       		.byte	0
 785 002e 0B       		.uleb128 0xb
 786 002f 0B       		.uleb128 0xb
 787 0030 3E       		.uleb128 0x3e
 788 0031 0B       		.uleb128 0xb
 789 0032 03       		.uleb128 0x3
 790 0033 0E       		.uleb128 0xe
 791 0034 00       		.byte	0
 792 0035 00       		.byte	0
ARM GAS  C:\Users\ADMINI~1\AppData\Local\Temp\cc8014xp.s 			page 20


 793 0036 05       		.uleb128 0x5
 794 0037 0F       		.uleb128 0xf
 795 0038 00       		.byte	0
 796 0039 0B       		.uleb128 0xb
 797 003a 0B       		.uleb128 0xb
 798 003b 00       		.byte	0
 799 003c 00       		.byte	0
 800 003d 06       		.uleb128 0x6
 801 003e 16       		.uleb128 0x16
 802 003f 00       		.byte	0
 803 0040 03       		.uleb128 0x3
 804 0041 0E       		.uleb128 0xe
 805 0042 3A       		.uleb128 0x3a
 806 0043 0B       		.uleb128 0xb
 807 0044 3B       		.uleb128 0x3b
 808 0045 05       		.uleb128 0x5
 809 0046 49       		.uleb128 0x49
 810 0047 13       		.uleb128 0x13
 811 0048 00       		.byte	0
 812 0049 00       		.byte	0
 813 004a 07       		.uleb128 0x7
 814 004b 35       		.uleb128 0x35
 815 004c 00       		.byte	0
 816 004d 49       		.uleb128 0x49
 817 004e 13       		.uleb128 0x13
 818 004f 00       		.byte	0
 819 0050 00       		.byte	0
 820 0051 08       		.uleb128 0x8
 821 0052 2E       		.uleb128 0x2e
 822 0053 01       		.byte	0x1
 823 0054 03       		.uleb128 0x3
 824 0055 0E       		.uleb128 0xe
 825 0056 3A       		.uleb128 0x3a
 826 0057 0B       		.uleb128 0xb
 827 0058 3B       		.uleb128 0x3b
 828 0059 0B       		.uleb128 0xb
 829 005a 27       		.uleb128 0x27
 830 005b 19       		.uleb128 0x19
 831 005c 11       		.uleb128 0x11
 832 005d 01       		.uleb128 0x1
 833 005e 12       		.uleb128 0x12
 834 005f 06       		.uleb128 0x6
 835 0060 40       		.uleb128 0x40
 836 0061 18       		.uleb128 0x18
 837 0062 9642     		.uleb128 0x2116
 838 0064 19       		.uleb128 0x19
 839 0065 01       		.uleb128 0x1
 840 0066 13       		.uleb128 0x13
 841 0067 00       		.byte	0
 842 0068 00       		.byte	0
 843 0069 09       		.uleb128 0x9
 844 006a 05       		.uleb128 0x5
 845 006b 00       		.byte	0
 846 006c 03       		.uleb128 0x3
 847 006d 08       		.uleb128 0x8
 848 006e 3A       		.uleb128 0x3a
 849 006f 0B       		.uleb128 0xb
ARM GAS  C:\Users\ADMINI~1\AppData\Local\Temp\cc8014xp.s 			page 21


 850 0070 3B       		.uleb128 0x3b
 851 0071 0B       		.uleb128 0xb
 852 0072 49       		.uleb128 0x49
 853 0073 13       		.uleb128 0x13
 854 0074 02       		.uleb128 0x2
 855 0075 18       		.uleb128 0x18
 856 0076 00       		.byte	0
 857 0077 00       		.byte	0
 858 0078 0A       		.uleb128 0xa
 859 0079 05       		.uleb128 0x5
 860 007a 00       		.byte	0
 861 007b 03       		.uleb128 0x3
 862 007c 0E       		.uleb128 0xe
 863 007d 3A       		.uleb128 0x3a
 864 007e 0B       		.uleb128 0xb
 865 007f 3B       		.uleb128 0x3b
 866 0080 0B       		.uleb128 0xb
 867 0081 49       		.uleb128 0x49
 868 0082 13       		.uleb128 0x13
 869 0083 02       		.uleb128 0x2
 870 0084 18       		.uleb128 0x18
 871 0085 00       		.byte	0
 872 0086 00       		.byte	0
 873 0087 0B       		.uleb128 0xb
 874 0088 0F       		.uleb128 0xf
 875 0089 00       		.byte	0
 876 008a 0B       		.uleb128 0xb
 877 008b 0B       		.uleb128 0xb
 878 008c 49       		.uleb128 0x49
 879 008d 13       		.uleb128 0x13
 880 008e 00       		.byte	0
 881 008f 00       		.byte	0
 882 0090 0C       		.uleb128 0xc
 883 0091 26       		.uleb128 0x26
 884 0092 00       		.byte	0
 885 0093 00       		.byte	0
 886 0094 00       		.byte	0
 887 0095 0D       		.uleb128 0xd
 888 0096 2E       		.uleb128 0x2e
 889 0097 00       		.byte	0
 890 0098 03       		.uleb128 0x3
 891 0099 0E       		.uleb128 0xe
 892 009a 3A       		.uleb128 0x3a
 893 009b 0B       		.uleb128 0xb
 894 009c 3B       		.uleb128 0x3b
 895 009d 0B       		.uleb128 0xb
 896 009e 27       		.uleb128 0x27
 897 009f 19       		.uleb128 0x19
 898 00a0 11       		.uleb128 0x11
 899 00a1 01       		.uleb128 0x1
 900 00a2 12       		.uleb128 0x12
 901 00a3 06       		.uleb128 0x6
 902 00a4 40       		.uleb128 0x40
 903 00a5 18       		.uleb128 0x18
 904 00a6 9642     		.uleb128 0x2116
 905 00a8 19       		.uleb128 0x19
 906 00a9 00       		.byte	0
ARM GAS  C:\Users\ADMINI~1\AppData\Local\Temp\cc8014xp.s 			page 22


 907 00aa 00       		.byte	0
 908 00ab 0E       		.uleb128 0xe
 909 00ac 2E       		.uleb128 0x2e
 910 00ad 00       		.byte	0
 911 00ae 03       		.uleb128 0x3
 912 00af 0E       		.uleb128 0xe
 913 00b0 3A       		.uleb128 0x3a
 914 00b1 0B       		.uleb128 0xb
 915 00b2 3B       		.uleb128 0x3b
 916 00b3 0B       		.uleb128 0xb
 917 00b4 27       		.uleb128 0x27
 918 00b5 19       		.uleb128 0x19
 919 00b6 11       		.uleb128 0x11
 920 00b7 01       		.uleb128 0x1
 921 00b8 12       		.uleb128 0x12
 922 00b9 06       		.uleb128 0x6
 923 00ba 40       		.uleb128 0x40
 924 00bb 18       		.uleb128 0x18
 925 00bc 9742     		.uleb128 0x2117
 926 00be 19       		.uleb128 0x19
 927 00bf 00       		.byte	0
 928 00c0 00       		.byte	0
 929 00c1 0F       		.uleb128 0xf
 930 00c2 2E       		.uleb128 0x2e
 931 00c3 01       		.byte	0x1
 932 00c4 3F       		.uleb128 0x3f
 933 00c5 19       		.uleb128 0x19
 934 00c6 03       		.uleb128 0x3
 935 00c7 0E       		.uleb128 0xe
 936 00c8 3A       		.uleb128 0x3a
 937 00c9 0B       		.uleb128 0xb
 938 00ca 3B       		.uleb128 0x3b
 939 00cb 0B       		.uleb128 0xb
 940 00cc 27       		.uleb128 0x27
 941 00cd 19       		.uleb128 0x19
 942 00ce 11       		.uleb128 0x11
 943 00cf 01       		.uleb128 0x1
 944 00d0 12       		.uleb128 0x12
 945 00d1 06       		.uleb128 0x6
 946 00d2 40       		.uleb128 0x40
 947 00d3 18       		.uleb128 0x18
 948 00d4 9642     		.uleb128 0x2116
 949 00d6 19       		.uleb128 0x19
 950 00d7 00       		.byte	0
 951 00d8 00       		.byte	0
 952 00d9 10       		.uleb128 0x10
 953 00da 0B       		.uleb128 0xb
 954 00db 01       		.byte	0x1
 955 00dc 11       		.uleb128 0x11
 956 00dd 01       		.uleb128 0x1
 957 00de 12       		.uleb128 0x12
 958 00df 06       		.uleb128 0x6
 959 00e0 00       		.byte	0
 960 00e1 00       		.byte	0
 961 00e2 11       		.uleb128 0x11
 962 00e3 13       		.uleb128 0x13
 963 00e4 01       		.byte	0x1
ARM GAS  C:\Users\ADMINI~1\AppData\Local\Temp\cc8014xp.s 			page 23


 964 00e5 0B       		.uleb128 0xb
 965 00e6 0B       		.uleb128 0xb
 966 00e7 3A       		.uleb128 0x3a
 967 00e8 0B       		.uleb128 0xb
 968 00e9 3B       		.uleb128 0x3b
 969 00ea 0B       		.uleb128 0xb
 970 00eb 01       		.uleb128 0x1
 971 00ec 13       		.uleb128 0x13
 972 00ed 00       		.byte	0
 973 00ee 00       		.byte	0
 974 00ef 12       		.uleb128 0x12
 975 00f0 0D       		.uleb128 0xd
 976 00f1 00       		.byte	0
 977 00f2 03       		.uleb128 0x3
 978 00f3 0E       		.uleb128 0xe
 979 00f4 3A       		.uleb128 0x3a
 980 00f5 0B       		.uleb128 0xb
 981 00f6 3B       		.uleb128 0x3b
 982 00f7 0B       		.uleb128 0xb
 983 00f8 49       		.uleb128 0x49
 984 00f9 13       		.uleb128 0x13
 985 00fa 38       		.uleb128 0x38
 986 00fb 0B       		.uleb128 0xb
 987 00fc 00       		.byte	0
 988 00fd 00       		.byte	0
 989 00fe 13       		.uleb128 0x13
 990 00ff 01       		.uleb128 0x1
 991 0100 01       		.byte	0x1
 992 0101 49       		.uleb128 0x49
 993 0102 13       		.uleb128 0x13
 994 0103 01       		.uleb128 0x1
 995 0104 13       		.uleb128 0x13
 996 0105 00       		.byte	0
 997 0106 00       		.byte	0
 998 0107 14       		.uleb128 0x14
 999 0108 21       		.uleb128 0x21
 1000 0109 00       		.byte	0
 1001 010a 49       		.uleb128 0x49
 1002 010b 13       		.uleb128 0x13
 1003 010c 2F       		.uleb128 0x2f
 1004 010d 0B       		.uleb128 0xb
 1005 010e 00       		.byte	0
 1006 010f 00       		.byte	0
 1007 0110 15       		.uleb128 0x15
 1008 0111 34       		.uleb128 0x34
 1009 0112 00       		.byte	0
 1010 0113 03       		.uleb128 0x3
 1011 0114 0E       		.uleb128 0xe
 1012 0115 3A       		.uleb128 0x3a
 1013 0116 0B       		.uleb128 0xb
 1014 0117 3B       		.uleb128 0x3b
 1015 0118 0B       		.uleb128 0xb
 1016 0119 49       		.uleb128 0x49
 1017 011a 13       		.uleb128 0x13
 1018 011b 02       		.uleb128 0x2
 1019 011c 18       		.uleb128 0x18
 1020 011d 00       		.byte	0
ARM GAS  C:\Users\ADMINI~1\AppData\Local\Temp\cc8014xp.s 			page 24


 1021 011e 00       		.byte	0
 1022 011f 16       		.uleb128 0x16
 1023 0120 26       		.uleb128 0x26
 1024 0121 00       		.byte	0
 1025 0122 49       		.uleb128 0x49
 1026 0123 13       		.uleb128 0x13
 1027 0124 00       		.byte	0
 1028 0125 00       		.byte	0
 1029 0126 17       		.uleb128 0x17
 1030 0127 34       		.uleb128 0x34
 1031 0128 00       		.byte	0
 1032 0129 03       		.uleb128 0x3
 1033 012a 08       		.uleb128 0x8
 1034 012b 3A       		.uleb128 0x3a
 1035 012c 0B       		.uleb128 0xb
 1036 012d 3B       		.uleb128 0x3b
 1037 012e 0B       		.uleb128 0xb
 1038 012f 49       		.uleb128 0x49
 1039 0130 13       		.uleb128 0x13
 1040 0131 02       		.uleb128 0x2
 1041 0132 18       		.uleb128 0x18
 1042 0133 00       		.byte	0
 1043 0134 00       		.byte	0
 1044 0135 18       		.uleb128 0x18
 1045 0136 34       		.uleb128 0x34
 1046 0137 00       		.byte	0
 1047 0138 03       		.uleb128 0x3
 1048 0139 08       		.uleb128 0x8
 1049 013a 3A       		.uleb128 0x3a
 1050 013b 0B       		.uleb128 0xb
 1051 013c 3B       		.uleb128 0x3b
 1052 013d 05       		.uleb128 0x5
 1053 013e 49       		.uleb128 0x49
 1054 013f 13       		.uleb128 0x13
 1055 0140 02       		.uleb128 0x2
 1056 0141 18       		.uleb128 0x18
 1057 0142 00       		.byte	0
 1058 0143 00       		.byte	0
 1059 0144 00       		.byte	0
 1060              		.section	.debug_aranges,"",%progbits
 1061 0000 44000000 		.4byte	0x44
 1062 0004 0200     		.2byte	0x2
 1063 0006 00000000 		.4byte	.Ldebug_info0
 1064 000a 04       		.byte	0x4
 1065 000b 00       		.byte	0
 1066 000c 0000     		.2byte	0
 1067 000e 0000     		.2byte	0
 1068 0010 00000000 		.4byte	.LFB2
 1069 0014 1E000000 		.4byte	.LFE2-.LFB2
 1070 0018 00000000 		.4byte	.LFB3
 1071 001c 22000000 		.4byte	.LFE3-.LFB3
 1072 0020 00000000 		.4byte	.LFB4
 1073 0024 22000000 		.4byte	.LFE4-.LFB4
 1074 0028 00000000 		.4byte	.LFB5
 1075 002c C0000000 		.4byte	.LFE5-.LFB5
 1076 0030 00000000 		.4byte	.LFB6
 1077 0034 28000000 		.4byte	.LFE6-.LFB6
ARM GAS  C:\Users\ADMINI~1\AppData\Local\Temp\cc8014xp.s 			page 25


 1078 0038 C0000000 		.4byte	.LFB7
 1079 003c E0000000 		.4byte	.LFE7-.LFB7
 1080 0040 00000000 		.4byte	0
 1081 0044 00000000 		.4byte	0
 1082              		.section	.debug_ranges,"",%progbits
 1083              	.Ldebug_ranges0:
 1084 0000 00000000 		.4byte	.LFB2
 1085 0004 1E000000 		.4byte	.LFE2
 1086 0008 00000000 		.4byte	.LFB3
 1087 000c 22000000 		.4byte	.LFE3
 1088 0010 00000000 		.4byte	.LFB4
 1089 0014 22000000 		.4byte	.LFE4
 1090 0018 00000000 		.4byte	.LFB5
 1091 001c C0000000 		.4byte	.LFE5
 1092 0020 00000000 		.4byte	.LFB6
 1093 0024 28000000 		.4byte	.LFE6
 1094 0028 C0000000 		.4byte	.LFB7
 1095 002c A0010000 		.4byte	.LFE7
 1096 0030 00000000 		.4byte	0
 1097 0034 00000000 		.4byte	0
 1098              		.section	.debug_line,"",%progbits
 1099              	.Ldebug_line0:
 1100 0000 60010000 		.section	.debug_str,"MS",%progbits,1
 1100      0200C600 
 1100      00000201 
 1100      FB0E0D00 
 1100      01010101 
 1101              	.LASF18:
 1102 0000 72656733 		.ascii	"reg32\000"
 1102      3200
 1103              	.LASF11:
 1104 0006 73697A65 		.ascii	"size_t\000"
 1104      5F7400
 1105              	.LASF24:
 1106 000d 416E616C 		.ascii	"AnalogSetDefault\000"
 1106      6F675365 
 1106      74446566 
 1106      61756C74 
 1106      00
 1107              	.LASF28:
 1108 001e 6366675F 		.ascii	"cfg_memset_list\000"
 1108      6D656D73 
 1108      65745F6C 
 1108      69737400 
 1109              	.LASF23:
 1110 002e 436C6F63 		.ascii	"ClockSetup\000"
 1110      6B536574 
 1110      757000
 1111              	.LASF4:
 1112 0039 73686F72 		.ascii	"short unsigned int\000"
 1112      7420756E 
 1112      7369676E 
 1112      65642069 
 1112      6E7400
 1113              	.LASF15:
 1114 004c 666C6F61 		.ascii	"float\000"
 1114      7400
ARM GAS  C:\Users\ADMINI~1\AppData\Local\Temp\cc8014xp.s 			page 26


 1115              	.LASF21:
 1116 0052 64657374 		.ascii	"dest\000"
 1116      00
 1117              	.LASF26:
 1118 0057 73697A65 		.ascii	"size\000"
 1118      00
 1119              	.LASF17:
 1120 005c 72656738 		.ascii	"reg8\000"
 1120      00
 1121              	.LASF6:
 1122 0061 6C6F6E67 		.ascii	"long unsigned int\000"
 1122      20756E73 
 1122      69676E65 
 1122      6420696E 
 1122      7400
 1123              	.LASF12:
 1124 0073 75696E74 		.ascii	"uint8\000"
 1124      3800
 1125              	.LASF19:
 1126 0079 43594D45 		.ascii	"CYMEMZERO\000"
 1126      4D5A4552 
 1126      4F00
 1127              	.LASF2:
 1128 0083 756E7369 		.ascii	"unsigned char\000"
 1128      676E6564 
 1128      20636861 
 1128      7200
 1129              	.LASF16:
 1130 0091 646F7562 		.ascii	"double\000"
 1130      6C6500
 1131              	.LASF32:
 1132 0098 63796669 		.ascii	"cyfitter_cfg\000"
 1132      74746572 
 1132      5F636667 
 1132      00
 1133              	.LASF29:
 1134 00a5 474E5520 		.ascii	"GNU C 4.9.3 20150303 (release) [ARM/embedded-4_9-br"
 1134      4320342E 
 1134      392E3320 
 1134      32303135 
 1134      30333033 
 1135 00d8 616E6368 		.ascii	"anch revision 221220] -mcpu=cortex-m0 -mthumb -g -O"
 1135      20726576 
 1135      6973696F 
 1135      6E203232 
 1135      31323230 
 1136 010b 30202D66 		.ascii	"0 -ffunction-sections -ffat-lto-objects\000"
 1136      66756E63 
 1136      74696F6E 
 1136      2D736563 
 1136      74696F6E 
 1137              	.LASF13:
 1138 0133 75696E74 		.ascii	"uint16\000"
 1138      313600
 1139              	.LASF14:
 1140 013a 75696E74 		.ascii	"uint32\000"
 1140      333200
ARM GAS  C:\Users\ADMINI~1\AppData\Local\Temp\cc8014xp.s 			page 27


 1141              	.LASF0:
 1142 0141 756E7369 		.ascii	"unsigned int\000"
 1142      676E6564 
 1142      20696E74 
 1142      00
 1143              	.LASF25:
 1144 014e 61646472 		.ascii	"address\000"
 1144      65737300 
 1145              	.LASF8:
 1146 0156 6C6F6E67 		.ascii	"long long unsigned int\000"
 1146      206C6F6E 
 1146      6720756E 
 1146      7369676E 
 1146      65642069 
 1147              	.LASF27:
 1148 016d 6366675F 		.ascii	"cfg_memset_t\000"
 1148      6D656D73 
 1148      65745F74 
 1148      00
 1149              	.LASF30:
 1150 017a 2E5C4765 		.ascii	".\\Generated_Source\\PSoC4\\cyfitter_cfg.c\000"
 1150      6E657261 
 1150      7465645F 
 1150      536F7572 
 1150      63655C50 
 1151              	.LASF9:
 1152 01a2 73697A65 		.ascii	"sizetype\000"
 1152      74797065 
 1152      00
 1153              	.LASF7:
 1154 01ab 6C6F6E67 		.ascii	"long long int\000"
 1154      206C6F6E 
 1154      6720696E 
 1154      7400
 1155              	.LASF10:
 1156 01b9 63686172 		.ascii	"char\000"
 1156      00
 1157              	.LASF3:
 1158 01be 73686F72 		.ascii	"short int\000"
 1158      7420696E 
 1158      7400
 1159              	.LASF31:
 1160 01c8 433A5C55 		.ascii	"C:\\Users\\Administrator\\Desktop\\BLE_TemplateProj"
 1160      73657273 
 1160      5C41646D 
 1160      696E6973 
 1160      74726174 
 1161 01f7 6563745C 		.ascii	"ect\\BLE_TemplateProject\\Smart Switch.cydsn\000"
 1161      424C455F 
 1161      54656D70 
 1161      6C617465 
 1161      50726F6A 
 1162              	.LASF5:
 1163 0222 6C6F6E67 		.ascii	"long int\000"
 1163      20696E74 
 1163      00
 1164              	.LASF1:
ARM GAS  C:\Users\ADMINI~1\AppData\Local\Temp\cc8014xp.s 			page 28


 1165 022b 7369676E 		.ascii	"signed char\000"
 1165      65642063 
 1165      68617200 
 1166              	.LASF22:
 1167 0237 4359434F 		.ascii	"CYCONFIGCPYCODE\000"
 1167      4E464947 
 1167      43505943 
 1167      4F444500 
 1168              	.LASF20:
 1169 0247 4359434F 		.ascii	"CYCONFIGCPY\000"
 1169      4E464947 
 1169      43505900 
 1170              		.ident	"GCC: (GNU Tools for ARM Embedded Processors) 4.9.3 20150303 (release) [ARM/embedded-4_9-br
