ARM GAS  C:\Users\ADMINI~1\AppData\Local\Temp\ccmqDDL9.s 			page 1


   1              		.cpu cortex-m0
   2              		.fpu softvfp
   3              		.eabi_attribute 20, 1
   4              		.eabi_attribute 21, 1
   5              		.eabi_attribute 23, 3
   6              		.eabi_attribute 24, 1
   7              		.eabi_attribute 25, 1
   8              		.eabi_attribute 26, 1
   9              		.eabi_attribute 30, 6
  10              		.eabi_attribute 34, 0
  11              		.eabi_attribute 18, 4
  12              		.code	16
  13              		.file	"isr_Button4.c"
  14              		.text
  15              	.Ltext0:
  16              		.cfi_sections	.debug_frame
  17              		.section	.text.isr_Button4_Start,"ax",%progbits
  18              		.align	2
  19              		.global	isr_Button4_Start
  20              		.code	16
  21              		.thumb_func
  22              		.type	isr_Button4_Start, %function
  23              	isr_Button4_Start:
  24              	.LFB2:
  25              		.file 1 ".\\Generated_Source\\PSoC4\\isr_Button4.c"
   1:.\Generated_Source\PSoC4/isr_Button4.c **** /*******************************************************************************
   2:.\Generated_Source\PSoC4/isr_Button4.c **** * File Name: isr_Button4.c  
   3:.\Generated_Source\PSoC4/isr_Button4.c **** * Version 1.70
   4:.\Generated_Source\PSoC4/isr_Button4.c **** *
   5:.\Generated_Source\PSoC4/isr_Button4.c **** *  Description:
   6:.\Generated_Source\PSoC4/isr_Button4.c **** *   API for controlling the state of an interrupt.
   7:.\Generated_Source\PSoC4/isr_Button4.c **** *
   8:.\Generated_Source\PSoC4/isr_Button4.c **** *
   9:.\Generated_Source\PSoC4/isr_Button4.c **** *  Note:
  10:.\Generated_Source\PSoC4/isr_Button4.c **** *
  11:.\Generated_Source\PSoC4/isr_Button4.c **** ********************************************************************************
  12:.\Generated_Source\PSoC4/isr_Button4.c **** * Copyright 2008-2015, Cypress Semiconductor Corporation.  All rights reserved.
  13:.\Generated_Source\PSoC4/isr_Button4.c **** * You may use this file only in accordance with the license, terms, conditions, 
  14:.\Generated_Source\PSoC4/isr_Button4.c **** * disclaimers, and limitations in the end user license agreement accompanying 
  15:.\Generated_Source\PSoC4/isr_Button4.c **** * the software package with which this file was provided.
  16:.\Generated_Source\PSoC4/isr_Button4.c **** *******************************************************************************/
  17:.\Generated_Source\PSoC4/isr_Button4.c **** 
  18:.\Generated_Source\PSoC4/isr_Button4.c **** 
  19:.\Generated_Source\PSoC4/isr_Button4.c **** #include <cydevice_trm.h>
  20:.\Generated_Source\PSoC4/isr_Button4.c **** #include <CyLib.h>
  21:.\Generated_Source\PSoC4/isr_Button4.c **** #include <isr_Button4.h>
  22:.\Generated_Source\PSoC4/isr_Button4.c **** #include "cyapicallbacks.h"
  23:.\Generated_Source\PSoC4/isr_Button4.c **** 
  24:.\Generated_Source\PSoC4/isr_Button4.c **** #if !defined(isr_Button4__REMOVED) /* Check for removal by optimization */
  25:.\Generated_Source\PSoC4/isr_Button4.c **** 
  26:.\Generated_Source\PSoC4/isr_Button4.c **** /*******************************************************************************
  27:.\Generated_Source\PSoC4/isr_Button4.c **** *  Place your includes, defines and code here 
  28:.\Generated_Source\PSoC4/isr_Button4.c **** ********************************************************************************/
  29:.\Generated_Source\PSoC4/isr_Button4.c **** /* `#START isr_Button4_intc` */
  30:.\Generated_Source\PSoC4/isr_Button4.c **** 
  31:.\Generated_Source\PSoC4/isr_Button4.c **** /* `#END` */
  32:.\Generated_Source\PSoC4/isr_Button4.c **** 
ARM GAS  C:\Users\ADMINI~1\AppData\Local\Temp\ccmqDDL9.s 			page 2


  33:.\Generated_Source\PSoC4/isr_Button4.c **** extern cyisraddress CyRamVectors[CYINT_IRQ_BASE + CY_NUM_INTERRUPTS];
  34:.\Generated_Source\PSoC4/isr_Button4.c **** 
  35:.\Generated_Source\PSoC4/isr_Button4.c **** /* Declared in startup, used to set unused interrupts to. */
  36:.\Generated_Source\PSoC4/isr_Button4.c **** CY_ISR_PROTO(IntDefaultHandler);
  37:.\Generated_Source\PSoC4/isr_Button4.c **** 
  38:.\Generated_Source\PSoC4/isr_Button4.c **** 
  39:.\Generated_Source\PSoC4/isr_Button4.c **** /*******************************************************************************
  40:.\Generated_Source\PSoC4/isr_Button4.c **** * Function Name: isr_Button4_Start
  41:.\Generated_Source\PSoC4/isr_Button4.c **** ********************************************************************************
  42:.\Generated_Source\PSoC4/isr_Button4.c **** *
  43:.\Generated_Source\PSoC4/isr_Button4.c **** * Summary:
  44:.\Generated_Source\PSoC4/isr_Button4.c **** *  Set up the interrupt and enable it. This function disables the interrupt, 
  45:.\Generated_Source\PSoC4/isr_Button4.c **** *  sets the default interrupt vector, sets the priority from the value in the
  46:.\Generated_Source\PSoC4/isr_Button4.c **** *  Design Wide Resources Interrupt Editor, then enables the interrupt to the 
  47:.\Generated_Source\PSoC4/isr_Button4.c **** *  interrupt controller.
  48:.\Generated_Source\PSoC4/isr_Button4.c **** *
  49:.\Generated_Source\PSoC4/isr_Button4.c **** * Parameters:  
  50:.\Generated_Source\PSoC4/isr_Button4.c **** *   None
  51:.\Generated_Source\PSoC4/isr_Button4.c **** *
  52:.\Generated_Source\PSoC4/isr_Button4.c **** * Return:
  53:.\Generated_Source\PSoC4/isr_Button4.c **** *   None
  54:.\Generated_Source\PSoC4/isr_Button4.c **** *
  55:.\Generated_Source\PSoC4/isr_Button4.c **** *******************************************************************************/
  56:.\Generated_Source\PSoC4/isr_Button4.c **** void isr_Button4_Start(void)
  57:.\Generated_Source\PSoC4/isr_Button4.c **** {
  26              		.loc 1 57 0
  27              		.cfi_startproc
  28 0000 80B5     		push	{r7, lr}
  29              		.cfi_def_cfa_offset 8
  30              		.cfi_offset 7, -8
  31              		.cfi_offset 14, -4
  32 0002 00AF     		add	r7, sp, #0
  33              		.cfi_def_cfa_register 7
  58:.\Generated_Source\PSoC4/isr_Button4.c ****     /* For all we know the interrupt is active. */
  59:.\Generated_Source\PSoC4/isr_Button4.c ****     isr_Button4_Disable();
  34              		.loc 1 59 0
  35 0004 FFF7FEFF 		bl	isr_Button4_Disable
  60:.\Generated_Source\PSoC4/isr_Button4.c **** 
  61:.\Generated_Source\PSoC4/isr_Button4.c ****     /* Set the ISR to point to the isr_Button4 Interrupt. */
  62:.\Generated_Source\PSoC4/isr_Button4.c ****     isr_Button4_SetVector(&isr_Button4_Interrupt);
  36              		.loc 1 62 0
  37 0008 054B     		ldr	r3, .L2
  38 000a 181C     		mov	r0, r3
  39 000c FFF7FEFF 		bl	isr_Button4_SetVector
  63:.\Generated_Source\PSoC4/isr_Button4.c **** 
  64:.\Generated_Source\PSoC4/isr_Button4.c ****     /* Set the priority. */
  65:.\Generated_Source\PSoC4/isr_Button4.c ****     isr_Button4_SetPriority((uint8)isr_Button4_INTC_PRIOR_NUMBER);
  40              		.loc 1 65 0
  41 0010 0320     		mov	r0, #3
  42 0012 FFF7FEFF 		bl	isr_Button4_SetPriority
  66:.\Generated_Source\PSoC4/isr_Button4.c **** 
  67:.\Generated_Source\PSoC4/isr_Button4.c ****     /* Enable it. */
  68:.\Generated_Source\PSoC4/isr_Button4.c ****     isr_Button4_Enable();
  43              		.loc 1 68 0
  44 0016 FFF7FEFF 		bl	isr_Button4_Enable
  69:.\Generated_Source\PSoC4/isr_Button4.c **** }
  45              		.loc 1 69 0
ARM GAS  C:\Users\ADMINI~1\AppData\Local\Temp\ccmqDDL9.s 			page 3


  46 001a BD46     		mov	sp, r7
  47              		@ sp needed
  48 001c 80BD     		pop	{r7, pc}
  49              	.L3:
  50 001e C046     		.align	2
  51              	.L2:
  52 0020 00000000 		.word	isr_Button4_Interrupt
  53              		.cfi_endproc
  54              	.LFE2:
  55              		.size	isr_Button4_Start, .-isr_Button4_Start
  56              		.section	.text.isr_Button4_StartEx,"ax",%progbits
  57              		.align	2
  58              		.global	isr_Button4_StartEx
  59              		.code	16
  60              		.thumb_func
  61              		.type	isr_Button4_StartEx, %function
  62              	isr_Button4_StartEx:
  63              	.LFB3:
  70:.\Generated_Source\PSoC4/isr_Button4.c **** 
  71:.\Generated_Source\PSoC4/isr_Button4.c **** 
  72:.\Generated_Source\PSoC4/isr_Button4.c **** /*******************************************************************************
  73:.\Generated_Source\PSoC4/isr_Button4.c **** * Function Name: isr_Button4_StartEx
  74:.\Generated_Source\PSoC4/isr_Button4.c **** ********************************************************************************
  75:.\Generated_Source\PSoC4/isr_Button4.c **** *
  76:.\Generated_Source\PSoC4/isr_Button4.c **** * Summary:
  77:.\Generated_Source\PSoC4/isr_Button4.c **** *  Sets up the interrupt and enables it. This function disables the interrupt,
  78:.\Generated_Source\PSoC4/isr_Button4.c **** *  sets the interrupt vector based on the address passed in, sets the priority 
  79:.\Generated_Source\PSoC4/isr_Button4.c **** *  from the value in the Design Wide Resources Interrupt Editor, then enables 
  80:.\Generated_Source\PSoC4/isr_Button4.c **** *  the interrupt to the interrupt controller.
  81:.\Generated_Source\PSoC4/isr_Button4.c **** *  
  82:.\Generated_Source\PSoC4/isr_Button4.c **** *  When defining ISR functions, the CY_ISR and CY_ISR_PROTO macros should be 
  83:.\Generated_Source\PSoC4/isr_Button4.c **** *  used to provide consistent definition across compilers:
  84:.\Generated_Source\PSoC4/isr_Button4.c **** *  
  85:.\Generated_Source\PSoC4/isr_Button4.c **** *  Function definition example:
  86:.\Generated_Source\PSoC4/isr_Button4.c **** *   CY_ISR(MyISR)
  87:.\Generated_Source\PSoC4/isr_Button4.c **** *   {
  88:.\Generated_Source\PSoC4/isr_Button4.c **** *   }
  89:.\Generated_Source\PSoC4/isr_Button4.c **** *   Function prototype example:
  90:.\Generated_Source\PSoC4/isr_Button4.c **** *   CY_ISR_PROTO(MyISR);
  91:.\Generated_Source\PSoC4/isr_Button4.c **** *
  92:.\Generated_Source\PSoC4/isr_Button4.c **** * Parameters:  
  93:.\Generated_Source\PSoC4/isr_Button4.c **** *   address: Address of the ISR to set in the interrupt vector table.
  94:.\Generated_Source\PSoC4/isr_Button4.c **** *
  95:.\Generated_Source\PSoC4/isr_Button4.c **** * Return:
  96:.\Generated_Source\PSoC4/isr_Button4.c **** *   None
  97:.\Generated_Source\PSoC4/isr_Button4.c **** *
  98:.\Generated_Source\PSoC4/isr_Button4.c **** *******************************************************************************/
  99:.\Generated_Source\PSoC4/isr_Button4.c **** void isr_Button4_StartEx(cyisraddress address)
 100:.\Generated_Source\PSoC4/isr_Button4.c **** {
  64              		.loc 1 100 0
  65              		.cfi_startproc
  66 0000 80B5     		push	{r7, lr}
  67              		.cfi_def_cfa_offset 8
  68              		.cfi_offset 7, -8
  69              		.cfi_offset 14, -4
  70 0002 82B0     		sub	sp, sp, #8
  71              		.cfi_def_cfa_offset 16
ARM GAS  C:\Users\ADMINI~1\AppData\Local\Temp\ccmqDDL9.s 			page 4


  72 0004 00AF     		add	r7, sp, #0
  73              		.cfi_def_cfa_register 7
  74 0006 7860     		str	r0, [r7, #4]
 101:.\Generated_Source\PSoC4/isr_Button4.c ****     /* For all we know the interrupt is active. */
 102:.\Generated_Source\PSoC4/isr_Button4.c ****     isr_Button4_Disable();
  75              		.loc 1 102 0
  76 0008 FFF7FEFF 		bl	isr_Button4_Disable
 103:.\Generated_Source\PSoC4/isr_Button4.c **** 
 104:.\Generated_Source\PSoC4/isr_Button4.c ****     /* Set the ISR to point to the isr_Button4 Interrupt. */
 105:.\Generated_Source\PSoC4/isr_Button4.c ****     isr_Button4_SetVector(address);
  77              		.loc 1 105 0
  78 000c 7B68     		ldr	r3, [r7, #4]
  79 000e 181C     		mov	r0, r3
  80 0010 FFF7FEFF 		bl	isr_Button4_SetVector
 106:.\Generated_Source\PSoC4/isr_Button4.c **** 
 107:.\Generated_Source\PSoC4/isr_Button4.c ****     /* Set the priority. */
 108:.\Generated_Source\PSoC4/isr_Button4.c ****     isr_Button4_SetPriority((uint8)isr_Button4_INTC_PRIOR_NUMBER);
  81              		.loc 1 108 0
  82 0014 0320     		mov	r0, #3
  83 0016 FFF7FEFF 		bl	isr_Button4_SetPriority
 109:.\Generated_Source\PSoC4/isr_Button4.c **** 
 110:.\Generated_Source\PSoC4/isr_Button4.c ****     /* Enable it. */
 111:.\Generated_Source\PSoC4/isr_Button4.c ****     isr_Button4_Enable();
  84              		.loc 1 111 0
  85 001a FFF7FEFF 		bl	isr_Button4_Enable
 112:.\Generated_Source\PSoC4/isr_Button4.c **** }
  86              		.loc 1 112 0
  87 001e BD46     		mov	sp, r7
  88 0020 02B0     		add	sp, sp, #8
  89              		@ sp needed
  90 0022 80BD     		pop	{r7, pc}
  91              		.cfi_endproc
  92              	.LFE3:
  93              		.size	isr_Button4_StartEx, .-isr_Button4_StartEx
  94              		.section	.text.isr_Button4_Stop,"ax",%progbits
  95              		.align	2
  96              		.global	isr_Button4_Stop
  97              		.code	16
  98              		.thumb_func
  99              		.type	isr_Button4_Stop, %function
 100              	isr_Button4_Stop:
 101              	.LFB4:
 113:.\Generated_Source\PSoC4/isr_Button4.c **** 
 114:.\Generated_Source\PSoC4/isr_Button4.c **** 
 115:.\Generated_Source\PSoC4/isr_Button4.c **** /*******************************************************************************
 116:.\Generated_Source\PSoC4/isr_Button4.c **** * Function Name: isr_Button4_Stop
 117:.\Generated_Source\PSoC4/isr_Button4.c **** ********************************************************************************
 118:.\Generated_Source\PSoC4/isr_Button4.c **** *
 119:.\Generated_Source\PSoC4/isr_Button4.c **** * Summary:
 120:.\Generated_Source\PSoC4/isr_Button4.c **** *   Disables and removes the interrupt.
 121:.\Generated_Source\PSoC4/isr_Button4.c **** *
 122:.\Generated_Source\PSoC4/isr_Button4.c **** * Parameters:  
 123:.\Generated_Source\PSoC4/isr_Button4.c **** *   None
 124:.\Generated_Source\PSoC4/isr_Button4.c **** *
 125:.\Generated_Source\PSoC4/isr_Button4.c **** * Return:
 126:.\Generated_Source\PSoC4/isr_Button4.c **** *   None
 127:.\Generated_Source\PSoC4/isr_Button4.c **** *
ARM GAS  C:\Users\ADMINI~1\AppData\Local\Temp\ccmqDDL9.s 			page 5


 128:.\Generated_Source\PSoC4/isr_Button4.c **** *******************************************************************************/
 129:.\Generated_Source\PSoC4/isr_Button4.c **** void isr_Button4_Stop(void)
 130:.\Generated_Source\PSoC4/isr_Button4.c **** {
 102              		.loc 1 130 0
 103              		.cfi_startproc
 104 0000 80B5     		push	{r7, lr}
 105              		.cfi_def_cfa_offset 8
 106              		.cfi_offset 7, -8
 107              		.cfi_offset 14, -4
 108 0002 00AF     		add	r7, sp, #0
 109              		.cfi_def_cfa_register 7
 131:.\Generated_Source\PSoC4/isr_Button4.c ****     /* Disable this interrupt. */
 132:.\Generated_Source\PSoC4/isr_Button4.c ****     isr_Button4_Disable();
 110              		.loc 1 132 0
 111 0004 FFF7FEFF 		bl	isr_Button4_Disable
 133:.\Generated_Source\PSoC4/isr_Button4.c **** 
 134:.\Generated_Source\PSoC4/isr_Button4.c ****     /* Set the ISR to point to the passive one. */
 135:.\Generated_Source\PSoC4/isr_Button4.c ****     isr_Button4_SetVector(&IntDefaultHandler);
 112              		.loc 1 135 0
 113 0008 024B     		ldr	r3, .L6
 114 000a 181C     		mov	r0, r3
 115 000c FFF7FEFF 		bl	isr_Button4_SetVector
 136:.\Generated_Source\PSoC4/isr_Button4.c **** }
 116              		.loc 1 136 0
 117 0010 BD46     		mov	sp, r7
 118              		@ sp needed
 119 0012 80BD     		pop	{r7, pc}
 120              	.L7:
 121              		.align	2
 122              	.L6:
 123 0014 00000000 		.word	IntDefaultHandler
 124              		.cfi_endproc
 125              	.LFE4:
 126              		.size	isr_Button4_Stop, .-isr_Button4_Stop
 127              		.section	.text.isr_Button4_Interrupt,"ax",%progbits
 128              		.align	2
 129              		.global	isr_Button4_Interrupt
 130              		.code	16
 131              		.thumb_func
 132              		.type	isr_Button4_Interrupt, %function
 133              	isr_Button4_Interrupt:
 134              	.LFB5:
 137:.\Generated_Source\PSoC4/isr_Button4.c **** 
 138:.\Generated_Source\PSoC4/isr_Button4.c **** 
 139:.\Generated_Source\PSoC4/isr_Button4.c **** /*******************************************************************************
 140:.\Generated_Source\PSoC4/isr_Button4.c **** * Function Name: isr_Button4_Interrupt
 141:.\Generated_Source\PSoC4/isr_Button4.c **** ********************************************************************************
 142:.\Generated_Source\PSoC4/isr_Button4.c **** *
 143:.\Generated_Source\PSoC4/isr_Button4.c **** * Summary:
 144:.\Generated_Source\PSoC4/isr_Button4.c **** *   The default Interrupt Service Routine for isr_Button4.
 145:.\Generated_Source\PSoC4/isr_Button4.c **** *
 146:.\Generated_Source\PSoC4/isr_Button4.c **** *   Add custom code between the START and END comments to keep the next version
 147:.\Generated_Source\PSoC4/isr_Button4.c **** *   of this file from over-writing your code.
 148:.\Generated_Source\PSoC4/isr_Button4.c **** *
 149:.\Generated_Source\PSoC4/isr_Button4.c **** *   Note You may use either the default ISR by using this API, or you may define
 150:.\Generated_Source\PSoC4/isr_Button4.c **** *   your own separate ISR through ISR_StartEx().
 151:.\Generated_Source\PSoC4/isr_Button4.c **** *
ARM GAS  C:\Users\ADMINI~1\AppData\Local\Temp\ccmqDDL9.s 			page 6


 152:.\Generated_Source\PSoC4/isr_Button4.c **** * Parameters:  
 153:.\Generated_Source\PSoC4/isr_Button4.c **** *   None
 154:.\Generated_Source\PSoC4/isr_Button4.c **** *
 155:.\Generated_Source\PSoC4/isr_Button4.c **** * Return:
 156:.\Generated_Source\PSoC4/isr_Button4.c **** *   None
 157:.\Generated_Source\PSoC4/isr_Button4.c **** *
 158:.\Generated_Source\PSoC4/isr_Button4.c **** *******************************************************************************/
 159:.\Generated_Source\PSoC4/isr_Button4.c **** CY_ISR(isr_Button4_Interrupt)
 160:.\Generated_Source\PSoC4/isr_Button4.c **** {
 135              		.loc 1 160 0
 136              		.cfi_startproc
 137 0000 80B5     		push	{r7, lr}
 138              		.cfi_def_cfa_offset 8
 139              		.cfi_offset 7, -8
 140              		.cfi_offset 14, -4
 141 0002 00AF     		add	r7, sp, #0
 142              		.cfi_def_cfa_register 7
 161:.\Generated_Source\PSoC4/isr_Button4.c ****     #ifdef isr_Button4_INTERRUPT_INTERRUPT_CALLBACK
 162:.\Generated_Source\PSoC4/isr_Button4.c ****         isr_Button4_Interrupt_InterruptCallback();
 163:.\Generated_Source\PSoC4/isr_Button4.c ****     #endif /* isr_Button4_INTERRUPT_INTERRUPT_CALLBACK */ 
 164:.\Generated_Source\PSoC4/isr_Button4.c **** 
 165:.\Generated_Source\PSoC4/isr_Button4.c ****     /*  Place your Interrupt code here. */
 166:.\Generated_Source\PSoC4/isr_Button4.c ****     /* `#START isr_Button4_Interrupt` */
 167:.\Generated_Source\PSoC4/isr_Button4.c **** 
 168:.\Generated_Source\PSoC4/isr_Button4.c ****     /* `#END` */
 169:.\Generated_Source\PSoC4/isr_Button4.c **** }
 143              		.loc 1 169 0
 144 0004 BD46     		mov	sp, r7
 145              		@ sp needed
 146 0006 80BD     		pop	{r7, pc}
 147              		.cfi_endproc
 148              	.LFE5:
 149              		.size	isr_Button4_Interrupt, .-isr_Button4_Interrupt
 150              		.section	.text.isr_Button4_SetVector,"ax",%progbits
 151              		.align	2
 152              		.global	isr_Button4_SetVector
 153              		.code	16
 154              		.thumb_func
 155              		.type	isr_Button4_SetVector, %function
 156              	isr_Button4_SetVector:
 157              	.LFB6:
 170:.\Generated_Source\PSoC4/isr_Button4.c **** 
 171:.\Generated_Source\PSoC4/isr_Button4.c **** 
 172:.\Generated_Source\PSoC4/isr_Button4.c **** /*******************************************************************************
 173:.\Generated_Source\PSoC4/isr_Button4.c **** * Function Name: isr_Button4_SetVector
 174:.\Generated_Source\PSoC4/isr_Button4.c **** ********************************************************************************
 175:.\Generated_Source\PSoC4/isr_Button4.c **** *
 176:.\Generated_Source\PSoC4/isr_Button4.c **** * Summary:
 177:.\Generated_Source\PSoC4/isr_Button4.c **** *   Change the ISR vector for the Interrupt. Note calling isr_Button4_Start
 178:.\Generated_Source\PSoC4/isr_Button4.c **** *   will override any effect this method would have had. To set the vector 
 179:.\Generated_Source\PSoC4/isr_Button4.c **** *   before the component has been started use isr_Button4_StartEx instead.
 180:.\Generated_Source\PSoC4/isr_Button4.c **** * 
 181:.\Generated_Source\PSoC4/isr_Button4.c **** *   When defining ISR functions, the CY_ISR and CY_ISR_PROTO macros should be 
 182:.\Generated_Source\PSoC4/isr_Button4.c **** *   used to provide consistent definition across compilers:
 183:.\Generated_Source\PSoC4/isr_Button4.c **** *
 184:.\Generated_Source\PSoC4/isr_Button4.c **** *   Function definition example:
 185:.\Generated_Source\PSoC4/isr_Button4.c **** *   CY_ISR(MyISR)
ARM GAS  C:\Users\ADMINI~1\AppData\Local\Temp\ccmqDDL9.s 			page 7


 186:.\Generated_Source\PSoC4/isr_Button4.c **** *   {
 187:.\Generated_Source\PSoC4/isr_Button4.c **** *   }
 188:.\Generated_Source\PSoC4/isr_Button4.c **** *
 189:.\Generated_Source\PSoC4/isr_Button4.c **** *   Function prototype example:
 190:.\Generated_Source\PSoC4/isr_Button4.c **** *     CY_ISR_PROTO(MyISR);
 191:.\Generated_Source\PSoC4/isr_Button4.c **** *
 192:.\Generated_Source\PSoC4/isr_Button4.c **** * Parameters:
 193:.\Generated_Source\PSoC4/isr_Button4.c **** *   address: Address of the ISR to set in the interrupt vector table.
 194:.\Generated_Source\PSoC4/isr_Button4.c **** *
 195:.\Generated_Source\PSoC4/isr_Button4.c **** * Return:
 196:.\Generated_Source\PSoC4/isr_Button4.c **** *   None
 197:.\Generated_Source\PSoC4/isr_Button4.c **** *
 198:.\Generated_Source\PSoC4/isr_Button4.c **** *******************************************************************************/
 199:.\Generated_Source\PSoC4/isr_Button4.c **** void isr_Button4_SetVector(cyisraddress address)
 200:.\Generated_Source\PSoC4/isr_Button4.c **** {
 158              		.loc 1 200 0
 159              		.cfi_startproc
 160 0000 80B5     		push	{r7, lr}
 161              		.cfi_def_cfa_offset 8
 162              		.cfi_offset 7, -8
 163              		.cfi_offset 14, -4
 164 0002 82B0     		sub	sp, sp, #8
 165              		.cfi_def_cfa_offset 16
 166 0004 00AF     		add	r7, sp, #0
 167              		.cfi_def_cfa_register 7
 168 0006 7860     		str	r0, [r7, #4]
 201:.\Generated_Source\PSoC4/isr_Button4.c ****     CyRamVectors[CYINT_IRQ_BASE + isr_Button4__INTC_NUMBER] = address;
 169              		.loc 1 201 0
 170 0008 024B     		ldr	r3, .L10
 171 000a 7A68     		ldr	r2, [r7, #4]
 172 000c DA64     		str	r2, [r3, #76]
 202:.\Generated_Source\PSoC4/isr_Button4.c **** }
 173              		.loc 1 202 0
 174 000e BD46     		mov	sp, r7
 175 0010 02B0     		add	sp, sp, #8
 176              		@ sp needed
 177 0012 80BD     		pop	{r7, pc}
 178              	.L11:
 179              		.align	2
 180              	.L10:
 181 0014 00000000 		.word	CyRamVectors
 182              		.cfi_endproc
 183              	.LFE6:
 184              		.size	isr_Button4_SetVector, .-isr_Button4_SetVector
 185              		.section	.text.isr_Button4_GetVector,"ax",%progbits
 186              		.align	2
 187              		.global	isr_Button4_GetVector
 188              		.code	16
 189              		.thumb_func
 190              		.type	isr_Button4_GetVector, %function
 191              	isr_Button4_GetVector:
 192              	.LFB7:
 203:.\Generated_Source\PSoC4/isr_Button4.c **** 
 204:.\Generated_Source\PSoC4/isr_Button4.c **** 
 205:.\Generated_Source\PSoC4/isr_Button4.c **** /*******************************************************************************
 206:.\Generated_Source\PSoC4/isr_Button4.c **** * Function Name: isr_Button4_GetVector
 207:.\Generated_Source\PSoC4/isr_Button4.c **** ********************************************************************************
ARM GAS  C:\Users\ADMINI~1\AppData\Local\Temp\ccmqDDL9.s 			page 8


 208:.\Generated_Source\PSoC4/isr_Button4.c **** *
 209:.\Generated_Source\PSoC4/isr_Button4.c **** * Summary:
 210:.\Generated_Source\PSoC4/isr_Button4.c **** *   Gets the "address" of the current ISR vector for the Interrupt.
 211:.\Generated_Source\PSoC4/isr_Button4.c **** *
 212:.\Generated_Source\PSoC4/isr_Button4.c **** * Parameters:
 213:.\Generated_Source\PSoC4/isr_Button4.c **** *   None
 214:.\Generated_Source\PSoC4/isr_Button4.c **** *
 215:.\Generated_Source\PSoC4/isr_Button4.c **** * Return:
 216:.\Generated_Source\PSoC4/isr_Button4.c **** *   Address of the ISR in the interrupt vector table.
 217:.\Generated_Source\PSoC4/isr_Button4.c **** *
 218:.\Generated_Source\PSoC4/isr_Button4.c **** *******************************************************************************/
 219:.\Generated_Source\PSoC4/isr_Button4.c **** cyisraddress isr_Button4_GetVector(void)
 220:.\Generated_Source\PSoC4/isr_Button4.c **** {
 193              		.loc 1 220 0
 194              		.cfi_startproc
 195 0000 80B5     		push	{r7, lr}
 196              		.cfi_def_cfa_offset 8
 197              		.cfi_offset 7, -8
 198              		.cfi_offset 14, -4
 199 0002 00AF     		add	r7, sp, #0
 200              		.cfi_def_cfa_register 7
 221:.\Generated_Source\PSoC4/isr_Button4.c ****     return CyRamVectors[CYINT_IRQ_BASE + isr_Button4__INTC_NUMBER];
 201              		.loc 1 221 0
 202 0004 024B     		ldr	r3, .L14
 203 0006 DB6C     		ldr	r3, [r3, #76]
 222:.\Generated_Source\PSoC4/isr_Button4.c **** }
 204              		.loc 1 222 0
 205 0008 181C     		mov	r0, r3
 206 000a BD46     		mov	sp, r7
 207              		@ sp needed
 208 000c 80BD     		pop	{r7, pc}
 209              	.L15:
 210 000e C046     		.align	2
 211              	.L14:
 212 0010 00000000 		.word	CyRamVectors
 213              		.cfi_endproc
 214              	.LFE7:
 215              		.size	isr_Button4_GetVector, .-isr_Button4_GetVector
 216              		.section	.text.isr_Button4_SetPriority,"ax",%progbits
 217              		.align	2
 218              		.global	isr_Button4_SetPriority
 219              		.code	16
 220              		.thumb_func
 221              		.type	isr_Button4_SetPriority, %function
 222              	isr_Button4_SetPriority:
 223              	.LFB8:
 223:.\Generated_Source\PSoC4/isr_Button4.c **** 
 224:.\Generated_Source\PSoC4/isr_Button4.c **** 
 225:.\Generated_Source\PSoC4/isr_Button4.c **** /*******************************************************************************
 226:.\Generated_Source\PSoC4/isr_Button4.c **** * Function Name: isr_Button4_SetPriority
 227:.\Generated_Source\PSoC4/isr_Button4.c **** ********************************************************************************
 228:.\Generated_Source\PSoC4/isr_Button4.c **** *
 229:.\Generated_Source\PSoC4/isr_Button4.c **** * Summary:
 230:.\Generated_Source\PSoC4/isr_Button4.c **** *   Sets the Priority of the Interrupt. 
 231:.\Generated_Source\PSoC4/isr_Button4.c **** *
 232:.\Generated_Source\PSoC4/isr_Button4.c **** *   Note calling isr_Button4_Start or isr_Button4_StartEx will 
 233:.\Generated_Source\PSoC4/isr_Button4.c **** *   override any effect this API would have had. This API should only be called
ARM GAS  C:\Users\ADMINI~1\AppData\Local\Temp\ccmqDDL9.s 			page 9


 234:.\Generated_Source\PSoC4/isr_Button4.c **** *   after isr_Button4_Start or isr_Button4_StartEx has been called. 
 235:.\Generated_Source\PSoC4/isr_Button4.c **** *   To set the initial priority for the component, use the Design-Wide Resources
 236:.\Generated_Source\PSoC4/isr_Button4.c **** *   Interrupt Editor.
 237:.\Generated_Source\PSoC4/isr_Button4.c **** *
 238:.\Generated_Source\PSoC4/isr_Button4.c **** *   Note This API has no effect on Non-maskable interrupt NMI).
 239:.\Generated_Source\PSoC4/isr_Button4.c **** *
 240:.\Generated_Source\PSoC4/isr_Button4.c **** * Parameters:
 241:.\Generated_Source\PSoC4/isr_Button4.c **** *   priority: Priority of the interrupt, 0 being the highest priority
 242:.\Generated_Source\PSoC4/isr_Button4.c **** *             PSoC 3 and PSoC 5LP: Priority is from 0 to 7.
 243:.\Generated_Source\PSoC4/isr_Button4.c **** *             PSoC 4: Priority is from 0 to 3.
 244:.\Generated_Source\PSoC4/isr_Button4.c **** *
 245:.\Generated_Source\PSoC4/isr_Button4.c **** * Return:
 246:.\Generated_Source\PSoC4/isr_Button4.c **** *   None
 247:.\Generated_Source\PSoC4/isr_Button4.c **** *
 248:.\Generated_Source\PSoC4/isr_Button4.c **** *******************************************************************************/
 249:.\Generated_Source\PSoC4/isr_Button4.c **** void isr_Button4_SetPriority(uint8 priority)
 250:.\Generated_Source\PSoC4/isr_Button4.c **** {
 224              		.loc 1 250 0
 225              		.cfi_startproc
 226 0000 90B5     		push	{r4, r7, lr}
 227              		.cfi_def_cfa_offset 12
 228              		.cfi_offset 4, -12
 229              		.cfi_offset 7, -8
 230              		.cfi_offset 14, -4
 231 0002 85B0     		sub	sp, sp, #20
 232              		.cfi_def_cfa_offset 32
 233 0004 00AF     		add	r7, sp, #0
 234              		.cfi_def_cfa_register 7
 235 0006 021C     		mov	r2, r0
 236 0008 FB1D     		add	r3, r7, #7
 237 000a 1A70     		strb	r2, [r3]
 251:.\Generated_Source\PSoC4/isr_Button4.c **** 	uint8 interruptState;
 252:.\Generated_Source\PSoC4/isr_Button4.c ****     uint32 priorityOffset = ((isr_Button4__INTC_NUMBER % 4u) * 8u) + 6u;
 238              		.loc 1 252 0
 239 000c 1E23     		mov	r3, #30
 240 000e FB60     		str	r3, [r7, #12]
 253:.\Generated_Source\PSoC4/isr_Button4.c ****     
 254:.\Generated_Source\PSoC4/isr_Button4.c **** 	interruptState = CyEnterCriticalSection();
 241              		.loc 1 254 0
 242 0010 0B23     		mov	r3, #11
 243 0012 FC18     		add	r4, r7, r3
 244 0014 FFF7FEFF 		bl	CyEnterCriticalSection
 245 0018 031C     		mov	r3, r0
 246 001a 2370     		strb	r3, [r4]
 255:.\Generated_Source\PSoC4/isr_Button4.c ****     *isr_Button4_INTC_PRIOR = (*isr_Button4_INTC_PRIOR & (uint32)(~isr_Button4__INTC_PRIOR_MASK)) |
 247              		.loc 1 255 0
 248 001c 0A4B     		ldr	r3, .L17
 249 001e 0A4A     		ldr	r2, .L17
 250 0020 1268     		ldr	r2, [r2]
 251 0022 9200     		lsl	r2, r2, #2
 252 0024 9108     		lsr	r1, r2, #2
 256:.\Generated_Source\PSoC4/isr_Button4.c ****                                     ((uint32)priority << priorityOffset);
 253              		.loc 1 256 0
 254 0026 FA1D     		add	r2, r7, #7
 255 0028 1078     		ldrb	r0, [r2]
 256 002a FA68     		ldr	r2, [r7, #12]
 257 002c 9040     		lsl	r0, r0, r2
ARM GAS  C:\Users\ADMINI~1\AppData\Local\Temp\ccmqDDL9.s 			page 10


 258 002e 021C     		mov	r2, r0
 255:.\Generated_Source\PSoC4/isr_Button4.c ****     *isr_Button4_INTC_PRIOR = (*isr_Button4_INTC_PRIOR & (uint32)(~isr_Button4__INTC_PRIOR_MASK)) |
 259              		.loc 1 255 0
 260 0030 0A43     		orr	r2, r1
 261 0032 1A60     		str	r2, [r3]
 257:.\Generated_Source\PSoC4/isr_Button4.c **** 	CyExitCriticalSection(interruptState);
 262              		.loc 1 257 0
 263 0034 0B23     		mov	r3, #11
 264 0036 FB18     		add	r3, r7, r3
 265 0038 1B78     		ldrb	r3, [r3]
 266 003a 181C     		mov	r0, r3
 267 003c FFF7FEFF 		bl	CyExitCriticalSection
 258:.\Generated_Source\PSoC4/isr_Button4.c **** }
 268              		.loc 1 258 0
 269 0040 BD46     		mov	sp, r7
 270 0042 05B0     		add	sp, sp, #20
 271              		@ sp needed
 272 0044 90BD     		pop	{r4, r7, pc}
 273              	.L18:
 274 0046 C046     		.align	2
 275              	.L17:
 276 0048 00E400E0 		.word	-536812544
 277              		.cfi_endproc
 278              	.LFE8:
 279              		.size	isr_Button4_SetPriority, .-isr_Button4_SetPriority
 280              		.section	.text.isr_Button4_GetPriority,"ax",%progbits
 281              		.align	2
 282              		.global	isr_Button4_GetPriority
 283              		.code	16
 284              		.thumb_func
 285              		.type	isr_Button4_GetPriority, %function
 286              	isr_Button4_GetPriority:
 287              	.LFB9:
 259:.\Generated_Source\PSoC4/isr_Button4.c **** 
 260:.\Generated_Source\PSoC4/isr_Button4.c **** 
 261:.\Generated_Source\PSoC4/isr_Button4.c **** /*******************************************************************************
 262:.\Generated_Source\PSoC4/isr_Button4.c **** * Function Name: isr_Button4_GetPriority
 263:.\Generated_Source\PSoC4/isr_Button4.c **** ********************************************************************************
 264:.\Generated_Source\PSoC4/isr_Button4.c **** *
 265:.\Generated_Source\PSoC4/isr_Button4.c **** * Summary:
 266:.\Generated_Source\PSoC4/isr_Button4.c **** *   Gets the Priority of the Interrupt.
 267:.\Generated_Source\PSoC4/isr_Button4.c **** *
 268:.\Generated_Source\PSoC4/isr_Button4.c **** * Parameters:
 269:.\Generated_Source\PSoC4/isr_Button4.c **** *   None
 270:.\Generated_Source\PSoC4/isr_Button4.c **** *
 271:.\Generated_Source\PSoC4/isr_Button4.c **** * Return:
 272:.\Generated_Source\PSoC4/isr_Button4.c **** *   Priority of the interrupt, 0 being the highest priority
 273:.\Generated_Source\PSoC4/isr_Button4.c **** *    PSoC 3 and PSoC 5LP: Priority is from 0 to 7.
 274:.\Generated_Source\PSoC4/isr_Button4.c **** *    PSoC 4: Priority is from 0 to 3.
 275:.\Generated_Source\PSoC4/isr_Button4.c **** *
 276:.\Generated_Source\PSoC4/isr_Button4.c **** *******************************************************************************/
 277:.\Generated_Source\PSoC4/isr_Button4.c **** uint8 isr_Button4_GetPriority(void)
 278:.\Generated_Source\PSoC4/isr_Button4.c **** {
 288              		.loc 1 278 0
 289              		.cfi_startproc
 290 0000 80B5     		push	{r7, lr}
 291              		.cfi_def_cfa_offset 8
ARM GAS  C:\Users\ADMINI~1\AppData\Local\Temp\ccmqDDL9.s 			page 11


 292              		.cfi_offset 7, -8
 293              		.cfi_offset 14, -4
 294 0002 82B0     		sub	sp, sp, #8
 295              		.cfi_def_cfa_offset 16
 296 0004 00AF     		add	r7, sp, #0
 297              		.cfi_def_cfa_register 7
 279:.\Generated_Source\PSoC4/isr_Button4.c ****     uint32 priority;
 280:.\Generated_Source\PSoC4/isr_Button4.c **** 	uint32 priorityOffset = ((isr_Button4__INTC_NUMBER % 4u) * 8u) + 6u;
 298              		.loc 1 280 0
 299 0006 1E23     		mov	r3, #30
 300 0008 7B60     		str	r3, [r7, #4]
 281:.\Generated_Source\PSoC4/isr_Button4.c **** 
 282:.\Generated_Source\PSoC4/isr_Button4.c ****     priority = (*isr_Button4_INTC_PRIOR & isr_Button4__INTC_PRIOR_MASK) >> priorityOffset;
 301              		.loc 1 282 0
 302 000a 074B     		ldr	r3, .L21
 303 000c 1B68     		ldr	r3, [r3]
 304 000e 9B0F     		lsr	r3, r3, #30
 305 0010 9A07     		lsl	r2, r3, #30
 306 0012 7B68     		ldr	r3, [r7, #4]
 307 0014 DA40     		lsr	r2, r2, r3
 308 0016 131C     		mov	r3, r2
 309 0018 3B60     		str	r3, [r7]
 283:.\Generated_Source\PSoC4/isr_Button4.c **** 
 284:.\Generated_Source\PSoC4/isr_Button4.c ****     return (uint8)priority;
 310              		.loc 1 284 0
 311 001a 3B68     		ldr	r3, [r7]
 312 001c DBB2     		uxtb	r3, r3
 285:.\Generated_Source\PSoC4/isr_Button4.c **** }
 313              		.loc 1 285 0
 314 001e 181C     		mov	r0, r3
 315 0020 BD46     		mov	sp, r7
 316 0022 02B0     		add	sp, sp, #8
 317              		@ sp needed
 318 0024 80BD     		pop	{r7, pc}
 319              	.L22:
 320 0026 C046     		.align	2
 321              	.L21:
 322 0028 00E400E0 		.word	-536812544
 323              		.cfi_endproc
 324              	.LFE9:
 325              		.size	isr_Button4_GetPriority, .-isr_Button4_GetPriority
 326              		.section	.text.isr_Button4_Enable,"ax",%progbits
 327              		.align	2
 328              		.global	isr_Button4_Enable
 329              		.code	16
 330              		.thumb_func
 331              		.type	isr_Button4_Enable, %function
 332              	isr_Button4_Enable:
 333              	.LFB10:
 286:.\Generated_Source\PSoC4/isr_Button4.c **** 
 287:.\Generated_Source\PSoC4/isr_Button4.c **** 
 288:.\Generated_Source\PSoC4/isr_Button4.c **** /*******************************************************************************
 289:.\Generated_Source\PSoC4/isr_Button4.c **** * Function Name: isr_Button4_Enable
 290:.\Generated_Source\PSoC4/isr_Button4.c **** ********************************************************************************
 291:.\Generated_Source\PSoC4/isr_Button4.c **** *
 292:.\Generated_Source\PSoC4/isr_Button4.c **** * Summary:
 293:.\Generated_Source\PSoC4/isr_Button4.c **** *   Enables the interrupt to the interrupt controller. Do not call this function
ARM GAS  C:\Users\ADMINI~1\AppData\Local\Temp\ccmqDDL9.s 			page 12


 294:.\Generated_Source\PSoC4/isr_Button4.c **** *   unless ISR_Start() has been called or the functionality of the ISR_Start() 
 295:.\Generated_Source\PSoC4/isr_Button4.c **** *   function, which sets the vector and the priority, has been called.
 296:.\Generated_Source\PSoC4/isr_Button4.c **** *
 297:.\Generated_Source\PSoC4/isr_Button4.c **** * Parameters:
 298:.\Generated_Source\PSoC4/isr_Button4.c **** *   None
 299:.\Generated_Source\PSoC4/isr_Button4.c **** *
 300:.\Generated_Source\PSoC4/isr_Button4.c **** * Return:
 301:.\Generated_Source\PSoC4/isr_Button4.c **** *   None
 302:.\Generated_Source\PSoC4/isr_Button4.c **** *
 303:.\Generated_Source\PSoC4/isr_Button4.c **** *******************************************************************************/
 304:.\Generated_Source\PSoC4/isr_Button4.c **** void isr_Button4_Enable(void)
 305:.\Generated_Source\PSoC4/isr_Button4.c **** {
 334              		.loc 1 305 0
 335              		.cfi_startproc
 336 0000 80B5     		push	{r7, lr}
 337              		.cfi_def_cfa_offset 8
 338              		.cfi_offset 7, -8
 339              		.cfi_offset 14, -4
 340 0002 00AF     		add	r7, sp, #0
 341              		.cfi_def_cfa_register 7
 306:.\Generated_Source\PSoC4/isr_Button4.c ****     /* Enable the general interrupt. */
 307:.\Generated_Source\PSoC4/isr_Button4.c ****     *isr_Button4_INTC_SET_EN = isr_Button4__INTC_MASK;
 342              		.loc 1 307 0
 343 0004 024B     		ldr	r3, .L24
 344 0006 0822     		mov	r2, #8
 345 0008 1A60     		str	r2, [r3]
 308:.\Generated_Source\PSoC4/isr_Button4.c **** }
 346              		.loc 1 308 0
 347 000a BD46     		mov	sp, r7
 348              		@ sp needed
 349 000c 80BD     		pop	{r7, pc}
 350              	.L25:
 351 000e C046     		.align	2
 352              	.L24:
 353 0010 00E100E0 		.word	-536813312
 354              		.cfi_endproc
 355              	.LFE10:
 356              		.size	isr_Button4_Enable, .-isr_Button4_Enable
 357              		.section	.text.isr_Button4_GetState,"ax",%progbits
 358              		.align	2
 359              		.global	isr_Button4_GetState
 360              		.code	16
 361              		.thumb_func
 362              		.type	isr_Button4_GetState, %function
 363              	isr_Button4_GetState:
 364              	.LFB11:
 309:.\Generated_Source\PSoC4/isr_Button4.c **** 
 310:.\Generated_Source\PSoC4/isr_Button4.c **** 
 311:.\Generated_Source\PSoC4/isr_Button4.c **** /*******************************************************************************
 312:.\Generated_Source\PSoC4/isr_Button4.c **** * Function Name: isr_Button4_GetState
 313:.\Generated_Source\PSoC4/isr_Button4.c **** ********************************************************************************
 314:.\Generated_Source\PSoC4/isr_Button4.c **** *
 315:.\Generated_Source\PSoC4/isr_Button4.c **** * Summary:
 316:.\Generated_Source\PSoC4/isr_Button4.c **** *   Gets the state (enabled, disabled) of the Interrupt.
 317:.\Generated_Source\PSoC4/isr_Button4.c **** *
 318:.\Generated_Source\PSoC4/isr_Button4.c **** * Parameters:
 319:.\Generated_Source\PSoC4/isr_Button4.c **** *   None
ARM GAS  C:\Users\ADMINI~1\AppData\Local\Temp\ccmqDDL9.s 			page 13


 320:.\Generated_Source\PSoC4/isr_Button4.c **** *
 321:.\Generated_Source\PSoC4/isr_Button4.c **** * Return:
 322:.\Generated_Source\PSoC4/isr_Button4.c **** *   1 if enabled, 0 if disabled.
 323:.\Generated_Source\PSoC4/isr_Button4.c **** *
 324:.\Generated_Source\PSoC4/isr_Button4.c **** *******************************************************************************/
 325:.\Generated_Source\PSoC4/isr_Button4.c **** uint8 isr_Button4_GetState(void)
 326:.\Generated_Source\PSoC4/isr_Button4.c **** {
 365              		.loc 1 326 0
 366              		.cfi_startproc
 367 0000 80B5     		push	{r7, lr}
 368              		.cfi_def_cfa_offset 8
 369              		.cfi_offset 7, -8
 370              		.cfi_offset 14, -4
 371 0002 00AF     		add	r7, sp, #0
 372              		.cfi_def_cfa_register 7
 327:.\Generated_Source\PSoC4/isr_Button4.c ****     /* Get the state of the general interrupt. */
 328:.\Generated_Source\PSoC4/isr_Button4.c ****     return ((*isr_Button4_INTC_SET_EN & (uint32)isr_Button4__INTC_MASK) != 0u) ? 1u:0u;
 373              		.loc 1 328 0
 374 0004 054B     		ldr	r3, .L30
 375 0006 1B68     		ldr	r3, [r3]
 376 0008 0822     		mov	r2, #8
 377 000a 1340     		and	r3, r2
 378 000c 01D0     		beq	.L27
 379              		.loc 1 328 0 is_stmt 0 discriminator 1
 380 000e 0123     		mov	r3, #1
 381 0010 00E0     		b	.L28
 382              	.L27:
 383              		.loc 1 328 0 discriminator 2
 384 0012 0023     		mov	r3, #0
 385              	.L28:
 329:.\Generated_Source\PSoC4/isr_Button4.c **** }
 386              		.loc 1 329 0 is_stmt 1 discriminator 4
 387 0014 181C     		mov	r0, r3
 388 0016 BD46     		mov	sp, r7
 389              		@ sp needed
 390 0018 80BD     		pop	{r7, pc}
 391              	.L31:
 392 001a C046     		.align	2
 393              	.L30:
 394 001c 00E100E0 		.word	-536813312
 395              		.cfi_endproc
 396              	.LFE11:
 397              		.size	isr_Button4_GetState, .-isr_Button4_GetState
 398              		.section	.text.isr_Button4_Disable,"ax",%progbits
 399              		.align	2
 400              		.global	isr_Button4_Disable
 401              		.code	16
 402              		.thumb_func
 403              		.type	isr_Button4_Disable, %function
 404              	isr_Button4_Disable:
 405              	.LFB12:
 330:.\Generated_Source\PSoC4/isr_Button4.c **** 
 331:.\Generated_Source\PSoC4/isr_Button4.c **** 
 332:.\Generated_Source\PSoC4/isr_Button4.c **** /*******************************************************************************
 333:.\Generated_Source\PSoC4/isr_Button4.c **** * Function Name: isr_Button4_Disable
 334:.\Generated_Source\PSoC4/isr_Button4.c **** ********************************************************************************
 335:.\Generated_Source\PSoC4/isr_Button4.c **** *
ARM GAS  C:\Users\ADMINI~1\AppData\Local\Temp\ccmqDDL9.s 			page 14


 336:.\Generated_Source\PSoC4/isr_Button4.c **** * Summary:
 337:.\Generated_Source\PSoC4/isr_Button4.c **** *   Disables the Interrupt in the interrupt controller.
 338:.\Generated_Source\PSoC4/isr_Button4.c **** *
 339:.\Generated_Source\PSoC4/isr_Button4.c **** * Parameters:
 340:.\Generated_Source\PSoC4/isr_Button4.c **** *   None
 341:.\Generated_Source\PSoC4/isr_Button4.c **** *
 342:.\Generated_Source\PSoC4/isr_Button4.c **** * Return:
 343:.\Generated_Source\PSoC4/isr_Button4.c **** *   None
 344:.\Generated_Source\PSoC4/isr_Button4.c **** *
 345:.\Generated_Source\PSoC4/isr_Button4.c **** *******************************************************************************/
 346:.\Generated_Source\PSoC4/isr_Button4.c **** void isr_Button4_Disable(void)
 347:.\Generated_Source\PSoC4/isr_Button4.c **** {
 406              		.loc 1 347 0
 407              		.cfi_startproc
 408 0000 80B5     		push	{r7, lr}
 409              		.cfi_def_cfa_offset 8
 410              		.cfi_offset 7, -8
 411              		.cfi_offset 14, -4
 412 0002 00AF     		add	r7, sp, #0
 413              		.cfi_def_cfa_register 7
 348:.\Generated_Source\PSoC4/isr_Button4.c ****     /* Disable the general interrupt. */
 349:.\Generated_Source\PSoC4/isr_Button4.c ****     *isr_Button4_INTC_CLR_EN = isr_Button4__INTC_MASK;
 414              		.loc 1 349 0
 415 0004 024B     		ldr	r3, .L33
 416 0006 0822     		mov	r2, #8
 417 0008 1A60     		str	r2, [r3]
 350:.\Generated_Source\PSoC4/isr_Button4.c **** }
 418              		.loc 1 350 0
 419 000a BD46     		mov	sp, r7
 420              		@ sp needed
 421 000c 80BD     		pop	{r7, pc}
 422              	.L34:
 423 000e C046     		.align	2
 424              	.L33:
 425 0010 80E100E0 		.word	-536813184
 426              		.cfi_endproc
 427              	.LFE12:
 428              		.size	isr_Button4_Disable, .-isr_Button4_Disable
 429              		.section	.text.isr_Button4_SetPending,"ax",%progbits
 430              		.align	2
 431              		.global	isr_Button4_SetPending
 432              		.code	16
 433              		.thumb_func
 434              		.type	isr_Button4_SetPending, %function
 435              	isr_Button4_SetPending:
 436              	.LFB13:
 351:.\Generated_Source\PSoC4/isr_Button4.c **** 
 352:.\Generated_Source\PSoC4/isr_Button4.c **** 
 353:.\Generated_Source\PSoC4/isr_Button4.c **** /*******************************************************************************
 354:.\Generated_Source\PSoC4/isr_Button4.c **** * Function Name: isr_Button4_SetPending
 355:.\Generated_Source\PSoC4/isr_Button4.c **** ********************************************************************************
 356:.\Generated_Source\PSoC4/isr_Button4.c **** *
 357:.\Generated_Source\PSoC4/isr_Button4.c **** * Summary:
 358:.\Generated_Source\PSoC4/isr_Button4.c **** *   Causes the Interrupt to enter the pending state, a software method of
 359:.\Generated_Source\PSoC4/isr_Button4.c **** *   generating the interrupt.
 360:.\Generated_Source\PSoC4/isr_Button4.c **** *
 361:.\Generated_Source\PSoC4/isr_Button4.c **** * Parameters:
ARM GAS  C:\Users\ADMINI~1\AppData\Local\Temp\ccmqDDL9.s 			page 15


 362:.\Generated_Source\PSoC4/isr_Button4.c **** *   None
 363:.\Generated_Source\PSoC4/isr_Button4.c **** *
 364:.\Generated_Source\PSoC4/isr_Button4.c **** * Return:
 365:.\Generated_Source\PSoC4/isr_Button4.c **** *   None
 366:.\Generated_Source\PSoC4/isr_Button4.c **** *
 367:.\Generated_Source\PSoC4/isr_Button4.c **** * Side Effects:
 368:.\Generated_Source\PSoC4/isr_Button4.c **** *   If interrupts are enabled and the interrupt is set up properly, the ISR is
 369:.\Generated_Source\PSoC4/isr_Button4.c **** *   entered (depending on the priority of this interrupt and other pending 
 370:.\Generated_Source\PSoC4/isr_Button4.c **** *   interrupts).
 371:.\Generated_Source\PSoC4/isr_Button4.c **** *
 372:.\Generated_Source\PSoC4/isr_Button4.c **** *******************************************************************************/
 373:.\Generated_Source\PSoC4/isr_Button4.c **** void isr_Button4_SetPending(void)
 374:.\Generated_Source\PSoC4/isr_Button4.c **** {
 437              		.loc 1 374 0
 438              		.cfi_startproc
 439 0000 80B5     		push	{r7, lr}
 440              		.cfi_def_cfa_offset 8
 441              		.cfi_offset 7, -8
 442              		.cfi_offset 14, -4
 443 0002 00AF     		add	r7, sp, #0
 444              		.cfi_def_cfa_register 7
 375:.\Generated_Source\PSoC4/isr_Button4.c ****     *isr_Button4_INTC_SET_PD = isr_Button4__INTC_MASK;
 445              		.loc 1 375 0
 446 0004 024B     		ldr	r3, .L36
 447 0006 0822     		mov	r2, #8
 448 0008 1A60     		str	r2, [r3]
 376:.\Generated_Source\PSoC4/isr_Button4.c **** }
 449              		.loc 1 376 0
 450 000a BD46     		mov	sp, r7
 451              		@ sp needed
 452 000c 80BD     		pop	{r7, pc}
 453              	.L37:
 454 000e C046     		.align	2
 455              	.L36:
 456 0010 00E200E0 		.word	-536813056
 457              		.cfi_endproc
 458              	.LFE13:
 459              		.size	isr_Button4_SetPending, .-isr_Button4_SetPending
 460              		.section	.text.isr_Button4_ClearPending,"ax",%progbits
 461              		.align	2
 462              		.global	isr_Button4_ClearPending
 463              		.code	16
 464              		.thumb_func
 465              		.type	isr_Button4_ClearPending, %function
 466              	isr_Button4_ClearPending:
 467              	.LFB14:
 377:.\Generated_Source\PSoC4/isr_Button4.c **** 
 378:.\Generated_Source\PSoC4/isr_Button4.c **** 
 379:.\Generated_Source\PSoC4/isr_Button4.c **** /*******************************************************************************
 380:.\Generated_Source\PSoC4/isr_Button4.c **** * Function Name: isr_Button4_ClearPending
 381:.\Generated_Source\PSoC4/isr_Button4.c **** ********************************************************************************
 382:.\Generated_Source\PSoC4/isr_Button4.c **** *
 383:.\Generated_Source\PSoC4/isr_Button4.c **** * Summary:
 384:.\Generated_Source\PSoC4/isr_Button4.c **** *   Clears a pending interrupt in the interrupt controller.
 385:.\Generated_Source\PSoC4/isr_Button4.c **** *
 386:.\Generated_Source\PSoC4/isr_Button4.c **** *   Note Some interrupt sources are clear-on-read and require the block 
 387:.\Generated_Source\PSoC4/isr_Button4.c **** *   interrupt/status register to be read/cleared with the appropriate block API 
ARM GAS  C:\Users\ADMINI~1\AppData\Local\Temp\ccmqDDL9.s 			page 16


 388:.\Generated_Source\PSoC4/isr_Button4.c **** *   (GPIO, UART, and so on). Otherwise the ISR will continue to remain in 
 389:.\Generated_Source\PSoC4/isr_Button4.c **** *   pending state even though the interrupt itself is cleared using this API.
 390:.\Generated_Source\PSoC4/isr_Button4.c **** *
 391:.\Generated_Source\PSoC4/isr_Button4.c **** * Parameters:
 392:.\Generated_Source\PSoC4/isr_Button4.c **** *   None
 393:.\Generated_Source\PSoC4/isr_Button4.c **** *
 394:.\Generated_Source\PSoC4/isr_Button4.c **** * Return:
 395:.\Generated_Source\PSoC4/isr_Button4.c **** *   None
 396:.\Generated_Source\PSoC4/isr_Button4.c **** *
 397:.\Generated_Source\PSoC4/isr_Button4.c **** *******************************************************************************/
 398:.\Generated_Source\PSoC4/isr_Button4.c **** void isr_Button4_ClearPending(void)
 399:.\Generated_Source\PSoC4/isr_Button4.c **** {
 468              		.loc 1 399 0
 469              		.cfi_startproc
 470 0000 80B5     		push	{r7, lr}
 471              		.cfi_def_cfa_offset 8
 472              		.cfi_offset 7, -8
 473              		.cfi_offset 14, -4
 474 0002 00AF     		add	r7, sp, #0
 475              		.cfi_def_cfa_register 7
 400:.\Generated_Source\PSoC4/isr_Button4.c ****     *isr_Button4_INTC_CLR_PD = isr_Button4__INTC_MASK;
 476              		.loc 1 400 0
 477 0004 024B     		ldr	r3, .L39
 478 0006 0822     		mov	r2, #8
 479 0008 1A60     		str	r2, [r3]
 401:.\Generated_Source\PSoC4/isr_Button4.c **** }
 480              		.loc 1 401 0
 481 000a BD46     		mov	sp, r7
 482              		@ sp needed
 483 000c 80BD     		pop	{r7, pc}
 484              	.L40:
 485 000e C046     		.align	2
 486              	.L39:
 487 0010 80E200E0 		.word	-536812928
 488              		.cfi_endproc
 489              	.LFE14:
 490              		.size	isr_Button4_ClearPending, .-isr_Button4_ClearPending
 491              		.text
 492              	.Letext0:
 493              		.file 2 "Generated_Source\\PSoC4/cytypes.h"
 494              		.section	.debug_info,"",%progbits
 495              	.Ldebug_info0:
 496 0000 42020000 		.4byte	0x242
 497 0004 0400     		.2byte	0x4
 498 0006 00000000 		.4byte	.Ldebug_abbrev0
 499 000a 04       		.byte	0x4
 500 000b 01       		.uleb128 0x1
 501 000c 06000000 		.4byte	.LASF33
 502 0010 01       		.byte	0x1
 503 0011 52020000 		.4byte	.LASF34
 504 0015 E5000000 		.4byte	.LASF35
 505 0019 00000000 		.4byte	.Ldebug_ranges0+0
 506 001d 00000000 		.4byte	0
 507 0021 00000000 		.4byte	.Ldebug_line0
 508 0025 02       		.uleb128 0x2
 509 0026 01       		.byte	0x1
 510 0027 06       		.byte	0x6
ARM GAS  C:\Users\ADMINI~1\AppData\Local\Temp\ccmqDDL9.s 			page 17


 511 0028 F6020000 		.4byte	.LASF0
 512 002c 02       		.uleb128 0x2
 513 002d 01       		.byte	0x1
 514 002e 08       		.byte	0x8
 515 002f 66010000 		.4byte	.LASF1
 516 0033 02       		.uleb128 0x2
 517 0034 02       		.byte	0x2
 518 0035 05       		.byte	0x5
 519 0036 BD020000 		.4byte	.LASF2
 520 003a 02       		.uleb128 0x2
 521 003b 02       		.byte	0x2
 522 003c 07       		.byte	0x7
 523 003d D2000000 		.4byte	.LASF3
 524 0041 02       		.uleb128 0x2
 525 0042 04       		.byte	0x4
 526 0043 05       		.byte	0x5
 527 0044 ED020000 		.4byte	.LASF4
 528 0048 02       		.uleb128 0x2
 529 0049 04       		.byte	0x4
 530 004a 07       		.byte	0x7
 531 004b 94010000 		.4byte	.LASF5
 532 004f 02       		.uleb128 0x2
 533 0050 08       		.byte	0x8
 534 0051 05       		.byte	0x5
 535 0052 95020000 		.4byte	.LASF6
 536 0056 02       		.uleb128 0x2
 537 0057 08       		.byte	0x8
 538 0058 07       		.byte	0x7
 539 0059 2E020000 		.4byte	.LASF7
 540 005d 03       		.uleb128 0x3
 541 005e 04       		.byte	0x4
 542 005f 05       		.byte	0x5
 543 0060 696E7400 		.ascii	"int\000"
 544 0064 02       		.uleb128 0x2
 545 0065 04       		.byte	0x4
 546 0066 07       		.byte	0x7
 547 0067 19020000 		.4byte	.LASF8
 548 006b 04       		.uleb128 0x4
 549 006c BA010000 		.4byte	.LASF9
 550 0070 02       		.byte	0x2
 551 0071 3801     		.2byte	0x138
 552 0073 2C000000 		.4byte	0x2c
 553 0077 04       		.uleb128 0x4
 554 0078 FC010000 		.4byte	.LASF10
 555 007c 02       		.byte	0x2
 556 007d 3A01     		.2byte	0x13a
 557 007f 48000000 		.4byte	0x48
 558 0083 02       		.uleb128 0x2
 559 0084 04       		.byte	0x4
 560 0085 04       		.byte	0x4
 561 0086 60010000 		.4byte	.LASF11
 562 008a 02       		.uleb128 0x2
 563 008b 08       		.byte	0x8
 564 008c 04       		.byte	0x4
 565 008d C9010000 		.4byte	.LASF12
 566 0091 02       		.uleb128 0x2
 567 0092 01       		.byte	0x1
ARM GAS  C:\Users\ADMINI~1\AppData\Local\Temp\ccmqDDL9.s 			page 18


 568 0093 08       		.byte	0x8
 569 0094 A3020000 		.4byte	.LASF13
 570 0098 04       		.uleb128 0x4
 571 0099 00000000 		.4byte	.LASF14
 572 009d 02       		.byte	0x2
 573 009e E401     		.2byte	0x1e4
 574 00a0 A4000000 		.4byte	0xa4
 575 00a4 05       		.uleb128 0x5
 576 00a5 77000000 		.4byte	0x77
 577 00a9 04       		.uleb128 0x4
 578 00aa 45020000 		.4byte	.LASF15
 579 00ae 02       		.byte	0x2
 580 00af F401     		.2byte	0x1f4
 581 00b1 B5000000 		.4byte	0xb5
 582 00b5 06       		.uleb128 0x6
 583 00b6 04       		.byte	0x4
 584 00b7 BB000000 		.4byte	0xbb
 585 00bb 07       		.uleb128 0x7
 586 00bc 02       		.uleb128 0x2
 587 00bd 04       		.byte	0x4
 588 00be 07       		.byte	0x7
 589 00bf 8C020000 		.4byte	.LASF16
 590 00c3 08       		.uleb128 0x8
 591 00c4 4E010000 		.4byte	.LASF17
 592 00c8 01       		.byte	0x1
 593 00c9 38       		.byte	0x38
 594 00ca 00000000 		.4byte	.LFB2
 595 00ce 24000000 		.4byte	.LFE2-.LFB2
 596 00d2 01       		.uleb128 0x1
 597 00d3 9C       		.byte	0x9c
 598 00d4 09       		.uleb128 0x9
 599 00d5 A6010000 		.4byte	.LASF20
 600 00d9 01       		.byte	0x1
 601 00da 63       		.byte	0x63
 602 00db 00000000 		.4byte	.LFB3
 603 00df 24000000 		.4byte	.LFE3-.LFB3
 604 00e3 01       		.uleb128 0x1
 605 00e4 9C       		.byte	0x9c
 606 00e5 F8000000 		.4byte	0xf8
 607 00e9 0A       		.uleb128 0xa
 608 00ea 26020000 		.4byte	.LASF22
 609 00ee 01       		.byte	0x1
 610 00ef 63       		.byte	0x63
 611 00f0 A9000000 		.4byte	0xa9
 612 00f4 02       		.uleb128 0x2
 613 00f5 91       		.byte	0x91
 614 00f6 74       		.sleb128 -12
 615 00f7 00       		.byte	0
 616 00f8 08       		.uleb128 0x8
 617 00f9 74010000 		.4byte	.LASF18
 618 00fd 01       		.byte	0x1
 619 00fe 81       		.byte	0x81
 620 00ff 00000000 		.4byte	.LFB4
 621 0103 18000000 		.4byte	.LFE4-.LFB4
 622 0107 01       		.uleb128 0x1
 623 0108 9C       		.byte	0x9c
 624 0109 0B       		.uleb128 0xb
ARM GAS  C:\Users\ADMINI~1\AppData\Local\Temp\ccmqDDL9.s 			page 19


 625 010a 18030000 		.4byte	.LASF19
 626 010e 01       		.byte	0x1
 627 010f 9F       		.byte	0x9f
 628 0110 00000000 		.4byte	.LFB5
 629 0114 08000000 		.4byte	.LFE5-.LFB5
 630 0118 01       		.uleb128 0x1
 631 0119 9C       		.byte	0x9c
 632 011a 0C       		.uleb128 0xc
 633 011b 03020000 		.4byte	.LASF21
 634 011f 01       		.byte	0x1
 635 0120 C7       		.byte	0xc7
 636 0121 00000000 		.4byte	.LFB6
 637 0125 18000000 		.4byte	.LFE6-.LFB6
 638 0129 01       		.uleb128 0x1
 639 012a 9C       		.byte	0x9c
 640 012b 3E010000 		.4byte	0x13e
 641 012f 0A       		.uleb128 0xa
 642 0130 26020000 		.4byte	.LASF22
 643 0134 01       		.byte	0x1
 644 0135 C7       		.byte	0xc7
 645 0136 A9000000 		.4byte	0xa9
 646 013a 02       		.uleb128 0x2
 647 013b 91       		.byte	0x91
 648 013c 74       		.sleb128 -12
 649 013d 00       		.byte	0
 650 013e 0D       		.uleb128 0xd
 651 013f 02030000 		.4byte	.LASF28
 652 0143 01       		.byte	0x1
 653 0144 DB       		.byte	0xdb
 654 0145 A9000000 		.4byte	0xa9
 655 0149 00000000 		.4byte	.LFB7
 656 014d 14000000 		.4byte	.LFE7-.LFB7
 657 0151 01       		.uleb128 0x1
 658 0152 9C       		.byte	0x9c
 659 0153 09       		.uleb128 0x9
 660 0154 D0010000 		.4byte	.LASF23
 661 0158 01       		.byte	0x1
 662 0159 F9       		.byte	0xf9
 663 015a 00000000 		.4byte	.LFB8
 664 015e 4C000000 		.4byte	.LFE8-.LFB8
 665 0162 01       		.uleb128 0x1
 666 0163 9C       		.byte	0x9c
 667 0164 93010000 		.4byte	0x193
 668 0168 0A       		.uleb128 0xa
 669 0169 C0010000 		.4byte	.LASF24
 670 016d 01       		.byte	0x1
 671 016e F9       		.byte	0xf9
 672 016f 6B000000 		.4byte	0x6b
 673 0173 02       		.uleb128 0x2
 674 0174 91       		.byte	0x91
 675 0175 67       		.sleb128 -25
 676 0176 0E       		.uleb128 0xe
 677 0177 85010000 		.4byte	.LASF25
 678 017b 01       		.byte	0x1
 679 017c FB       		.byte	0xfb
 680 017d 6B000000 		.4byte	0x6b
 681 0181 02       		.uleb128 0x2
ARM GAS  C:\Users\ADMINI~1\AppData\Local\Temp\ccmqDDL9.s 			page 20


 682 0182 91       		.byte	0x91
 683 0183 6B       		.sleb128 -21
 684 0184 0E       		.uleb128 0xe
 685 0185 DE020000 		.4byte	.LASF26
 686 0189 01       		.byte	0x1
 687 018a FC       		.byte	0xfc
 688 018b 77000000 		.4byte	0x77
 689 018f 02       		.uleb128 0x2
 690 0190 91       		.byte	0x91
 691 0191 6C       		.sleb128 -20
 692 0192 00       		.byte	0
 693 0193 0F       		.uleb128 0xf
 694 0194 BA000000 		.4byte	.LASF36
 695 0198 01       		.byte	0x1
 696 0199 1501     		.2byte	0x115
 697 019b 6B000000 		.4byte	0x6b
 698 019f 00000000 		.4byte	.LFB9
 699 01a3 2C000000 		.4byte	.LFE9-.LFB9
 700 01a7 01       		.uleb128 0x1
 701 01a8 9C       		.byte	0x9c
 702 01a9 CC010000 		.4byte	0x1cc
 703 01ad 10       		.uleb128 0x10
 704 01ae C0010000 		.4byte	.LASF24
 705 01b2 01       		.byte	0x1
 706 01b3 1701     		.2byte	0x117
 707 01b5 77000000 		.4byte	0x77
 708 01b9 02       		.uleb128 0x2
 709 01ba 91       		.byte	0x91
 710 01bb 70       		.sleb128 -16
 711 01bc 10       		.uleb128 0x10
 712 01bd DE020000 		.4byte	.LASF26
 713 01c1 01       		.byte	0x1
 714 01c2 1801     		.2byte	0x118
 715 01c4 77000000 		.4byte	0x77
 716 01c8 02       		.uleb128 0x2
 717 01c9 91       		.byte	0x91
 718 01ca 74       		.sleb128 -12
 719 01cb 00       		.byte	0
 720 01cc 11       		.uleb128 0x11
 721 01cd 79020000 		.4byte	.LASF27
 722 01d1 01       		.byte	0x1
 723 01d2 3001     		.2byte	0x130
 724 01d4 00000000 		.4byte	.LFB10
 725 01d8 14000000 		.4byte	.LFE10-.LFB10
 726 01dc 01       		.uleb128 0x1
 727 01dd 9C       		.byte	0x9c
 728 01de 12       		.uleb128 0x12
 729 01df A8020000 		.4byte	.LASF29
 730 01e3 01       		.byte	0x1
 731 01e4 4501     		.2byte	0x145
 732 01e6 6B000000 		.4byte	0x6b
 733 01ea 00000000 		.4byte	.LFB11
 734 01ee 20000000 		.4byte	.LFE11-.LFB11
 735 01f2 01       		.uleb128 0x1
 736 01f3 9C       		.byte	0x9c
 737 01f4 11       		.uleb128 0x11
 738 01f5 E8010000 		.4byte	.LASF30
ARM GAS  C:\Users\ADMINI~1\AppData\Local\Temp\ccmqDDL9.s 			page 21


 739 01f9 01       		.byte	0x1
 740 01fa 5A01     		.2byte	0x15a
 741 01fc 00000000 		.4byte	.LFB12
 742 0200 14000000 		.4byte	.LFE12-.LFB12
 743 0204 01       		.uleb128 0x1
 744 0205 9C       		.byte	0x9c
 745 0206 11       		.uleb128 0x11
 746 0207 C7020000 		.4byte	.LASF31
 747 020b 01       		.byte	0x1
 748 020c 7501     		.2byte	0x175
 749 020e 00000000 		.4byte	.LFB13
 750 0212 14000000 		.4byte	.LFE13-.LFB13
 751 0216 01       		.uleb128 0x1
 752 0217 9C       		.byte	0x9c
 753 0218 11       		.uleb128 0x11
 754 0219 94000000 		.4byte	.LASF32
 755 021d 01       		.byte	0x1
 756 021e 8E01     		.2byte	0x18e
 757 0220 00000000 		.4byte	.LFB14
 758 0224 14000000 		.4byte	.LFE14-.LFB14
 759 0228 01       		.uleb128 0x1
 760 0229 9C       		.byte	0x9c
 761 022a 13       		.uleb128 0x13
 762 022b A9000000 		.4byte	0xa9
 763 022f 3A020000 		.4byte	0x23a
 764 0233 14       		.uleb128 0x14
 765 0234 BC000000 		.4byte	0xbc
 766 0238 2F       		.byte	0x2f
 767 0239 00       		.byte	0
 768 023a 15       		.uleb128 0x15
 769 023b AD000000 		.4byte	.LASF37
 770 023f 01       		.byte	0x1
 771 0240 21       		.byte	0x21
 772 0241 2A020000 		.4byte	0x22a
 773 0245 00       		.byte	0
 774              		.section	.debug_abbrev,"",%progbits
 775              	.Ldebug_abbrev0:
 776 0000 01       		.uleb128 0x1
 777 0001 11       		.uleb128 0x11
 778 0002 01       		.byte	0x1
 779 0003 25       		.uleb128 0x25
 780 0004 0E       		.uleb128 0xe
 781 0005 13       		.uleb128 0x13
 782 0006 0B       		.uleb128 0xb
 783 0007 03       		.uleb128 0x3
 784 0008 0E       		.uleb128 0xe
 785 0009 1B       		.uleb128 0x1b
 786 000a 0E       		.uleb128 0xe
 787 000b 55       		.uleb128 0x55
 788 000c 17       		.uleb128 0x17
 789 000d 11       		.uleb128 0x11
 790 000e 01       		.uleb128 0x1
 791 000f 10       		.uleb128 0x10
 792 0010 17       		.uleb128 0x17
 793 0011 00       		.byte	0
 794 0012 00       		.byte	0
 795 0013 02       		.uleb128 0x2
ARM GAS  C:\Users\ADMINI~1\AppData\Local\Temp\ccmqDDL9.s 			page 22


 796 0014 24       		.uleb128 0x24
 797 0015 00       		.byte	0
 798 0016 0B       		.uleb128 0xb
 799 0017 0B       		.uleb128 0xb
 800 0018 3E       		.uleb128 0x3e
 801 0019 0B       		.uleb128 0xb
 802 001a 03       		.uleb128 0x3
 803 001b 0E       		.uleb128 0xe
 804 001c 00       		.byte	0
 805 001d 00       		.byte	0
 806 001e 03       		.uleb128 0x3
 807 001f 24       		.uleb128 0x24
 808 0020 00       		.byte	0
 809 0021 0B       		.uleb128 0xb
 810 0022 0B       		.uleb128 0xb
 811 0023 3E       		.uleb128 0x3e
 812 0024 0B       		.uleb128 0xb
 813 0025 03       		.uleb128 0x3
 814 0026 08       		.uleb128 0x8
 815 0027 00       		.byte	0
 816 0028 00       		.byte	0
 817 0029 04       		.uleb128 0x4
 818 002a 16       		.uleb128 0x16
 819 002b 00       		.byte	0
 820 002c 03       		.uleb128 0x3
 821 002d 0E       		.uleb128 0xe
 822 002e 3A       		.uleb128 0x3a
 823 002f 0B       		.uleb128 0xb
 824 0030 3B       		.uleb128 0x3b
 825 0031 05       		.uleb128 0x5
 826 0032 49       		.uleb128 0x49
 827 0033 13       		.uleb128 0x13
 828 0034 00       		.byte	0
 829 0035 00       		.byte	0
 830 0036 05       		.uleb128 0x5
 831 0037 35       		.uleb128 0x35
 832 0038 00       		.byte	0
 833 0039 49       		.uleb128 0x49
 834 003a 13       		.uleb128 0x13
 835 003b 00       		.byte	0
 836 003c 00       		.byte	0
 837 003d 06       		.uleb128 0x6
 838 003e 0F       		.uleb128 0xf
 839 003f 00       		.byte	0
 840 0040 0B       		.uleb128 0xb
 841 0041 0B       		.uleb128 0xb
 842 0042 49       		.uleb128 0x49
 843 0043 13       		.uleb128 0x13
 844 0044 00       		.byte	0
 845 0045 00       		.byte	0
 846 0046 07       		.uleb128 0x7
 847 0047 15       		.uleb128 0x15
 848 0048 00       		.byte	0
 849 0049 27       		.uleb128 0x27
 850 004a 19       		.uleb128 0x19
 851 004b 00       		.byte	0
 852 004c 00       		.byte	0
ARM GAS  C:\Users\ADMINI~1\AppData\Local\Temp\ccmqDDL9.s 			page 23


 853 004d 08       		.uleb128 0x8
 854 004e 2E       		.uleb128 0x2e
 855 004f 00       		.byte	0
 856 0050 3F       		.uleb128 0x3f
 857 0051 19       		.uleb128 0x19
 858 0052 03       		.uleb128 0x3
 859 0053 0E       		.uleb128 0xe
 860 0054 3A       		.uleb128 0x3a
 861 0055 0B       		.uleb128 0xb
 862 0056 3B       		.uleb128 0x3b
 863 0057 0B       		.uleb128 0xb
 864 0058 27       		.uleb128 0x27
 865 0059 19       		.uleb128 0x19
 866 005a 11       		.uleb128 0x11
 867 005b 01       		.uleb128 0x1
 868 005c 12       		.uleb128 0x12
 869 005d 06       		.uleb128 0x6
 870 005e 40       		.uleb128 0x40
 871 005f 18       		.uleb128 0x18
 872 0060 9642     		.uleb128 0x2116
 873 0062 19       		.uleb128 0x19
 874 0063 00       		.byte	0
 875 0064 00       		.byte	0
 876 0065 09       		.uleb128 0x9
 877 0066 2E       		.uleb128 0x2e
 878 0067 01       		.byte	0x1
 879 0068 3F       		.uleb128 0x3f
 880 0069 19       		.uleb128 0x19
 881 006a 03       		.uleb128 0x3
 882 006b 0E       		.uleb128 0xe
 883 006c 3A       		.uleb128 0x3a
 884 006d 0B       		.uleb128 0xb
 885 006e 3B       		.uleb128 0x3b
 886 006f 0B       		.uleb128 0xb
 887 0070 27       		.uleb128 0x27
 888 0071 19       		.uleb128 0x19
 889 0072 11       		.uleb128 0x11
 890 0073 01       		.uleb128 0x1
 891 0074 12       		.uleb128 0x12
 892 0075 06       		.uleb128 0x6
 893 0076 40       		.uleb128 0x40
 894 0077 18       		.uleb128 0x18
 895 0078 9642     		.uleb128 0x2116
 896 007a 19       		.uleb128 0x19
 897 007b 01       		.uleb128 0x1
 898 007c 13       		.uleb128 0x13
 899 007d 00       		.byte	0
 900 007e 00       		.byte	0
 901 007f 0A       		.uleb128 0xa
 902 0080 05       		.uleb128 0x5
 903 0081 00       		.byte	0
 904 0082 03       		.uleb128 0x3
 905 0083 0E       		.uleb128 0xe
 906 0084 3A       		.uleb128 0x3a
 907 0085 0B       		.uleb128 0xb
 908 0086 3B       		.uleb128 0x3b
 909 0087 0B       		.uleb128 0xb
ARM GAS  C:\Users\ADMINI~1\AppData\Local\Temp\ccmqDDL9.s 			page 24


 910 0088 49       		.uleb128 0x49
 911 0089 13       		.uleb128 0x13
 912 008a 02       		.uleb128 0x2
 913 008b 18       		.uleb128 0x18
 914 008c 00       		.byte	0
 915 008d 00       		.byte	0
 916 008e 0B       		.uleb128 0xb
 917 008f 2E       		.uleb128 0x2e
 918 0090 00       		.byte	0
 919 0091 3F       		.uleb128 0x3f
 920 0092 19       		.uleb128 0x19
 921 0093 03       		.uleb128 0x3
 922 0094 0E       		.uleb128 0xe
 923 0095 3A       		.uleb128 0x3a
 924 0096 0B       		.uleb128 0xb
 925 0097 3B       		.uleb128 0x3b
 926 0098 0B       		.uleb128 0xb
 927 0099 27       		.uleb128 0x27
 928 009a 19       		.uleb128 0x19
 929 009b 11       		.uleb128 0x11
 930 009c 01       		.uleb128 0x1
 931 009d 12       		.uleb128 0x12
 932 009e 06       		.uleb128 0x6
 933 009f 40       		.uleb128 0x40
 934 00a0 18       		.uleb128 0x18
 935 00a1 9742     		.uleb128 0x2117
 936 00a3 19       		.uleb128 0x19
 937 00a4 00       		.byte	0
 938 00a5 00       		.byte	0
 939 00a6 0C       		.uleb128 0xc
 940 00a7 2E       		.uleb128 0x2e
 941 00a8 01       		.byte	0x1
 942 00a9 3F       		.uleb128 0x3f
 943 00aa 19       		.uleb128 0x19
 944 00ab 03       		.uleb128 0x3
 945 00ac 0E       		.uleb128 0xe
 946 00ad 3A       		.uleb128 0x3a
 947 00ae 0B       		.uleb128 0xb
 948 00af 3B       		.uleb128 0x3b
 949 00b0 0B       		.uleb128 0xb
 950 00b1 27       		.uleb128 0x27
 951 00b2 19       		.uleb128 0x19
 952 00b3 11       		.uleb128 0x11
 953 00b4 01       		.uleb128 0x1
 954 00b5 12       		.uleb128 0x12
 955 00b6 06       		.uleb128 0x6
 956 00b7 40       		.uleb128 0x40
 957 00b8 18       		.uleb128 0x18
 958 00b9 9742     		.uleb128 0x2117
 959 00bb 19       		.uleb128 0x19
 960 00bc 01       		.uleb128 0x1
 961 00bd 13       		.uleb128 0x13
 962 00be 00       		.byte	0
 963 00bf 00       		.byte	0
 964 00c0 0D       		.uleb128 0xd
 965 00c1 2E       		.uleb128 0x2e
 966 00c2 00       		.byte	0
ARM GAS  C:\Users\ADMINI~1\AppData\Local\Temp\ccmqDDL9.s 			page 25


 967 00c3 3F       		.uleb128 0x3f
 968 00c4 19       		.uleb128 0x19
 969 00c5 03       		.uleb128 0x3
 970 00c6 0E       		.uleb128 0xe
 971 00c7 3A       		.uleb128 0x3a
 972 00c8 0B       		.uleb128 0xb
 973 00c9 3B       		.uleb128 0x3b
 974 00ca 0B       		.uleb128 0xb
 975 00cb 27       		.uleb128 0x27
 976 00cc 19       		.uleb128 0x19
 977 00cd 49       		.uleb128 0x49
 978 00ce 13       		.uleb128 0x13
 979 00cf 11       		.uleb128 0x11
 980 00d0 01       		.uleb128 0x1
 981 00d1 12       		.uleb128 0x12
 982 00d2 06       		.uleb128 0x6
 983 00d3 40       		.uleb128 0x40
 984 00d4 18       		.uleb128 0x18
 985 00d5 9742     		.uleb128 0x2117
 986 00d7 19       		.uleb128 0x19
 987 00d8 00       		.byte	0
 988 00d9 00       		.byte	0
 989 00da 0E       		.uleb128 0xe
 990 00db 34       		.uleb128 0x34
 991 00dc 00       		.byte	0
 992 00dd 03       		.uleb128 0x3
 993 00de 0E       		.uleb128 0xe
 994 00df 3A       		.uleb128 0x3a
 995 00e0 0B       		.uleb128 0xb
 996 00e1 3B       		.uleb128 0x3b
 997 00e2 0B       		.uleb128 0xb
 998 00e3 49       		.uleb128 0x49
 999 00e4 13       		.uleb128 0x13
 1000 00e5 02       		.uleb128 0x2
 1001 00e6 18       		.uleb128 0x18
 1002 00e7 00       		.byte	0
 1003 00e8 00       		.byte	0
 1004 00e9 0F       		.uleb128 0xf
 1005 00ea 2E       		.uleb128 0x2e
 1006 00eb 01       		.byte	0x1
 1007 00ec 3F       		.uleb128 0x3f
 1008 00ed 19       		.uleb128 0x19
 1009 00ee 03       		.uleb128 0x3
 1010 00ef 0E       		.uleb128 0xe
 1011 00f0 3A       		.uleb128 0x3a
 1012 00f1 0B       		.uleb128 0xb
 1013 00f2 3B       		.uleb128 0x3b
 1014 00f3 05       		.uleb128 0x5
 1015 00f4 27       		.uleb128 0x27
 1016 00f5 19       		.uleb128 0x19
 1017 00f6 49       		.uleb128 0x49
 1018 00f7 13       		.uleb128 0x13
 1019 00f8 11       		.uleb128 0x11
 1020 00f9 01       		.uleb128 0x1
 1021 00fa 12       		.uleb128 0x12
 1022 00fb 06       		.uleb128 0x6
 1023 00fc 40       		.uleb128 0x40
ARM GAS  C:\Users\ADMINI~1\AppData\Local\Temp\ccmqDDL9.s 			page 26


 1024 00fd 18       		.uleb128 0x18
 1025 00fe 9742     		.uleb128 0x2117
 1026 0100 19       		.uleb128 0x19
 1027 0101 01       		.uleb128 0x1
 1028 0102 13       		.uleb128 0x13
 1029 0103 00       		.byte	0
 1030 0104 00       		.byte	0
 1031 0105 10       		.uleb128 0x10
 1032 0106 34       		.uleb128 0x34
 1033 0107 00       		.byte	0
 1034 0108 03       		.uleb128 0x3
 1035 0109 0E       		.uleb128 0xe
 1036 010a 3A       		.uleb128 0x3a
 1037 010b 0B       		.uleb128 0xb
 1038 010c 3B       		.uleb128 0x3b
 1039 010d 05       		.uleb128 0x5
 1040 010e 49       		.uleb128 0x49
 1041 010f 13       		.uleb128 0x13
 1042 0110 02       		.uleb128 0x2
 1043 0111 18       		.uleb128 0x18
 1044 0112 00       		.byte	0
 1045 0113 00       		.byte	0
 1046 0114 11       		.uleb128 0x11
 1047 0115 2E       		.uleb128 0x2e
 1048 0116 00       		.byte	0
 1049 0117 3F       		.uleb128 0x3f
 1050 0118 19       		.uleb128 0x19
 1051 0119 03       		.uleb128 0x3
 1052 011a 0E       		.uleb128 0xe
 1053 011b 3A       		.uleb128 0x3a
 1054 011c 0B       		.uleb128 0xb
 1055 011d 3B       		.uleb128 0x3b
 1056 011e 05       		.uleb128 0x5
 1057 011f 27       		.uleb128 0x27
 1058 0120 19       		.uleb128 0x19
 1059 0121 11       		.uleb128 0x11
 1060 0122 01       		.uleb128 0x1
 1061 0123 12       		.uleb128 0x12
 1062 0124 06       		.uleb128 0x6
 1063 0125 40       		.uleb128 0x40
 1064 0126 18       		.uleb128 0x18
 1065 0127 9742     		.uleb128 0x2117
 1066 0129 19       		.uleb128 0x19
 1067 012a 00       		.byte	0
 1068 012b 00       		.byte	0
 1069 012c 12       		.uleb128 0x12
 1070 012d 2E       		.uleb128 0x2e
 1071 012e 00       		.byte	0
 1072 012f 3F       		.uleb128 0x3f
 1073 0130 19       		.uleb128 0x19
 1074 0131 03       		.uleb128 0x3
 1075 0132 0E       		.uleb128 0xe
 1076 0133 3A       		.uleb128 0x3a
 1077 0134 0B       		.uleb128 0xb
 1078 0135 3B       		.uleb128 0x3b
 1079 0136 05       		.uleb128 0x5
 1080 0137 27       		.uleb128 0x27
ARM GAS  C:\Users\ADMINI~1\AppData\Local\Temp\ccmqDDL9.s 			page 27


 1081 0138 19       		.uleb128 0x19
 1082 0139 49       		.uleb128 0x49
 1083 013a 13       		.uleb128 0x13
 1084 013b 11       		.uleb128 0x11
 1085 013c 01       		.uleb128 0x1
 1086 013d 12       		.uleb128 0x12
 1087 013e 06       		.uleb128 0x6
 1088 013f 40       		.uleb128 0x40
 1089 0140 18       		.uleb128 0x18
 1090 0141 9742     		.uleb128 0x2117
 1091 0143 19       		.uleb128 0x19
 1092 0144 00       		.byte	0
 1093 0145 00       		.byte	0
 1094 0146 13       		.uleb128 0x13
 1095 0147 01       		.uleb128 0x1
 1096 0148 01       		.byte	0x1
 1097 0149 49       		.uleb128 0x49
 1098 014a 13       		.uleb128 0x13
 1099 014b 01       		.uleb128 0x1
 1100 014c 13       		.uleb128 0x13
 1101 014d 00       		.byte	0
 1102 014e 00       		.byte	0
 1103 014f 14       		.uleb128 0x14
 1104 0150 21       		.uleb128 0x21
 1105 0151 00       		.byte	0
 1106 0152 49       		.uleb128 0x49
 1107 0153 13       		.uleb128 0x13
 1108 0154 2F       		.uleb128 0x2f
 1109 0155 0B       		.uleb128 0xb
 1110 0156 00       		.byte	0
 1111 0157 00       		.byte	0
 1112 0158 15       		.uleb128 0x15
 1113 0159 34       		.uleb128 0x34
 1114 015a 00       		.byte	0
 1115 015b 03       		.uleb128 0x3
 1116 015c 0E       		.uleb128 0xe
 1117 015d 3A       		.uleb128 0x3a
 1118 015e 0B       		.uleb128 0xb
 1119 015f 3B       		.uleb128 0x3b
 1120 0160 0B       		.uleb128 0xb
 1121 0161 49       		.uleb128 0x49
 1122 0162 13       		.uleb128 0x13
 1123 0163 3F       		.uleb128 0x3f
 1124 0164 19       		.uleb128 0x19
 1125 0165 3C       		.uleb128 0x3c
 1126 0166 19       		.uleb128 0x19
 1127 0167 00       		.byte	0
 1128 0168 00       		.byte	0
 1129 0169 00       		.byte	0
 1130              		.section	.debug_aranges,"",%progbits
 1131 0000 7C000000 		.4byte	0x7c
 1132 0004 0200     		.2byte	0x2
 1133 0006 00000000 		.4byte	.Ldebug_info0
 1134 000a 04       		.byte	0x4
 1135 000b 00       		.byte	0
 1136 000c 0000     		.2byte	0
 1137 000e 0000     		.2byte	0
ARM GAS  C:\Users\ADMINI~1\AppData\Local\Temp\ccmqDDL9.s 			page 28


 1138 0010 00000000 		.4byte	.LFB2
 1139 0014 24000000 		.4byte	.LFE2-.LFB2
 1140 0018 00000000 		.4byte	.LFB3
 1141 001c 24000000 		.4byte	.LFE3-.LFB3
 1142 0020 00000000 		.4byte	.LFB4
 1143 0024 18000000 		.4byte	.LFE4-.LFB4
 1144 0028 00000000 		.4byte	.LFB5
 1145 002c 08000000 		.4byte	.LFE5-.LFB5
 1146 0030 00000000 		.4byte	.LFB6
 1147 0034 18000000 		.4byte	.LFE6-.LFB6
 1148 0038 00000000 		.4byte	.LFB7
 1149 003c 14000000 		.4byte	.LFE7-.LFB7
 1150 0040 00000000 		.4byte	.LFB8
 1151 0044 4C000000 		.4byte	.LFE8-.LFB8
 1152 0048 00000000 		.4byte	.LFB9
 1153 004c 2C000000 		.4byte	.LFE9-.LFB9
 1154 0050 00000000 		.4byte	.LFB10
 1155 0054 14000000 		.4byte	.LFE10-.LFB10
 1156 0058 00000000 		.4byte	.LFB11
 1157 005c 20000000 		.4byte	.LFE11-.LFB11
 1158 0060 00000000 		.4byte	.LFB12
 1159 0064 14000000 		.4byte	.LFE12-.LFB12
 1160 0068 00000000 		.4byte	.LFB13
 1161 006c 14000000 		.4byte	.LFE13-.LFB13
 1162 0070 00000000 		.4byte	.LFB14
 1163 0074 14000000 		.4byte	.LFE14-.LFB14
 1164 0078 00000000 		.4byte	0
 1165 007c 00000000 		.4byte	0
 1166              		.section	.debug_ranges,"",%progbits
 1167              	.Ldebug_ranges0:
 1168 0000 00000000 		.4byte	.LFB2
 1169 0004 24000000 		.4byte	.LFE2
 1170 0008 00000000 		.4byte	.LFB3
 1171 000c 24000000 		.4byte	.LFE3
 1172 0010 00000000 		.4byte	.LFB4
 1173 0014 18000000 		.4byte	.LFE4
 1174 0018 00000000 		.4byte	.LFB5
 1175 001c 08000000 		.4byte	.LFE5
 1176 0020 00000000 		.4byte	.LFB6
 1177 0024 18000000 		.4byte	.LFE6
 1178 0028 00000000 		.4byte	.LFB7
 1179 002c 14000000 		.4byte	.LFE7
 1180 0030 00000000 		.4byte	.LFB8
 1181 0034 4C000000 		.4byte	.LFE8
 1182 0038 00000000 		.4byte	.LFB9
 1183 003c 2C000000 		.4byte	.LFE9
 1184 0040 00000000 		.4byte	.LFB10
 1185 0044 14000000 		.4byte	.LFE10
 1186 0048 00000000 		.4byte	.LFB11
 1187 004c 20000000 		.4byte	.LFE11
 1188 0050 00000000 		.4byte	.LFB12
 1189 0054 14000000 		.4byte	.LFE12
 1190 0058 00000000 		.4byte	.LFB13
 1191 005c 14000000 		.4byte	.LFE13
 1192 0060 00000000 		.4byte	.LFB14
 1193 0064 14000000 		.4byte	.LFE14
 1194 0068 00000000 		.4byte	0
ARM GAS  C:\Users\ADMINI~1\AppData\Local\Temp\ccmqDDL9.s 			page 29


 1195 006c 00000000 		.4byte	0
 1196              		.section	.debug_line,"",%progbits
 1197              	.Ldebug_line0:
 1198 0000 6F010000 		.section	.debug_str,"MS",%progbits,1
 1198      02006100 
 1198      00000201 
 1198      FB0E0D00 
 1198      01010101 
 1199              	.LASF14:
 1200 0000 72656733 		.ascii	"reg32\000"
 1200      3200
 1201              	.LASF33:
 1202 0006 474E5520 		.ascii	"GNU C 4.9.3 20150303 (release) [ARM/embedded-4_9-br"
 1202      4320342E 
 1202      392E3320 
 1202      32303135 
 1202      30333033 
 1203 0039 616E6368 		.ascii	"anch revision 221220] -mcpu=cortex-m0 -mthumb -g -O"
 1203      20726576 
 1203      6973696F 
 1203      6E203232 
 1203      31323230 
 1204 006c 30202D66 		.ascii	"0 -ffunction-sections -ffat-lto-objects\000"
 1204      66756E63 
 1204      74696F6E 
 1204      2D736563 
 1204      74696F6E 
 1205              	.LASF32:
 1206 0094 6973725F 		.ascii	"isr_Button4_ClearPending\000"
 1206      42757474 
 1206      6F6E345F 
 1206      436C6561 
 1206      7250656E 
 1207              	.LASF37:
 1208 00ad 43795261 		.ascii	"CyRamVectors\000"
 1208      6D566563 
 1208      746F7273 
 1208      00
 1209              	.LASF36:
 1210 00ba 6973725F 		.ascii	"isr_Button4_GetPriority\000"
 1210      42757474 
 1210      6F6E345F 
 1210      47657450 
 1210      72696F72 
 1211              	.LASF3:
 1212 00d2 73686F72 		.ascii	"short unsigned int\000"
 1212      7420756E 
 1212      7369676E 
 1212      65642069 
 1212      6E7400
 1213              	.LASF35:
 1214 00e5 433A5C55 		.ascii	"C:\\Users\\Administrator\\Desktop\\BLE_TemplateProj"
 1214      73657273 
 1214      5C41646D 
 1214      696E6973 
 1214      74726174 
 1215 0114 6563745C 		.ascii	"ect\\Bluetooth-intelligent-switchV2.0.0\\Smart Swit"
ARM GAS  C:\Users\ADMINI~1\AppData\Local\Temp\ccmqDDL9.s 			page 30


 1215      426C7565 
 1215      746F6F74 
 1215      682D696E 
 1215      74656C6C 
 1216 0145 63682E63 		.ascii	"ch.cydsn\000"
 1216      7964736E 
 1216      00
 1217              	.LASF17:
 1218 014e 6973725F 		.ascii	"isr_Button4_Start\000"
 1218      42757474 
 1218      6F6E345F 
 1218      53746172 
 1218      7400
 1219              	.LASF11:
 1220 0160 666C6F61 		.ascii	"float\000"
 1220      7400
 1221              	.LASF1:
 1222 0166 756E7369 		.ascii	"unsigned char\000"
 1222      676E6564 
 1222      20636861 
 1222      7200
 1223              	.LASF18:
 1224 0174 6973725F 		.ascii	"isr_Button4_Stop\000"
 1224      42757474 
 1224      6F6E345F 
 1224      53746F70 
 1224      00
 1225              	.LASF25:
 1226 0185 696E7465 		.ascii	"interruptState\000"
 1226      72727570 
 1226      74537461 
 1226      746500
 1227              	.LASF5:
 1228 0194 6C6F6E67 		.ascii	"long unsigned int\000"
 1228      20756E73 
 1228      69676E65 
 1228      6420696E 
 1228      7400
 1229              	.LASF20:
 1230 01a6 6973725F 		.ascii	"isr_Button4_StartEx\000"
 1230      42757474 
 1230      6F6E345F 
 1230      53746172 
 1230      74457800 
 1231              	.LASF9:
 1232 01ba 75696E74 		.ascii	"uint8\000"
 1232      3800
 1233              	.LASF24:
 1234 01c0 7072696F 		.ascii	"priority\000"
 1234      72697479 
 1234      00
 1235              	.LASF12:
 1236 01c9 646F7562 		.ascii	"double\000"
 1236      6C6500
 1237              	.LASF23:
 1238 01d0 6973725F 		.ascii	"isr_Button4_SetPriority\000"
 1238      42757474 
ARM GAS  C:\Users\ADMINI~1\AppData\Local\Temp\ccmqDDL9.s 			page 31


 1238      6F6E345F 
 1238      53657450 
 1238      72696F72 
 1239              	.LASF30:
 1240 01e8 6973725F 		.ascii	"isr_Button4_Disable\000"
 1240      42757474 
 1240      6F6E345F 
 1240      44697361 
 1240      626C6500 
 1241              	.LASF10:
 1242 01fc 75696E74 		.ascii	"uint32\000"
 1242      333200
 1243              	.LASF21:
 1244 0203 6973725F 		.ascii	"isr_Button4_SetVector\000"
 1244      42757474 
 1244      6F6E345F 
 1244      53657456 
 1244      6563746F 
 1245              	.LASF8:
 1246 0219 756E7369 		.ascii	"unsigned int\000"
 1246      676E6564 
 1246      20696E74 
 1246      00
 1247              	.LASF22:
 1248 0226 61646472 		.ascii	"address\000"
 1248      65737300 
 1249              	.LASF7:
 1250 022e 6C6F6E67 		.ascii	"long long unsigned int\000"
 1250      206C6F6E 
 1250      6720756E 
 1250      7369676E 
 1250      65642069 
 1251              	.LASF15:
 1252 0245 63796973 		.ascii	"cyisraddress\000"
 1252      72616464 
 1252      72657373 
 1252      00
 1253              	.LASF34:
 1254 0252 2E5C4765 		.ascii	".\\Generated_Source\\PSoC4\\isr_Button4.c\000"
 1254      6E657261 
 1254      7465645F 
 1254      536F7572 
 1254      63655C50 
 1255              	.LASF27:
 1256 0279 6973725F 		.ascii	"isr_Button4_Enable\000"
 1256      42757474 
 1256      6F6E345F 
 1256      456E6162 
 1256      6C6500
 1257              	.LASF16:
 1258 028c 73697A65 		.ascii	"sizetype\000"
 1258      74797065 
 1258      00
 1259              	.LASF6:
 1260 0295 6C6F6E67 		.ascii	"long long int\000"
 1260      206C6F6E 
 1260      6720696E 
ARM GAS  C:\Users\ADMINI~1\AppData\Local\Temp\ccmqDDL9.s 			page 32


 1260      7400
 1261              	.LASF13:
 1262 02a3 63686172 		.ascii	"char\000"
 1262      00
 1263              	.LASF29:
 1264 02a8 6973725F 		.ascii	"isr_Button4_GetState\000"
 1264      42757474 
 1264      6F6E345F 
 1264      47657453 
 1264      74617465 
 1265              	.LASF2:
 1266 02bd 73686F72 		.ascii	"short int\000"
 1266      7420696E 
 1266      7400
 1267              	.LASF31:
 1268 02c7 6973725F 		.ascii	"isr_Button4_SetPending\000"
 1268      42757474 
 1268      6F6E345F 
 1268      53657450 
 1268      656E6469 
 1269              	.LASF26:
 1270 02de 7072696F 		.ascii	"priorityOffset\000"
 1270      72697479 
 1270      4F666673 
 1270      657400
 1271              	.LASF4:
 1272 02ed 6C6F6E67 		.ascii	"long int\000"
 1272      20696E74 
 1272      00
 1273              	.LASF0:
 1274 02f6 7369676E 		.ascii	"signed char\000"
 1274      65642063 
 1274      68617200 
 1275              	.LASF28:
 1276 0302 6973725F 		.ascii	"isr_Button4_GetVector\000"
 1276      42757474 
 1276      6F6E345F 
 1276      47657456 
 1276      6563746F 
 1277              	.LASF19:
 1278 0318 6973725F 		.ascii	"isr_Button4_Interrupt\000"
 1278      42757474 
 1278      6F6E345F 
 1278      496E7465 
 1278      72727570 
 1279              		.ident	"GCC: (GNU Tools for ARM Embedded Processors) 4.9.3 20150303 (release) [ARM/embedded-4_9-br
