ARM GAS  C:\Users\Helon\AppData\Local\Temp\cc2091KK.s 			page 1


   1              		.cpu cortex-m0
   2              		.fpu softvfp
   3              		.eabi_attribute 20, 1
   4              		.eabi_attribute 21, 1
   5              		.eabi_attribute 23, 3
   6              		.eabi_attribute 24, 1
   7              		.eabi_attribute 25, 1
   8              		.eabi_attribute 26, 1
   9              		.eabi_attribute 30, 6
  10              		.eabi_attribute 34, 0
  11              		.eabi_attribute 18, 4
  12              		.code	16
  13              		.file	"isr_Button1.c"
  14              		.text
  15              	.Ltext0:
  16              		.cfi_sections	.debug_frame
  17              		.section	.text.isr_Button1_Start,"ax",%progbits
  18              		.align	2
  19              		.global	isr_Button1_Start
  20              		.code	16
  21              		.thumb_func
  22              		.type	isr_Button1_Start, %function
  23              	isr_Button1_Start:
  24              	.LFB2:
  25              		.file 1 ".\\Generated_Source\\PSoC4\\isr_Button1.c"
   1:.\Generated_Source\PSoC4/isr_Button1.c **** /*******************************************************************************
   2:.\Generated_Source\PSoC4/isr_Button1.c **** * File Name: isr_Button1.c  
   3:.\Generated_Source\PSoC4/isr_Button1.c **** * Version 1.70
   4:.\Generated_Source\PSoC4/isr_Button1.c **** *
   5:.\Generated_Source\PSoC4/isr_Button1.c **** *  Description:
   6:.\Generated_Source\PSoC4/isr_Button1.c **** *   API for controlling the state of an interrupt.
   7:.\Generated_Source\PSoC4/isr_Button1.c **** *
   8:.\Generated_Source\PSoC4/isr_Button1.c **** *
   9:.\Generated_Source\PSoC4/isr_Button1.c **** *  Note:
  10:.\Generated_Source\PSoC4/isr_Button1.c **** *
  11:.\Generated_Source\PSoC4/isr_Button1.c **** ********************************************************************************
  12:.\Generated_Source\PSoC4/isr_Button1.c **** * Copyright 2008-2015, Cypress Semiconductor Corporation.  All rights reserved.
  13:.\Generated_Source\PSoC4/isr_Button1.c **** * You may use this file only in accordance with the license, terms, conditions, 
  14:.\Generated_Source\PSoC4/isr_Button1.c **** * disclaimers, and limitations in the end user license agreement accompanying 
  15:.\Generated_Source\PSoC4/isr_Button1.c **** * the software package with which this file was provided.
  16:.\Generated_Source\PSoC4/isr_Button1.c **** *******************************************************************************/
  17:.\Generated_Source\PSoC4/isr_Button1.c **** 
  18:.\Generated_Source\PSoC4/isr_Button1.c **** 
  19:.\Generated_Source\PSoC4/isr_Button1.c **** #include <cydevice_trm.h>
  20:.\Generated_Source\PSoC4/isr_Button1.c **** #include <CyLib.h>
  21:.\Generated_Source\PSoC4/isr_Button1.c **** #include <isr_Button1.h>
  22:.\Generated_Source\PSoC4/isr_Button1.c **** #include "cyapicallbacks.h"
  23:.\Generated_Source\PSoC4/isr_Button1.c **** 
  24:.\Generated_Source\PSoC4/isr_Button1.c **** #if !defined(isr_Button1__REMOVED) /* Check for removal by optimization */
  25:.\Generated_Source\PSoC4/isr_Button1.c **** 
  26:.\Generated_Source\PSoC4/isr_Button1.c **** /*******************************************************************************
  27:.\Generated_Source\PSoC4/isr_Button1.c **** *  Place your includes, defines and code here 
  28:.\Generated_Source\PSoC4/isr_Button1.c **** ********************************************************************************/
  29:.\Generated_Source\PSoC4/isr_Button1.c **** /* `#START isr_Button1_intc` */
  30:.\Generated_Source\PSoC4/isr_Button1.c **** 
  31:.\Generated_Source\PSoC4/isr_Button1.c **** /* `#END` */
  32:.\Generated_Source\PSoC4/isr_Button1.c **** 
ARM GAS  C:\Users\Helon\AppData\Local\Temp\cc2091KK.s 			page 2


  33:.\Generated_Source\PSoC4/isr_Button1.c **** extern cyisraddress CyRamVectors[CYINT_IRQ_BASE + CY_NUM_INTERRUPTS];
  34:.\Generated_Source\PSoC4/isr_Button1.c **** 
  35:.\Generated_Source\PSoC4/isr_Button1.c **** /* Declared in startup, used to set unused interrupts to. */
  36:.\Generated_Source\PSoC4/isr_Button1.c **** CY_ISR_PROTO(IntDefaultHandler);
  37:.\Generated_Source\PSoC4/isr_Button1.c **** 
  38:.\Generated_Source\PSoC4/isr_Button1.c **** 
  39:.\Generated_Source\PSoC4/isr_Button1.c **** /*******************************************************************************
  40:.\Generated_Source\PSoC4/isr_Button1.c **** * Function Name: isr_Button1_Start
  41:.\Generated_Source\PSoC4/isr_Button1.c **** ********************************************************************************
  42:.\Generated_Source\PSoC4/isr_Button1.c **** *
  43:.\Generated_Source\PSoC4/isr_Button1.c **** * Summary:
  44:.\Generated_Source\PSoC4/isr_Button1.c **** *  Set up the interrupt and enable it. This function disables the interrupt, 
  45:.\Generated_Source\PSoC4/isr_Button1.c **** *  sets the default interrupt vector, sets the priority from the value in the
  46:.\Generated_Source\PSoC4/isr_Button1.c **** *  Design Wide Resources Interrupt Editor, then enables the interrupt to the 
  47:.\Generated_Source\PSoC4/isr_Button1.c **** *  interrupt controller.
  48:.\Generated_Source\PSoC4/isr_Button1.c **** *
  49:.\Generated_Source\PSoC4/isr_Button1.c **** * Parameters:  
  50:.\Generated_Source\PSoC4/isr_Button1.c **** *   None
  51:.\Generated_Source\PSoC4/isr_Button1.c **** *
  52:.\Generated_Source\PSoC4/isr_Button1.c **** * Return:
  53:.\Generated_Source\PSoC4/isr_Button1.c **** *   None
  54:.\Generated_Source\PSoC4/isr_Button1.c **** *
  55:.\Generated_Source\PSoC4/isr_Button1.c **** *******************************************************************************/
  56:.\Generated_Source\PSoC4/isr_Button1.c **** void isr_Button1_Start(void)
  57:.\Generated_Source\PSoC4/isr_Button1.c **** {
  26              		.loc 1 57 0
  27              		.cfi_startproc
  28 0000 80B5     		push	{r7, lr}
  29              		.cfi_def_cfa_offset 8
  30              		.cfi_offset 7, -8
  31              		.cfi_offset 14, -4
  32 0002 00AF     		add	r7, sp, #0
  33              		.cfi_def_cfa_register 7
  58:.\Generated_Source\PSoC4/isr_Button1.c ****     /* For all we know the interrupt is active. */
  59:.\Generated_Source\PSoC4/isr_Button1.c ****     isr_Button1_Disable();
  34              		.loc 1 59 0
  35 0004 FFF7FEFF 		bl	isr_Button1_Disable
  60:.\Generated_Source\PSoC4/isr_Button1.c **** 
  61:.\Generated_Source\PSoC4/isr_Button1.c ****     /* Set the ISR to point to the isr_Button1 Interrupt. */
  62:.\Generated_Source\PSoC4/isr_Button1.c ****     isr_Button1_SetVector(&isr_Button1_Interrupt);
  36              		.loc 1 62 0
  37 0008 054B     		ldr	r3, .L2
  38 000a 181C     		mov	r0, r3
  39 000c FFF7FEFF 		bl	isr_Button1_SetVector
  63:.\Generated_Source\PSoC4/isr_Button1.c **** 
  64:.\Generated_Source\PSoC4/isr_Button1.c ****     /* Set the priority. */
  65:.\Generated_Source\PSoC4/isr_Button1.c ****     isr_Button1_SetPriority((uint8)isr_Button1_INTC_PRIOR_NUMBER);
  40              		.loc 1 65 0
  41 0010 0320     		mov	r0, #3
  42 0012 FFF7FEFF 		bl	isr_Button1_SetPriority
  66:.\Generated_Source\PSoC4/isr_Button1.c **** 
  67:.\Generated_Source\PSoC4/isr_Button1.c ****     /* Enable it. */
  68:.\Generated_Source\PSoC4/isr_Button1.c ****     isr_Button1_Enable();
  43              		.loc 1 68 0
  44 0016 FFF7FEFF 		bl	isr_Button1_Enable
  69:.\Generated_Source\PSoC4/isr_Button1.c **** }
  45              		.loc 1 69 0
ARM GAS  C:\Users\Helon\AppData\Local\Temp\cc2091KK.s 			page 3


  46 001a BD46     		mov	sp, r7
  47              		@ sp needed
  48 001c 80BD     		pop	{r7, pc}
  49              	.L3:
  50 001e C046     		.align	2
  51              	.L2:
  52 0020 00000000 		.word	isr_Button1_Interrupt
  53              		.cfi_endproc
  54              	.LFE2:
  55              		.size	isr_Button1_Start, .-isr_Button1_Start
  56              		.section	.text.isr_Button1_StartEx,"ax",%progbits
  57              		.align	2
  58              		.global	isr_Button1_StartEx
  59              		.code	16
  60              		.thumb_func
  61              		.type	isr_Button1_StartEx, %function
  62              	isr_Button1_StartEx:
  63              	.LFB3:
  70:.\Generated_Source\PSoC4/isr_Button1.c **** 
  71:.\Generated_Source\PSoC4/isr_Button1.c **** 
  72:.\Generated_Source\PSoC4/isr_Button1.c **** /*******************************************************************************
  73:.\Generated_Source\PSoC4/isr_Button1.c **** * Function Name: isr_Button1_StartEx
  74:.\Generated_Source\PSoC4/isr_Button1.c **** ********************************************************************************
  75:.\Generated_Source\PSoC4/isr_Button1.c **** *
  76:.\Generated_Source\PSoC4/isr_Button1.c **** * Summary:
  77:.\Generated_Source\PSoC4/isr_Button1.c **** *  Sets up the interrupt and enables it. This function disables the interrupt,
  78:.\Generated_Source\PSoC4/isr_Button1.c **** *  sets the interrupt vector based on the address passed in, sets the priority 
  79:.\Generated_Source\PSoC4/isr_Button1.c **** *  from the value in the Design Wide Resources Interrupt Editor, then enables 
  80:.\Generated_Source\PSoC4/isr_Button1.c **** *  the interrupt to the interrupt controller.
  81:.\Generated_Source\PSoC4/isr_Button1.c **** *  
  82:.\Generated_Source\PSoC4/isr_Button1.c **** *  When defining ISR functions, the CY_ISR and CY_ISR_PROTO macros should be 
  83:.\Generated_Source\PSoC4/isr_Button1.c **** *  used to provide consistent definition across compilers:
  84:.\Generated_Source\PSoC4/isr_Button1.c **** *  
  85:.\Generated_Source\PSoC4/isr_Button1.c **** *  Function definition example:
  86:.\Generated_Source\PSoC4/isr_Button1.c **** *   CY_ISR(MyISR)
  87:.\Generated_Source\PSoC4/isr_Button1.c **** *   {
  88:.\Generated_Source\PSoC4/isr_Button1.c **** *   }
  89:.\Generated_Source\PSoC4/isr_Button1.c **** *   Function prototype example:
  90:.\Generated_Source\PSoC4/isr_Button1.c **** *   CY_ISR_PROTO(MyISR);
  91:.\Generated_Source\PSoC4/isr_Button1.c **** *
  92:.\Generated_Source\PSoC4/isr_Button1.c **** * Parameters:  
  93:.\Generated_Source\PSoC4/isr_Button1.c **** *   address: Address of the ISR to set in the interrupt vector table.
  94:.\Generated_Source\PSoC4/isr_Button1.c **** *
  95:.\Generated_Source\PSoC4/isr_Button1.c **** * Return:
  96:.\Generated_Source\PSoC4/isr_Button1.c **** *   None
  97:.\Generated_Source\PSoC4/isr_Button1.c **** *
  98:.\Generated_Source\PSoC4/isr_Button1.c **** *******************************************************************************/
  99:.\Generated_Source\PSoC4/isr_Button1.c **** void isr_Button1_StartEx(cyisraddress address)
 100:.\Generated_Source\PSoC4/isr_Button1.c **** {
  64              		.loc 1 100 0
  65              		.cfi_startproc
  66 0000 80B5     		push	{r7, lr}
  67              		.cfi_def_cfa_offset 8
  68              		.cfi_offset 7, -8
  69              		.cfi_offset 14, -4
  70 0002 82B0     		sub	sp, sp, #8
  71              		.cfi_def_cfa_offset 16
ARM GAS  C:\Users\Helon\AppData\Local\Temp\cc2091KK.s 			page 4


  72 0004 00AF     		add	r7, sp, #0
  73              		.cfi_def_cfa_register 7
  74 0006 7860     		str	r0, [r7, #4]
 101:.\Generated_Source\PSoC4/isr_Button1.c ****     /* For all we know the interrupt is active. */
 102:.\Generated_Source\PSoC4/isr_Button1.c ****     isr_Button1_Disable();
  75              		.loc 1 102 0
  76 0008 FFF7FEFF 		bl	isr_Button1_Disable
 103:.\Generated_Source\PSoC4/isr_Button1.c **** 
 104:.\Generated_Source\PSoC4/isr_Button1.c ****     /* Set the ISR to point to the isr_Button1 Interrupt. */
 105:.\Generated_Source\PSoC4/isr_Button1.c ****     isr_Button1_SetVector(address);
  77              		.loc 1 105 0
  78 000c 7B68     		ldr	r3, [r7, #4]
  79 000e 181C     		mov	r0, r3
  80 0010 FFF7FEFF 		bl	isr_Button1_SetVector
 106:.\Generated_Source\PSoC4/isr_Button1.c **** 
 107:.\Generated_Source\PSoC4/isr_Button1.c ****     /* Set the priority. */
 108:.\Generated_Source\PSoC4/isr_Button1.c ****     isr_Button1_SetPriority((uint8)isr_Button1_INTC_PRIOR_NUMBER);
  81              		.loc 1 108 0
  82 0014 0320     		mov	r0, #3
  83 0016 FFF7FEFF 		bl	isr_Button1_SetPriority
 109:.\Generated_Source\PSoC4/isr_Button1.c **** 
 110:.\Generated_Source\PSoC4/isr_Button1.c ****     /* Enable it. */
 111:.\Generated_Source\PSoC4/isr_Button1.c ****     isr_Button1_Enable();
  84              		.loc 1 111 0
  85 001a FFF7FEFF 		bl	isr_Button1_Enable
 112:.\Generated_Source\PSoC4/isr_Button1.c **** }
  86              		.loc 1 112 0
  87 001e BD46     		mov	sp, r7
  88 0020 02B0     		add	sp, sp, #8
  89              		@ sp needed
  90 0022 80BD     		pop	{r7, pc}
  91              		.cfi_endproc
  92              	.LFE3:
  93              		.size	isr_Button1_StartEx, .-isr_Button1_StartEx
  94              		.section	.text.isr_Button1_Stop,"ax",%progbits
  95              		.align	2
  96              		.global	isr_Button1_Stop
  97              		.code	16
  98              		.thumb_func
  99              		.type	isr_Button1_Stop, %function
 100              	isr_Button1_Stop:
 101              	.LFB4:
 113:.\Generated_Source\PSoC4/isr_Button1.c **** 
 114:.\Generated_Source\PSoC4/isr_Button1.c **** 
 115:.\Generated_Source\PSoC4/isr_Button1.c **** /*******************************************************************************
 116:.\Generated_Source\PSoC4/isr_Button1.c **** * Function Name: isr_Button1_Stop
 117:.\Generated_Source\PSoC4/isr_Button1.c **** ********************************************************************************
 118:.\Generated_Source\PSoC4/isr_Button1.c **** *
 119:.\Generated_Source\PSoC4/isr_Button1.c **** * Summary:
 120:.\Generated_Source\PSoC4/isr_Button1.c **** *   Disables and removes the interrupt.
 121:.\Generated_Source\PSoC4/isr_Button1.c **** *
 122:.\Generated_Source\PSoC4/isr_Button1.c **** * Parameters:  
 123:.\Generated_Source\PSoC4/isr_Button1.c **** *   None
 124:.\Generated_Source\PSoC4/isr_Button1.c **** *
 125:.\Generated_Source\PSoC4/isr_Button1.c **** * Return:
 126:.\Generated_Source\PSoC4/isr_Button1.c **** *   None
 127:.\Generated_Source\PSoC4/isr_Button1.c **** *
ARM GAS  C:\Users\Helon\AppData\Local\Temp\cc2091KK.s 			page 5


 128:.\Generated_Source\PSoC4/isr_Button1.c **** *******************************************************************************/
 129:.\Generated_Source\PSoC4/isr_Button1.c **** void isr_Button1_Stop(void)
 130:.\Generated_Source\PSoC4/isr_Button1.c **** {
 102              		.loc 1 130 0
 103              		.cfi_startproc
 104 0000 80B5     		push	{r7, lr}
 105              		.cfi_def_cfa_offset 8
 106              		.cfi_offset 7, -8
 107              		.cfi_offset 14, -4
 108 0002 00AF     		add	r7, sp, #0
 109              		.cfi_def_cfa_register 7
 131:.\Generated_Source\PSoC4/isr_Button1.c ****     /* Disable this interrupt. */
 132:.\Generated_Source\PSoC4/isr_Button1.c ****     isr_Button1_Disable();
 110              		.loc 1 132 0
 111 0004 FFF7FEFF 		bl	isr_Button1_Disable
 133:.\Generated_Source\PSoC4/isr_Button1.c **** 
 134:.\Generated_Source\PSoC4/isr_Button1.c ****     /* Set the ISR to point to the passive one. */
 135:.\Generated_Source\PSoC4/isr_Button1.c ****     isr_Button1_SetVector(&IntDefaultHandler);
 112              		.loc 1 135 0
 113 0008 024B     		ldr	r3, .L6
 114 000a 181C     		mov	r0, r3
 115 000c FFF7FEFF 		bl	isr_Button1_SetVector
 136:.\Generated_Source\PSoC4/isr_Button1.c **** }
 116              		.loc 1 136 0
 117 0010 BD46     		mov	sp, r7
 118              		@ sp needed
 119 0012 80BD     		pop	{r7, pc}
 120              	.L7:
 121              		.align	2
 122              	.L6:
 123 0014 00000000 		.word	IntDefaultHandler
 124              		.cfi_endproc
 125              	.LFE4:
 126              		.size	isr_Button1_Stop, .-isr_Button1_Stop
 127              		.section	.text.isr_Button1_Interrupt,"ax",%progbits
 128              		.align	2
 129              		.global	isr_Button1_Interrupt
 130              		.code	16
 131              		.thumb_func
 132              		.type	isr_Button1_Interrupt, %function
 133              	isr_Button1_Interrupt:
 134              	.LFB5:
 137:.\Generated_Source\PSoC4/isr_Button1.c **** 
 138:.\Generated_Source\PSoC4/isr_Button1.c **** 
 139:.\Generated_Source\PSoC4/isr_Button1.c **** /*******************************************************************************
 140:.\Generated_Source\PSoC4/isr_Button1.c **** * Function Name: isr_Button1_Interrupt
 141:.\Generated_Source\PSoC4/isr_Button1.c **** ********************************************************************************
 142:.\Generated_Source\PSoC4/isr_Button1.c **** *
 143:.\Generated_Source\PSoC4/isr_Button1.c **** * Summary:
 144:.\Generated_Source\PSoC4/isr_Button1.c **** *   The default Interrupt Service Routine for isr_Button1.
 145:.\Generated_Source\PSoC4/isr_Button1.c **** *
 146:.\Generated_Source\PSoC4/isr_Button1.c **** *   Add custom code between the START and END comments to keep the next version
 147:.\Generated_Source\PSoC4/isr_Button1.c **** *   of this file from over-writing your code.
 148:.\Generated_Source\PSoC4/isr_Button1.c **** *
 149:.\Generated_Source\PSoC4/isr_Button1.c **** *   Note You may use either the default ISR by using this API, or you may define
 150:.\Generated_Source\PSoC4/isr_Button1.c **** *   your own separate ISR through ISR_StartEx().
 151:.\Generated_Source\PSoC4/isr_Button1.c **** *
ARM GAS  C:\Users\Helon\AppData\Local\Temp\cc2091KK.s 			page 6


 152:.\Generated_Source\PSoC4/isr_Button1.c **** * Parameters:  
 153:.\Generated_Source\PSoC4/isr_Button1.c **** *   None
 154:.\Generated_Source\PSoC4/isr_Button1.c **** *
 155:.\Generated_Source\PSoC4/isr_Button1.c **** * Return:
 156:.\Generated_Source\PSoC4/isr_Button1.c **** *   None
 157:.\Generated_Source\PSoC4/isr_Button1.c **** *
 158:.\Generated_Source\PSoC4/isr_Button1.c **** *******************************************************************************/
 159:.\Generated_Source\PSoC4/isr_Button1.c **** CY_ISR(isr_Button1_Interrupt)
 160:.\Generated_Source\PSoC4/isr_Button1.c **** {
 135              		.loc 1 160 0
 136              		.cfi_startproc
 137 0000 80B5     		push	{r7, lr}
 138              		.cfi_def_cfa_offset 8
 139              		.cfi_offset 7, -8
 140              		.cfi_offset 14, -4
 141 0002 00AF     		add	r7, sp, #0
 142              		.cfi_def_cfa_register 7
 161:.\Generated_Source\PSoC4/isr_Button1.c ****     #ifdef isr_Button1_INTERRUPT_INTERRUPT_CALLBACK
 162:.\Generated_Source\PSoC4/isr_Button1.c ****         isr_Button1_Interrupt_InterruptCallback();
 163:.\Generated_Source\PSoC4/isr_Button1.c ****     #endif /* isr_Button1_INTERRUPT_INTERRUPT_CALLBACK */ 
 164:.\Generated_Source\PSoC4/isr_Button1.c **** 
 165:.\Generated_Source\PSoC4/isr_Button1.c ****     /*  Place your Interrupt code here. */
 166:.\Generated_Source\PSoC4/isr_Button1.c ****     /* `#START isr_Button1_Interrupt` */
 167:.\Generated_Source\PSoC4/isr_Button1.c **** 
 168:.\Generated_Source\PSoC4/isr_Button1.c ****     /* `#END` */
 169:.\Generated_Source\PSoC4/isr_Button1.c **** }
 143              		.loc 1 169 0
 144 0004 BD46     		mov	sp, r7
 145              		@ sp needed
 146 0006 80BD     		pop	{r7, pc}
 147              		.cfi_endproc
 148              	.LFE5:
 149              		.size	isr_Button1_Interrupt, .-isr_Button1_Interrupt
 150              		.section	.text.isr_Button1_SetVector,"ax",%progbits
 151              		.align	2
 152              		.global	isr_Button1_SetVector
 153              		.code	16
 154              		.thumb_func
 155              		.type	isr_Button1_SetVector, %function
 156              	isr_Button1_SetVector:
 157              	.LFB6:
 170:.\Generated_Source\PSoC4/isr_Button1.c **** 
 171:.\Generated_Source\PSoC4/isr_Button1.c **** 
 172:.\Generated_Source\PSoC4/isr_Button1.c **** /*******************************************************************************
 173:.\Generated_Source\PSoC4/isr_Button1.c **** * Function Name: isr_Button1_SetVector
 174:.\Generated_Source\PSoC4/isr_Button1.c **** ********************************************************************************
 175:.\Generated_Source\PSoC4/isr_Button1.c **** *
 176:.\Generated_Source\PSoC4/isr_Button1.c **** * Summary:
 177:.\Generated_Source\PSoC4/isr_Button1.c **** *   Change the ISR vector for the Interrupt. Note calling isr_Button1_Start
 178:.\Generated_Source\PSoC4/isr_Button1.c **** *   will override any effect this method would have had. To set the vector 
 179:.\Generated_Source\PSoC4/isr_Button1.c **** *   before the component has been started use isr_Button1_StartEx instead.
 180:.\Generated_Source\PSoC4/isr_Button1.c **** * 
 181:.\Generated_Source\PSoC4/isr_Button1.c **** *   When defining ISR functions, the CY_ISR and CY_ISR_PROTO macros should be 
 182:.\Generated_Source\PSoC4/isr_Button1.c **** *   used to provide consistent definition across compilers:
 183:.\Generated_Source\PSoC4/isr_Button1.c **** *
 184:.\Generated_Source\PSoC4/isr_Button1.c **** *   Function definition example:
 185:.\Generated_Source\PSoC4/isr_Button1.c **** *   CY_ISR(MyISR)
ARM GAS  C:\Users\Helon\AppData\Local\Temp\cc2091KK.s 			page 7


 186:.\Generated_Source\PSoC4/isr_Button1.c **** *   {
 187:.\Generated_Source\PSoC4/isr_Button1.c **** *   }
 188:.\Generated_Source\PSoC4/isr_Button1.c **** *
 189:.\Generated_Source\PSoC4/isr_Button1.c **** *   Function prototype example:
 190:.\Generated_Source\PSoC4/isr_Button1.c **** *     CY_ISR_PROTO(MyISR);
 191:.\Generated_Source\PSoC4/isr_Button1.c **** *
 192:.\Generated_Source\PSoC4/isr_Button1.c **** * Parameters:
 193:.\Generated_Source\PSoC4/isr_Button1.c **** *   address: Address of the ISR to set in the interrupt vector table.
 194:.\Generated_Source\PSoC4/isr_Button1.c **** *
 195:.\Generated_Source\PSoC4/isr_Button1.c **** * Return:
 196:.\Generated_Source\PSoC4/isr_Button1.c **** *   None
 197:.\Generated_Source\PSoC4/isr_Button1.c **** *
 198:.\Generated_Source\PSoC4/isr_Button1.c **** *******************************************************************************/
 199:.\Generated_Source\PSoC4/isr_Button1.c **** void isr_Button1_SetVector(cyisraddress address)
 200:.\Generated_Source\PSoC4/isr_Button1.c **** {
 158              		.loc 1 200 0
 159              		.cfi_startproc
 160 0000 80B5     		push	{r7, lr}
 161              		.cfi_def_cfa_offset 8
 162              		.cfi_offset 7, -8
 163              		.cfi_offset 14, -4
 164 0002 82B0     		sub	sp, sp, #8
 165              		.cfi_def_cfa_offset 16
 166 0004 00AF     		add	r7, sp, #0
 167              		.cfi_def_cfa_register 7
 168 0006 7860     		str	r0, [r7, #4]
 201:.\Generated_Source\PSoC4/isr_Button1.c ****     CyRamVectors[CYINT_IRQ_BASE + isr_Button1__INTC_NUMBER] = address;
 169              		.loc 1 201 0
 170 0008 024B     		ldr	r3, .L10
 171 000a 7A68     		ldr	r2, [r7, #4]
 172 000c 1A64     		str	r2, [r3, #64]
 202:.\Generated_Source\PSoC4/isr_Button1.c **** }
 173              		.loc 1 202 0
 174 000e BD46     		mov	sp, r7
 175 0010 02B0     		add	sp, sp, #8
 176              		@ sp needed
 177 0012 80BD     		pop	{r7, pc}
 178              	.L11:
 179              		.align	2
 180              	.L10:
 181 0014 00000000 		.word	CyRamVectors
 182              		.cfi_endproc
 183              	.LFE6:
 184              		.size	isr_Button1_SetVector, .-isr_Button1_SetVector
 185              		.section	.text.isr_Button1_GetVector,"ax",%progbits
 186              		.align	2
 187              		.global	isr_Button1_GetVector
 188              		.code	16
 189              		.thumb_func
 190              		.type	isr_Button1_GetVector, %function
 191              	isr_Button1_GetVector:
 192              	.LFB7:
 203:.\Generated_Source\PSoC4/isr_Button1.c **** 
 204:.\Generated_Source\PSoC4/isr_Button1.c **** 
 205:.\Generated_Source\PSoC4/isr_Button1.c **** /*******************************************************************************
 206:.\Generated_Source\PSoC4/isr_Button1.c **** * Function Name: isr_Button1_GetVector
 207:.\Generated_Source\PSoC4/isr_Button1.c **** ********************************************************************************
ARM GAS  C:\Users\Helon\AppData\Local\Temp\cc2091KK.s 			page 8


 208:.\Generated_Source\PSoC4/isr_Button1.c **** *
 209:.\Generated_Source\PSoC4/isr_Button1.c **** * Summary:
 210:.\Generated_Source\PSoC4/isr_Button1.c **** *   Gets the "address" of the current ISR vector for the Interrupt.
 211:.\Generated_Source\PSoC4/isr_Button1.c **** *
 212:.\Generated_Source\PSoC4/isr_Button1.c **** * Parameters:
 213:.\Generated_Source\PSoC4/isr_Button1.c **** *   None
 214:.\Generated_Source\PSoC4/isr_Button1.c **** *
 215:.\Generated_Source\PSoC4/isr_Button1.c **** * Return:
 216:.\Generated_Source\PSoC4/isr_Button1.c **** *   Address of the ISR in the interrupt vector table.
 217:.\Generated_Source\PSoC4/isr_Button1.c **** *
 218:.\Generated_Source\PSoC4/isr_Button1.c **** *******************************************************************************/
 219:.\Generated_Source\PSoC4/isr_Button1.c **** cyisraddress isr_Button1_GetVector(void)
 220:.\Generated_Source\PSoC4/isr_Button1.c **** {
 193              		.loc 1 220 0
 194              		.cfi_startproc
 195 0000 80B5     		push	{r7, lr}
 196              		.cfi_def_cfa_offset 8
 197              		.cfi_offset 7, -8
 198              		.cfi_offset 14, -4
 199 0002 00AF     		add	r7, sp, #0
 200              		.cfi_def_cfa_register 7
 221:.\Generated_Source\PSoC4/isr_Button1.c ****     return CyRamVectors[CYINT_IRQ_BASE + isr_Button1__INTC_NUMBER];
 201              		.loc 1 221 0
 202 0004 024B     		ldr	r3, .L14
 203 0006 1B6C     		ldr	r3, [r3, #64]
 222:.\Generated_Source\PSoC4/isr_Button1.c **** }
 204              		.loc 1 222 0
 205 0008 181C     		mov	r0, r3
 206 000a BD46     		mov	sp, r7
 207              		@ sp needed
 208 000c 80BD     		pop	{r7, pc}
 209              	.L15:
 210 000e C046     		.align	2
 211              	.L14:
 212 0010 00000000 		.word	CyRamVectors
 213              		.cfi_endproc
 214              	.LFE7:
 215              		.size	isr_Button1_GetVector, .-isr_Button1_GetVector
 216              		.section	.text.isr_Button1_SetPriority,"ax",%progbits
 217              		.align	2
 218              		.global	isr_Button1_SetPriority
 219              		.code	16
 220              		.thumb_func
 221              		.type	isr_Button1_SetPriority, %function
 222              	isr_Button1_SetPriority:
 223              	.LFB8:
 223:.\Generated_Source\PSoC4/isr_Button1.c **** 
 224:.\Generated_Source\PSoC4/isr_Button1.c **** 
 225:.\Generated_Source\PSoC4/isr_Button1.c **** /*******************************************************************************
 226:.\Generated_Source\PSoC4/isr_Button1.c **** * Function Name: isr_Button1_SetPriority
 227:.\Generated_Source\PSoC4/isr_Button1.c **** ********************************************************************************
 228:.\Generated_Source\PSoC4/isr_Button1.c **** *
 229:.\Generated_Source\PSoC4/isr_Button1.c **** * Summary:
 230:.\Generated_Source\PSoC4/isr_Button1.c **** *   Sets the Priority of the Interrupt. 
 231:.\Generated_Source\PSoC4/isr_Button1.c **** *
 232:.\Generated_Source\PSoC4/isr_Button1.c **** *   Note calling isr_Button1_Start or isr_Button1_StartEx will 
 233:.\Generated_Source\PSoC4/isr_Button1.c **** *   override any effect this API would have had. This API should only be called
ARM GAS  C:\Users\Helon\AppData\Local\Temp\cc2091KK.s 			page 9


 234:.\Generated_Source\PSoC4/isr_Button1.c **** *   after isr_Button1_Start or isr_Button1_StartEx has been called. 
 235:.\Generated_Source\PSoC4/isr_Button1.c **** *   To set the initial priority for the component, use the Design-Wide Resources
 236:.\Generated_Source\PSoC4/isr_Button1.c **** *   Interrupt Editor.
 237:.\Generated_Source\PSoC4/isr_Button1.c **** *
 238:.\Generated_Source\PSoC4/isr_Button1.c **** *   Note This API has no effect on Non-maskable interrupt NMI).
 239:.\Generated_Source\PSoC4/isr_Button1.c **** *
 240:.\Generated_Source\PSoC4/isr_Button1.c **** * Parameters:
 241:.\Generated_Source\PSoC4/isr_Button1.c **** *   priority: Priority of the interrupt, 0 being the highest priority
 242:.\Generated_Source\PSoC4/isr_Button1.c **** *             PSoC 3 and PSoC 5LP: Priority is from 0 to 7.
 243:.\Generated_Source\PSoC4/isr_Button1.c **** *             PSoC 4: Priority is from 0 to 3.
 244:.\Generated_Source\PSoC4/isr_Button1.c **** *
 245:.\Generated_Source\PSoC4/isr_Button1.c **** * Return:
 246:.\Generated_Source\PSoC4/isr_Button1.c **** *   None
 247:.\Generated_Source\PSoC4/isr_Button1.c **** *
 248:.\Generated_Source\PSoC4/isr_Button1.c **** *******************************************************************************/
 249:.\Generated_Source\PSoC4/isr_Button1.c **** void isr_Button1_SetPriority(uint8 priority)
 250:.\Generated_Source\PSoC4/isr_Button1.c **** {
 224              		.loc 1 250 0
 225              		.cfi_startproc
 226 0000 90B5     		push	{r4, r7, lr}
 227              		.cfi_def_cfa_offset 12
 228              		.cfi_offset 4, -12
 229              		.cfi_offset 7, -8
 230              		.cfi_offset 14, -4
 231 0002 85B0     		sub	sp, sp, #20
 232              		.cfi_def_cfa_offset 32
 233 0004 00AF     		add	r7, sp, #0
 234              		.cfi_def_cfa_register 7
 235 0006 021C     		mov	r2, r0
 236 0008 FB1D     		add	r3, r7, #7
 237 000a 1A70     		strb	r2, [r3]
 251:.\Generated_Source\PSoC4/isr_Button1.c **** 	uint8 interruptState;
 252:.\Generated_Source\PSoC4/isr_Button1.c ****     uint32 priorityOffset = ((isr_Button1__INTC_NUMBER % 4u) * 8u) + 6u;
 238              		.loc 1 252 0
 239 000c 0623     		mov	r3, #6
 240 000e FB60     		str	r3, [r7, #12]
 253:.\Generated_Source\PSoC4/isr_Button1.c ****     
 254:.\Generated_Source\PSoC4/isr_Button1.c **** 	interruptState = CyEnterCriticalSection();
 241              		.loc 1 254 0
 242 0010 0B23     		mov	r3, #11
 243 0012 FC18     		add	r4, r7, r3
 244 0014 FFF7FEFF 		bl	CyEnterCriticalSection
 245 0018 031C     		mov	r3, r0
 246 001a 2370     		strb	r3, [r4]
 255:.\Generated_Source\PSoC4/isr_Button1.c ****     *isr_Button1_INTC_PRIOR = (*isr_Button1_INTC_PRIOR & (uint32)(~isr_Button1__INTC_PRIOR_MASK)) |
 247              		.loc 1 255 0
 248 001c 0A4B     		ldr	r3, .L17
 249 001e 0A4A     		ldr	r2, .L17
 250 0020 1268     		ldr	r2, [r2]
 251 0022 C021     		mov	r1, #192
 252 0024 8A43     		bic	r2, r1
 253 0026 111C     		mov	r1, r2
 256:.\Generated_Source\PSoC4/isr_Button1.c ****                                     ((uint32)priority << priorityOffset);
 254              		.loc 1 256 0
 255 0028 FA1D     		add	r2, r7, #7
 256 002a 1078     		ldrb	r0, [r2]
 257 002c FA68     		ldr	r2, [r7, #12]
ARM GAS  C:\Users\Helon\AppData\Local\Temp\cc2091KK.s 			page 10


 258 002e 9040     		lsl	r0, r0, r2
 259 0030 021C     		mov	r2, r0
 255:.\Generated_Source\PSoC4/isr_Button1.c ****     *isr_Button1_INTC_PRIOR = (*isr_Button1_INTC_PRIOR & (uint32)(~isr_Button1__INTC_PRIOR_MASK)) |
 260              		.loc 1 255 0
 261 0032 0A43     		orr	r2, r1
 262 0034 1A60     		str	r2, [r3]
 257:.\Generated_Source\PSoC4/isr_Button1.c **** 	CyExitCriticalSection(interruptState);
 263              		.loc 1 257 0
 264 0036 0B23     		mov	r3, #11
 265 0038 FB18     		add	r3, r7, r3
 266 003a 1B78     		ldrb	r3, [r3]
 267 003c 181C     		mov	r0, r3
 268 003e FFF7FEFF 		bl	CyExitCriticalSection
 258:.\Generated_Source\PSoC4/isr_Button1.c **** }
 269              		.loc 1 258 0
 270 0042 BD46     		mov	sp, r7
 271 0044 05B0     		add	sp, sp, #20
 272              		@ sp needed
 273 0046 90BD     		pop	{r4, r7, pc}
 274              	.L18:
 275              		.align	2
 276              	.L17:
 277 0048 00E400E0 		.word	-536812544
 278              		.cfi_endproc
 279              	.LFE8:
 280              		.size	isr_Button1_SetPriority, .-isr_Button1_SetPriority
 281              		.section	.text.isr_Button1_GetPriority,"ax",%progbits
 282              		.align	2
 283              		.global	isr_Button1_GetPriority
 284              		.code	16
 285              		.thumb_func
 286              		.type	isr_Button1_GetPriority, %function
 287              	isr_Button1_GetPriority:
 288              	.LFB9:
 259:.\Generated_Source\PSoC4/isr_Button1.c **** 
 260:.\Generated_Source\PSoC4/isr_Button1.c **** 
 261:.\Generated_Source\PSoC4/isr_Button1.c **** /*******************************************************************************
 262:.\Generated_Source\PSoC4/isr_Button1.c **** * Function Name: isr_Button1_GetPriority
 263:.\Generated_Source\PSoC4/isr_Button1.c **** ********************************************************************************
 264:.\Generated_Source\PSoC4/isr_Button1.c **** *
 265:.\Generated_Source\PSoC4/isr_Button1.c **** * Summary:
 266:.\Generated_Source\PSoC4/isr_Button1.c **** *   Gets the Priority of the Interrupt.
 267:.\Generated_Source\PSoC4/isr_Button1.c **** *
 268:.\Generated_Source\PSoC4/isr_Button1.c **** * Parameters:
 269:.\Generated_Source\PSoC4/isr_Button1.c **** *   None
 270:.\Generated_Source\PSoC4/isr_Button1.c **** *
 271:.\Generated_Source\PSoC4/isr_Button1.c **** * Return:
 272:.\Generated_Source\PSoC4/isr_Button1.c **** *   Priority of the interrupt, 0 being the highest priority
 273:.\Generated_Source\PSoC4/isr_Button1.c **** *    PSoC 3 and PSoC 5LP: Priority is from 0 to 7.
 274:.\Generated_Source\PSoC4/isr_Button1.c **** *    PSoC 4: Priority is from 0 to 3.
 275:.\Generated_Source\PSoC4/isr_Button1.c **** *
 276:.\Generated_Source\PSoC4/isr_Button1.c **** *******************************************************************************/
 277:.\Generated_Source\PSoC4/isr_Button1.c **** uint8 isr_Button1_GetPriority(void)
 278:.\Generated_Source\PSoC4/isr_Button1.c **** {
 289              		.loc 1 278 0
 290              		.cfi_startproc
 291 0000 80B5     		push	{r7, lr}
ARM GAS  C:\Users\Helon\AppData\Local\Temp\cc2091KK.s 			page 11


 292              		.cfi_def_cfa_offset 8
 293              		.cfi_offset 7, -8
 294              		.cfi_offset 14, -4
 295 0002 82B0     		sub	sp, sp, #8
 296              		.cfi_def_cfa_offset 16
 297 0004 00AF     		add	r7, sp, #0
 298              		.cfi_def_cfa_register 7
 279:.\Generated_Source\PSoC4/isr_Button1.c ****     uint32 priority;
 280:.\Generated_Source\PSoC4/isr_Button1.c **** 	uint32 priorityOffset = ((isr_Button1__INTC_NUMBER % 4u) * 8u) + 6u;
 299              		.loc 1 280 0
 300 0006 0623     		mov	r3, #6
 301 0008 7B60     		str	r3, [r7, #4]
 281:.\Generated_Source\PSoC4/isr_Button1.c **** 
 282:.\Generated_Source\PSoC4/isr_Button1.c ****     priority = (*isr_Button1_INTC_PRIOR & isr_Button1__INTC_PRIOR_MASK) >> priorityOffset;
 302              		.loc 1 282 0
 303 000a 074B     		ldr	r3, .L21
 304 000c 1B68     		ldr	r3, [r3]
 305 000e C022     		mov	r2, #192
 306 0010 1A40     		and	r2, r3
 307 0012 7B68     		ldr	r3, [r7, #4]
 308 0014 DA40     		lsr	r2, r2, r3
 309 0016 131C     		mov	r3, r2
 310 0018 3B60     		str	r3, [r7]
 283:.\Generated_Source\PSoC4/isr_Button1.c **** 
 284:.\Generated_Source\PSoC4/isr_Button1.c ****     return (uint8)priority;
 311              		.loc 1 284 0
 312 001a 3B68     		ldr	r3, [r7]
 313 001c DBB2     		uxtb	r3, r3
 285:.\Generated_Source\PSoC4/isr_Button1.c **** }
 314              		.loc 1 285 0
 315 001e 181C     		mov	r0, r3
 316 0020 BD46     		mov	sp, r7
 317 0022 02B0     		add	sp, sp, #8
 318              		@ sp needed
 319 0024 80BD     		pop	{r7, pc}
 320              	.L22:
 321 0026 C046     		.align	2
 322              	.L21:
 323 0028 00E400E0 		.word	-536812544
 324              		.cfi_endproc
 325              	.LFE9:
 326              		.size	isr_Button1_GetPriority, .-isr_Button1_GetPriority
 327              		.section	.text.isr_Button1_Enable,"ax",%progbits
 328              		.align	2
 329              		.global	isr_Button1_Enable
 330              		.code	16
 331              		.thumb_func
 332              		.type	isr_Button1_Enable, %function
 333              	isr_Button1_Enable:
 334              	.LFB10:
 286:.\Generated_Source\PSoC4/isr_Button1.c **** 
 287:.\Generated_Source\PSoC4/isr_Button1.c **** 
 288:.\Generated_Source\PSoC4/isr_Button1.c **** /*******************************************************************************
 289:.\Generated_Source\PSoC4/isr_Button1.c **** * Function Name: isr_Button1_Enable
 290:.\Generated_Source\PSoC4/isr_Button1.c **** ********************************************************************************
 291:.\Generated_Source\PSoC4/isr_Button1.c **** *
 292:.\Generated_Source\PSoC4/isr_Button1.c **** * Summary:
ARM GAS  C:\Users\Helon\AppData\Local\Temp\cc2091KK.s 			page 12


 293:.\Generated_Source\PSoC4/isr_Button1.c **** *   Enables the interrupt to the interrupt controller. Do not call this function
 294:.\Generated_Source\PSoC4/isr_Button1.c **** *   unless ISR_Start() has been called or the functionality of the ISR_Start() 
 295:.\Generated_Source\PSoC4/isr_Button1.c **** *   function, which sets the vector and the priority, has been called.
 296:.\Generated_Source\PSoC4/isr_Button1.c **** *
 297:.\Generated_Source\PSoC4/isr_Button1.c **** * Parameters:
 298:.\Generated_Source\PSoC4/isr_Button1.c **** *   None
 299:.\Generated_Source\PSoC4/isr_Button1.c **** *
 300:.\Generated_Source\PSoC4/isr_Button1.c **** * Return:
 301:.\Generated_Source\PSoC4/isr_Button1.c **** *   None
 302:.\Generated_Source\PSoC4/isr_Button1.c **** *
 303:.\Generated_Source\PSoC4/isr_Button1.c **** *******************************************************************************/
 304:.\Generated_Source\PSoC4/isr_Button1.c **** void isr_Button1_Enable(void)
 305:.\Generated_Source\PSoC4/isr_Button1.c **** {
 335              		.loc 1 305 0
 336              		.cfi_startproc
 337 0000 80B5     		push	{r7, lr}
 338              		.cfi_def_cfa_offset 8
 339              		.cfi_offset 7, -8
 340              		.cfi_offset 14, -4
 341 0002 00AF     		add	r7, sp, #0
 342              		.cfi_def_cfa_register 7
 306:.\Generated_Source\PSoC4/isr_Button1.c ****     /* Enable the general interrupt. */
 307:.\Generated_Source\PSoC4/isr_Button1.c ****     *isr_Button1_INTC_SET_EN = isr_Button1__INTC_MASK;
 343              		.loc 1 307 0
 344 0004 024B     		ldr	r3, .L24
 345 0006 0122     		mov	r2, #1
 346 0008 1A60     		str	r2, [r3]
 308:.\Generated_Source\PSoC4/isr_Button1.c **** }
 347              		.loc 1 308 0
 348 000a BD46     		mov	sp, r7
 349              		@ sp needed
 350 000c 80BD     		pop	{r7, pc}
 351              	.L25:
 352 000e C046     		.align	2
 353              	.L24:
 354 0010 00E100E0 		.word	-536813312
 355              		.cfi_endproc
 356              	.LFE10:
 357              		.size	isr_Button1_Enable, .-isr_Button1_Enable
 358              		.section	.text.isr_Button1_GetState,"ax",%progbits
 359              		.align	2
 360              		.global	isr_Button1_GetState
 361              		.code	16
 362              		.thumb_func
 363              		.type	isr_Button1_GetState, %function
 364              	isr_Button1_GetState:
 365              	.LFB11:
 309:.\Generated_Source\PSoC4/isr_Button1.c **** 
 310:.\Generated_Source\PSoC4/isr_Button1.c **** 
 311:.\Generated_Source\PSoC4/isr_Button1.c **** /*******************************************************************************
 312:.\Generated_Source\PSoC4/isr_Button1.c **** * Function Name: isr_Button1_GetState
 313:.\Generated_Source\PSoC4/isr_Button1.c **** ********************************************************************************
 314:.\Generated_Source\PSoC4/isr_Button1.c **** *
 315:.\Generated_Source\PSoC4/isr_Button1.c **** * Summary:
 316:.\Generated_Source\PSoC4/isr_Button1.c **** *   Gets the state (enabled, disabled) of the Interrupt.
 317:.\Generated_Source\PSoC4/isr_Button1.c **** *
 318:.\Generated_Source\PSoC4/isr_Button1.c **** * Parameters:
ARM GAS  C:\Users\Helon\AppData\Local\Temp\cc2091KK.s 			page 13


 319:.\Generated_Source\PSoC4/isr_Button1.c **** *   None
 320:.\Generated_Source\PSoC4/isr_Button1.c **** *
 321:.\Generated_Source\PSoC4/isr_Button1.c **** * Return:
 322:.\Generated_Source\PSoC4/isr_Button1.c **** *   1 if enabled, 0 if disabled.
 323:.\Generated_Source\PSoC4/isr_Button1.c **** *
 324:.\Generated_Source\PSoC4/isr_Button1.c **** *******************************************************************************/
 325:.\Generated_Source\PSoC4/isr_Button1.c **** uint8 isr_Button1_GetState(void)
 326:.\Generated_Source\PSoC4/isr_Button1.c **** {
 366              		.loc 1 326 0
 367              		.cfi_startproc
 368 0000 80B5     		push	{r7, lr}
 369              		.cfi_def_cfa_offset 8
 370              		.cfi_offset 7, -8
 371              		.cfi_offset 14, -4
 372 0002 00AF     		add	r7, sp, #0
 373              		.cfi_def_cfa_register 7
 327:.\Generated_Source\PSoC4/isr_Button1.c ****     /* Get the state of the general interrupt. */
 328:.\Generated_Source\PSoC4/isr_Button1.c ****     return ((*isr_Button1_INTC_SET_EN & (uint32)isr_Button1__INTC_MASK) != 0u) ? 1u:0u;
 374              		.loc 1 328 0
 375 0004 044B     		ldr	r3, .L28
 376 0006 1B68     		ldr	r3, [r3]
 377 0008 DBB2     		uxtb	r3, r3
 378 000a 0122     		mov	r2, #1
 379 000c 1340     		and	r3, r2
 380 000e DBB2     		uxtb	r3, r3
 329:.\Generated_Source\PSoC4/isr_Button1.c **** }
 381              		.loc 1 329 0
 382 0010 181C     		mov	r0, r3
 383 0012 BD46     		mov	sp, r7
 384              		@ sp needed
 385 0014 80BD     		pop	{r7, pc}
 386              	.L29:
 387 0016 C046     		.align	2
 388              	.L28:
 389 0018 00E100E0 		.word	-536813312
 390              		.cfi_endproc
 391              	.LFE11:
 392              		.size	isr_Button1_GetState, .-isr_Button1_GetState
 393              		.section	.text.isr_Button1_Disable,"ax",%progbits
 394              		.align	2
 395              		.global	isr_Button1_Disable
 396              		.code	16
 397              		.thumb_func
 398              		.type	isr_Button1_Disable, %function
 399              	isr_Button1_Disable:
 400              	.LFB12:
 330:.\Generated_Source\PSoC4/isr_Button1.c **** 
 331:.\Generated_Source\PSoC4/isr_Button1.c **** 
 332:.\Generated_Source\PSoC4/isr_Button1.c **** /*******************************************************************************
 333:.\Generated_Source\PSoC4/isr_Button1.c **** * Function Name: isr_Button1_Disable
 334:.\Generated_Source\PSoC4/isr_Button1.c **** ********************************************************************************
 335:.\Generated_Source\PSoC4/isr_Button1.c **** *
 336:.\Generated_Source\PSoC4/isr_Button1.c **** * Summary:
 337:.\Generated_Source\PSoC4/isr_Button1.c **** *   Disables the Interrupt in the interrupt controller.
 338:.\Generated_Source\PSoC4/isr_Button1.c **** *
 339:.\Generated_Source\PSoC4/isr_Button1.c **** * Parameters:
 340:.\Generated_Source\PSoC4/isr_Button1.c **** *   None
ARM GAS  C:\Users\Helon\AppData\Local\Temp\cc2091KK.s 			page 14


 341:.\Generated_Source\PSoC4/isr_Button1.c **** *
 342:.\Generated_Source\PSoC4/isr_Button1.c **** * Return:
 343:.\Generated_Source\PSoC4/isr_Button1.c **** *   None
 344:.\Generated_Source\PSoC4/isr_Button1.c **** *
 345:.\Generated_Source\PSoC4/isr_Button1.c **** *******************************************************************************/
 346:.\Generated_Source\PSoC4/isr_Button1.c **** void isr_Button1_Disable(void)
 347:.\Generated_Source\PSoC4/isr_Button1.c **** {
 401              		.loc 1 347 0
 402              		.cfi_startproc
 403 0000 80B5     		push	{r7, lr}
 404              		.cfi_def_cfa_offset 8
 405              		.cfi_offset 7, -8
 406              		.cfi_offset 14, -4
 407 0002 00AF     		add	r7, sp, #0
 408              		.cfi_def_cfa_register 7
 348:.\Generated_Source\PSoC4/isr_Button1.c ****     /* Disable the general interrupt. */
 349:.\Generated_Source\PSoC4/isr_Button1.c ****     *isr_Button1_INTC_CLR_EN = isr_Button1__INTC_MASK;
 409              		.loc 1 349 0
 410 0004 024B     		ldr	r3, .L31
 411 0006 0122     		mov	r2, #1
 412 0008 1A60     		str	r2, [r3]
 350:.\Generated_Source\PSoC4/isr_Button1.c **** }
 413              		.loc 1 350 0
 414 000a BD46     		mov	sp, r7
 415              		@ sp needed
 416 000c 80BD     		pop	{r7, pc}
 417              	.L32:
 418 000e C046     		.align	2
 419              	.L31:
 420 0010 80E100E0 		.word	-536813184
 421              		.cfi_endproc
 422              	.LFE12:
 423              		.size	isr_Button1_Disable, .-isr_Button1_Disable
 424              		.section	.text.isr_Button1_SetPending,"ax",%progbits
 425              		.align	2
 426              		.global	isr_Button1_SetPending
 427              		.code	16
 428              		.thumb_func
 429              		.type	isr_Button1_SetPending, %function
 430              	isr_Button1_SetPending:
 431              	.LFB13:
 351:.\Generated_Source\PSoC4/isr_Button1.c **** 
 352:.\Generated_Source\PSoC4/isr_Button1.c **** 
 353:.\Generated_Source\PSoC4/isr_Button1.c **** /*******************************************************************************
 354:.\Generated_Source\PSoC4/isr_Button1.c **** * Function Name: isr_Button1_SetPending
 355:.\Generated_Source\PSoC4/isr_Button1.c **** ********************************************************************************
 356:.\Generated_Source\PSoC4/isr_Button1.c **** *
 357:.\Generated_Source\PSoC4/isr_Button1.c **** * Summary:
 358:.\Generated_Source\PSoC4/isr_Button1.c **** *   Causes the Interrupt to enter the pending state, a software method of
 359:.\Generated_Source\PSoC4/isr_Button1.c **** *   generating the interrupt.
 360:.\Generated_Source\PSoC4/isr_Button1.c **** *
 361:.\Generated_Source\PSoC4/isr_Button1.c **** * Parameters:
 362:.\Generated_Source\PSoC4/isr_Button1.c **** *   None
 363:.\Generated_Source\PSoC4/isr_Button1.c **** *
 364:.\Generated_Source\PSoC4/isr_Button1.c **** * Return:
 365:.\Generated_Source\PSoC4/isr_Button1.c **** *   None
 366:.\Generated_Source\PSoC4/isr_Button1.c **** *
ARM GAS  C:\Users\Helon\AppData\Local\Temp\cc2091KK.s 			page 15


 367:.\Generated_Source\PSoC4/isr_Button1.c **** * Side Effects:
 368:.\Generated_Source\PSoC4/isr_Button1.c **** *   If interrupts are enabled and the interrupt is set up properly, the ISR is
 369:.\Generated_Source\PSoC4/isr_Button1.c **** *   entered (depending on the priority of this interrupt and other pending 
 370:.\Generated_Source\PSoC4/isr_Button1.c **** *   interrupts).
 371:.\Generated_Source\PSoC4/isr_Button1.c **** *
 372:.\Generated_Source\PSoC4/isr_Button1.c **** *******************************************************************************/
 373:.\Generated_Source\PSoC4/isr_Button1.c **** void isr_Button1_SetPending(void)
 374:.\Generated_Source\PSoC4/isr_Button1.c **** {
 432              		.loc 1 374 0
 433              		.cfi_startproc
 434 0000 80B5     		push	{r7, lr}
 435              		.cfi_def_cfa_offset 8
 436              		.cfi_offset 7, -8
 437              		.cfi_offset 14, -4
 438 0002 00AF     		add	r7, sp, #0
 439              		.cfi_def_cfa_register 7
 375:.\Generated_Source\PSoC4/isr_Button1.c ****     *isr_Button1_INTC_SET_PD = isr_Button1__INTC_MASK;
 440              		.loc 1 375 0
 441 0004 024B     		ldr	r3, .L34
 442 0006 0122     		mov	r2, #1
 443 0008 1A60     		str	r2, [r3]
 376:.\Generated_Source\PSoC4/isr_Button1.c **** }
 444              		.loc 1 376 0
 445 000a BD46     		mov	sp, r7
 446              		@ sp needed
 447 000c 80BD     		pop	{r7, pc}
 448              	.L35:
 449 000e C046     		.align	2
 450              	.L34:
 451 0010 00E200E0 		.word	-536813056
 452              		.cfi_endproc
 453              	.LFE13:
 454              		.size	isr_Button1_SetPending, .-isr_Button1_SetPending
 455              		.section	.text.isr_Button1_ClearPending,"ax",%progbits
 456              		.align	2
 457              		.global	isr_Button1_ClearPending
 458              		.code	16
 459              		.thumb_func
 460              		.type	isr_Button1_ClearPending, %function
 461              	isr_Button1_ClearPending:
 462              	.LFB14:
 377:.\Generated_Source\PSoC4/isr_Button1.c **** 
 378:.\Generated_Source\PSoC4/isr_Button1.c **** 
 379:.\Generated_Source\PSoC4/isr_Button1.c **** /*******************************************************************************
 380:.\Generated_Source\PSoC4/isr_Button1.c **** * Function Name: isr_Button1_ClearPending
 381:.\Generated_Source\PSoC4/isr_Button1.c **** ********************************************************************************
 382:.\Generated_Source\PSoC4/isr_Button1.c **** *
 383:.\Generated_Source\PSoC4/isr_Button1.c **** * Summary:
 384:.\Generated_Source\PSoC4/isr_Button1.c **** *   Clears a pending interrupt in the interrupt controller.
 385:.\Generated_Source\PSoC4/isr_Button1.c **** *
 386:.\Generated_Source\PSoC4/isr_Button1.c **** *   Note Some interrupt sources are clear-on-read and require the block 
 387:.\Generated_Source\PSoC4/isr_Button1.c **** *   interrupt/status register to be read/cleared with the appropriate block API 
 388:.\Generated_Source\PSoC4/isr_Button1.c **** *   (GPIO, UART, and so on). Otherwise the ISR will continue to remain in 
 389:.\Generated_Source\PSoC4/isr_Button1.c **** *   pending state even though the interrupt itself is cleared using this API.
 390:.\Generated_Source\PSoC4/isr_Button1.c **** *
 391:.\Generated_Source\PSoC4/isr_Button1.c **** * Parameters:
 392:.\Generated_Source\PSoC4/isr_Button1.c **** *   None
ARM GAS  C:\Users\Helon\AppData\Local\Temp\cc2091KK.s 			page 16


 393:.\Generated_Source\PSoC4/isr_Button1.c **** *
 394:.\Generated_Source\PSoC4/isr_Button1.c **** * Return:
 395:.\Generated_Source\PSoC4/isr_Button1.c **** *   None
 396:.\Generated_Source\PSoC4/isr_Button1.c **** *
 397:.\Generated_Source\PSoC4/isr_Button1.c **** *******************************************************************************/
 398:.\Generated_Source\PSoC4/isr_Button1.c **** void isr_Button1_ClearPending(void)
 399:.\Generated_Source\PSoC4/isr_Button1.c **** {
 463              		.loc 1 399 0
 464              		.cfi_startproc
 465 0000 80B5     		push	{r7, lr}
 466              		.cfi_def_cfa_offset 8
 467              		.cfi_offset 7, -8
 468              		.cfi_offset 14, -4
 469 0002 00AF     		add	r7, sp, #0
 470              		.cfi_def_cfa_register 7
 400:.\Generated_Source\PSoC4/isr_Button1.c ****     *isr_Button1_INTC_CLR_PD = isr_Button1__INTC_MASK;
 471              		.loc 1 400 0
 472 0004 024B     		ldr	r3, .L37
 473 0006 0122     		mov	r2, #1
 474 0008 1A60     		str	r2, [r3]
 401:.\Generated_Source\PSoC4/isr_Button1.c **** }
 475              		.loc 1 401 0
 476 000a BD46     		mov	sp, r7
 477              		@ sp needed
 478 000c 80BD     		pop	{r7, pc}
 479              	.L38:
 480 000e C046     		.align	2
 481              	.L37:
 482 0010 80E200E0 		.word	-536812928
 483              		.cfi_endproc
 484              	.LFE14:
 485              		.size	isr_Button1_ClearPending, .-isr_Button1_ClearPending
 486              		.text
 487              	.Letext0:
 488              		.file 2 "Generated_Source\\PSoC4/cytypes.h"
 489              		.section	.debug_info,"",%progbits
 490              	.Ldebug_info0:
 491 0000 42020000 		.4byte	0x242
 492 0004 0400     		.2byte	0x4
 493 0006 00000000 		.4byte	.Ldebug_abbrev0
 494 000a 04       		.byte	0x4
 495 000b 01       		.uleb128 0x1
 496 000c 78010000 		.4byte	.LASF33
 497 0010 01       		.byte	0x1
 498 0011 62020000 		.4byte	.LASF34
 499 0015 AB000000 		.4byte	.LASF35
 500 0019 00000000 		.4byte	.Ldebug_ranges0+0
 501 001d 00000000 		.4byte	0
 502 0021 00000000 		.4byte	.Ldebug_line0
 503 0025 02       		.uleb128 0x2
 504 0026 01       		.byte	0x1
 505 0027 06       		.byte	0x6
 506 0028 12030000 		.4byte	.LASF0
 507 002c 02       		.uleb128 0x2
 508 002d 01       		.byte	0x1
 509 002e 08       		.byte	0x8
 510 002f 8E000000 		.4byte	.LASF1
ARM GAS  C:\Users\Helon\AppData\Local\Temp\cc2091KK.s 			page 17


 511 0033 02       		.uleb128 0x2
 512 0034 02       		.byte	0x2
 513 0035 05       		.byte	0x5
 514 0036 CD020000 		.4byte	.LASF2
 515 003a 02       		.uleb128 0x2
 516 003b 02       		.byte	0x2
 517 003c 07       		.byte	0x7
 518 003d 4D000000 		.4byte	.LASF3
 519 0041 02       		.uleb128 0x2
 520 0042 04       		.byte	0x4
 521 0043 05       		.byte	0x5
 522 0044 44000000 		.4byte	.LASF4
 523 0048 02       		.uleb128 0x2
 524 0049 04       		.byte	0x4
 525 004a 07       		.byte	0x7
 526 004b 0D020000 		.4byte	.LASF5
 527 004f 02       		.uleb128 0x2
 528 0050 08       		.byte	0x8
 529 0051 05       		.byte	0x5
 530 0052 BA020000 		.4byte	.LASF6
 531 0056 02       		.uleb128 0x2
 532 0057 08       		.byte	0x8
 533 0058 07       		.byte	0x7
 534 0059 4B020000 		.4byte	.LASF7
 535 005d 03       		.uleb128 0x3
 536 005e 04       		.byte	0x4
 537 005f 05       		.byte	0x5
 538 0060 696E7400 		.ascii	"int\000"
 539 0064 02       		.uleb128 0x2
 540 0065 04       		.byte	0x4
 541 0066 07       		.byte	0x7
 542 0067 1F020000 		.4byte	.LASF8
 543 006b 04       		.uleb128 0x4
 544 006c 2A010000 		.4byte	.LASF9
 545 0070 02       		.byte	0x2
 546 0071 3801     		.2byte	0x138
 547 0073 2C000000 		.4byte	0x2c
 548 0077 04       		.uleb128 0x4
 549 0078 06020000 		.4byte	.LASF10
 550 007c 02       		.byte	0x2
 551 007d 3A01     		.2byte	0x13a
 552 007f 48000000 		.4byte	0x48
 553 0083 02       		.uleb128 0x2
 554 0084 04       		.byte	0x4
 555 0085 04       		.byte	0x4
 556 0086 88000000 		.4byte	.LASF11
 557 008a 02       		.uleb128 0x2
 558 008b 08       		.byte	0x8
 559 008c 04       		.byte	0x4
 560 008d 96020000 		.4byte	.LASF12
 561 0091 02       		.uleb128 0x2
 562 0092 01       		.byte	0x1
 563 0093 08       		.byte	0x8
 564 0094 C8020000 		.4byte	.LASF13
 565 0098 04       		.uleb128 0x4
 566 0099 00000000 		.4byte	.LASF14
 567 009d 02       		.byte	0x2
ARM GAS  C:\Users\Helon\AppData\Local\Temp\cc2091KK.s 			page 18


 568 009e E401     		.2byte	0x1e4
 569 00a0 A4000000 		.4byte	0xa4
 570 00a4 05       		.uleb128 0x5
 571 00a5 77000000 		.4byte	0x77
 572 00a9 04       		.uleb128 0x4
 573 00aa 89020000 		.4byte	.LASF15
 574 00ae 02       		.byte	0x2
 575 00af F401     		.2byte	0x1f4
 576 00b1 B5000000 		.4byte	0xb5
 577 00b5 06       		.uleb128 0x6
 578 00b6 04       		.byte	0x4
 579 00b7 BB000000 		.4byte	0xbb
 580 00bb 07       		.uleb128 0x7
 581 00bc 02       		.uleb128 0x2
 582 00bd 04       		.byte	0x4
 583 00be 07       		.byte	0x7
 584 00bf 9D020000 		.4byte	.LASF16
 585 00c3 08       		.uleb128 0x8
 586 00c4 1E030000 		.4byte	.LASF17
 587 00c8 01       		.byte	0x1
 588 00c9 38       		.byte	0x38
 589 00ca 00000000 		.4byte	.LFB2
 590 00ce 24000000 		.4byte	.LFE2-.LFB2
 591 00d2 01       		.uleb128 0x1
 592 00d3 9C       		.byte	0x9c
 593 00d4 09       		.uleb128 0x9
 594 00d5 A6020000 		.4byte	.LASF20
 595 00d9 01       		.byte	0x1
 596 00da 63       		.byte	0x63
 597 00db 00000000 		.4byte	.LFB3
 598 00df 24000000 		.4byte	.LFE3-.LFB3
 599 00e3 01       		.uleb128 0x1
 600 00e4 9C       		.byte	0x9c
 601 00e5 F8000000 		.4byte	0xf8
 602 00e9 0A       		.uleb128 0xa
 603 00ea 43020000 		.4byte	.LASF22
 604 00ee 01       		.byte	0x1
 605 00ef 63       		.byte	0x63
 606 00f0 A9000000 		.4byte	0xa9
 607 00f4 02       		.uleb128 0x2
 608 00f5 91       		.byte	0x91
 609 00f6 74       		.sleb128 -12
 610 00f7 00       		.byte	0
 611 00f8 08       		.uleb128 0x8
 612 00f9 30010000 		.4byte	.LASF18
 613 00fd 01       		.byte	0x1
 614 00fe 81       		.byte	0x81
 615 00ff 00000000 		.4byte	.LFB4
 616 0103 18000000 		.4byte	.LFE4-.LFB4
 617 0107 01       		.uleb128 0x1
 618 0108 9C       		.byte	0x9c
 619 0109 0B       		.uleb128 0xb
 620 010a FC020000 		.4byte	.LASF19
 621 010e 01       		.byte	0x1
 622 010f 9F       		.byte	0x9f
 623 0110 00000000 		.4byte	.LFB5
 624 0114 08000000 		.4byte	.LFE5-.LFB5
ARM GAS  C:\Users\Helon\AppData\Local\Temp\cc2091KK.s 			page 19


 625 0118 01       		.uleb128 0x1
 626 0119 9C       		.byte	0x9c
 627 011a 0C       		.uleb128 0xc
 628 011b 62010000 		.4byte	.LASF21
 629 011f 01       		.byte	0x1
 630 0120 C7       		.byte	0xc7
 631 0121 00000000 		.4byte	.LFB6
 632 0125 18000000 		.4byte	.LFE6-.LFB6
 633 0129 01       		.uleb128 0x1
 634 012a 9C       		.byte	0x9c
 635 012b 3E010000 		.4byte	0x13e
 636 012f 0A       		.uleb128 0xa
 637 0130 43020000 		.4byte	.LASF22
 638 0134 01       		.byte	0x1
 639 0135 C7       		.byte	0xc7
 640 0136 A9000000 		.4byte	0xa9
 641 013a 02       		.uleb128 0x2
 642 013b 91       		.byte	0x91
 643 013c 74       		.sleb128 -12
 644 013d 00       		.byte	0
 645 013e 0D       		.uleb128 0xd
 646 013f D7020000 		.4byte	.LASF28
 647 0143 01       		.byte	0x1
 648 0144 DB       		.byte	0xdb
 649 0145 A9000000 		.4byte	0xa9
 650 0149 00000000 		.4byte	.LFB7
 651 014d 14000000 		.4byte	.LFE7-.LFB7
 652 0151 01       		.uleb128 0x1
 653 0152 9C       		.byte	0x9c
 654 0153 09       		.uleb128 0x9
 655 0154 4A010000 		.4byte	.LASF23
 656 0158 01       		.byte	0x1
 657 0159 F9       		.byte	0xf9
 658 015a 00000000 		.4byte	.LFB8
 659 015e 4C000000 		.4byte	.LFE8-.LFB8
 660 0162 01       		.uleb128 0x1
 661 0163 9C       		.byte	0x9c
 662 0164 93010000 		.4byte	0x193
 663 0168 0A       		.uleb128 0xa
 664 0169 41010000 		.4byte	.LASF24
 665 016d 01       		.byte	0x1
 666 016e F9       		.byte	0xf9
 667 016f 6B000000 		.4byte	0x6b
 668 0173 02       		.uleb128 0x2
 669 0174 91       		.byte	0x91
 670 0175 67       		.sleb128 -25
 671 0176 0E       		.uleb128 0xe
 672 0177 9C000000 		.4byte	.LASF25
 673 017b 01       		.byte	0x1
 674 017c FB       		.byte	0xfb
 675 017d 6B000000 		.4byte	0x6b
 676 0181 02       		.uleb128 0x2
 677 0182 91       		.byte	0x91
 678 0183 6B       		.sleb128 -21
 679 0184 0E       		.uleb128 0xe
 680 0185 ED020000 		.4byte	.LASF26
 681 0189 01       		.byte	0x1
ARM GAS  C:\Users\Helon\AppData\Local\Temp\cc2091KK.s 			page 20


 682 018a FC       		.byte	0xfc
 683 018b 77000000 		.4byte	0x77
 684 018f 02       		.uleb128 0x2
 685 0190 91       		.byte	0x91
 686 0191 6C       		.sleb128 -20
 687 0192 00       		.byte	0
 688 0193 0F       		.uleb128 0xf
 689 0194 1F000000 		.4byte	.LASF36
 690 0198 01       		.byte	0x1
 691 0199 1501     		.2byte	0x115
 692 019b 6B000000 		.4byte	0x6b
 693 019f 00000000 		.4byte	.LFB9
 694 01a3 2C000000 		.4byte	.LFE9-.LFB9
 695 01a7 01       		.uleb128 0x1
 696 01a8 9C       		.byte	0x9c
 697 01a9 CC010000 		.4byte	0x1cc
 698 01ad 10       		.uleb128 0x10
 699 01ae 41010000 		.4byte	.LASF24
 700 01b2 01       		.byte	0x1
 701 01b3 1701     		.2byte	0x117
 702 01b5 77000000 		.4byte	0x77
 703 01b9 02       		.uleb128 0x2
 704 01ba 91       		.byte	0x91
 705 01bb 70       		.sleb128 -16
 706 01bc 10       		.uleb128 0x10
 707 01bd ED020000 		.4byte	.LASF26
 708 01c1 01       		.byte	0x1
 709 01c2 1801     		.2byte	0x118
 710 01c4 77000000 		.4byte	0x77
 711 01c8 02       		.uleb128 0x2
 712 01c9 91       		.byte	0x91
 713 01ca 74       		.sleb128 -12
 714 01cb 00       		.byte	0
 715 01cc 11       		.uleb128 0x11
 716 01cd 60000000 		.4byte	.LASF27
 717 01d1 01       		.byte	0x1
 718 01d2 3001     		.2byte	0x130
 719 01d4 00000000 		.4byte	.LFB10
 720 01d8 14000000 		.4byte	.LFE10-.LFB10
 721 01dc 01       		.uleb128 0x1
 722 01dd 9C       		.byte	0x9c
 723 01de 12       		.uleb128 0x12
 724 01df 73000000 		.4byte	.LASF29
 725 01e3 01       		.byte	0x1
 726 01e4 4501     		.2byte	0x145
 727 01e6 6B000000 		.4byte	0x6b
 728 01ea 00000000 		.4byte	.LFB11
 729 01ee 1C000000 		.4byte	.LFE11-.LFB11
 730 01f2 01       		.uleb128 0x1
 731 01f3 9C       		.byte	0x9c
 732 01f4 11       		.uleb128 0x11
 733 01f5 16010000 		.4byte	.LASF30
 734 01f9 01       		.byte	0x1
 735 01fa 5A01     		.2byte	0x15a
 736 01fc 00000000 		.4byte	.LFB12
 737 0200 14000000 		.4byte	.LFE12-.LFB12
 738 0204 01       		.uleb128 0x1
ARM GAS  C:\Users\Helon\AppData\Local\Temp\cc2091KK.s 			page 21


 739 0205 9C       		.byte	0x9c
 740 0206 11       		.uleb128 0x11
 741 0207 2C020000 		.4byte	.LASF31
 742 020b 01       		.byte	0x1
 743 020c 7501     		.2byte	0x175
 744 020e 00000000 		.4byte	.LFB13
 745 0212 14000000 		.4byte	.LFE13-.LFB13
 746 0216 01       		.uleb128 0x1
 747 0217 9C       		.byte	0x9c
 748 0218 11       		.uleb128 0x11
 749 0219 06000000 		.4byte	.LASF32
 750 021d 01       		.byte	0x1
 751 021e 8E01     		.2byte	0x18e
 752 0220 00000000 		.4byte	.LFB14
 753 0224 14000000 		.4byte	.LFE14-.LFB14
 754 0228 01       		.uleb128 0x1
 755 0229 9C       		.byte	0x9c
 756 022a 13       		.uleb128 0x13
 757 022b A9000000 		.4byte	0xa9
 758 022f 3A020000 		.4byte	0x23a
 759 0233 14       		.uleb128 0x14
 760 0234 BC000000 		.4byte	0xbc
 761 0238 2F       		.byte	0x2f
 762 0239 00       		.byte	0
 763 023a 15       		.uleb128 0x15
 764 023b 37000000 		.4byte	.LASF37
 765 023f 01       		.byte	0x1
 766 0240 21       		.byte	0x21
 767 0241 2A020000 		.4byte	0x22a
 768 0245 00       		.byte	0
 769              		.section	.debug_abbrev,"",%progbits
 770              	.Ldebug_abbrev0:
 771 0000 01       		.uleb128 0x1
 772 0001 11       		.uleb128 0x11
 773 0002 01       		.byte	0x1
 774 0003 25       		.uleb128 0x25
 775 0004 0E       		.uleb128 0xe
 776 0005 13       		.uleb128 0x13
 777 0006 0B       		.uleb128 0xb
 778 0007 03       		.uleb128 0x3
 779 0008 0E       		.uleb128 0xe
 780 0009 1B       		.uleb128 0x1b
 781 000a 0E       		.uleb128 0xe
 782 000b 55       		.uleb128 0x55
 783 000c 17       		.uleb128 0x17
 784 000d 11       		.uleb128 0x11
 785 000e 01       		.uleb128 0x1
 786 000f 10       		.uleb128 0x10
 787 0010 17       		.uleb128 0x17
 788 0011 00       		.byte	0
 789 0012 00       		.byte	0
 790 0013 02       		.uleb128 0x2
 791 0014 24       		.uleb128 0x24
 792 0015 00       		.byte	0
 793 0016 0B       		.uleb128 0xb
 794 0017 0B       		.uleb128 0xb
 795 0018 3E       		.uleb128 0x3e
ARM GAS  C:\Users\Helon\AppData\Local\Temp\cc2091KK.s 			page 22


 796 0019 0B       		.uleb128 0xb
 797 001a 03       		.uleb128 0x3
 798 001b 0E       		.uleb128 0xe
 799 001c 00       		.byte	0
 800 001d 00       		.byte	0
 801 001e 03       		.uleb128 0x3
 802 001f 24       		.uleb128 0x24
 803 0020 00       		.byte	0
 804 0021 0B       		.uleb128 0xb
 805 0022 0B       		.uleb128 0xb
 806 0023 3E       		.uleb128 0x3e
 807 0024 0B       		.uleb128 0xb
 808 0025 03       		.uleb128 0x3
 809 0026 08       		.uleb128 0x8
 810 0027 00       		.byte	0
 811 0028 00       		.byte	0
 812 0029 04       		.uleb128 0x4
 813 002a 16       		.uleb128 0x16
 814 002b 00       		.byte	0
 815 002c 03       		.uleb128 0x3
 816 002d 0E       		.uleb128 0xe
 817 002e 3A       		.uleb128 0x3a
 818 002f 0B       		.uleb128 0xb
 819 0030 3B       		.uleb128 0x3b
 820 0031 05       		.uleb128 0x5
 821 0032 49       		.uleb128 0x49
 822 0033 13       		.uleb128 0x13
 823 0034 00       		.byte	0
 824 0035 00       		.byte	0
 825 0036 05       		.uleb128 0x5
 826 0037 35       		.uleb128 0x35
 827 0038 00       		.byte	0
 828 0039 49       		.uleb128 0x49
 829 003a 13       		.uleb128 0x13
 830 003b 00       		.byte	0
 831 003c 00       		.byte	0
 832 003d 06       		.uleb128 0x6
 833 003e 0F       		.uleb128 0xf
 834 003f 00       		.byte	0
 835 0040 0B       		.uleb128 0xb
 836 0041 0B       		.uleb128 0xb
 837 0042 49       		.uleb128 0x49
 838 0043 13       		.uleb128 0x13
 839 0044 00       		.byte	0
 840 0045 00       		.byte	0
 841 0046 07       		.uleb128 0x7
 842 0047 15       		.uleb128 0x15
 843 0048 00       		.byte	0
 844 0049 27       		.uleb128 0x27
 845 004a 19       		.uleb128 0x19
 846 004b 00       		.byte	0
 847 004c 00       		.byte	0
 848 004d 08       		.uleb128 0x8
 849 004e 2E       		.uleb128 0x2e
 850 004f 00       		.byte	0
 851 0050 3F       		.uleb128 0x3f
 852 0051 19       		.uleb128 0x19
ARM GAS  C:\Users\Helon\AppData\Local\Temp\cc2091KK.s 			page 23


 853 0052 03       		.uleb128 0x3
 854 0053 0E       		.uleb128 0xe
 855 0054 3A       		.uleb128 0x3a
 856 0055 0B       		.uleb128 0xb
 857 0056 3B       		.uleb128 0x3b
 858 0057 0B       		.uleb128 0xb
 859 0058 27       		.uleb128 0x27
 860 0059 19       		.uleb128 0x19
 861 005a 11       		.uleb128 0x11
 862 005b 01       		.uleb128 0x1
 863 005c 12       		.uleb128 0x12
 864 005d 06       		.uleb128 0x6
 865 005e 40       		.uleb128 0x40
 866 005f 18       		.uleb128 0x18
 867 0060 9642     		.uleb128 0x2116
 868 0062 19       		.uleb128 0x19
 869 0063 00       		.byte	0
 870 0064 00       		.byte	0
 871 0065 09       		.uleb128 0x9
 872 0066 2E       		.uleb128 0x2e
 873 0067 01       		.byte	0x1
 874 0068 3F       		.uleb128 0x3f
 875 0069 19       		.uleb128 0x19
 876 006a 03       		.uleb128 0x3
 877 006b 0E       		.uleb128 0xe
 878 006c 3A       		.uleb128 0x3a
 879 006d 0B       		.uleb128 0xb
 880 006e 3B       		.uleb128 0x3b
 881 006f 0B       		.uleb128 0xb
 882 0070 27       		.uleb128 0x27
 883 0071 19       		.uleb128 0x19
 884 0072 11       		.uleb128 0x11
 885 0073 01       		.uleb128 0x1
 886 0074 12       		.uleb128 0x12
 887 0075 06       		.uleb128 0x6
 888 0076 40       		.uleb128 0x40
 889 0077 18       		.uleb128 0x18
 890 0078 9642     		.uleb128 0x2116
 891 007a 19       		.uleb128 0x19
 892 007b 01       		.uleb128 0x1
 893 007c 13       		.uleb128 0x13
 894 007d 00       		.byte	0
 895 007e 00       		.byte	0
 896 007f 0A       		.uleb128 0xa
 897 0080 05       		.uleb128 0x5
 898 0081 00       		.byte	0
 899 0082 03       		.uleb128 0x3
 900 0083 0E       		.uleb128 0xe
 901 0084 3A       		.uleb128 0x3a
 902 0085 0B       		.uleb128 0xb
 903 0086 3B       		.uleb128 0x3b
 904 0087 0B       		.uleb128 0xb
 905 0088 49       		.uleb128 0x49
 906 0089 13       		.uleb128 0x13
 907 008a 02       		.uleb128 0x2
 908 008b 18       		.uleb128 0x18
 909 008c 00       		.byte	0
ARM GAS  C:\Users\Helon\AppData\Local\Temp\cc2091KK.s 			page 24


 910 008d 00       		.byte	0
 911 008e 0B       		.uleb128 0xb
 912 008f 2E       		.uleb128 0x2e
 913 0090 00       		.byte	0
 914 0091 3F       		.uleb128 0x3f
 915 0092 19       		.uleb128 0x19
 916 0093 03       		.uleb128 0x3
 917 0094 0E       		.uleb128 0xe
 918 0095 3A       		.uleb128 0x3a
 919 0096 0B       		.uleb128 0xb
 920 0097 3B       		.uleb128 0x3b
 921 0098 0B       		.uleb128 0xb
 922 0099 27       		.uleb128 0x27
 923 009a 19       		.uleb128 0x19
 924 009b 11       		.uleb128 0x11
 925 009c 01       		.uleb128 0x1
 926 009d 12       		.uleb128 0x12
 927 009e 06       		.uleb128 0x6
 928 009f 40       		.uleb128 0x40
 929 00a0 18       		.uleb128 0x18
 930 00a1 9742     		.uleb128 0x2117
 931 00a3 19       		.uleb128 0x19
 932 00a4 00       		.byte	0
 933 00a5 00       		.byte	0
 934 00a6 0C       		.uleb128 0xc
 935 00a7 2E       		.uleb128 0x2e
 936 00a8 01       		.byte	0x1
 937 00a9 3F       		.uleb128 0x3f
 938 00aa 19       		.uleb128 0x19
 939 00ab 03       		.uleb128 0x3
 940 00ac 0E       		.uleb128 0xe
 941 00ad 3A       		.uleb128 0x3a
 942 00ae 0B       		.uleb128 0xb
 943 00af 3B       		.uleb128 0x3b
 944 00b0 0B       		.uleb128 0xb
 945 00b1 27       		.uleb128 0x27
 946 00b2 19       		.uleb128 0x19
 947 00b3 11       		.uleb128 0x11
 948 00b4 01       		.uleb128 0x1
 949 00b5 12       		.uleb128 0x12
 950 00b6 06       		.uleb128 0x6
 951 00b7 40       		.uleb128 0x40
 952 00b8 18       		.uleb128 0x18
 953 00b9 9742     		.uleb128 0x2117
 954 00bb 19       		.uleb128 0x19
 955 00bc 01       		.uleb128 0x1
 956 00bd 13       		.uleb128 0x13
 957 00be 00       		.byte	0
 958 00bf 00       		.byte	0
 959 00c0 0D       		.uleb128 0xd
 960 00c1 2E       		.uleb128 0x2e
 961 00c2 00       		.byte	0
 962 00c3 3F       		.uleb128 0x3f
 963 00c4 19       		.uleb128 0x19
 964 00c5 03       		.uleb128 0x3
 965 00c6 0E       		.uleb128 0xe
 966 00c7 3A       		.uleb128 0x3a
ARM GAS  C:\Users\Helon\AppData\Local\Temp\cc2091KK.s 			page 25


 967 00c8 0B       		.uleb128 0xb
 968 00c9 3B       		.uleb128 0x3b
 969 00ca 0B       		.uleb128 0xb
 970 00cb 27       		.uleb128 0x27
 971 00cc 19       		.uleb128 0x19
 972 00cd 49       		.uleb128 0x49
 973 00ce 13       		.uleb128 0x13
 974 00cf 11       		.uleb128 0x11
 975 00d0 01       		.uleb128 0x1
 976 00d1 12       		.uleb128 0x12
 977 00d2 06       		.uleb128 0x6
 978 00d3 40       		.uleb128 0x40
 979 00d4 18       		.uleb128 0x18
 980 00d5 9742     		.uleb128 0x2117
 981 00d7 19       		.uleb128 0x19
 982 00d8 00       		.byte	0
 983 00d9 00       		.byte	0
 984 00da 0E       		.uleb128 0xe
 985 00db 34       		.uleb128 0x34
 986 00dc 00       		.byte	0
 987 00dd 03       		.uleb128 0x3
 988 00de 0E       		.uleb128 0xe
 989 00df 3A       		.uleb128 0x3a
 990 00e0 0B       		.uleb128 0xb
 991 00e1 3B       		.uleb128 0x3b
 992 00e2 0B       		.uleb128 0xb
 993 00e3 49       		.uleb128 0x49
 994 00e4 13       		.uleb128 0x13
 995 00e5 02       		.uleb128 0x2
 996 00e6 18       		.uleb128 0x18
 997 00e7 00       		.byte	0
 998 00e8 00       		.byte	0
 999 00e9 0F       		.uleb128 0xf
 1000 00ea 2E       		.uleb128 0x2e
 1001 00eb 01       		.byte	0x1
 1002 00ec 3F       		.uleb128 0x3f
 1003 00ed 19       		.uleb128 0x19
 1004 00ee 03       		.uleb128 0x3
 1005 00ef 0E       		.uleb128 0xe
 1006 00f0 3A       		.uleb128 0x3a
 1007 00f1 0B       		.uleb128 0xb
 1008 00f2 3B       		.uleb128 0x3b
 1009 00f3 05       		.uleb128 0x5
 1010 00f4 27       		.uleb128 0x27
 1011 00f5 19       		.uleb128 0x19
 1012 00f6 49       		.uleb128 0x49
 1013 00f7 13       		.uleb128 0x13
 1014 00f8 11       		.uleb128 0x11
 1015 00f9 01       		.uleb128 0x1
 1016 00fa 12       		.uleb128 0x12
 1017 00fb 06       		.uleb128 0x6
 1018 00fc 40       		.uleb128 0x40
 1019 00fd 18       		.uleb128 0x18
 1020 00fe 9742     		.uleb128 0x2117
 1021 0100 19       		.uleb128 0x19
 1022 0101 01       		.uleb128 0x1
 1023 0102 13       		.uleb128 0x13
ARM GAS  C:\Users\Helon\AppData\Local\Temp\cc2091KK.s 			page 26


 1024 0103 00       		.byte	0
 1025 0104 00       		.byte	0
 1026 0105 10       		.uleb128 0x10
 1027 0106 34       		.uleb128 0x34
 1028 0107 00       		.byte	0
 1029 0108 03       		.uleb128 0x3
 1030 0109 0E       		.uleb128 0xe
 1031 010a 3A       		.uleb128 0x3a
 1032 010b 0B       		.uleb128 0xb
 1033 010c 3B       		.uleb128 0x3b
 1034 010d 05       		.uleb128 0x5
 1035 010e 49       		.uleb128 0x49
 1036 010f 13       		.uleb128 0x13
 1037 0110 02       		.uleb128 0x2
 1038 0111 18       		.uleb128 0x18
 1039 0112 00       		.byte	0
 1040 0113 00       		.byte	0
 1041 0114 11       		.uleb128 0x11
 1042 0115 2E       		.uleb128 0x2e
 1043 0116 00       		.byte	0
 1044 0117 3F       		.uleb128 0x3f
 1045 0118 19       		.uleb128 0x19
 1046 0119 03       		.uleb128 0x3
 1047 011a 0E       		.uleb128 0xe
 1048 011b 3A       		.uleb128 0x3a
 1049 011c 0B       		.uleb128 0xb
 1050 011d 3B       		.uleb128 0x3b
 1051 011e 05       		.uleb128 0x5
 1052 011f 27       		.uleb128 0x27
 1053 0120 19       		.uleb128 0x19
 1054 0121 11       		.uleb128 0x11
 1055 0122 01       		.uleb128 0x1
 1056 0123 12       		.uleb128 0x12
 1057 0124 06       		.uleb128 0x6
 1058 0125 40       		.uleb128 0x40
 1059 0126 18       		.uleb128 0x18
 1060 0127 9742     		.uleb128 0x2117
 1061 0129 19       		.uleb128 0x19
 1062 012a 00       		.byte	0
 1063 012b 00       		.byte	0
 1064 012c 12       		.uleb128 0x12
 1065 012d 2E       		.uleb128 0x2e
 1066 012e 00       		.byte	0
 1067 012f 3F       		.uleb128 0x3f
 1068 0130 19       		.uleb128 0x19
 1069 0131 03       		.uleb128 0x3
 1070 0132 0E       		.uleb128 0xe
 1071 0133 3A       		.uleb128 0x3a
 1072 0134 0B       		.uleb128 0xb
 1073 0135 3B       		.uleb128 0x3b
 1074 0136 05       		.uleb128 0x5
 1075 0137 27       		.uleb128 0x27
 1076 0138 19       		.uleb128 0x19
 1077 0139 49       		.uleb128 0x49
 1078 013a 13       		.uleb128 0x13
 1079 013b 11       		.uleb128 0x11
 1080 013c 01       		.uleb128 0x1
ARM GAS  C:\Users\Helon\AppData\Local\Temp\cc2091KK.s 			page 27


 1081 013d 12       		.uleb128 0x12
 1082 013e 06       		.uleb128 0x6
 1083 013f 40       		.uleb128 0x40
 1084 0140 18       		.uleb128 0x18
 1085 0141 9742     		.uleb128 0x2117
 1086 0143 19       		.uleb128 0x19
 1087 0144 00       		.byte	0
 1088 0145 00       		.byte	0
 1089 0146 13       		.uleb128 0x13
 1090 0147 01       		.uleb128 0x1
 1091 0148 01       		.byte	0x1
 1092 0149 49       		.uleb128 0x49
 1093 014a 13       		.uleb128 0x13
 1094 014b 01       		.uleb128 0x1
 1095 014c 13       		.uleb128 0x13
 1096 014d 00       		.byte	0
 1097 014e 00       		.byte	0
 1098 014f 14       		.uleb128 0x14
 1099 0150 21       		.uleb128 0x21
 1100 0151 00       		.byte	0
 1101 0152 49       		.uleb128 0x49
 1102 0153 13       		.uleb128 0x13
 1103 0154 2F       		.uleb128 0x2f
 1104 0155 0B       		.uleb128 0xb
 1105 0156 00       		.byte	0
 1106 0157 00       		.byte	0
 1107 0158 15       		.uleb128 0x15
 1108 0159 34       		.uleb128 0x34
 1109 015a 00       		.byte	0
 1110 015b 03       		.uleb128 0x3
 1111 015c 0E       		.uleb128 0xe
 1112 015d 3A       		.uleb128 0x3a
 1113 015e 0B       		.uleb128 0xb
 1114 015f 3B       		.uleb128 0x3b
 1115 0160 0B       		.uleb128 0xb
 1116 0161 49       		.uleb128 0x49
 1117 0162 13       		.uleb128 0x13
 1118 0163 3F       		.uleb128 0x3f
 1119 0164 19       		.uleb128 0x19
 1120 0165 3C       		.uleb128 0x3c
 1121 0166 19       		.uleb128 0x19
 1122 0167 00       		.byte	0
 1123 0168 00       		.byte	0
 1124 0169 00       		.byte	0
 1125              		.section	.debug_aranges,"",%progbits
 1126 0000 7C000000 		.4byte	0x7c
 1127 0004 0200     		.2byte	0x2
 1128 0006 00000000 		.4byte	.Ldebug_info0
 1129 000a 04       		.byte	0x4
 1130 000b 00       		.byte	0
 1131 000c 0000     		.2byte	0
 1132 000e 0000     		.2byte	0
 1133 0010 00000000 		.4byte	.LFB2
 1134 0014 24000000 		.4byte	.LFE2-.LFB2
 1135 0018 00000000 		.4byte	.LFB3
 1136 001c 24000000 		.4byte	.LFE3-.LFB3
 1137 0020 00000000 		.4byte	.LFB4
ARM GAS  C:\Users\Helon\AppData\Local\Temp\cc2091KK.s 			page 28


 1138 0024 18000000 		.4byte	.LFE4-.LFB4
 1139 0028 00000000 		.4byte	.LFB5
 1140 002c 08000000 		.4byte	.LFE5-.LFB5
 1141 0030 00000000 		.4byte	.LFB6
 1142 0034 18000000 		.4byte	.LFE6-.LFB6
 1143 0038 00000000 		.4byte	.LFB7
 1144 003c 14000000 		.4byte	.LFE7-.LFB7
 1145 0040 00000000 		.4byte	.LFB8
 1146 0044 4C000000 		.4byte	.LFE8-.LFB8
 1147 0048 00000000 		.4byte	.LFB9
 1148 004c 2C000000 		.4byte	.LFE9-.LFB9
 1149 0050 00000000 		.4byte	.LFB10
 1150 0054 14000000 		.4byte	.LFE10-.LFB10
 1151 0058 00000000 		.4byte	.LFB11
 1152 005c 1C000000 		.4byte	.LFE11-.LFB11
 1153 0060 00000000 		.4byte	.LFB12
 1154 0064 14000000 		.4byte	.LFE12-.LFB12
 1155 0068 00000000 		.4byte	.LFB13
 1156 006c 14000000 		.4byte	.LFE13-.LFB13
 1157 0070 00000000 		.4byte	.LFB14
 1158 0074 14000000 		.4byte	.LFE14-.LFB14
 1159 0078 00000000 		.4byte	0
 1160 007c 00000000 		.4byte	0
 1161              		.section	.debug_ranges,"",%progbits
 1162              	.Ldebug_ranges0:
 1163 0000 00000000 		.4byte	.LFB2
 1164 0004 24000000 		.4byte	.LFE2
 1165 0008 00000000 		.4byte	.LFB3
 1166 000c 24000000 		.4byte	.LFE3
 1167 0010 00000000 		.4byte	.LFB4
 1168 0014 18000000 		.4byte	.LFE4
 1169 0018 00000000 		.4byte	.LFB5
 1170 001c 08000000 		.4byte	.LFE5
 1171 0020 00000000 		.4byte	.LFB6
 1172 0024 18000000 		.4byte	.LFE6
 1173 0028 00000000 		.4byte	.LFB7
 1174 002c 14000000 		.4byte	.LFE7
 1175 0030 00000000 		.4byte	.LFB8
 1176 0034 4C000000 		.4byte	.LFE8
 1177 0038 00000000 		.4byte	.LFB9
 1178 003c 2C000000 		.4byte	.LFE9
 1179 0040 00000000 		.4byte	.LFB10
 1180 0044 14000000 		.4byte	.LFE10
 1181 0048 00000000 		.4byte	.LFB11
 1182 004c 1C000000 		.4byte	.LFE11
 1183 0050 00000000 		.4byte	.LFB12
 1184 0054 14000000 		.4byte	.LFE12
 1185 0058 00000000 		.4byte	.LFB13
 1186 005c 14000000 		.4byte	.LFE13
 1187 0060 00000000 		.4byte	.LFB14
 1188 0064 14000000 		.4byte	.LFE14
 1189 0068 00000000 		.4byte	0
 1190 006c 00000000 		.4byte	0
 1191              		.section	.debug_line,"",%progbits
 1192              	.Ldebug_line0:
 1193 0000 5F010000 		.section	.debug_str,"MS",%progbits,1
 1193      02006100 
ARM GAS  C:\Users\Helon\AppData\Local\Temp\cc2091KK.s 			page 29


 1193      00000201 
 1193      FB0E0D00 
 1193      01010101 
 1194              	.LASF14:
 1195 0000 72656733 		.ascii	"reg32\000"
 1195      3200
 1196              	.LASF32:
 1197 0006 6973725F 		.ascii	"isr_Button1_ClearPending\000"
 1197      42757474 
 1197      6F6E315F 
 1197      436C6561 
 1197      7250656E 
 1198              	.LASF36:
 1199 001f 6973725F 		.ascii	"isr_Button1_GetPriority\000"
 1199      42757474 
 1199      6F6E315F 
 1199      47657450 
 1199      72696F72 
 1200              	.LASF37:
 1201 0037 43795261 		.ascii	"CyRamVectors\000"
 1201      6D566563 
 1201      746F7273 
 1201      00
 1202              	.LASF4:
 1203 0044 6C6F6E67 		.ascii	"long int\000"
 1203      20696E74 
 1203      00
 1204              	.LASF3:
 1205 004d 73686F72 		.ascii	"short unsigned int\000"
 1205      7420756E 
 1205      7369676E 
 1205      65642069 
 1205      6E7400
 1206              	.LASF27:
 1207 0060 6973725F 		.ascii	"isr_Button1_Enable\000"
 1207      42757474 
 1207      6F6E315F 
 1207      456E6162 
 1207      6C6500
 1208              	.LASF29:
 1209 0073 6973725F 		.ascii	"isr_Button1_GetState\000"
 1209      42757474 
 1209      6F6E315F 
 1209      47657453 
 1209      74617465 
 1210              	.LASF11:
 1211 0088 666C6F61 		.ascii	"float\000"
 1211      7400
 1212              	.LASF1:
 1213 008e 756E7369 		.ascii	"unsigned char\000"
 1213      676E6564 
 1213      20636861 
 1213      7200
 1214              	.LASF25:
 1215 009c 696E7465 		.ascii	"interruptState\000"
 1215      72727570 
 1215      74537461 
ARM GAS  C:\Users\Helon\AppData\Local\Temp\cc2091KK.s 			page 30


 1215      746500
 1216              	.LASF35:
 1217 00ab 433A5C55 		.ascii	"C:\\Users\\Helon\\Desktop\\Bluetooth-intelligent-sw"
 1217      73657273 
 1217      5C48656C 
 1217      6F6E5C44 
 1217      65736B74 
 1218 00da 69746368 		.ascii	"itch\\V2.0.0\\Bluetooth-intelligent-switch\\Smart S"
 1218      5C56322E 
 1218      302E305C 
 1218      426C7565 
 1218      746F6F74 
 1219 010a 77697463 		.ascii	"witch.cydsn\000"
 1219      682E6379 
 1219      64736E00 
 1220              	.LASF30:
 1221 0116 6973725F 		.ascii	"isr_Button1_Disable\000"
 1221      42757474 
 1221      6F6E315F 
 1221      44697361 
 1221      626C6500 
 1222              	.LASF9:
 1223 012a 75696E74 		.ascii	"uint8\000"
 1223      3800
 1224              	.LASF18:
 1225 0130 6973725F 		.ascii	"isr_Button1_Stop\000"
 1225      42757474 
 1225      6F6E315F 
 1225      53746F70 
 1225      00
 1226              	.LASF24:
 1227 0141 7072696F 		.ascii	"priority\000"
 1227      72697479 
 1227      00
 1228              	.LASF23:
 1229 014a 6973725F 		.ascii	"isr_Button1_SetPriority\000"
 1229      42757474 
 1229      6F6E315F 
 1229      53657450 
 1229      72696F72 
 1230              	.LASF21:
 1231 0162 6973725F 		.ascii	"isr_Button1_SetVector\000"
 1231      42757474 
 1231      6F6E315F 
 1231      53657456 
 1231      6563746F 
 1232              	.LASF33:
 1233 0178 474E5520 		.ascii	"GNU C 4.9.3 20150303 (release) [ARM/embedded-4_9-br"
 1233      4320342E 
 1233      392E3320 
 1233      32303135 
 1233      30333033 
 1234 01ab 616E6368 		.ascii	"anch revision 221220] -mcpu=cortex-m0 -mthumb -g -O"
 1234      20726576 
 1234      6973696F 
 1234      6E203232 
 1234      31323230 
ARM GAS  C:\Users\Helon\AppData\Local\Temp\cc2091KK.s 			page 31


 1235 01de 30202D66 		.ascii	"0 -ffunction-sections -ffat-lto-objects\000"
 1235      66756E63 
 1235      74696F6E 
 1235      2D736563 
 1235      74696F6E 
 1236              	.LASF10:
 1237 0206 75696E74 		.ascii	"uint32\000"
 1237      333200
 1238              	.LASF5:
 1239 020d 6C6F6E67 		.ascii	"long unsigned int\000"
 1239      20756E73 
 1239      69676E65 
 1239      6420696E 
 1239      7400
 1240              	.LASF8:
 1241 021f 756E7369 		.ascii	"unsigned int\000"
 1241      676E6564 
 1241      20696E74 
 1241      00
 1242              	.LASF31:
 1243 022c 6973725F 		.ascii	"isr_Button1_SetPending\000"
 1243      42757474 
 1243      6F6E315F 
 1243      53657450 
 1243      656E6469 
 1244              	.LASF22:
 1245 0243 61646472 		.ascii	"address\000"
 1245      65737300 
 1246              	.LASF7:
 1247 024b 6C6F6E67 		.ascii	"long long unsigned int\000"
 1247      206C6F6E 
 1247      6720756E 
 1247      7369676E 
 1247      65642069 
 1248              	.LASF34:
 1249 0262 2E5C4765 		.ascii	".\\Generated_Source\\PSoC4\\isr_Button1.c\000"
 1249      6E657261 
 1249      7465645F 
 1249      536F7572 
 1249      63655C50 
 1250              	.LASF15:
 1251 0289 63796973 		.ascii	"cyisraddress\000"
 1251      72616464 
 1251      72657373 
 1251      00
 1252              	.LASF12:
 1253 0296 646F7562 		.ascii	"double\000"
 1253      6C6500
 1254              	.LASF16:
 1255 029d 73697A65 		.ascii	"sizetype\000"
 1255      74797065 
 1255      00
 1256              	.LASF20:
 1257 02a6 6973725F 		.ascii	"isr_Button1_StartEx\000"
 1257      42757474 
 1257      6F6E315F 
 1257      53746172 
ARM GAS  C:\Users\Helon\AppData\Local\Temp\cc2091KK.s 			page 32


 1257      74457800 
 1258              	.LASF6:
 1259 02ba 6C6F6E67 		.ascii	"long long int\000"
 1259      206C6F6E 
 1259      6720696E 
 1259      7400
 1260              	.LASF13:
 1261 02c8 63686172 		.ascii	"char\000"
 1261      00
 1262              	.LASF2:
 1263 02cd 73686F72 		.ascii	"short int\000"
 1263      7420696E 
 1263      7400
 1264              	.LASF28:
 1265 02d7 6973725F 		.ascii	"isr_Button1_GetVector\000"
 1265      42757474 
 1265      6F6E315F 
 1265      47657456 
 1265      6563746F 
 1266              	.LASF26:
 1267 02ed 7072696F 		.ascii	"priorityOffset\000"
 1267      72697479 
 1267      4F666673 
 1267      657400
 1268              	.LASF19:
 1269 02fc 6973725F 		.ascii	"isr_Button1_Interrupt\000"
 1269      42757474 
 1269      6F6E315F 
 1269      496E7465 
 1269      72727570 
 1270              	.LASF0:
 1271 0312 7369676E 		.ascii	"signed char\000"
 1271      65642063 
 1271      68617200 
 1272              	.LASF17:
 1273 031e 6973725F 		.ascii	"isr_Button1_Start\000"
 1273      42757474 
 1273      6F6E315F 
 1273      53746172 
 1273      7400
 1274              		.ident	"GCC: (GNU Tools for ARM Embedded Processors) 4.9.3 20150303 (release) [ARM/embedded-4_9-br
