Loading plugins phase: Elapsed time ==> 0s.423ms
Initializing data phase: Elapsed time ==> 0s.000ms
<CYPRESSTAG name="CyDsfit arguments...">
cydsfit arguments: -.fdsnotice -.fdswarpdepfile=warp_dependencies.txt -.fdselabdepfile=elab_dependencies.txt -.fdsbldfile=generated_files.txt -p C:\Users\Administrator\Desktop\BLE_TemplateProject\Bluetooth-intelligent-switch\Smart Switch.cydsn\Smart Switch.cyprj -d CY8C4247LQI-BL483 -s C:\Users\Administrator\Desktop\BLE_TemplateProject\Bluetooth-intelligent-switch\Smart Switch.cydsn\Generated_Source\PSoC4 -- -yv2 -q10 -ygs -o2 -v3 -.fftcfgtype=LE</CYPRESSTAG>
<CYPRESSTAG name="Design elaboration results...">
</CYPRESSTAG>
Elaboration phase: Elapsed time ==> 7s.475ms
<CYPRESSTAG name="HDL generation results...">
</CYPRESSTAG>
HDL generation phase: Elapsed time ==> 0s.193ms
<CYPRESSTAG name="Synthesis results...">

     | | | | | | |
   _________________
  -|               |-
  -|               |-
  -|               |-
  -|    CYPRESS    |-
  -|               |-
  -|               |-   Warp Verilog Synthesis Compiler: Version 6.3 IR 41
  -|               |-   Copyright (C) 1991-2001 Cypress Semiconductor
   |_______________|
     | | | | | | |

======================================================================
Compiling:  Smart Switch.v
Program  :   E:\Software Application\PSoC Creator\3.3\PSoC Creator\warp\bin/warp.exe
Options  :    -yv2 -q10 -ygs -o2 -v3 -.fftcfgtype=LE -ya -.fftprj=C:\Users\Administrator\Desktop\BLE_TemplateProject\Bluetooth-intelligent-switch\Smart Switch.cydsn\Smart Switch.cyprj -dcpsoc3 Smart Switch.v -verilog
======================================================================

======================================================================
Compiling:  Smart Switch.v
Program  :   E:\Software Application\PSoC Creator\3.3\PSoC Creator\warp\bin/warp.exe
Options  :    -yv2 -q10 -ygs -o2 -v3 -.fftcfgtype=LE -ya -.fftprj=C:\Users\Administrator\Desktop\BLE_TemplateProject\Bluetooth-intelligent-switch\Smart Switch.cydsn\Smart Switch.cyprj -dcpsoc3 Smart Switch.v -verilog
======================================================================

======================================================================
Compiling:  Smart Switch.v
Program  :   vlogfe
Options  :    -yv2 -q10 -ygs -o2 -v3 -.fftcfgtype=LE -ya -.fftprj=C:\Users\Administrator\Desktop\BLE_TemplateProject\Bluetooth-intelligent-switch\Smart Switch.cydsn\Smart Switch.cyprj -dcpsoc3 -verilog Smart Switch.v
======================================================================

vlogfe V6.3 IR 41:  Verilog parser
Fri May 13 16:42:58 2016


======================================================================
Compiling:  Smart Switch.v
Program  :   vpp
Options  :    -yv2 -q10 Smart Switch.v
======================================================================

vpp V6.3 IR 41:  Verilog Pre-Processor
Fri May 13 16:42:58 2016

Flattening file 'E:\Software Application\PSoC Creator\3.3\PSoC Creator\psoc\content\cyprimitives\CyPrimitives.cylib\or_v1_0\or_v1_0.v'
Flattening file 'E:\Software Application\PSoC Creator\3.3\PSoC Creator\psoc\content\cyprimitives\CyPrimitives.cylib\cy_constant_v1_0\cy_constant_v1_0.v'

vpp:  No errors.

Library 'work' => directory 'lcpsoc3'
General_symbol_table
General_symbol_table
Linking 'E:\Software Application\PSoC Creator\3.3\PSoC Creator\warp\lib\common\std.vhd'.
Linking 'E:\Software Application\PSoC Creator\3.3\PSoC Creator\warp\lib\common\cypress.vhd'.
Linking 'E:\Software Application\PSoC Creator\3.3\PSoC Creator\warp\lib\common\work\cypress.vif'.
Linking 'E:\Software Application\PSoC Creator\3.3\PSoC Creator\warp\lib\ieee\work\stdlogic.vif'.
Linking 'E:\Software Application\PSoC Creator\3.3\PSoC Creator\warp\lib\common\stdlogic\lpmpkg.vif'.
Linking 'E:\Software Application\PSoC Creator\3.3\PSoC Creator\warp\lib\common\stdlogic\rtlpkg.vif'.
Linking 'E:\Software Application\PSoC Creator\3.3\PSoC Creator\warp\lib\common\stdlogic\mod_cnst.vif'.
Linking 'E:\Software Application\PSoC Creator\3.3\PSoC Creator\warp\lib\common\stdlogic\mod_mthv.vif'.
Linking 'E:\Software Application\PSoC Creator\3.3\PSoC Creator\warp\lib\common\stdlogic\mod_genv.vif'.
Using control file 'Smart Switch.ctl'.

vlogfe:  No errors.


======================================================================
Compiling:  Smart Switch.v
Program  :   tovif
Options  :    -yv2 -q10 -ygs -o2 -v3 -.fftcfgtype=LE -ya -.fftprj=C:\Users\Administrator\Desktop\BLE_TemplateProject\Bluetooth-intelligent-switch\Smart Switch.cydsn\Smart Switch.cyprj -dcpsoc3 -verilog Smart Switch.v
======================================================================

tovif V6.3 IR 41:  High-level synthesis
Fri May 13 16:42:58 2016

Linking 'E:\Software Application\PSoC Creator\3.3\PSoC Creator\warp\lib\common\std.vhd'.
Linking 'E:\Software Application\PSoC Creator\3.3\PSoC Creator\warp\lib\common\cypress.vhd'.
Linking 'E:\Software Application\PSoC Creator\3.3\PSoC Creator\warp\lib\common\work\cypress.vif'.
Linking 'E:\Software Application\PSoC Creator\3.3\PSoC Creator\warp\lib\ieee\work\stdlogic.vif'.
Linking 'E:\Software Application\PSoC Creator\3.3\PSoC Creator\warp\lib\common\stdlogic\lpmpkg.vif'.
Linking 'E:\Software Application\PSoC Creator\3.3\PSoC Creator\warp\lib\common\stdlogic\rtlpkg.vif'.
Linking 'E:\Software Application\PSoC Creator\3.3\PSoC Creator\warp\lib\common\stdlogic\mod_cnst.vif'.
Linking 'E:\Software Application\PSoC Creator\3.3\PSoC Creator\warp\lib\common\stdlogic\mod_mthv.vif'.
Linking 'E:\Software Application\PSoC Creator\3.3\PSoC Creator\warp\lib\common\stdlogic\mod_genv.vif'.
Linking 'C:\Users\Administrator\Desktop\BLE_TemplateProject\Bluetooth-intelligent-switch\Smart Switch.cydsn\codegentemp\Smart Switch.ctl'.
Linking 'E:\Software Application\PSoC Creator\3.3\PSoC Creator\psoc\content\cyprimitives\CyPrimitives.cylib\or_v1_0\or_v1_0.v'.
Linking 'C:\Users\Administrator\Desktop\BLE_TemplateProject\Bluetooth-intelligent-switch\Smart Switch.cydsn\codegentemp\Smart Switch.v'.
Linking 'E:\Software Application\PSoC Creator\3.3\PSoC Creator\psoc\content\cyprimitives\CyPrimitives.cylib\cy_constant_v1_0\cy_constant_v1_0.v'.

tovif:  No errors.


======================================================================
Compiling:  Smart Switch.v
Program  :   topld
Options  :    -yv2 -q10 -ygs -o2 -v3 -.fftcfgtype=LE -ya -.fftprj=C:\Users\Administrator\Desktop\BLE_TemplateProject\Bluetooth-intelligent-switch\Smart Switch.cydsn\Smart Switch.cyprj -dcpsoc3 -verilog Smart Switch.v
======================================================================

topld V6.3 IR 41:  Synthesis and optimization
Fri May 13 16:42:58 2016

Linking 'E:\Software Application\PSoC Creator\3.3\PSoC Creator\warp\lib\common\std.vhd'.
Linking 'E:\Software Application\PSoC Creator\3.3\PSoC Creator\warp\lib\common\cypress.vhd'.
Linking 'E:\Software Application\PSoC Creator\3.3\PSoC Creator\warp\lib\common\work\cypress.vif'.
Linking 'E:\Software Application\PSoC Creator\3.3\PSoC Creator\warp\lib\ieee\work\stdlogic.vif'.
Linking 'E:\Software Application\PSoC Creator\3.3\PSoC Creator\warp\lib\common\stdlogic\lpmpkg.vif'.
Linking 'E:\Software Application\PSoC Creator\3.3\PSoC Creator\warp\lib\common\stdlogic\rtlpkg.vif'.
Linking 'E:\Software Application\PSoC Creator\3.3\PSoC Creator\warp\lib\common\stdlogic\mod_cnst.vif'.
Linking 'E:\Software Application\PSoC Creator\3.3\PSoC Creator\warp\lib\common\stdlogic\mod_mthv.vif'.
Linking 'E:\Software Application\PSoC Creator\3.3\PSoC Creator\warp\lib\common\stdlogic\mod_genv.vif'.
Linking 'C:\Users\Administrator\Desktop\BLE_TemplateProject\Bluetooth-intelligent-switch\Smart Switch.cydsn\codegentemp\Smart Switch.ctl'.
Linking 'E:\Software Application\PSoC Creator\3.3\PSoC Creator\psoc\content\cyprimitives\CyPrimitives.cylib\or_v1_0\or_v1_0.v'.
Linking 'C:\Users\Administrator\Desktop\BLE_TemplateProject\Bluetooth-intelligent-switch\Smart Switch.cydsn\codegentemp\Smart Switch.v'.
Linking 'E:\Software Application\PSoC Creator\3.3\PSoC Creator\psoc\content\cyprimitives\CyPrimitives.cylib\cy_constant_v1_0\cy_constant_v1_0.v'.
Linking 'E:\Software Application\PSoC Creator\3.3\PSoC Creator\warp\lib\lcpsoc3\stdlogic\cpsoc3.vif'.

----------------------------------------------------------
Detecting unused logic.
----------------------------------------------------------
    User names
	Net_2436
	\BLE:Net_55\


Deleted 2 User equations/components.
Deleted 0 Synthesized equations/components.

------------------------------------------------------
Alias Detection
------------------------------------------------------
Aliasing one to tmpOE__Button4_net_0
Aliasing tmpOE__Button3_net_0 to tmpOE__Button4_net_0
Aliasing tmpOE__Button1_net_0 to tmpOE__Button4_net_0
Aliasing tmpOE__Button2_net_0 to tmpOE__Button4_net_0
Removing Lhs of wire one[22] = tmpOE__Button4_net_0[17]
Removing Lhs of wire tmpOE__Button3_net_0[24] = tmpOE__Button4_net_0[17]
Removing Lhs of wire tmpOE__Button1_net_0[29] = tmpOE__Button4_net_0[17]
Removing Lhs of wire tmpOE__Button2_net_0[34] = tmpOE__Button4_net_0[17]

------------------------------------------------------
Aliased 0 equations, 4 wires.
------------------------------------------------------

----------------------------------------------------------
Circuit simplification
----------------------------------------------------------

Substituting virtuals - pass 1:


----------------------------------------------------------
Circuit simplification results:

	Expanded 0 signals.
	Turned 0 signals into soft nodes.
	Maximum default expansion cost was set at 3.
----------------------------------------------------------

topld:  No errors.

CYPRESS_DIR    : E:\Software Application\PSoC Creator\3.3\PSoC Creator\warp
Warp Program   : E:\Software Application\PSoC Creator\3.3\PSoC Creator\warp\bin/warp.exe
Warp Arguments : -yv2 -q10 -ygs -o2 -v3 -.fftcfgtype=LE -ya "-.fftprj=C:\Users\Administrator\Desktop\BLE_TemplateProject\Bluetooth-intelligent-switch\Smart Switch.cydsn\Smart Switch.cyprj" -dcpsoc3 "Smart Switch.v" -verilog
</CYPRESSTAG>
Warp synthesis phase: Elapsed time ==> 0s.308ms
<CYPRESSTAG name="Fitter results...">
<CYPRESSTAG name="Fitter startup details...">
cyp3fit: V3.3.0.7343, Family: PSoC3, Started at: Friday, 13 May 2016 16:42:58
Options: -yv2 -q10 -ygs -o2 -v3 -.fftcfgtype=LE -ya -.fftprj=C:\Users\Administrator\Desktop\BLE_TemplateProject\Bluetooth-intelligent-switch\Smart Switch.cydsn\Smart Switch.cyprj -d CY8C4247LQI-BL483 Smart Switch.v -verilog
</CYPRESSTAG>
<CYPRESSTAG name="Design parsing">
Design parsing phase: Elapsed time ==> 0s.083ms
</CYPRESSTAG>
<CYPRESSTAG name="Tech mapping">
<CYPRESSTAG name="Initial Mapping" icon="FILE_RPT_TECHM">
Assigning clock BLE_LFCLK to clock LFCLK because it is a pass-through
<CYPRESSTAG name="Global Clock Selection" icon="FILE_RPT_TECHM">
<CYPRESSTAG name="UDB Clock/Enable Remapping Results">
</CYPRESSTAG>
</CYPRESSTAG>
<CYPRESSTAG name="Duplicate Macrocell detection">
</CYPRESSTAG>
</CYPRESSTAG>
<CYPRESSTAG name="Duplicate Macrocell detection">
</CYPRESSTAG>
<CYPRESSTAG name="Design Equations" icon="FILE_RPT_EQUATION">

------------------------------------------------------------
Design Equations
------------------------------------------------------------
    <CYPRESSTAG name="Pin listing">

    ------------------------------------------------------------
    Pin listing
    ------------------------------------------------------------

    Pin : Name = Button4(0)
        Attributes:
            In Group/Port: True
            In Sync Option: SYNC
            Out Sync Option: AUTO
            Interrupt generated: True
            Interrupt mode: FALLING
            Drive mode: RES_PULL_UP
            VTrip: CMOS
            Slew: FAST
            Input Sync needed: True
            Output Sync needed: False
            SC shield enabled: False
            POR State: ANY
            LCD Mode: COMMON
            Register Mode: RegComb
            CaSense Mode: NEITHER
            Treat as pin: False
            Is OE Registered: False
            Uses Analog: False
            Can contain Digital: True
            Is SIO: False
            SIO Output Buf: NONREGULATED
            SIO Input Buf: SINGLE_ENDED
            SIO HiFreq: LOW
            SIO Hyst: DISABLED
            SIO Vtrip: MULTIPLIER_0_5
            SIO Multiplier Index: 0
            SIO RefSel: VCC_IO
            Required Capabilitites: DIGITAL, ROUTABLE, PORT_INTERRUPT
            Initial Value: 1
            IO Voltage: 0
        PORT MAP (
            pa_out => Button4(0)__PA ,
            pad => Button4(0)_PAD );
        Properties:
        {
        }

    Pin : Name = Button3(0)
        Attributes:
            In Group/Port: True
            In Sync Option: SYNC
            Out Sync Option: AUTO
            Interrupt generated: True
            Interrupt mode: FALLING
            Drive mode: RES_PULL_UP
            VTrip: CMOS
            Slew: FAST
            Input Sync needed: True
            Output Sync needed: False
            SC shield enabled: False
            POR State: ANY
            LCD Mode: COMMON
            Register Mode: RegComb
            CaSense Mode: NEITHER
            Treat as pin: False
            Is OE Registered: False
            Uses Analog: False
            Can contain Digital: True
            Is SIO: False
            SIO Output Buf: NONREGULATED
            SIO Input Buf: SINGLE_ENDED
            SIO HiFreq: LOW
            SIO Hyst: DISABLED
            SIO Vtrip: MULTIPLIER_0_5
            SIO Multiplier Index: 0
            SIO RefSel: VCC_IO
            Required Capabilitites: DIGITAL, ROUTABLE, PORT_INTERRUPT
            Initial Value: 1
            IO Voltage: 0
        PORT MAP (
            pa_out => Button3(0)__PA ,
            pad => Button3(0)_PAD );
        Properties:
        {
        }

    Pin : Name = Button1(0)
        Attributes:
            In Group/Port: True
            In Sync Option: SYNC
            Out Sync Option: AUTO
            Interrupt generated: True
            Interrupt mode: FALLING
            Drive mode: RES_PULL_UP
            VTrip: CMOS
            Slew: FAST
            Input Sync needed: True
            Output Sync needed: False
            SC shield enabled: False
            POR State: ANY
            LCD Mode: COMMON
            Register Mode: RegComb
            CaSense Mode: NEITHER
            Treat as pin: False
            Is OE Registered: False
            Uses Analog: False
            Can contain Digital: True
            Is SIO: False
            SIO Output Buf: NONREGULATED
            SIO Input Buf: SINGLE_ENDED
            SIO HiFreq: LOW
            SIO Hyst: DISABLED
            SIO Vtrip: MULTIPLIER_0_5
            SIO Multiplier Index: 0
            SIO RefSel: VCC_IO
            Required Capabilitites: DIGITAL, ROUTABLE, PORT_INTERRUPT
            Initial Value: 1
            IO Voltage: 0
        PORT MAP (
            pa_out => Button1(0)__PA ,
            pad => Button1(0)_PAD );
        Properties:
        {
        }

    Pin : Name = Button2(0)
        Attributes:
            In Group/Port: True
            In Sync Option: SYNC
            Out Sync Option: AUTO
            Interrupt generated: True
            Interrupt mode: FALLING
            Drive mode: RES_PULL_UP
            VTrip: CMOS
            Slew: FAST
            Input Sync needed: True
            Output Sync needed: False
            SC shield enabled: False
            POR State: ANY
            LCD Mode: COMMON
            Register Mode: RegComb
            CaSense Mode: NEITHER
            Treat as pin: False
            Is OE Registered: False
            Uses Analog: False
            Can contain Digital: True
            Is SIO: False
            SIO Output Buf: NONREGULATED
            SIO Input Buf: SINGLE_ENDED
            SIO HiFreq: LOW
            SIO Hyst: DISABLED
            SIO Vtrip: MULTIPLIER_0_5
            SIO Multiplier Index: 0
            SIO RefSel: VCC_IO
            Required Capabilitites: DIGITAL, ROUTABLE, PORT_INTERRUPT
            Initial Value: 1
            IO Voltage: 0
        PORT MAP (
            pa_out => Button2(0)__PA ,
            pad => Button2(0)_PAD );
        Properties:
        {
        }
    </CYPRESSTAG>
    <CYPRESSTAG name="Macrocell listing" icon="FILE_RPT_EQUATION">
    </CYPRESSTAG>
    <CYPRESSTAG name="Datapath listing">
    </CYPRESSTAG>
    <CYPRESSTAG name="Status register listing">
    </CYPRESSTAG>
    <CYPRESSTAG name="StatusI register listing">
    </CYPRESSTAG>
    <CYPRESSTAG name="Sync listing">
    </CYPRESSTAG>
    <CYPRESSTAG name="Control register listing">
    </CYPRESSTAG>
    <CYPRESSTAG name="Count7 listing">
    </CYPRESSTAG>
    <CYPRESSTAG name="DRQ listing">
    </CYPRESSTAG>
    <CYPRESSTAG name="Interrupt listing">

    ------------------------------------------------------------
    Interrupt listing
    ------------------------------------------------------------

    interrupt: Name =\BLE:bless_isr\
        PORT MAP (
            interrupt => \BLE:Net_15\ );
        Properties:
        {
            int_type = "10"
        }

    interrupt: Name =isr_Button4
        PORT MAP (
            interrupt => Net_2476 );
        Properties:
        {
            int_type = "10"
        }

    interrupt: Name =isr_Button3
        PORT MAP (
            interrupt => Net_2475 );
        Properties:
        {
            int_type = "10"
        }

    interrupt: Name =isr_Button2
        PORT MAP (
            interrupt => Net_2474 );
        Properties:
        {
            int_type = "10"
        }

    interrupt: Name =isr_Button1
        PORT MAP (
            interrupt => Net_2473 );
        Properties:
        {
            int_type = "10"
        }
    </CYPRESSTAG>
</CYPRESSTAG>
<CYPRESSTAG name="Technology mapping summary" expanded>

------------------------------------------------------------
Technology mapping summary
------------------------------------------------------------

Resource Type                 : Used : Free :  Max :  % Used
============================================================
Digital Clocks                :    0 :    4 :    4 :  0.00 %
Interrupts                    :    5 :   27 :   32 : 15.63 %
IO                            :    8 :   30 :   38 : 21.05 %
Segment LCD                   :    0 :    1 :    1 :  0.00 %
CapSense                      :    0 :    1 :    1 :  0.00 %
Die Temp                      :    0 :    1 :    1 :  0.00 %
Serial Communication (SCB)    :    0 :    2 :    2 :  0.00 %
BLE                           :    1 :    0 :    1 : 100.00 %
Timer/Counter/PWM             :    0 :    4 :    4 :  0.00 %
UDB                           :      :      :      :        
  Macrocells                  :    0 :   32 :   32 :  0.00 %
  Unique P-terms              :    0 :   64 :   64 :  0.00 %
  Total P-terms               :    0 :      :      :        
  Datapath Cells              :    0 :    4 :    4 :  0.00 %
  Status Cells                :    0 :    4 :    4 :  0.00 %
  Control Cells               :    0 :    4 :    4 :  0.00 %
Comparator/Opamp              :    0 :    4 :    4 :  0.00 %
LP Comparator                 :    0 :    2 :    2 :  0.00 %
SAR ADC                       :    0 :    1 :    1 :  0.00 %
DAC                           :      :      :      :        
  7-bit IDAC                  :    0 :    1 :    1 :  0.00 %
  8-bit IDAC                  :    0 :    1 :    1 :  0.00 %
</CYPRESSTAG>
Technology Mapping: Elapsed time ==> 0s.193ms
Tech mapping phase: Elapsed time ==> 0s.331ms
</CYPRESSTAG>
<CYPRESSTAG name="Analog Placement">
<CYPRESSTAG name="Analog Placement">
Elapsed time ==> 0.1874347s
</CYPRESSTAG>
Analog Placement phase: Elapsed time ==> 0s.450ms
</CYPRESSTAG>
<CYPRESSTAG name="Analog Routing">
<CYPRESSTAG name="Analog Routing">
Route success=True, Iterations=1 Elapsed=0.0062777 secs
</CYPRESSTAG>
Analog Routing phase: Elapsed time ==> 0s.013ms
</CYPRESSTAG>
<CYPRESSTAG name="Analog Code Generation">
============ Analog Final Answer Routes ============
Dump of CyAnalogRoutingResultsDB
Map of net to items {
}
Map of item to net {
}
Mux Info {
}
Analog Code Generation phase: Elapsed time ==> 0s.067ms
</CYPRESSTAG>
<CYPRESSTAG name="Digital Placement">
<CYPRESSTAG name="Detailed placement messages">
I2659: No Constrained paths were found. The placer will run in non-timing driven mode.
I2076: Total run-time: 0.2 sec.

</CYPRESSTAG>
<CYPRESSTAG name="PLD Packing">
<CYPRESSTAG name="PLD Packing Summary">
No PLDs were packed.
</CYPRESSTAG>
PLD Packing: Elapsed time ==> 0s.021ms
</CYPRESSTAG>
<CYPRESSTAG name="Partitioning">
<CYPRESSTAG name="Initial Partitioning Summary">
Initial Partitioning Summary not displayed at this verbose level.</CYPRESSTAG>
<CYPRESSTAG name="Final Partitioning Summary">
Final Partitioning Summary not displayed at this verbose level.</CYPRESSTAG>
Partitioning: Elapsed time ==> 0s.094ms
</CYPRESSTAG>
<CYPRESSTAG name="Simulated Annealing">
Annealing: Elapsed time ==> 0s.032ms
<CYPRESSTAG name="Simulated Annealing Results">
The seed used for moves was 114161200.
Inital cost was 19, final cost is 19 (0.00% improvement).</CYPRESSTAG>
</CYPRESSTAG>
<CYPRESSTAG name="Final Placement Summary">

------------------------------------------------------------
Final Placement Summary
------------------------------------------------------------

       Resource Type :      Count : Avg Inputs : Avg Outputs
    ========================================================
                 UDB :          0 :       0.00 :       0.00
<CYPRESSTAG name="Final Placement Details">
<CYPRESSTAG name="Component Details">

------------------------------------------------------------
Component Placement Details
------------------------------------------------------------
UDB [UDB=(0,0)] is empty.
UDB [UDB=(0,1)] is empty.
UDB [UDB=(1,0)] is empty.
UDB [UDB=(1,1)] is empty.
Intr container @ [IntrContainer=(0)]: 
  Intr@ [IntrContainer=(0)][IntrId=(0)] 
    interrupt: Name =isr_Button1
        PORT MAP (
            interrupt => Net_2473 );
        Properties:
        {
            int_type = "10"
        }
  Intr@ [IntrContainer=(0)][IntrId=(1)] 
    interrupt: Name =isr_Button2
        PORT MAP (
            interrupt => Net_2474 );
        Properties:
        {
            int_type = "10"
        }
  Intr@ [IntrContainer=(0)][IntrId=(2)] 
    interrupt: Name =isr_Button3
        PORT MAP (
            interrupt => Net_2475 );
        Properties:
        {
            int_type = "10"
        }
  Intr@ [IntrContainer=(0)][IntrId=(3)] 
    interrupt: Name =isr_Button4
        PORT MAP (
            interrupt => Net_2476 );
        Properties:
        {
            int_type = "10"
        }
  Intr@ [IntrContainer=(0)][IntrId=(12)] 
    interrupt: Name =\BLE:bless_isr\
        PORT MAP (
            interrupt => \BLE:Net_15\ );
        Properties:
        {
            int_type = "10"
        }
Port 0 generates interrupt for logical port:
    logicalport: Name =Button1
        PORT MAP (
            in_clock_en => tmpOE__Button4_net_0 ,
            in_reset => zero ,
            out_clock_en => tmpOE__Button4_net_0 ,
            out_reset => zero ,
            interrupt => Net_2473 ,
            in_clock => ClockBlock_HFCLK );
        Properties:
        {
            drive_mode = "010"
            ibuf_enabled = "1"
            id = "8d318d8b-cf7b-4b6b-b02c-ab1c5c49d0ba"
            init_dr_st = "1"
            input_buffer_sel = "00"
            input_clk_en = 0
            input_sync = "1"
            input_sync_mode = "0"
            intr_mode = "10"
            invert_in_clock = 0
            invert_in_clock_en = 0
            invert_in_reset = 0
            invert_out_clock = 0
            invert_out_clock_en = 0
            invert_out_reset = 0
            io_voltage = ""
            layout_mode = "CONTIGUOUS"
            oe_conn = "0"
            oe_reset = 0
            oe_sync = "0"
            output_clk_en = 0
            output_clock_mode = "0"
            output_conn = "0"
            output_mode = "0"
            output_reset = 0
            output_sync = "0"
            ovt_hyst_trim = "0"
            ovt_needed = "0"
            ovt_slew_control = "00"
            pa_in_clock = -1
            pa_in_clock_en = -1
            pa_in_reset = -1
            pa_out_clock = -1
            pa_out_clock_en = -1
            pa_out_reset = -1
            pin_aliases = ""
            pin_mode = "I"
            por_state = 4
            port_alias_group = ""
            port_alias_required = 0
            sio_group_cnt = 0
            sio_hifreq = "00000000"
            sio_hyst = "1"
            sio_ibuf = "00000000"
            sio_info = "00"
            sio_obuf = "00000000"
            sio_refsel = "00000000"
            sio_vohsel = "00000000"
            sio_vtrip = "00000000"
            slew_rate = "0"
            spanning = 0
            sw_only = 0
            use_annotation = "0"
            vtrip = "00"
            width = 1
        }
    and contains the following IO cells:
[IoId=0]: 
Pin : Name = Button1(0)
    Attributes:
        In Group/Port: True
        In Sync Option: SYNC
        Out Sync Option: AUTO
        Interrupt generated: True
        Interrupt mode: FALLING
        Drive mode: RES_PULL_UP
        VTrip: CMOS
        Slew: FAST
        Input Sync needed: True
        Output Sync needed: False
        SC shield enabled: False
        POR State: ANY
        LCD Mode: COMMON
        Register Mode: RegComb
        CaSense Mode: NEITHER
        Treat as pin: False
        Is OE Registered: False
        Uses Analog: False
        Can contain Digital: True
        Is SIO: False
        SIO Output Buf: NONREGULATED
        SIO Input Buf: SINGLE_ENDED
        SIO HiFreq: LOW
        SIO Hyst: DISABLED
        SIO Vtrip: MULTIPLIER_0_5
        SIO Multiplier Index: 0
        SIO RefSel: VCC_IO
        Required Capabilitites: DIGITAL, ROUTABLE, PORT_INTERRUPT
        Initial Value: 1
        IO Voltage: 0
    PORT MAP (
        pa_out => Button1(0)__PA ,
        pad => Button1(0)_PAD );
    Properties:
    {
    }

Port 1 generates interrupt for logical port:
    logicalport: Name =Button2
        PORT MAP (
            in_clock_en => tmpOE__Button4_net_0 ,
            in_reset => zero ,
            out_clock_en => tmpOE__Button4_net_0 ,
            out_reset => zero ,
            interrupt => Net_2474 ,
            in_clock => ClockBlock_HFCLK );
        Properties:
        {
            drive_mode = "010"
            ibuf_enabled = "1"
            id = "b11f8c37-8a09-47c0-991a-88e14c8b7694"
            init_dr_st = "1"
            input_buffer_sel = "00"
            input_clk_en = 0
            input_sync = "1"
            input_sync_mode = "0"
            intr_mode = "10"
            invert_in_clock = 0
            invert_in_clock_en = 0
            invert_in_reset = 0
            invert_out_clock = 0
            invert_out_clock_en = 0
            invert_out_reset = 0
            io_voltage = ""
            layout_mode = "CONTIGUOUS"
            oe_conn = "0"
            oe_reset = 0
            oe_sync = "0"
            output_clk_en = 0
            output_clock_mode = "0"
            output_conn = "0"
            output_mode = "0"
            output_reset = 0
            output_sync = "0"
            ovt_hyst_trim = "0"
            ovt_needed = "0"
            ovt_slew_control = "00"
            pa_in_clock = -1
            pa_in_clock_en = -1
            pa_in_reset = -1
            pa_out_clock = -1
            pa_out_clock_en = -1
            pa_out_reset = -1
            pin_aliases = ""
            pin_mode = "I"
            por_state = 4
            port_alias_group = ""
            port_alias_required = 0
            sio_group_cnt = 0
            sio_hifreq = "00000000"
            sio_hyst = "1"
            sio_ibuf = "00000000"
            sio_info = "00"
            sio_obuf = "00000000"
            sio_refsel = "00000000"
            sio_vohsel = "00000000"
            sio_vtrip = "00000000"
            slew_rate = "0"
            spanning = 0
            sw_only = 0
            use_annotation = "0"
            vtrip = "00"
            width = 1
        }
    and contains the following IO cells:
[IoId=0]: 
Pin : Name = Button2(0)
    Attributes:
        In Group/Port: True
        In Sync Option: SYNC
        Out Sync Option: AUTO
        Interrupt generated: True
        Interrupt mode: FALLING
        Drive mode: RES_PULL_UP
        VTrip: CMOS
        Slew: FAST
        Input Sync needed: True
        Output Sync needed: False
        SC shield enabled: False
        POR State: ANY
        LCD Mode: COMMON
        Register Mode: RegComb
        CaSense Mode: NEITHER
        Treat as pin: False
        Is OE Registered: False
        Uses Analog: False
        Can contain Digital: True
        Is SIO: False
        SIO Output Buf: NONREGULATED
        SIO Input Buf: SINGLE_ENDED
        SIO HiFreq: LOW
        SIO Hyst: DISABLED
        SIO Vtrip: MULTIPLIER_0_5
        SIO Multiplier Index: 0
        SIO RefSel: VCC_IO
        Required Capabilitites: DIGITAL, ROUTABLE, PORT_INTERRUPT
        Initial Value: 1
        IO Voltage: 0
    PORT MAP (
        pa_out => Button2(0)__PA ,
        pad => Button2(0)_PAD );
    Properties:
    {
    }

Port 2 generates interrupt for logical port:
    logicalport: Name =Button3
        PORT MAP (
            in_clock_en => tmpOE__Button4_net_0 ,
            in_reset => zero ,
            out_clock_en => tmpOE__Button4_net_0 ,
            out_reset => zero ,
            interrupt => Net_2475 ,
            in_clock => ClockBlock_HFCLK );
        Properties:
        {
            drive_mode = "010"
            ibuf_enabled = "1"
            id = "f9e81d03-c950-4b7e-ae05-cda5d8f878c7"
            init_dr_st = "1"
            input_buffer_sel = "00"
            input_clk_en = 0
            input_sync = "1"
            input_sync_mode = "0"
            intr_mode = "10"
            invert_in_clock = 0
            invert_in_clock_en = 0
            invert_in_reset = 0
            invert_out_clock = 0
            invert_out_clock_en = 0
            invert_out_reset = 0
            io_voltage = ""
            layout_mode = "CONTIGUOUS"
            oe_conn = "0"
            oe_reset = 0
            oe_sync = "0"
            output_clk_en = 0
            output_clock_mode = "0"
            output_conn = "0"
            output_mode = "0"
            output_reset = 0
            output_sync = "0"
            ovt_hyst_trim = "0"
            ovt_needed = "0"
            ovt_slew_control = "00"
            pa_in_clock = -1
            pa_in_clock_en = -1
            pa_in_reset = -1
            pa_out_clock = -1
            pa_out_clock_en = -1
            pa_out_reset = -1
            pin_aliases = ""
            pin_mode = "I"
            por_state = 4
            port_alias_group = ""
            port_alias_required = 0
            sio_group_cnt = 0
            sio_hifreq = "00000000"
            sio_hyst = "1"
            sio_ibuf = "00000000"
            sio_info = "00"
            sio_obuf = "00000000"
            sio_refsel = "00000000"
            sio_vohsel = "00000000"
            sio_vtrip = "00000000"
            slew_rate = "0"
            spanning = 0
            sw_only = 0
            use_annotation = "0"
            vtrip = "00"
            width = 1
        }
    and contains the following IO cells:
[IoId=0]: 
Pin : Name = Button3(0)
    Attributes:
        In Group/Port: True
        In Sync Option: SYNC
        Out Sync Option: AUTO
        Interrupt generated: True
        Interrupt mode: FALLING
        Drive mode: RES_PULL_UP
        VTrip: CMOS
        Slew: FAST
        Input Sync needed: True
        Output Sync needed: False
        SC shield enabled: False
        POR State: ANY
        LCD Mode: COMMON
        Register Mode: RegComb
        CaSense Mode: NEITHER
        Treat as pin: False
        Is OE Registered: False
        Uses Analog: False
        Can contain Digital: True
        Is SIO: False
        SIO Output Buf: NONREGULATED
        SIO Input Buf: SINGLE_ENDED
        SIO HiFreq: LOW
        SIO Hyst: DISABLED
        SIO Vtrip: MULTIPLIER_0_5
        SIO Multiplier Index: 0
        SIO RefSel: VCC_IO
        Required Capabilitites: DIGITAL, ROUTABLE, PORT_INTERRUPT
        Initial Value: 1
        IO Voltage: 0
    PORT MAP (
        pa_out => Button3(0)__PA ,
        pad => Button3(0)_PAD );
    Properties:
    {
    }

Port 3 generates interrupt for logical port:
    logicalport: Name =Button4
        PORT MAP (
            in_clock_en => tmpOE__Button4_net_0 ,
            in_reset => zero ,
            out_clock_en => tmpOE__Button4_net_0 ,
            out_reset => zero ,
            interrupt => Net_2476 ,
            in_clock => ClockBlock_HFCLK );
        Properties:
        {
            drive_mode = "010"
            ibuf_enabled = "1"
            id = "8986d366-0795-4636-875f-260f53ea7e4e"
            init_dr_st = "1"
            input_buffer_sel = "00"
            input_clk_en = 0
            input_sync = "1"
            input_sync_mode = "0"
            intr_mode = "10"
            invert_in_clock = 0
            invert_in_clock_en = 0
            invert_in_reset = 0
            invert_out_clock = 0
            invert_out_clock_en = 0
            invert_out_reset = 0
            io_voltage = ""
            layout_mode = "CONTIGUOUS"
            oe_conn = "0"
            oe_reset = 0
            oe_sync = "0"
            output_clk_en = 0
            output_clock_mode = "0"
            output_conn = "0"
            output_mode = "0"
            output_reset = 0
            output_sync = "0"
            ovt_hyst_trim = "0"
            ovt_needed = "0"
            ovt_slew_control = "00"
            pa_in_clock = -1
            pa_in_clock_en = -1
            pa_in_reset = -1
            pa_out_clock = -1
            pa_out_clock_en = -1
            pa_out_reset = -1
            pin_aliases = ""
            pin_mode = "I"
            por_state = 4
            port_alias_group = ""
            port_alias_required = 0
            sio_group_cnt = 0
            sio_hifreq = "00000000"
            sio_hyst = "1"
            sio_ibuf = "00000000"
            sio_info = "00"
            sio_obuf = "00000000"
            sio_refsel = "00000000"
            sio_vohsel = "00000000"
            sio_vtrip = "00000000"
            slew_rate = "0"
            spanning = 0
            sw_only = 0
            use_annotation = "0"
            vtrip = "00"
            width = 1
        }
    and contains the following IO cells:
[IoId=0]: 
Pin : Name = Button4(0)
    Attributes:
        In Group/Port: True
        In Sync Option: SYNC
        Out Sync Option: AUTO
        Interrupt generated: True
        Interrupt mode: FALLING
        Drive mode: RES_PULL_UP
        VTrip: CMOS
        Slew: FAST
        Input Sync needed: True
        Output Sync needed: False
        SC shield enabled: False
        POR State: ANY
        LCD Mode: COMMON
        Register Mode: RegComb
        CaSense Mode: NEITHER
        Treat as pin: False
        Is OE Registered: False
        Uses Analog: False
        Can contain Digital: True
        Is SIO: False
        SIO Output Buf: NONREGULATED
        SIO Input Buf: SINGLE_ENDED
        SIO HiFreq: LOW
        SIO Hyst: DISABLED
        SIO Vtrip: MULTIPLIER_0_5
        SIO Multiplier Index: 0
        SIO RefSel: VCC_IO
        Required Capabilitites: DIGITAL, ROUTABLE, PORT_INTERRUPT
        Initial Value: 1
        IO Voltage: 0
    PORT MAP (
        pa_out => Button4(0)__PA ,
        pad => Button4(0)_PAD );
    Properties:
    {
    }

Port 4 is empty
Port 5 is empty
Port 6 is empty
Clock group 0: 
    M0S8 Clock Block @ F(Clock,0): 
    m0s8clockblockcell: Name =ClockBlock
        PORT MAP (
            hfclk => ClockBlock_HFCLK ,
            imo => ClockBlock_IMO ,
            ext => ClockBlock_EXTCLK ,
            sysclk => ClockBlock_SYSCLK ,
            eco => ClockBlock_ECO ,
            ilo => ClockBlock_ILO ,
            lfclk => ClockBlock_LFCLK ,
            wco => ClockBlock_WCO ,
            dsi_in_0 => ClockBlock_Routed1 );
        Properties:
        {
        }
PM group 0: empty
SPC group 0: empty
WDT group 0: empty
FSS group 0: empty
LP Comparator group 0: empty
Serial Communication (SCB) group 0: empty
CapSense group 0: empty
8-bit IDAC group 0: empty
7-bit IDAC group 0: empty
Timer/Counter/PWM group 0: empty
Comparator/Opamp group 0: empty
Die Temp group 0: empty
SAR ADC group 0: empty
Segment LCD group 0: empty
CLK_GEN group 0: 
    M0S8 Clock Gen Block @ F(CLK_GEN,0): 
    m0s8clockgenblockcell: Name =ClockGenBlock
        PORT MAP (
             );
        Properties:
        {
        }
LPCOMPBLOCK group 0: empty
PASSBLOCK group 0: empty
ANAPUMP group 0: empty
BLE group 0: 
    BLE Block @ F(BLE,0): 
    p4blecell: Name =\BLE:cy_m0s8_ble\
        PORT MAP (
            interrupt => \BLE:Net_15\ ,
            rfctrl_extpa_en => Net_2438 );
        Properties:
        {
        }
GANGED_PICU group 0: empty
</CYPRESSTAG>
<CYPRESSTAG name="Port Configuration Details">

------------------------------------------------------------
Port Configuration report
------------------------------------------------------------
     |     |       | Interrupt |                  |            | 
Port | Pin | Fixed |      Type |       Drive Mode |       Name | Connections
-----+-----+-------+-----------+------------------+------------+------------
   0 |   0 |     * |   FALLING |      RES_PULL_UP | Button1(0) | 
-----+-----+-------+-----------+------------------+------------+------------
   1 |   0 |     * |   FALLING |      RES_PULL_UP | Button2(0) | 
-----+-----+-------+-----------+------------------+------------+------------
   2 |   0 |     * |   FALLING |      RES_PULL_UP | Button3(0) | 
-----+-----+-------+-----------+------------------+------------+------------
   3 |   0 |     * |   FALLING |      RES_PULL_UP | Button4(0) | 
----------------------------------------------------------------------------
</CYPRESSTAG>
</CYPRESSTAG>
</CYPRESSTAG>
Digital component placer commit/Report: Elapsed time ==> 0s.021ms
Digital Placement phase: Elapsed time ==> 0s.695ms
</CYPRESSTAG>
<CYPRESSTAG name="Digital Routing">
Routing successful.
Digital Routing phase: Elapsed time ==> 0s.556ms
</CYPRESSTAG>
<CYPRESSTAG name="Bitstream and API generation">
Bitstream and API generation phase: Elapsed time ==> 0s.457ms
</CYPRESSTAG>
<CYPRESSTAG name="Bitstream verification">
Bitstream verification phase: Elapsed time ==> 0s.081ms
</CYPRESSTAG>
<CYPRESSTAG name="Static timing analysis">
Timing report is in Smart Switch_timing.html.
Static timing analysis phase: Elapsed time ==> 0s.157ms
</CYPRESSTAG>
<CYPRESSTAG name="Data reporting">
Data reporting phase: Elapsed time ==> 0s.007ms
</CYPRESSTAG>
<CYPRESSTAG name="Database update...">
Design database save phase: Elapsed time ==> 0s.168ms
</CYPRESSTAG>
cydsfit: Elapsed time ==> 3s.111ms
</CYPRESSTAG>
Fitter phase: Elapsed time ==> 3s.169ms
API generation phase: Elapsed time ==> 3s.451ms
Dependency generation phase: Elapsed time ==> 0s.387ms
Cleanup phase: Elapsed time ==> 0s.002ms
